0.0 0.0
0.09009009009009009 1.3388128
0.18018018018018017 1.8645536
0.2702702702702703 1.3011776
0.3603603603603603 1.910464
0.4503603603603604 1.5178272
0.5404504504504505 1.9431104
0.6305405405405407 1.634336
0.7207207207207207 1.6635776
0.8108108108108109 1.5732192
0.9008108108108108 1.6521088
0.990990990990991 2.4091456
1.0809909909909912 2.0748416
1.171081081081081 1.77936
1.2611711711711713 1.8419072
1.3512612612612611 1.7788416
1.4413513513513516 1.5404736
1.5315315315315314 1.53672
1.6215315315315315 1.7707328
1.7116216216216216 2.1363104
1.8017117117117114 1.919552
1.891891891891892 2.0306272
1.9818918918918917 1.6359328
2.0720720720720722 2.4199296
2.162072072072072 2.1934656
2.252162162162162 1.8613184
2.3423423423423424 2.0247168
2.4324324324324325 2.1147008
2.5224324324324323 1.4968192
2.6125225225225224 1.9421984
2.7027027027027026 1.757792
2.7927927927927927 2.2829728
2.8828828828828827 1.0007552
2.9729729729729732 2.6032576
3.0629729729729727 2.464144
3.153153153153153 1.6521088
3.243153153153153 1.9184736
3.333243243243243 1.7480864
3.423333333333333 1.5194656
3.513423423423423 1.337216
3.603513513513513 1.6380896
3.693603603603603 1.3825088
3.783783783783784 1.8300448
3.873873873873874 2.5105152
3.9638738738738732 2.2684352
4.053963963963963 2.6932832
4.1441441441441444 2.162192
4.234144144144143 2.3541472
4.3242342342342335 1.6920096
4.414324324324324 1.9820992
4.504414414414414 2.227456
4.594594594594595 2.9294528
4.684594594594595 1.9368512
4.774774774774775 2.53096
4.864774774774775 2.5331616
4.954864864864865 1.7049504
5.044954954954955 1.962688
5.135045045045045 1.9874912
5.225135135135135 1.7966144
5.315225225225225 1.8429856
5.405315315315314 1.768576
5.495405405405405 0.2404832
5.585495495495495 3.3225504
5.675585585585585 3.1661824
5.7657657657657655 2.5083584
5.8558558558558556 2.0797984
5.945855855855855 2.7870208
6.0359459459459455 2.5202208
6.1260360360360355 2.5698272
6.216126126126126 2.9213856
6.306216216216216 2.2171904
6.396306306306307 2.8922688
6.486396396396396 2.0133728
6.576576576576577 2.6517856
6.666666666666666 2.2635616
6.756756756756756 2.7570752
6.846756756756757 2.519536
6.936846846846847 2.4339488
7.026936936936936 2.0069024
7.117117117117116 2.4522816
7.207117117117116 2.4663008
7.297297297297297 2.1869952
7.387297297297297 1.7017152
7.4774774774774775 1.7567136
7.567567567567568 1.6165216
7.657657657657657 1.6839008
7.7476576576576575 2.2155936
7.837837837837838 2.463584
7.927837837837838 1.9227872
8.017927927927927 2.0996448
8.108018018018017 2.3927008
8.198108108108107 2.2746144
8.288198198198199 1.9993536
8.378288288288289 1.5949536
8.468468468468469 1.4730944
8.558468468468467 1.6488736
8.64864864864865 1.7275968
8.738648648648649 1.9529824
8.82882882882883 1.5183872
8.918828828828829 1.4905152
9.00891891891892 1.3952192
9.099009009009007 1.4769952
9.18918918918919 1.7054272
9.27918918918919 1.6132864
9.36927927927928 1.56368
9.45945945945946 1.59064
9.54945945945946 1.3771168
9.63954954954955 1.3512352
9.72963963963964 1.7157344
9.81972972972973 2.0015104
9.90990990990991 1.5917184
10.0 1.628384
10.09 1.5604448
10.18009009009009 1.649952
10.27018018018018 1.5809344
10.36027027027027 1.2487872
10.45036036036036 2.10344
10.54045045045045 0.8050048
10.63054054054054 3.1673024
10.72072072072072 1.6203584
10.81072072072072 1.7690752
10.9009009009009 1.9281152
10.9909009009009 1.8350016
11.08108108108108 1.6708768
11.17108108108108 1.3188832
11.26117117117117 1.3967168
11.35126126126126 2.0315168
11.44135135135135 1.6876576
11.53144144144144 1.5394336
11.62153153153153 1.137712
11.711621621621621 1.0708512
11.801711711711711 1.4105472
11.891801801801803 2.0419712
11.981891891891891 2.140064
12.071981981981981 2.1201344
12.162072072072071 1.9168992
12.252162162162161 1.7927968
12.342252252252253 1.0309504
12.432342342342341 0.307344
12.522522522522523 0.3623424
12.612522522522521 0.3418528
12.702612612612612 0.4507712
12.792702702702703 0.355872
12.882882882882882 0.4971424
12.972882882882883 0.4809664
13.063063063063062 0.609296
13.153063063063062 0.9684032
13.243153153153154 1.2110432
13.333243243243242 1.2811392
13.423333333333334 1.3630976
13.513423423423422 1.2448896
13.603513513513512 1.12112
13.693603603603604 1.1398688
13.783693693693692 0.9371296
13.873783783783784 1.0557536
13.963873873873872 0.3386176
14.053963963963964 2.2350464
14.144054054054054 1.2249792
14.234144144144143 1.7041984
14.324234234234234 2.0935392
14.414414414414413 1.3730464
14.504414414414414 1.7719552
14.594684684684685 1.5383584
14.684594594594593 1.2444736
14.774684684684685 1.6666464
14.864774774774773 1.3443328
14.954954954954955 1.3516672
15.044954954954955 1.515152
15.135045045045043 1.763952
15.225135135135135 1.8357472
15.315225225225223 1.5787776
15.405405405405405 1.6197568
15.495495495495495 1.6240704
15.585495495495497 2.084112
15.675675675675675 2.0040416
15.765765765765767 1.867024
15.855765765765765 1.8610656
15.945855855855855 1.682864
16.035945945945947 2.0149696
16.126036036036034 2.038176
16.216126126126124 1.5830752
16.306216216216217 1.5237952
16.396306306306304 2.0948128
16.486396396396398 1.7550752
16.576576576576578 1.153888
16.666576576576578 0.294912
16.756666666666668 3.16136
16.846756756756754 1.3835488
16.936846846846848 2.3455584
17.026936936936934 1.7534784
17.117027027027028 1.7545568
17.207117117117118 2.5924736
17.2972972972973 2.1384672
17.38738738738739 2.2512928
17.477387387387388 1.753408
17.56747747747748 1.6376384
17.65756756756757 2.3024
17.747657657657655 1.4515264
17.83774774774775 1.649952
17.927837837837835 1.4029984
18.01801801801802 2.2732672
18.10801801801802 2.1309184
18.19810810810811 2.0662144
18.2881981981982 1.8030848
18.37837837837838 1.818288
18.46837837837838 2.4050592
18.55855855855856 2.024944
18.64864864864865 1.8361632
18.73864864864865 1.9467808
18.828738738738735 1.946512
18.91882882882883 1.6896704
19.00891891891892 1.3913184
19.09900900900901 1.5129952
19.18918918918919 1.504368
19.27918918918919 1.5217056
19.36927927927928 2.4237248
19.45936936936937 1.9340064
19.54945945945946 2.5074048
19.63954954954955 1.7076736
19.72963963963964 2.6179552
19.81972972972973 1.7307936
19.90990990990991 1.118048
20.0 2.2398368
