0.0 0.7952992
0.04970161617317456 2.6593344
0.09945298371388983 2.5652448
0.1492541026221458 3.5804832
0.19895571879532034 6.160384
0.24870708633603564 5.6518336
0.2984584538767509 3.9112384
0.34820982141746615 5.767168
0.39796118895818144 4.1176032
0.44776230786643745 2.4035328
0.497463924039612 6.0964864
0.5472152915803272 6.0342272
0.5969666591210425 4.8643456
0.6467677780292985 3.9115456
0.6965191455700138 2.760704
0.7462207617431883 6.1145088
0.7959721292839037 4.2268352
0.8457234968246188 4.4753824
0.8955246157328749 3.662112
0.9452262319060494 2.9196288
0.9949775994467647 3.9431104
1.04472896698748 3.8129728
1.0944803345281953 3.5112704
1.1442317020689106 2.8489536
1.1939830696096259 3.0455808
1.243734437150341 4.6322528
1.293535556058597 5.8908992
1.3432371722317715 5.0137728
1.3930382911400276 3.88832
1.442789658680743 3.096576
1.4924912748539174 5.0888704
1.5422426423946325 5.5476224
1.5920437613028886 4.9342176
1.641795128843604 2.950064
1.6914967450167786 1.2550144
1.741248112557494 3.5192832
1.7910492314657498 3.036704
1.8407508476389245 2.2642656
1.8905022151796396 2.4796256
1.9403033340878957 4.101744
1.9900049502610704 3.9445824
2.0397563178017855 4.7150528
2.089507685342501 4.7686432
2.139259052883216 3.917088
2.1890104204239313 2.015232
2.2387617879646466 5.6983552
2.288513155505362 5.8343424
2.3382645230460772 5.7655296
2.388065641954333 5.7502912
2.437767258127508 4.9104736
2.487518625668223 5.710128
2.5372699932089384 5.4877088
2.5870213607496533 4.230832
2.6368224796579094 4.4990848
2.6865240958310843 4.8873088
2.7362754633717996 5.505232
2.7860268309125145 5.577776
2.8357781984532298 6.2620192
2.885529565993945 5.870768
2.935330684902201 6.1964864
2.985032301075376 6.6796096
3.0347836686160914 7.374464
3.0845350361568062 6.1170272
3.1342864036975215 5.7294848
3.184037771238237 2.2528
3.2337891387789526 2.605056
3.2835405063196674 5.4263808
3.3332918738603827 5.947392
3.383043241401098 5.5312384
3.4327946089418138 2.70336
3.482545976482529 4.5531136
3.5322973440232444 4.8627712
3.5820984629314996 5.7327616
3.6318000791046745 5.8785792
3.68160119801293 3.1555584
3.7313525655536455 4.440064
3.7810541817268204 6.012928
3.830855300635076 6.4290816
3.880556916808251 5.7933824
3.9303082843489663 3.0703616
3.9800596518896816 3.063808
4.029811019430397 5.8032128
4.0796121383386525 5.9752448
4.129313754511827 6.2963712
4.179065122052543 2.7131904
4.228866240960798 4.005888
4.278567857133973 5.6786944
4.328319224674688 6.1177856
4.378070592215404 6.1702144
4.427821959756119 3.23584
4.477623078664374 3.940352
4.527324694837549 5.7769984
4.577076062378264 6.1407232
4.62682742991898 5.7769984
4.676578797459696 3.047424
4.726330165000411 3.4504704
4.776081532541126 5.3706752
4.825832900081841 5.8195968
4.875584267622556 5.5427072
4.925335635163272 3.6962304
4.975087002703987 1.3664256
5.0248383702447015 1.122304
5.074589737785418 5.2740096
5.124341105326132 5.9703296
5.174142224234388 1.8284544
5.2238438404075636 3.178496
5.273595207948278 5.6311808
5.3233963268565345 5.6328192
5.3731476943972485 5.6819712
5.422899061937965 3.4553856
5.4726006781111405 3.2325632
5.522352045651855 5.4755328
5.57210341319257 5.464064
5.621854780733285 5.6377344
5.671606148274001 2.9294592
5.721407267182256 3.5127296
5.771108883355431 5.4951936
5.820860250896147 5.6557568
5.870661369804402 5.8064896
5.920412737345117 3.7076992
5.970114353518293 2.686976
6.019915472426548 5.455872
6.0696668399672635 5.7114624
6.119368456140438 5.5689216
6.169119823681154 3.9387136
6.218871191221869 2.6558464
6.268622558762584 5.3035008
6.31842367767084 5.2985856
6.368125293844015 5.5902208
6.41787666138473 4.349952
6.467628028925444 2.6411008
6.5173793964661595 5.849088
6.567130764006875 5.166272
6.616931882915131 3.5801632
6.666683250455846 2.8384288
6.716434617996562 3.2538624
6.766185985537278 3.8895232
6.815937353077992 3.95696
6.865638969251167 4.027824
6.915390336791882 3.3093696
6.965141704332597 3.6470784
7.0148930718733125 5.8310656
7.064644439414027 6.0194816
7.114395806954743 5.7802752
7.164147174495459 4.3352064
7.213898542036174 2.5493504
7.263649909576889 5.3641216
7.313401277117604 5.5508992
7.363152644658319 5.660672
7.412904012199034 3.8797312
7.462705131107291 3.2997376
7.512456498648006 4.9184768
7.56215811482118 5.6623104
7.611909482361896 5.8589184
7.661710601270152 4.4285952
7.711412217443327 2.70336
7.7611635849840415 4.890624
7.810914952524756 5.5771136
7.860666320065473 5.7212928
7.910417687606187 4.685824
7.960218806514444 2.8147712
8.009920422687618 4.6104576
8.059721541595874 5.7311232
8.109423157769049 5.4493184
8.159224276677305 4.9954816
8.20897564421802 2.588672
8.258677260391194 4.2041344
8.308478379299451 5.4755328
8.358179995472625 5.6229888
8.407981114380881 3.6798464
8.457682730554057 2.8852224
8.50748384946231 5.3968896
8.557185465635486 5.4296576
8.606936833176201 5.341184
8.656688200716916 4.4859392
8.706489319625172 3.6306944
8.756190935798347 3.8551552
8.805942303339062 5.554176
8.855693670879777 5.6950784
8.905445038420494 4.7497216
8.955246157328748 2.7672576
9.004947773501923 4.6825472
9.05474889241018 5.28272
9.104450508583353 4.193856
9.15420187612407 3.4902144
9.203953243664785 2.5165824
9.25375436257304 5.8277888
9.303505730113756 3.7726624
9.353207346286931 0.727424
9.403008465195185 5.1724288
9.452759832735902 2.3642112
9.502511200276617 4.876448
9.55221281644979 1.7530144
9.601964183990507 4.3597088
9.651715551531222 3.0452768
9.701516670439478 2.8885152
9.751218286612653 3.2195232
9.800969654153368 3.0897184
9.850721021694083 3.2264896
9.900472389234798 2.7779072
9.950223756775515 2.99008
9.99997512431623 5.6475648
10.049726491856944 5.373952
10.099477859397659 5.5803904
10.149229226938374 5.3836096
10.19898059447909 3.2768
10.248781713387347 3.5913728
10.29853308092806 5.5803904
10.348284448468776 5.8146816
10.397986064641952 5.8097664
10.447787183550208 3.1883264
10.497488799723381 3.4668544
10.547240167264096 3.5807008
10.596991534804811 3.2124512
10.646742902345528 2.430928
10.696494269886243 2.155136
10.74624563742696 3.1484096
10.795997004967672 3.1608096
10.845748372508389 2.2019872
10.895549491416645 1.0633024
10.94530085895736 2.7590656
10.995002475130535 3.849824
11.044753842671248 5.1580928
11.094505210211965 4.0928
11.14425657775268 4.5241472
11.194007945293396 1.6384
11.24380906420165 1.695744
11.293510680374826 5.7294848
11.343262047915541 6.0882944
11.393013415456256 6.0162048
11.442764782996973 2.3953408
11.492516150537686 5.2199424
11.542267518078402 5.6557568
11.592018885619117 6.0473344
11.641770253159834 5.7790016
11.691571372068088 2.4833152
11.741272988241263 3.9223296
11.791024355781978 4.2112032
11.840775723322693 3.4903264
11.890576842230951 3.2963776
11.940328209771664 2.2119936
11.99002982594484 5.0831744
12.039781193485554 3.9368864
12.089532561026271 3.8752512
12.139283928566986 3.8689664
12.1890352961077 2.8528288
12.238786663648415 4.358144
12.28853803118913 6.0414848
12.338289398729847 5.0215488
12.388040766270564 4.788352
12.437792133811277 2.8409856
12.487543501351992 3.2210944
12.537294868892708 5.562368
12.587046236433423 6.5732608
12.63684735534168 4.0235776
12.686548971514853 3.6356096
12.736300339055568 3.3554432
12.786051706596286 5.3841568
12.835803074137 3.9059648
12.885604193045255 3.7479168
12.93530580921843 2.6938144
12.985106928126687 4.1746432
13.034858295667402 4.0567136
13.084559911840577 3.698704
13.134361030748831 4.2127456
13.184062646922008 3.0818304
13.233814014462723 3.9288832
13.28361513337098 5.980752
13.333366500911692 4.0088352
13.383068117084868 4.7858336
13.432819484625584 3.54832
13.482620603533839 1.8694144
13.532371971074555 2.3166976
13.582123338615268 4.1730048
13.631824954788446 5.4263808
13.68157632232916 2.7295744
13.731377441237417 4.497408
13.78107905741059 3.383296
13.830830424951305 5.6410112
13.880581792492022 5.2363264
13.930333160032738 2.5346048
13.980084527573453 3.6470784
14.029835895114166 5.8277888
14.079587262654883 5.1205856
14.129338630195598 3.3940768
14.179089997736314 2.9977856
14.228891116644569 1.9114848
14.278592732817742 3.588096
14.328344100358459 4.5408832
14.378095467899175 2.4565952
14.42784683543989 1.3778304
14.477647954348145 4.7906816
14.527399321888858 4.7844448
14.577100938062035 3.3794976
14.626902056970291 3.2686304
14.676603673143466 2.9734912
14.72635504068418 3.0736384
14.776106408224896 3.94856
14.825857775765613 3.8078304
14.875609143306328 3.1713472
14.925360510847042 2.9266656
14.975111878387757 3.7158912
15.024863245928472 5.6983552
15.074614613469189 5.0498272
15.124365981009904 3.834848
15.174117348550617 3.7017504
15.223868716091333 2.7295744
15.273669834999588 5.4018048
15.323421202540304 5.6281792
15.37312281871348 4.694128
15.422923937621736 3.5351872
15.472675305162449 2.547712
15.522376921335626 4.2647552
15.57217804024388 6.10304
15.621879656417057 4.6682144
15.671680775325312 1.9657568
15.721382391498487 2.0987904
15.771133759039202 6.1865984
15.820885126579917 4.8425344
15.870636494120633 2.976512
15.920437613028888 3.3938464
15.970139229202063 2.818048
16.01989059674278 2.5863776
16.069641964283495 4.6221184
16.119393331824206 4.5327072
16.169144699364924 2.8563712
16.21889606690564 2.9944448
16.268697185813895 3.9494336
16.318398801987072 3.7778208
16.368150169527784 3.560048
16.41795128843604 2.1020224
16.467652904609217 3.7978112
16.51745402351747 3.22248
16.567155639690647 3.0636064
16.61690700723136 1.7551168
16.666658374772076 2.2348224
16.71640974231279 3.1167168
16.766161109853506 2.391872
16.81591247739422 3.2168864
16.865663844934936 3.0223616
16.915464963843192 2.8681664
16.96516658001637 3.1588448
17.014917947557084 2.5860032
17.0646693150978 2.2516992
17.114420682638514 0.9802656
17.16417205017923 3.6030144
17.213973169087485 3.4117728
17.263674785260662 3.4326944
17.313475904168914 3.2212384
17.36317752034209 3.3170816
17.412928887882806 3.9719488
17.46268025542352 2.7918336
17.512431622964236 4.8889856
17.56218299050495 6.1063168
17.611984109413207 6.2767104
17.661735476953922 4.3835936
17.7114370931271 2.8573696
17.76118846066781 4.128768
17.81093982820853 5.2330496
17.860691195749244 5.718016
17.910492314657496 5.7769984
17.960193930830673 2.7787264
18.009945298371388 3.8731776
18.059696665912103 5.6901632
18.10944803345282 5.8867712
18.159199400993536 5.5345216
18.20895076853425 2.0054016
18.258702136074966 4.7316992
18.30845350361568 5.865472
18.358204871156396 5.9080704
18.40795623869711 5.5391136
18.457757357605367 1.8563072
18.50745897377854 1.122304
18.557210341319255 3.6831232
18.606961708859973 5.2789248
18.65671307640069 6.029312
18.706464443941403 3.3521664
18.756215811482118 4.9463296
18.805967179022833 5.2248576
18.855718546563548 3.0998528
18.905519665471804 2.4674304
18.955221281644977 3.2505856
19.005022400553234 4.1025536
19.05472401672641 5.8556416
19.104475384267126 3.813968
19.15422675180784 3.4322784
19.203978119348555 2.403248
19.25377923825681 4.702208
19.303480854429985 3.9813248
19.35328197333824 3.5696288
19.402983589511418 3.5496192
19.45273495705213 2.6802752
19.502486324592848 4.2561792
19.552237692133563 3.5955072
19.601989059674278 3.0216768
19.651740427214992 1.7674976
19.701491794755707 2.5088512
19.751243162296422 5.7229312
19.80099452983714 4.7305856
19.850745897377855 2.8189376
19.90049726491857 4.1065472
19.950298383826823 3.4464768
20.0 4.1975808
