0.0 1.0870272
0.11428571428571428 3.4249984
0.22868571428571433 4.0181184
0.3429714285714286 3.9593664
0.45714285714285713 3.6584512
0.5714285714285714 3.2934336
0.6857142857142857 3.0594208
0.8 4.076352
0.9142857142857143 3.9868448
1.0285714285714285 3.1144192
1.1428571428571428 3.3473536
1.2571428571428571 5.2582784
1.3714285714285714 3.2923552
1.4857142857142858 3.946944
1.6001142857142856 4.0074592
1.7144 3.9608384
1.828685714285714 4.1168128
1.9428571428571428 3.6163936
2.057142857142857 3.7533504
2.1714285714285713 3.4635104
2.2857142857142856 3.4061888
2.4 3.7956768
2.5142857142857142 4.0094912
2.6285714285714286 3.9501792
2.7429714285714284 3.3667648
2.8572571428571427 3.6088864
2.9714285714285715 2.716448
3.0857142857142854 2.9774624
3.2 3.26552
3.3143999999999996 3.1406944
3.428571428571429 1.8505344
3.5428571428571427 3.8835264
3.6571428571428566 3.7876512
3.771428571428572 3.4152928
3.8857142857142857 3.6722848
4.0 3.4409248
4.114285714285714 3.516976
4.228685714285715 1.8220576
4.342971428571429 1.4105472
4.457142857142857 1.4547616
4.571428571428571 1.9130816
4.685828571428572 2.421008
4.800114285714287 3.0400096
4.914285714285715 2.4128672
5.0285714285714285 2.4884608
5.142857142857142 1.8397504
5.257257142857144 2.07592
5.371428571428572 1.9767072
5.485714285714286 2.1255264
5.6000000000000005 2.6997952
5.7142857142857135 2.232288
5.828571428571428 2.115904
5.942857142857143 1.9340064
6.057142857142858 2.9850112
6.171428571428571 2.6059744
6.285714285714286 2.7029888
6.400114285714286 2.485712
6.514285714285714 2.6075712
6.628571428571428 3.1715744
6.742857142857143 2.696
6.857142857142858 2.2258176
6.9714285714285715 2.377872
7.085714285714285 2.8965824
7.199999999999999 2.7186464
7.314285714285714 3.3937248
7.428685714285713 1.4170176
7.542971428571428 4.2607584
7.657142857142857 2.6431584
7.771428571428571 3.5792096
7.885714285714286 2.3584608
8.0 1.4385856
8.114285714285714 1.2487872
8.228571428571428 1.1873184
8.342857142857143 1.358784
8.457142857142857 1.7491648
8.571428571428571 2.6873728
8.685714285714285 0.038512
8.800114285714285 3.5029536
8.914285714285715 4.0989984
9.028571428571428 3.353824
9.142857142857142 3.4217632
9.257142857142856 2.7991328
9.371428571428572 2.5777696
9.485714285714286 2.5838464
9.6 3.0960864
9.714285714285714 3.5673472
9.82857142857143 3.5609408
9.942971428571427 3.0647488
10.057142857142857 3.2634048
10.171542857142857 3.5801632
10.285714285714285 3.48064
10.400114285714285 3.9290048
10.514285714285714 3.175888
10.62857142857143 2.7585472
10.742857142857144 3.4120576
10.857142857142856 3.267552
10.971542857142856 3.6061696
11.085828571428571 2.954816
11.200114285714285 3.3829408
11.314285714285715 3.0076576
11.428571428571427 3.2279072
11.542971428571427 3.3734976
11.657142857142857 3.0065792
11.77142857142857 3.1068704
11.885714285714286 3.3614144
12.0 3.512992
12.114285714285716 3.7300192
12.228571428571428 2.9666784
12.342971428571428 3.0324608
12.457142857142857 2.6886176
12.571428571428571 2.3280992
12.685714285714285 2.2594624
12.8 2.8864352
12.914399999999999 2.4843008
13.028685714285713 2.5575296
13.142971428571428 2.4435296
13.257142857142856 3.0766752
13.371428571428572 2.7650176
13.485714285714286 2.2635616
13.600000000000001 2.6776672
13.714285714285715 2.1586464
13.828571428571427 2.7523872
13.942857142857143 2.5607648
14.057142857142857 2.978976
14.17142857142857 3.1359872
14.285828571428569 2.2441504
14.400114285714285 2.8394272
14.514285714285716 2.9957952
14.628571428571426 3.0546304
14.742857142857142 3.0938464
14.857257142857144 3.0648128
14.971542857142857 3.2287296
15.085714285714287 3.0655872
15.2 3.461968
15.314285714285713 3.8833184
15.428571428571429 3.2624288
15.542857142857143 3.2813024
15.657142857142857 2.9542976
15.772457142857144 2.8830816
15.885714285714286 1.811712
16.0 3.2587776
16.114285714285714 0.7207104
16.228571428571428 4.6121248
16.34285714285714 3.0853248
16.45725714285714 3.3083232
16.571428571428573 3.2220288
16.685714285714287 3.3240448
16.800114285714287 3.4422528
16.9144 3.2482688
17.02857142857143 3.3062464
17.14297142857143 3.0010752
17.257142857142856 3.5586048
17.37142857142857 3.4991584
17.485714285714288 2.6069696
17.6 2.4296352
17.7144 3.4729376
17.82857142857143 3.2692192
17.942857142857143 2.8318784
18.057142857142857 3.0330208
18.171542857142857 3.2030592
18.285714285714285 2.9689152
18.400000000000002 0.8159232
18.5144 3.571712
18.628571428571426 4.9817312
18.742857142857144 2.6334528
18.857257142857144 3.6573408
18.97142857142857 3.0769152
19.085714285714285 3.7577824
19.2 2.9391488
19.314285714285717 2.759392
19.428571428571427 3.1597344
19.54285714285714 2.8688384
19.657257142857144 5.5820288
19.771428571428572 3.2934048
19.885714285714286 2.9067968
20.0 2.6994112
