0.0 0.0
0.041452368158440174 0.4814848
0.08294623017890079 0.8433088
0.12444009219936142 0.6998816
0.16597544808184247 0.8055648
0.20742781624028267 0.45832
0.24892167826074335 0.0
0.290415540281204 1.604992
0.3319094023016645 2.0670016
0.3734032643221252 1.9302944
0.41489712634258574 1.9616096
0.45639098836304637 2.0155296
0.497884850383507 1.3296672
0.5393787124039676 1.8397504
0.5808725744244283 2.4178144
0.6223664364448889 2.9523712
0.6638602984653496 3.929376
0.7053956543478307 3.7226368
0.746848022506271 3.4530368
0.7883418845267315 1.5701504
0.8298357465471922 1.9605312
0.8713296085676527 0.8929152
0.9128234705881134 1.337216
0.9543173326085741 1.908768
0.9958111946290347 3.2872768
1.0373050566494952 3.142144
1.078798918669956 2.8965824
1.120334274552437 3.1931424
1.1618281365728975 3.3958816
1.2032805047313377 3.4320288
1.2447743667517983 3.0523904
1.2863097226342792 3.473072
1.3277620907927195 2.6933024
1.3692559528131802 2.464416
1.4107913086956614 0.344064
1.452285170716122 3.6877408
1.4937375388745622 2.1934016
1.5352314008950227 2.4350272
1.5767252629154835 2.1435072
1.618219124935944 2.0131456
1.659712986956405 2.2443776
1.7012068489768652 1.8526912
1.7427007109973258 2.2344448
1.7841945730177866 2.1952512
1.8256884350382472 2.288736
1.867182297058708 2.1222912
1.9086761590791683 1.5794208
1.950170021099629 2.3092896
1.9916638831200897 1.8341312
2.033199239002571 1.2689856
2.074693101023031 1.5594496
2.1161454691814714 1.6158784
2.1576808250639528 1.7071296
2.199133193222393 1.5457856
2.240668549104874 1.721248
2.282120917263314 2.1223104
2.3236147792837745 2.3197216
2.365150135166256 2.651184
2.406602503324696 2.5954624
2.4480963653451564 2.6902944
2.4896317212276378 2.632416
2.531084089386078 2.4283104
2.5725779514065383 2.6476352
2.614071813426999 2.6285792
2.6555656754474595 2.5627968
2.6970595374679203 2.7137344
2.738553399488381 2.9511232
2.780047261508841 2.89656
2.821541123529302 2.3693504
2.8630349855497625 2.5718784
2.904528847570223 2.6968928
2.9460642034527047 2.3532544
2.9875165716111445 1.7513216
3.029051927493626 2.4527648
3.0705042956520656 2.8883232
3.1119981576725264 3.6565216
3.153492019692987 3.6838144
3.1949858817134476 3.4696288
3.2364797437339083 3.5465696
3.277973605754369 2.8456896
3.319467467774829 3.3193952
3.361002823657311 3.5493472
3.4024551918157506 3.467472
3.443949053836211 3.6129696
3.4854429158566718 3.2097472
3.5269367778771326 3.8691904
3.5684306398975933 3.6425152
3.6099245019180537 2.7908992
3.6514598578005355 2.0095168
3.6929537198209954 3.2407552
3.7344060879794356 4.6161376
3.7758999499998964 5.4368864
3.817393812020357 5.4365184
3.858887674040817 4.198688
3.900423029923299 3.0123904
3.9418753980817387 3.9436288
3.98341075396422 4.3334784
4.02490461598468 2.636416
4.066398478005142 0.3655776
4.107892340025602 0.447552
4.149344708184042 4.3817728
4.190838570204503 2.9122816
4.232332432224963 2.5035296
4.273867788107444 2.671504
4.3153201562658845 2.510944
4.356814018286345 2.3649792
4.398349374168826 1.9119616
4.439801742327266 2.0403328
4.481295604347727 1.99504
4.522789466368188 2.3045632
4.564283328388648 1.8364928
4.605777190409109 1.4310368
4.64727105242957 1.3835872
4.688764914450029 1.4644672
4.730258776470491 1.5334848
4.771752638490952 1.5563392
4.813287994373432 1.7392512
4.854740362531873 2.1217728
4.896234224552333 2.1302144
4.937769580434814 2.319264
4.9792219485932545 2.7213216
5.020757304475736 2.2501024
5.062209672634176 2.074656
5.103703534654636 1.8916992
5.145197396675098 1.3879008
5.186691258695557 1.4741728
5.228185120716018 1.9648448
5.269678982736479 1.4202528
5.311172844756939 0.97056
5.352708200639421 1.9443552
5.394202062659882 2.0640576
5.435654430818322 1.5693632
5.477148292838781 1.6216224
5.518642154859243 2.3433632
5.560136016879703 1.0807904
5.601629878900164 2.9048832
5.6431652347826455 4.0608288
5.684617602941086 3.0617856
5.726152958823566 3.26384
5.767605326982006 2.7851616
5.809099189002467 3.8305728
5.850593051022928 3.6945568
5.892128406905409 3.5856
5.933580775063849 3.6046528
5.97507463708431 3.4809568
6.016568499104769 3.0428032
6.058062361125231 2.797536
6.099597717007712 2.2472192
6.141050085166152 1.4196928
6.182585441048634 1.0794784
6.224079303069095 0.9371296
6.265531671227534 2.4393408
6.307067027110015 2.5057248
6.348519395268455 2.26296
6.390013257288915 2.1089376
6.4315486131713975 2.3405408
6.473042475191858 2.3714016
6.514536337212319 2.4274784
6.5560301992327785 2.168144
6.597482567391219 1.844624
6.6390179232737 1.8526496
6.68047029143214 1.9713984
6.721964153452601 1.8774112
6.763458015473062 2.1115072
6.804993371355542 2.0209216
6.846445739513982 2.0694496
6.887981095396464 2.1654272
6.929474957416924 2.1060736
6.9709273255753645 2.1611136
7.012421187595825 1.8952384
7.053915049616286 1.8500448
7.095408911636747 2.0015104
7.136944267519228 1.3188832
7.178396635677667 3.1770592
7.219890497698128 2.8832544
7.261384359718589 2.7927904
7.30287822173905 2.9042976
7.34437208375951 2.8931808
7.385907439641991 3.900784
7.427359807800431 3.6117984
7.468895163682912 4.6186496
7.510389025703374 4.342448
7.551882887723834 4.2297152
7.593335255882274 4.4759616
7.6348291179027346 3.3770848
7.676322979923195 3.2751616
7.717816841943655 6.0588032
7.7593107039641165 4.5034272
7.800804565984577 4.5646176
7.842298428005038 4.28648
7.883792290025498 3.1358976
7.92528615204596 5.095424
7.966780014066419 6.1046784
8.008315369948901 5.3000128
8.049767738107342 4.4152832
8.091261600127801 2.4936448
8.132755462148262 4.898816
8.174249324168724 5.0491712
8.215784680051204 4.0238048
8.257237048209644 2.320128
8.298730910230104 3.6470784
8.340224772250565 5.8458112
8.381718634271026 6.3111168
8.423212496291487 6.0242464
8.464706358311947 4.176048
8.506200220332406 3.3619968
8.547694082352868 4.2893312
8.589187944373329 5.9978688
8.630723300255811 3.3735232
8.672175668414251 3.5841792
8.713711024296732 2.7918336
8.755163392455172 4.4957696
8.796698748337652 4.7672384
8.838151116496093 4.3868672
8.879644978516554 3.999408
8.921138840537013 2.5942656
8.962632702557475 1.7941216
9.004126564577936 0.3148928
9.045620426598397 3.6708736
9.087155782480878 1.3664256
9.128608150639316 4.2606656
9.170102012659777 2.8379136
9.211595874680238 2.9983872
9.2530897367007 2.6761536
9.294583598721161 2.7661792
9.33607746074162 3.2474144
9.3776128166241 2.6011008
9.419065184782541 1.7480864
9.460559046803002 3.1968992
9.502052908823464 3.4050304
9.543588264705944 3.5012608
9.585040632864384 3.7666304
9.626534494884844 2.9935776
9.668028356905305 2.8753248
9.709522218925766 2.1871584
9.751016080946226 1.8808832
9.792551436828708 2.3658496
9.834003804987148 6.3094784
9.875539160869629 5.0692864
9.916991529028069 4.572576
9.95848539104853 2.8049408
9.99997925306899 4.1713664
10.041473115089449 2.670592
10.083008470971933 6.144
10.124460839130371 5.7049088
10.165954701150833 2.555904
10.207448563171294 5.0659328
10.248942425191753 5.9899904
10.290477781074234 6.324224
10.331971643094695 6.05232
10.373465505115156 2.4936448
10.414959367135616 4.063232
10.456411735294058 6.5830912
10.497905597314519 6.3045632
10.53939945933498 5.6459264
10.580893321355438 2.7738112
10.6223871833759 4.3712512
10.663881045396359 6.3176704
10.70537490741682 6.2210048
10.746910263299302 4.5767872
10.788362631457742 2.8049408
10.829897987340223 2.8786688
10.871391849360684 6.1489152
10.912844217519122 6.373376
10.954338079539582 4.881888
10.995873435422066 2.5591808
11.037325803580504 3.9305216
11.078861159462987 6.5028096
11.120313527621427 4.5685824
11.161807389641886 3.9895456
11.203301251662348 3.0782848
11.244795113682809 3.866624
11.286288975703268 6.3832064
11.32778283772373 6.348384
11.36927669974419 5.10944
11.410812055626671 3.1899264
11.45226442378511 3.2817152
11.493758285805571 6.1636608
11.535293641688053 6.1571072
11.576746009846492 6.1079552
11.618239871866953 2.8016896
11.659733733887414 2.5935872
11.701227595907875 5.3815008
11.742721457928337 3.82104
11.784215319948796 4.006
11.825709181969257 2.9633344
11.867203043989718 2.99504
11.9087383998722 0.9499456
11.95019076803064 3.8736128
11.991684630051099 1.8220192
12.03317849207156 2.64512
12.07467235409202 3.6833344
12.11616621611248 3.7400128
12.157701571994963 3.7926432
12.199153940153401 3.9879232
12.240689296035885 3.3649632
12.282141664194324 4.283808
12.323635526214785 5.1075136
12.365129388235246 4.7147328
12.406623250255706 4.7174176
12.448117112276167 4.267456
12.489610974296628 2.8311552
12.531104836317086 5.5083008
12.572598698337547 5.6264288
12.61413405422003 4.306832
12.65558642237847 4.3079072
12.697080284398929 2.7820032
12.73857414641939 5.3981504
12.780068008439851 3.8484448
12.821561870460311 4.274064
12.863055732480772 3.6102752
12.904549594501233 3.2768
12.946084950383716 5.9593312
12.987537318542156 4.5323232
13.029031180562615 4.2610432
13.070525042583075 4.3742048
13.112018904603534 2.1823488
13.153512766623995 6.6158592
13.195006628644457 6.31152
13.236541984526939 5.3666784
13.27799435268538 3.7252864
13.319488214705839 1.1829248
13.3609820767263 2.5952256
13.402475938746761 5.6147968
13.44396980076722 6.5093632
13.485505156649705 4.7954944
13.526957524808143 2.4543232
13.568451386828604 5.6723168
13.609945248849066 4.023696
13.651439110869523 3.8897376
13.692974466752005 4.0244416
13.734468328772467 3.0834688
13.775920696930905 5.6953664
13.817414558951366 5.0541568
13.858949914833849 4.7684384
13.90044377685431 4.540944
13.941896145012748 2.875392
13.983431500895232 5.1068928
14.02488386905367 6.2783488
14.06637773107413 6.1816832
14.107871593094591 5.0565184
14.149365455115053 2.801664
14.190859317135512 4.3810816
14.232353179155972 6.2603264
14.273847041176433 5.6161792
14.315340903196894 2.9145056
14.356876259079376 2.7066368
14.398328627237815 5.8851328
14.439863983120297 5.8133888
14.481357845140758 4.3100576
14.522810213299199 3.7899744
14.564304075319658 2.7181056
14.60579793734012 4.8562176
14.64729179936058 5.6876288
14.688827155243063 3.7953248
14.7302795234015 4.222272
14.77177338542196 2.7131904
14.813308741304443 4.5361216
14.854761109462881 5.1261088
14.896254971483343 5.9814112
14.937748833503804 3.5958688
14.979242695524263 2.7410432
15.020736557544724 5.3690368
15.062271913427207 5.088272
15.103724281585647 3.8764544
15.145218143606108 4.1068512
15.186712005626568 2.7328512
15.228205867647029 5.2494336
15.26969972966749 5.8703872
15.311193591687948 4.6963744
15.35272894757043 4.3329376
15.39418131572887 2.7394048
15.435675177749332 5.029888
15.477169039769791 5.7802752
15.518704395652275 5.1167232
15.560156763810713 5.2969472
15.601650625831173 3.19488
15.643144487851634 4.7579136
15.684638349872095 6.0194816
15.726132211892557 5.2884256
15.767626073913018 4.5740032
15.809119935933477 2.752512
15.850613797953937 4.5072384
15.892149153836419 6.2455808
15.933601521994857 5.7384736
15.975095384015319 4.2956416
16.016589246035778 2.9360128
16.05808310805624 0.5931008
16.09961846393872 4.2663936
16.141070832097164 6.332416
16.182564694117623 4.2126112
16.224058556138083 2.2996672
16.265552418158546 2.3821856
16.307046280179005 0.3623424
16.34858163606149 3.111184
16.390034004219928 0.0
16.431527866240387 0.631424
16.473021728260846 2.4128992
16.514515590281306 2.0847136
16.55600945230177 2.3525088
16.59750331432223 2.4936544
16.639038670204712 2.447968
16.68049103836315 2.4083168
16.72198490038361 2.2406656
16.76347876240407 2.054912
16.804972624424533 2.1497696
16.846507980307017 2.5849728
16.887960348465455 3.364672
16.929495704347936 3.8885984
16.970989566368395 3.4884704
17.012483428388855 3.8820032
17.053935796547293 3.8018432
17.095429658567756 3.424256
17.136923520588216 5.9670528
17.17841738260868 5.9539456
17.21995273849116 5.7016704
17.261405106649597 4.4296576
17.30289896867006 2.53952
17.34443432455254 4.8103424
17.385886692710983 4.7447712
17.427380554731442 5.0850752
17.468874416751902 3.7157952
17.51036827877236 2.3134208
17.55186214079282 5.881856
17.593356002813284 6.0162048
17.634849864833743 5.8621952
17.676343726854206 5.210112
17.717837588874666 2.9458432
17.759372944757146 4.317184
17.80082531291559 6.4897024
17.842319174936048 6.109536
17.883813036956507 4.996592
17.92530689897697 2.3642112
17.96680076099743 4.0861696
18.00829462301789 5.6393728
18.04982997890037 6.1456384
18.09128234705881 6.5601536
18.13277620907927 3.1719424
18.17427007109973 3.3210368
18.215805426982214 6.1964288
18.257257795140653 6.1161472
18.298751657161112 6.1177856
18.340287013043596 3.670016
18.381739381202035 3.19488
18.423233243222498 6.2357504
18.464727105242957 6.0719104
18.506220967263417 6.4749568
18.5477563231459 3.7945344
18.58920869130434 3.5651584
18.63074404718682 5.4525952
18.672237909207283 6.0751872
18.713731771227742 6.0555264
18.75518413938618 3.7552128
18.79667800140664 3.2473088
18.838171863427103 6.0391424
18.879707219309584 6.3700992
18.921159587468026 6.4405504
18.962694943350506 4.8218112
19.004147311508945 2.7557888
19.045641173529408 5.2068352
19.087135035549867 6.2062592
19.12867039143235 6.1067584
19.170164253452807 3.0161536
19.21165811547327 2.8540928
19.25311048363171 5.245376
19.294604345652168 3.2703776
19.336139701534652 3.007184
19.37763356355511 2.5807904
19.41908593171355 1.7076352
19.460579793734013 2.3145312
19.502073655754472 3.799952
19.54356751777493 2.4267296
19.585102873657416 1.6493152
19.626555241815854 0.7569408
19.66809059769834 4.0830368
19.709542965856777 1.8785728
19.751036827877236 1.7971328
19.792530689897696 1.6755232
19.83406604578018 1.2490976
19.875518413938618 1.1619968
19.917012275959078 1.0839808
19.95850613797954 2.718976
20.0 1.7912224
