0.0 0.1295128
0.03502620836040567 3.28536
0.07005241672081133 3.6239952
0.10507862508121701 2.6367648
0.14013985964998307 2.18376
0.17516606801038875 2.73132
0.21015725016243403 2.8544768
0.24521848473120011 3.1108848
0.28020966688324533 3.06612
0.315235875243651 3.70332
0.35026208360405664 3.2238
0.38528829196446235 3.82212
0.42031450032486806 2.22696
0.4553757348936341 1.4490688
0.49040194325403974 1.4129312
0.525393125406085 0.90316
0.5604193337664907 1.3432384
0.5954455421268964 1.5292816
0.630471750487302 1.0638
0.6654979588477077 0.96336
0.7005241672081133 1.3986
0.735550375568519 1.93104
0.7705765839289247 1.34676
0.8056027922893304 3.32344
0.8406290006497361 3.82832
0.8756552090101417 4.616552
0.9106814173705474 4.0466496
0.9457076257309531 4.077
0.980768860299719 3.6952224
1.0157950686601247 3.1854576
1.05078625081217 3.9835456
1.0858124591725757 4.8616544
1.1208386675329813 4.6419968
1.155864875893387 4.0088032
1.1908910842537928 4.6975504
1.2259172926141984 4.588608
1.260943500974604 4.6679472
1.2959697093350098 4.5916544
1.3309959176954154 4.41396
1.3660221260558212 4.4398592
1.401083360624587 4.4979568
1.4360745427766326 4.4520704
1.471100751137038 4.5420224
1.506161985705804 4.1016768
1.5411881940662098 3.379904
1.576179376218255 4.0391888
1.6112055845786608 4.5694816
1.6462317929390662 4.5989184
1.6812580012994722 3.9741216
1.7162842096598776 3.45168
1.7513104180202834 4.4701184
1.786336626380689 3.7008544
1.821397860949455 4.2522656
1.8563890431015004 4.6645216
1.8915203300869874 4.05216
1.9264414598223119 4.73688
1.9614676681827172 3.917792
1.996493876543123 4.076368
2.0315200849035286 4.2154176
2.0665462932639347 4.7137584
2.10157250162434 4.653984
2.136598709984746 3.99384
2.1716249183451515 4.7195984
2.206651126705557 4.62564
2.2416773350659627 4.6657856
2.2767035434263687 4.069256
2.3117647779951347 4.82868
2.3467559601471795 4.03164
2.3817821685075855 4.10076
2.416808376867991 5.25204
2.4518345852283967 4.5905456
2.4868607935888023 4.41284
2.521887001949208 4.83328
2.556913210309614 4.2490144
2.59197444487838 2.8123184
2.626965627030425 1.4374688
2.6620268615991916 4.153144
2.6970180437512363 4.3158912
2.7320442521116424 3.4710032
2.7670704604720475 3.7607312
2.802096668832453 4.0680848
2.837122877192859 3.62772
2.872149085553265 4.8664784
2.907210320122031 4.1234416
2.942201502274076 5.07816
2.977227710634482 0.7214384
3.0122539189948876 4.0538368
3.047280127355293 4.6498832
3.082306335715699 4.4139616
3.1173325440761044 4.249
3.15235875243651 4.4504
3.187419987005277 4.4139584
3.2224111691573216 4.76712
3.257437377517727 4.2811312
3.2924635858781324 4.6634288
3.3274897942385384 4.7412016
3.3625160025989445 3.9228384
3.39754221095935 4.347912
3.432568419319755 3.8792592
3.4675946276801612 3.9744
3.502620836040567 3.2972288
3.5376470444009724 3.3760816
3.572673252761378 4.25304
3.6076994611217836 2.96568
3.6427256694821897 3.3069584
3.677786904050956 3.3804016
3.7128131124113612 2.79288
3.7478042945634065 2.538
3.7828305029238125 2.15244
3.8178567112842177 3.25836
3.8528829196446237 3.5056784
3.8879091280050293 3.83292
3.9229353363654345 4.4323216
3.9579965709342013 4.6461168
3.992987753086246 4.4021232
4.028013961446652 4.7163888
4.063040169807057 4.3480512
4.098066378167463 3.90852
4.133092586527869 4.51036
4.168118794888275 4.7483728
4.203180029457041 4.3944736
4.2382062378174465 4.9357536
4.273197419969492 4.50792
4.3082236283298965 4.3956096
4.343249836690303 4.6461504
4.3782760450507086 4.0446
4.413302253411114 4.3945184
4.448363487979881 4.6502496
4.483354670131925 0.0769104
4.518415904700691 3.8739616
4.553407086852737 4.17312
4.588433295213142 4.3526784
4.623459503573548 4.07672
4.658520738142315 4.746448
4.693511920294359 4.6582304
4.728573154863126 3.8717632
4.763564337015171 4.55112
4.798590545375577 4.29516
4.833651779944343 4.5478784
4.868642962096388 4.2773072
4.903669170456793 4.3518944
4.938695378817199 4.0435184
4.973721587177605 3.868384
5.0087828217463715 4.5669392
5.043774003898416 4.293
5.078800212258821 3.8329184
5.113826420619228 3.7476016
5.148887655187994 2.6810656
5.183878837340039 3.3262096
5.218905045700445 3.8061104
5.25393125406085 4.1639728
5.288957462421255 4.234632
5.324018696990022 4.3470496
5.359114957767149 3.9686192
5.394036087502473 4.73564
5.4290973220712395 4.7476608
5.464088504223285 4.3615808
5.49911471258369 4.6056608
5.534175947152456 3.85452
5.569167129304501 2.897896
5.604193337664906 4.135064
5.639254572233673 4.853072
5.674245754385718 3.8053616
5.709271962746124 4.2853664
5.744333197314891 2.9084384
5.779324379466935 3.89772
5.814350587827341 3.6234112
5.849376796187746 3.8815104
5.884403004548152 3.7106512
5.919464239116918 4.3768944
5.954455421268964 4.0710944
5.98951665583773 4.164872
6.024542864198136 4.252648
6.05953404635018 3.3614656
6.094560254710586 4.5484544
6.129586463070992 3.7674064
6.164612671431398 4.7203136
6.1996739060001635 3.4992096
6.234665088152209 4.215736
6.269726322720976 3.9911744
6.30471750487302 4.59
6.339743713233426 4.1132288
6.374769921593831 4.5516208
6.409796129954238 4.4895504
6.444822338314643 3.93768
6.479848546675049 3.7519296
6.514909781243815 4.1007488
6.549900963395859 3.842304
6.584927171756265 3.6183376
6.619988406325032 3.0531584
6.655014614685437 3.4089872
6.690005796837482 3.94092
6.725067031406249 4.5495344
6.760093239766655 4.0719888
6.7951194481270605 3.5371328
6.830145656487466 4.66696
6.86513683863951 4.7673456
6.900163046999916 4.3858336
6.9351892553603225 4.6742864
6.970215463720728 4.4307344
7.005241672081134 3.8517584
7.0403029066499005 3.3847728
7.075294088801945 3.803176
7.1103202971623505 3.4308016
7.1453815317311165 4.0757712
7.180372713883162 4.4898416
7.215398922243567 3.64796
7.250460156812334 2.90224
7.28548636517274 2.6003696
7.320477547324784 3.435992
7.35550375568519 3.17412
7.390529964045596 2.97864
7.425556172406002 1.96128
7.460617406974768 0.9636384
7.495608589126813 0.8064816
7.530669823695579 1.24688
7.565696032055985 1.02384
7.600722240416391 0.90988
7.635748448776796 0.79596
7.670739630928841 0.8108384
7.705765839289247 0.7692016
7.740792047649653 0.62964
7.775853282218419 0.7884
7.810844464370464 0.6372
7.84590569893923 0.6148
7.8808968810912745 0.40148
7.915923089451681 0.33156
7.950949297812087 0.47412
7.986010532380853 1.0962
8.021001714532899 1.34028
8.056062949101664 0.60184
8.091054131253708 0.8802
8.126080339614115 0.72172
8.161106547974521 0.56968
8.196132756334926 0.55864
8.231158964695332 0.4752
8.266185173055739 0.42472
8.301211381416143 0.35368
8.33623758977655 0.3448
8.371298824345315 0.34532
8.40632503270572 0.26244
8.441316214857766 0.33292
8.476342423218172 0.23328
8.511403657786937 0.0828784
8.546429866147344 0.4989616
8.581456074507749 0.20304
8.616447256659793 0.0421184
8.6514734650202 0.4247216
8.686499673380606 0.43712
8.721560907949371 0.5297056
8.756552090101417 0.4649744
8.791578298461824 0.40392
8.826604506822228 0.35964
8.861665741390995 0.4584256
8.89665692354304 0.3785728
8.931718158111806 0.2818816
8.96670934026385 0.39636
9.001735548624257 0.38016
9.036761756984662 0.3061456
9.071787965345068 0.2597744
9.106849199913833 0.0702
9.14184038206588 0.05184
9.176866590426284 0.70848
9.21192782499505 0.27648
9.246954033355456 0.63504
9.281945215507502 0.5237984
9.316971423867908 0.7192816
9.351997632228313 0.71712
9.387023840588718 0.7246784
9.422050048949124 0.8402416
9.45707625730953 0.99144
9.492102465669936 1.2031296
9.527128674030342 0.9320288
9.562154882390747 0.6544816
9.597181090751153 0.5351056
9.632207299111558 0.6337344
9.667268533680325 1.0311184
9.70225971583237 0.6253216
9.737320950401134 0.41364
9.772312132553182 0.29484
9.807338340913587 1.0619296
9.842364549273993 1.6148688
9.877390757634398 2.3922
9.912416965994804 3.6396
9.94744317435521 3.05316
9.982469382715616 1.4472
10.01749559107602 0.8888384
10.052556825644787 0.5572816
10.087583034005192 0.5389296
10.122609242365597 0.6609504
10.157635450726003 0.7594624
10.19262663287805 0.9512576
10.227652841238456 0.85348
10.262679049598862 0.9382384
10.297740284167627 0.91044
10.332731466319672 0.882944
10.367757674680078 0.7354816
10.402783883040483 0.44172
10.437845117609248 0.49492
10.472871325969654 0.82808
10.5078625081217 0.68528
10.542923742690466 0.67336
10.57791492484251 0.766
10.612941133202918 0.77948
10.647967341563323 0.90288
10.683028576132088 0.73656
10.718019758284134 0.7711184
10.7530809928529 0.8197216
10.788072175004945 0.95472
10.82309838336535 0.88776
10.858124591725758 0.7954016
10.893185826294523 0.82944
10.92817700844657 0.97848
10.963203216806974 0.80352
10.99822942516738 0.5724
11.033290659736146 0.5745584
11.06828184188819 1.3348816
11.103343076456957 0.69336
11.138369284817362 0.77112
11.17336046696941 0.53028
11.208386675329812 0.72036
11.24341288369022 0.62236
11.278439092050625 1.11564
11.31346530041103 1.12292
11.348491508771437 1.0724384
11.383517717131841 0.8769616
11.418543925492248 1.5951584
11.453570133852653 1.032776
11.488631368421418 1.2957056
11.523622550573464 1.7161184
11.558683785142229 1.0746016
11.593709993502637 0.63748
11.628701175654681 0.59156
11.663727384015088 0.52812
11.698753592375493 0.3618
11.733779800735899 0.2538
11.768841035304664 0.01728
11.803867243665069 1.03788
11.838858425817115 0.4784384
11.873884634177521 0.4233616
11.908910842537928 0.5994
11.943937050898333 1.00008
11.97896325925874 1.1566896
12.013989467619144 1.2681904
12.049050702187909 1.23956
12.084041884339955 1.1899568
12.11906809270036 0.8912032
12.154129327269125 1.5789584
12.189120509421173 1.1556016
12.22414671778158 1.4347984
12.259172926141984 1.2171232
12.294234160710749 1.3137856
12.329225342862795 1.3203344
12.36428657743156 1.37592
12.399277759583606 1.2528096
12.434338994152371 1.4698704
12.469330176304418 1.7290656
12.504356384664824 1.7085744
12.53938259302523 1.6848
12.574443827593996 1.8144
12.60943500974604 1.9002784
12.644461218106446 1.5654416
12.679487426466851 1.90296
12.714513634827258 1.48716
12.749539843187662 1.4256
12.784566051548069 1.6077824
12.819592259908475 1.587936
12.854618468268878 1.6988416
12.889644676629286 1.77012
12.924705911198052 2.1532784
12.959697093350098 2.41512
12.994723301710502 2.4807616
13.029749510070909 2.8918816
13.064775718431314 3.2792384
13.099801926791718 3.051
13.134863161360485 3.52836
13.16985434351253 3.2000384
13.204915578081295 3.4020016
13.239906760233342 3.7670944
13.274932968593749 3.8771552
13.309959176954154 3.1751904
13.34498538531456 3.33936
13.380011593674965 4.1957984
13.41503780203537 3.7578272
13.450064010395778 3.9372784
13.48509021875618 3.930016
13.520116427116589 3.43332
13.555142635476994 3.67956
13.590203870045759 3.30588
13.625230078406165 3.1711728
13.66022126055821 3.8077872
13.695247468918616 3.832416
13.730308703487381 3.3679424
13.765299885639429 3.6234016
13.800326093999832 3.8285984
13.835387328568597 4.579432
13.870413536929005 4.4560176
13.90543974528941 0.382672
13.940465953649817 2.9908016
13.975492162010221 4.3748
14.010483344162267 4.63104
14.045544578731032 3.95172
14.08053576088308 3.5633552
14.115596995451845 3.8486848
14.15058817760389 3.51432
14.185614385964296 3.28888
14.220640594324701 2.4086256
14.255666802685107 1.9763216
14.290728037253873 1.8166544
14.325719219405919 1.57788
14.360745427766323 1.4958
14.395806662335088 1.44936
14.430797844487135 2.4528112
14.465824052847541 3.402896
14.500850261207948 1.5309328
14.535876469568352 2.02016
14.570902677928759 1.2587216
14.605928886289163 1.047336
14.640955094649568 1.0868176
14.675981303009975 0.6835664
14.71100751137038 0.8843152
14.746033719730786 1.1482448
14.781094954299551 1.43748
14.816121162659957 0.9277184
14.851147371020364 1.4871712
14.88613855317241 0.9320304
14.921164761532815 1.07352
14.95622599610158 0.78168
14.991217178253626 0.9452384
15.02624338661403 0.7012
15.061269594974437 0.5483616
15.096295803334844 0.61344
15.13132201169525 0.6906784
15.166348220055655 0.9066416
15.20137442841606 0.72416
15.236435662984825 0.3634
15.27142684513687 0.45036
15.306488079705636 0.6415184
15.341514288066042 0.4952
15.376505470218088 0.5556416
15.411531678578495 0.6317984
15.446557886938898 0.6310016
15.481619121507666 0.44792
15.516645329868071 0.54216
15.551671538228476 0.6215584
15.586662720380522 0.6938816
15.621688928740928 0.7066384
15.656750163309693 0.8323616
15.691741345461738 1.0638
15.726767553822146 1.0206
15.761793762182549 1.00332
15.796854996751314 1.28196
15.831846178903362 1.12104
15.866872387263768 1.08756
15.901933621832534 0.93312
15.936924803984578 0.75116
15.971951012344984 0.78352
16.00697722070539 0.7001296
16.042003429065797 0.8823504
16.0770296374262 0.70928
16.112055845786607 0.45252
16.147082054147013 0.56592
16.182108262507416 0.76788
16.217134470867826 0.73116
16.25216067922823 0.75412
16.287186887588636 0.6490784
16.322213095949042 0.5580816
16.357274330517807 0.53488
16.39226551266985 0.734472
16.427291721030258 0.740528
16.462352955599023 0.77248
16.497344137751067 0.93824
16.532370346111477 0.74224
16.56739655447188 0.72224
16.602422762832287 0.81108
16.637448971192693 0.74736
16.67251020576146 0.7344
16.707501387913503 0.6755056
16.74252759627391 0.5924128
16.777553804634316 0.5378416
16.81261503920308 0.43416
16.84760622135513 0.55944
16.88263242971553 0.6588
16.917693664284297 0.79192
16.952719872644703 0.928
16.98774608100511 0.82672
17.022737263157154 0.9309584
17.05776347151756 0.8845216
17.092824706086326 0.73656
17.12781588823837 0.97524
17.16284209659878 0.7057984
17.197868304959183 0.7792016
17.232894513319586 0.68472
17.267955747888355 0.81244
17.3029469300404 0.65016
17.337973138400805 0.7622
17.372999346761212 0.79272
17.40802555512162 0.756
17.443086789690383 0.70092
17.478112998050786 0.68688
17.513104180202834 0.5184368
17.5481654147716 0.6741632
17.583156596923647 0.75032
17.618217831492412 1.08648
17.653209013644457 0.9612
17.68827024821322 0.59212
17.723296456573628 0.63152
17.758287638725673 0.6901184
17.79331384708608 0.7992016
17.828340055446485 0.72792
17.86336626380689 1.0646384
17.8983924721673 1.287152
17.933453706736067 1.4308912
17.968444888888108 1.377
18.003471097248514 1.3084752
18.038532331817283 1.4034048
18.073523513969324 1.36512
18.10854972232973 1.22904
18.143575930690137 1.21932
18.178637165258905 0.98712
18.21362834741095 0.9860384
18.248654555771353 1.58708
18.28371579034012 0.9841232
18.318706972492166 0.95228
18.35373318085257 1.2663184
18.388759389212975 1.4525472
18.42378559757338 1.2727968
18.45884683214215 1.3656432
18.49383801429419 1.54792
18.528864222654597 1.24172
18.563890431015004 1.5902656
18.59891663937541 1.410704
18.633942847735817 1.8233904
18.66896905609622 1.02332
18.703995264456626 0.89692
18.739021472817033 1.3824
18.7740827073858 1.43992
18.809073889537842 1.5916384
18.84410009789825 1.3608016
18.879126306258655 1.00872
18.91415251461906 0.84132
18.949178722979468 0.9658
18.984239957548233 0.93608
19.019231139700278 1.29384
19.054292374269046 1.5400656
19.089283556421087 1.478544
19.124309764781493 1.4920288
19.1593359731419 1.46232
19.194362181502306 1.5476384
19.229388389862713 1.4374816
19.264414598223116 0.4644
19.299440806583522 0.63288
19.33446701494393 0.74116
19.369493223304335 0.5805184
19.404554457873104 0.9895216
19.439545640025145 0.42552
19.474606874593917 0.61668
19.50963308295432 0.45388
19.544624265106364 0.3415056
19.579685499675133 0.5330096
19.614711708035536 0.3318448
19.649737916395942 0.74168
19.684729098547987 0.74628
19.71975530690839 0.69876
19.75481654147716 0.57456
19.789842749837565 0.52596
19.82483393198961 0.38016
19.859860140350015 0.38584
19.894921374918784 0.0969184
19.929947583279187 0.5497216
19.964973791639594 0.19548
20.0 0.02376
