0.0 0.2168416
0.041497054041804746 1.1737344
0.08307726851255098 1.1441824
0.12469906319776797 1.2110432
0.1662376974540435 1.1840832
0.2078179119247897 1.288688
0.24939812639553596 0.6804704
0.2909783408662822 0.0
0.3325585553370284 0.76576
0.37413876980777466 0.9575232
0.4157189842785209 1.3199616
0.45729919874926717 1.232304
0.4988794132200134 1.6998656
0.5405012079052305 1.102208
0.5820398421615058 1.4239232
0.6236200566322521 1.7049504
0.665241851317469 1.4181792
0.7068220657882153 1.5819296
0.7483607000444908 1.5275744
0.7899409145152371 1.227904
0.831562709200454 1.0557536
0.8731429236712003 1.9627104
0.9146815579274759 2.1242592
0.9562617723982221 2.3483424
0.9978419868689683 2.6984896
1.0394637815541852 2.755392
1.081002415810461 2.1319968
1.1226242104956776 1.4838784
1.1641628447519534 1.5054464
1.2057846394371703 1.423488
1.2473648539079165 1.58656
1.288903488164192 1.6777568
1.3304837026349383 1.894832
1.3721054973201552 1.4083072
1.4136441315764308 0.3399488
1.4552243460471772 1.6286496
1.496846140732394 0.9835008
1.5383847749886694 1.6446432
1.5799649894594159 1.4212896
1.6215867841446328 3.3156928
1.6631254184009083 1.5075136
1.7047056328716546 3.0285824
1.746285847342401 2.4568672
1.787866061813147 3.2304672
1.8294878564983639 2.5805088
1.8710264907546394 2.3792
1.912606705225386 3.459056
1.9541869196961321 2.5724352
1.9957671341668783 2.2912544
2.0373473486376246 3.3487904
2.078927563108371 4.1798592
2.120507777579117 3.4416096
2.1620879920498632 3.738384
2.2036682065206095 2.29928
2.2452900012058263 3.8777952
2.2868702156765726 3.4013024
2.328408849932848 3.448736
2.3699890644035944 1.2827072
2.4115692788743406 3.2087872
2.4531910735595575 1.4191744
2.4947712880303037 3.0420288
2.5363099222865793 1.732048
2.577931716971796 2.5545664
2.619470351228072 2.658528
2.6610505656988175 2.476832
2.7026307801695637 2.638288
2.744252574854781 2.362048
2.7858327893255277 2.3427168
2.827371423581803 2.2828896
2.8689516380525486 3.0421664
2.910531852523295 2.5483904
2.9521536472085117 3.8756384
2.9937338616792584 2.0238976
3.0352724959355335 2.9294592
3.076894290620751 4.0810656
3.118432924877026 3.818112
3.1600131393477726 2.31728
3.201593353818519 2.2511776
3.243173568289265 2.9474816
3.284795362974482 1.5634656
3.3263339972307575 1.8354368
3.3679142117015037 1.3404512
3.40949442617225 1.6472768
3.451116220857467 1.0988288
3.492654855113742 2.1632896
3.5342350695844886 0.6330208
3.575815284055235 0.6567456
3.617437078740452 0.8648768
3.6589757129967273 1.871024
3.700555927467474 1.7869088
3.7421361419382198 2.3316576
3.783716356408966 2.3669312
3.825296570879712 2.2657184
3.866876785350459 2.34552
3.9084985800356757 1.9758368
3.950037214291951 1.6440416
3.991659008977168 1.6488576
4.033239223447914 1.9953664
4.074819437918661 1.8753376
4.116358072174936 2.4189184
4.157938286645682 2.1416352
4.199560081330899 2.6513504
4.241140295801646 2.300704
4.282678930057921 2.5882432
4.324300724743138 2.4586272
4.3658393589994136 2.6829568
4.40746115368463 2.5399584
4.449082948369848 2.205312
4.490580002411652 2.0611328
4.5321602168823985 0.1757792
4.573740431353144 3.3549024
4.615362226038362 2.2593536
4.656900860294638 3.2971232
4.698481074765383 2.2535104
4.740061289236129 2.8846528
4.781641503706876 2.12424
4.8232217181776225 2.2648672
4.864801932648368 1.2825696
4.906423727333586 2.5903168
4.947962361589861 1.5485824
4.989542576060607 2.5773184
5.031164370745824 2.5440032
5.072703005002099 1.7027936
5.114283219472846 1.8127904
5.155863433943591 1.8677888
5.197485228628809 2.057152
5.239023862885085 2.1205696
5.280645657570302 2.6841792
5.322184291826577 2.1368288
5.363806086511795 1.508048
5.4053447207680705 2.9543296
5.446924935238817 1.9885696
5.488505149709563 2.2524512
5.53012694439478 1.3963648
5.571665578651056 2.0250624
5.613245793121802 3.7934784
5.654826007592549 2.9051264
5.696406222063294 2.4522816
5.73798643653404 2.3866464
5.779566651004787 2.413872
5.821146865475533 1.7007616
5.862727079946279 1.9653632
5.904307294417025 1.4163744
5.945887508887772 2.4053504
5.9874677233585185 1.7772032
6.029047937829263 1.7933792
6.07062815230001 2.4425568
6.112208366770757 2.2193664
6.1537885812415025 2.329488
6.19541037592672 2.1221472
6.236949010182995 2.6169184
6.278529224653742 2.6968768
6.320109439124488 2.58816
6.361731233809706 2.3918912
6.403269868065981 2.1665056
6.4448500825367265 0.3256768
6.486430297007473 2.1611136
6.52805209169269 0.0
6.569590725948965 0.3753664
6.611212520634182 1.4864704
6.652751154890458 1.6165216
6.694331369361204 1.797776
6.7359115838319505 1.7760416
6.777491798302696 1.8893568
6.819072012773443 1.6035808
6.86065222724419 1.4515264
6.9022324417149346 1.5125184
6.943854236400152 1.7204064
6.985392870656427 1.6291328
7.026973085127174 1.9350976
7.068594879812391 2.2419936
7.110133514068666 2.1633536
7.151713728539413 1.0858656
7.1932939430101595 1.2983936
7.234915737695377 0.4216544
7.276454371951652 0.0
7.318034586422398 2.8165536
7.359614800893144 4.4925536
7.401195015363891 4.7054848
7.442775229834636 4.54656
7.484355444305383 4.3189152
7.5259772389906 3.532192
7.567515873246875 3.8293984
7.609137667932092 3.2743232
7.6506763021883675 2.5863456
7.692298096873584 4.0295168
7.733836731129861 5.660672
7.775458525815077 5.3723136
7.816997160071352 4.3974656
7.85861895475657 2.7475968
7.900157589012845 5.1314688
7.9417378034835915 5.4099968
7.983359598168809 4.5490496
8.024898232425084 4.9709056
8.066478446895829 3.4373632
8.108058661366575 3.9419904
8.149680456051794 6.1341696
8.191219090308069 4.7890432
8.232799304778815 5.0003968
8.274379519249562 2.6247168
8.315959733720307 4.6088192
8.357539948191054 5.7131008
8.39916174287627 5.5279616
8.440741957347017 5.3149696
8.482322171817763 3.104768
8.523860806074039 3.8043648
8.565482600759255 5.6377344
8.60702123501553 5.4673408
8.648601449486277 5.1412992
8.690223244171495 2.719744
8.73176187842777 4.0534016
8.773383673112987 5.5640064
8.814922307369264 5.4296576
8.856502521840008 5.423104
8.898124316525225 3.2538624
8.9396629507815 3.588096
8.981243165252247 5.2150272
9.022823379722993 5.685248
9.06440359419374 5.4001664
9.105983808664487 3.6831232
9.147605603349703 3.4471936
9.189144237605978 5.0757632
9.230724452076725 5.3379072
9.27230466654747 5.2215808
9.313884881018218 3.4668544
9.355465095488963 3.2210944
9.397086890174181 5.6016896
9.438625524430456 5.6147968
9.480205738901201 5.4296576
9.521785953371948 3.4226176
9.563366167842695 1.2582912
9.604987962527913 3.1162368
9.646526596784188 5.5148544
9.688106811254933 5.5164928
9.72968702572568 3.006464
9.771267240196426 4.0861696
9.812847454667171 5.5410688
9.854427669137918 5.357568
9.896007883608664 5.554176
9.937588098079411 2.7410432
9.979168312550158 3.56352
10.020748527020904 5.5640064
10.062328741491651 5.6950784
10.103908955962396 5.636096
10.145489170433141 3.9305216
10.187110965118361 3.3456128
10.228649599374634 4.7792128
10.270229813845383 5.9604992
10.311851608530597 5.627904
10.353390242786872 3.8289408
10.39497045725762 3.178496
10.436592251942837 5.021696
10.478130886199112 5.3198848
10.519711100669857 5.1183616
10.561291315140604 3.162112
10.60287152961135 2.8377088
10.644451744082096 5.4198272
10.686031958552842 5.3837824
10.727612173023589 5.4837248
10.769192387494336 3.7421056
10.810772601965082 3.0572544
10.852352816435825 5.7802752
10.893974611121045 5.5181312
10.93555482559179 5.502432
10.977135040062539 3.0457856
11.018673674318812 3.0277632
11.060253888789557 5.3444608
11.101834103260304 5.218304
11.14341431773105 5.3805056
11.184994532201797 3.9059456
11.226574746672544 3.7322752
11.268154961143289 4.784128
11.309776755828507 5.3805056
11.351315390084782 5.3182464
11.392895604555529 4.0075264
11.434517399240747 2.883584
11.47605603349702 4.8021504
11.517636247967767 5.3952512
11.559216462438513 5.4951936
11.60079667690926 4.0665088
11.642376891380007 2.6099712
11.683957105850752 5.062656
11.725578900535972 5.4607872
11.767117534792245 5.5001088
11.80869774926299 3.9223296
11.85031954394821 3.52256
11.891899758418955 5.0331648
11.933438392675228 5.4542336
11.975018607145975 5.40672
12.016598821616721 4.4826624
12.05822061630194 3.3456128
12.099759250558215 4.6317568
12.14133946502896 5.2789248
12.182919679499706 5.849088
12.224499893970453 4.2303488
12.2660801084412 3.80928
12.307660322911946 4.7398912
12.349240537382691 5.382144
12.39086233206791 5.2232192
12.432400966324185 4.4990464
12.474022761009403 3.3226752
12.515561395265678 4.4744704
12.557141609736423 4.9119232
12.598721824207168 5.2969472
12.640302038677916 4.4711936
12.681882253148661 3.2473088
12.72346246761941 4.964352
12.765042682090153 5.7442304
12.806664476775374 4.425536
12.848244691246117 3.2631136
12.889783325502393 2.8278784
12.93136353997314 5.6164352
12.972943754443886 3.9343552
13.01452396891463 3.9555936
13.056145763599849 3.8861248
13.097684397856124 2.4969216
13.139306192541342 5.688752
13.180844826797617 4.2501984
13.222466621482836 4.3330976
13.264005255739109 3.2889696
13.305585470209856 2.932736
13.347248845109544 5.4853632
13.388745899151349 3.7620192
13.430326113622094 3.9307232
13.47194790830731 2.327488
13.513528122778059 0.9600416
13.555108337248804 1.470288
13.59664697150508 1.1657504
13.638227185975824 1.655344
13.67980740044657 1.8225312
13.721387614917317 2.392416
13.762967829388064 2.1691808
13.804589624073282 1.6370112
13.846169838544029 3.0878144
13.887708472800302 2.7337536
13.92933026748552 2.7330912
13.970910481956267 3.5014464
14.012449116212542 3.4484288
14.054029330683289 4.0524384
14.095609545154034 3.7164288
14.137231339839252 3.1817728
14.178769974095527 5.4870016
14.220350188566274 4.1168032
14.261971983251492 4.3384032
14.303510617507765 4.1075168
14.34509083197851 3.0867456
14.386671046449258 5.398528
14.428251260920003 5.0864992
14.469831475390752 3.104368
14.511411689861495 3.6955744
14.552991904332242 2.8360704
14.59461369901746 4.6314752
14.636152333273735 4.027008
14.677774127958953 3.973616
14.719312762215226 2.8254816
14.760892976685973 3.6470784
14.80247319115672 4.8296096
14.844053405627466 4.0735744
14.885633620098213 3.935456
14.927213834568958 3.5124544
14.968794049039705 2.4215552
15.010374263510451 2.5165824
15.05199605819567 4.7857664
15.093534692451945 5.6049664
15.135114906922691 2.7029472
15.176695121393436 3.3947648
15.218275335864181 4.7415296
15.25985555033493 4.8096288
15.301435764805674 4.0658688
15.343057559490894 2.5170272
15.384596193747166 2.3986176
15.426176408217913 4.4515328
15.46775662268866 5.2396032
15.509336837159406 3.8223872
15.550917051630153 5.480448
15.592497266100898 3.7388288
15.634119060786116 3.9714816
15.675699275256862 5.65248
15.71727948972761 5.3308384
15.758859704198356 4.6077536
15.80039833845463 2.768896
15.841978552925376 3.8567936
15.883558767396122 5.3133312
15.92513898186687 5.373952
15.966719196337616 5.341184
16.00829941080836 3.1358976
16.049879625279107 2.9442048
16.091459839749852 5.5885824
16.1330400542206 5.5164928
16.174620268691346 5.6311808
16.216200483162094 3.1719424
16.25778069763284 3.2178176
16.299360912103584 5.3280768
16.340941126574332 5.4870016
16.382521341045077 4.674528
16.424101555515826 2.9638656
16.465681769986567 3.678208
16.507261984457315 5.5836672
16.548883779142535 5.3542912
16.59042241339881 5.36576
16.632002627869554 2.9032448
16.6735828423403 2.719744
16.71520463702552 5.2953088
16.756743271281792 5.3805056
16.79832348575254 5.4034432
16.839903700223285 3.5848192
16.88148391469403 2.8803072
16.92310570937925 5.3198848
16.964644343635523 5.5017472
17.006224558106272 5.7622528
17.04784635279149 4.472832
17.08938498704776 3.11296
17.13096520151851 4.6989312
17.172545415989255 5.3510144
17.214125630460003 6.0817408
17.25570584493075 3.3226752
17.297286059401497 2.637824
17.33886627387224 5.7212928
17.380446488342987 5.6131584
17.42202670281373 4.2786048
17.46360691728448 2.0158496
17.50518713175523 3.0408704
17.54676734622597 4.0482624
17.588347560696718 4.3470304
17.629927775167463 5.7212928
17.67150798963821 4.7710208
17.713129784323428 3.4766848
17.7546684185797 3.9092224
17.79624863305045 5.6131584
17.837870427735666 5.521408
17.879409061991943 4.75136
17.920989276462688 3.1391744
17.962569490933433 0.9043968
18.00414970540418 5.3248
18.045729919874926 5.4591488
18.087310134345675 4.1222144
18.12889034881642 3.2997376
18.170470563287164 4.7218688
18.212092357972384 5.0495488
18.253630992228658 5.357568
18.295211206699406 4.7939584
18.33679142117015 3.5979264
18.378413215855367 4.1582592
18.41995185011164 5.3510144
18.46153206458239 5.3968896
18.503112279053134 4.8365568
18.544692493523883 3.5848192
18.5863142882091 3.1981568
18.627894502679847 5.0692096
18.66943313693612 5.4018048
18.711054931621337 5.4444032
18.752593565877614 3.3538048
18.79417378034836 3.3865728
18.835753994819104 5.2363264
18.877334209289852 5.4214656
18.918914423760597 5.2969472
18.960494638231346 3.2964608
19.00207485270209 3.0113792
19.043655067172836 5.3592064
19.085235281643584 5.7720832
19.12681549611433 5.4689792
19.168395710585074 3.52256
19.209975925055822 3.325952
19.251556139526567 5.4034432
19.293177934211787 5.7114624
19.33471656846806 5.2690944
19.376296782938805 4.1254912
19.417876997409554 2.5608192
19.4594572118803 5.1478528
19.501037426351044 5.2232192
19.542617640821792 5.3968896
19.584197855292537 3.4308096
19.625778069763285 3.1080448
19.6673998644485 5.2379648
19.70898007891925 5.7032704
19.750560293389995 5.3444608
19.79209892764627 4.3188224
19.83372072233149 3.6765696
19.875342517016705 4.2008576
19.916839571058507 5.5443456
19.95841978552925 4.9840128
20.0 5.0987008
