0.0 1.3735712
0.02623855834865009 4.6722848
0.05247711669730018 2.8085088
0.07871567504595028 5.685248
0.10498047195294903 5.2369824
0.13119279174325046 4.6179136
0.15745758865024923 4.2592416
0.18366990844055064 2.826976
0.20993470534754943 3.7945344
0.23614702513785085 5.51408
0.26238558348650093 3.505472
0.288624141835151 2.7644064
0.31486270018380114 2.4603712
0.3411012585324512 2.316464
0.3673398168811013 0.800048
0.3935783752297514 0.9554624
0.41981693357840144 1.5183872
0.44608173048540023 0.18872
0.4722940502757017 4.2348768
0.4985326086243518 3.2934336
0.5247974055313505 3.0575584
0.5510359638800005 3.317488
0.577248283670302 2.6981344
0.6034868420189522 2.9332064
0.6297516389259508 2.3864576
0.6559901972746008 2.2441504
0.682228755623251 1.7069216
0.7084410754135526 1.188624
0.7346796337622026 1.6617728
0.7609181921108527 1.2062528
0.7871829890178514 2.0537504
0.8134215473665014 1.4871136
0.8396338671568029 0.2976384
0.8658724255054531 0.0010784
0.892137222412452 0.2340128
0.9183495422027532 0.6276288
0.9445881005514034 1.1409472
0.9708528974584023 0.9985984
0.9970914558070523 0.9414432
1.0233300141557025 1.2418816
1.0495685725043524 0.9343296
1.0757808922946537 0.5747872
1.1020456892016526 0.0948992
1.128258008991954 1.1042816
1.154496567340604 0.1747008
1.1807351256892542 3.3064608
1.2069736840379044 3.4797056
1.233238480944903 3.7879552
1.2594508007352045 4.7097376
1.2856893590838545 3.5935744
1.3119279174325047 2.6258624
1.3381927143395036 2.328784
1.3644050341298049 2.0676544
1.390643592478455 2.1548
1.4169083893854537 1.4623104
1.443120709175755 1.6525248
1.4693592675244052 1.677056
1.495624064431404 1.4871136
1.5218626227800542 1.4304768
1.5481011811287044 1.8909952
1.5743397394773542 2.0220416
1.6005520592676556 1.9486272
1.6268168561746545 1.6922592
1.653029175964956 1.7030624
1.6792939728719547 1.543648
1.705506292662256 1.3712672
1.7317710895692549 1.5065248
1.757983409359556 1.304864
1.7842482062665552 1.3923808
1.810486764615205 1.429792
1.8366990844055064 0.0043136
1.8629638813125053 2.7242048
1.8891762011028068 1.9382368
1.9154147594514568 1.7178912
1.9416795563584557 1.7265184
1.9679181147071056 1.9670016
1.9941566730557558 2.0139328
2.0203689928460573 2.301824
2.0466075511947075 2.0589568
2.072872348101706 2.2357504
2.0990846678920074 2.2894432
2.125323226240657 2.6923296
2.1515617845893074 3.046784
2.1778265814963067 3.2202336
2.2040389012866077 2.8134784
2.230277459635258 5.7769984
2.256516017983908 4.6096576
2.282754576332558 3.2800768
2.308993134681208 3.4963456
2.3352316930298582 6.0080128
2.3614702513785084 6.414336
2.3877350482855073 5.7858528
2.413947368075809 4.6535328
2.4401859264244585 4.3153248
2.4664244847731087 4.7415296
2.4926892816801076 5.1315872
2.518901601470409 5.1669216
2.5451401598190593 4.3220928
2.5714049567260577 3.80928
2.597643515074708 5.0806784
2.623882073423358 4.9056416
2.6500943932136596 3.8817568
2.6763329515623098 2.447472
2.70257150991096 1.3403872
2.7288100682596097 3.1883264
2.75504862660826 2.3602176
2.78128718495691 1.42472
2.8075257433055603 1.3316704
2.833790540212559 1.0331072
2.8600028600028597 0.59368
2.88624141835151 0.2161984
2.9125062152585093 0.0
2.9387185350488103 1.4709376
2.9649833319558097 0.6405696
2.99122189030446 0.5672384
3.0174342100947604 0.7451744
3.0436990070017593 1.472016
3.069911326792061 1.2623296
3.096149885140711 1.0648576
3.12241468204771 0.9134048
3.14865324039636 1.0708512
3.174865560186661 1.256336
3.2011041185353113 0.6589024
3.22736891544231 0.2178368
3.2535812352326117 0.0
3.279819793581262 0.7300768
3.306058351929912 0.522224
3.3322969102785613 1.197824
3.3585354686272115 0.7236064
3.3847740269758617 0.7699776
3.411012585324512 0.8077216
3.437251143673162 0.3903808
3.46351594058016 0.4623872
3.4897544989288103 2.064304
3.515966818719112 1.4062336
3.5422316156261107 0.8648768
3.5684701739747604 1.5534624
3.5947087323234106 1.3064544
3.620947290672061 1.2423168
3.6471596104623627 1.1398688
3.673398168811013 0.9727168
3.699636727159663 1.2930016
3.7258752855083133 1.13232
3.7521138438569634 0.9953632
3.7783524022056136 1.1474176
3.8045909605542634 1.1463392
3.8308295189029136 1.2272192
3.857094315809912 0.8325248
3.883306635600214 0.6783136
3.909545193948864 1.9163168
3.9357837522975143 0.9781088
3.962022310646164 1.4040768
3.9882608689948142 1.3873408
4.014499427343464 1.0719296
4.040737985692115 1.062224
4.066976544040765 0.0
4.093241340947762 2.2074432
4.119453660738064 1.392256
4.145718457645063 0.5435136
4.171930777435365 0.0
4.198169335784015 1.3515904
4.224407894132665 1.7994944
4.250672691039663 0.5402784
4.276911249388313 0.0
4.303149807736963 2.1832416
4.329362127527265 0.9640896
4.355600685875915 1.0988896
4.3818654827829135 0.8659552
4.408104041131564 0.9565408
4.434342599480214 1.0234016
4.460581157828864 1.0589888
4.486793477619166 1.1545728
4.513058274526164 1.182384
4.539296832874814 1.1071424
4.565509152665116 0.9622432
4.591747711013766 0.9187968
4.618012507920764 1.0601088
4.644224827711066 1.0298304
4.670489624618065 1.1161856
4.696728182966715 1.0212032
4.722940502757017 0.8659552
4.749179061105667 0.231856
4.775417619454317 0.0
4.801656177802967 0.064704
4.827894736151618 0.0
4.854159533058615 2.933248
4.880371852848917 0.7937024
4.9066366497559155 0.760272
4.932875208104566 0.8325248
4.959087527894868 0.960336
4.985326086243518 1.2543904
5.011590883150516 1.644992
5.037803202940818 0.8893792
5.064067999847816 2.3478528
5.0902803196381186 2.0953312
5.116518877986768 1.822496
5.142757436335418 1.2342912
5.1690222332424165 1.762192
5.195260791591067 2.6286848
5.221473111381369 2.8072832
5.247711669730019 2.9421184
5.273950228078669 2.6873728
5.300188786427319 3.0996672
5.326427344775969 1.9767552
5.3526659031246195 1.579856
5.37890446147327 2.4684576
5.40514301982192 2.83416
5.431381578170569 3.1768416
5.457620136519219 3.5020928
5.48385869486787 3.8097888
5.51009725321652 3.880912
5.53633581156517 3.6776192
5.56257436991382 3.083072
5.58881292826247 2.7659456
5.6150514866111205 2.4774336
5.641316283518119 3.056784
5.667528603308421 2.50728
5.693767161657071 3.5597984
5.7200057200057195 2.9670112
5.74624427835437 3.8936928
5.77248283670302 4.9511776
5.798747633610018 3.5574752
5.82495995340032 3.9802304
5.85119851174897 3.5902624
5.877437070097621 3.6923168
5.903675628446271 4.2251712
5.929940425353269 4.587024
5.956152745143571 3.6503136
5.982391303492221 2.9081184
6.008656100399219 4.8431104
6.034894658747869 6.243168
6.061106978538171 3.3180064
6.087345536886821 3.0930816
6.113584095235471 2.5136736
6.13984889214247 2.9516576
6.166061211932772 2.7962912
6.192299770281422 2.5436832
6.21856456718842 2.3312448
6.244803125537071 2.1562816
6.2710154453273725 2.5547296
6.297254003676023 2.6350496
6.323492562024673 2.232288
6.349731120373322 2.4011616
6.375995917280321 2.0170432
6.402208237070623 2.0694496
6.428473033977621 2.022
6.4547378308846195 0.8551712
6.4812125362584085 0.7915456
6.507188709023572 2.6225184
6.5334010288138735 2.7797472
6.559639587162524 2.2905856
6.585878145511174 2.0078752
6.612116703859824 1.6763936
6.638355262208474 2.10232
6.664620059115471 1.1242816
6.690832378905773 3.0307936
6.717070937254423 1.6294624
6.743309495603073 1.8264992
6.7695742925100735 2.0126048
6.795786612300374 2.0780768
6.822051409207374 1.8915136
6.848263728997674 2.4285568
6.874528525904674 1.7599488
6.900740845694974 2.3519904
6.927005642601975 1.6472768
6.953217962392274 1.3246944
6.979456520740924 1.2812384
7.005695079089574 1.3478144
7.031933637438224 1.8216448
7.058198434345224 1.4422976
7.084410754135525 1.7437728
7.110649312484175 2.0894208
7.136887870832825 1.8793824
7.163126429181475 1.9453088
7.189391226088475 2.3539808
7.215603545878776 2.11408
7.241842104227426 2.3541472
7.268080662576075 2.0258976
7.294319220924725 1.8343584
7.320793926298514 2.1341536
7.346796337622026 0.188848
7.373061134529025 2.7142048
7.399299692877675 3.0529504
7.4255382512263255 1.9421984
7.4517505710166265 2.0360192
7.477989129365277 2.0424896
7.504227687713927 1.6035808
7.530649915971017 1.6801888
7.556731042969576 1.5555296
7.583179509785015 1.294848
7.609365591016967 1.1736096
7.6356041493656175 1.197024
7.661685276364176 0.9464832
7.687897596154477 1.526288
7.7141361545031275 1.0255584
7.740374712851778 0.4044
7.766613271200428 0.31672
7.792851829549078 1.9328224
7.819090387897728 1.073008
7.845355184804728 1.0805568
7.871567504595029 1.2358464
7.897806062943678 0.7473312
7.924070859850677 0.1800928
7.950283179640978 0.0528416
7.9765217379896285 0.0
8.002760296338279 1.2697184
8.029025093245277 2.166064
8.055237413035579 1.5701504
8.081502209942578 1.3388544
8.107740768291228 1.0061056
8.13395308808153 0.824976
8.16019164643018 0.2243072
8.18643020477883 0.0
8.212668763127478 2.3336576
8.238959798592827 0.9414432
8.265408265408265 1.0978112
8.29175177799031 0.9134048
8.31780666643052 0.0
8.34386155487073 1.040656
8.37010011321938 0.2696
8.39633867156803 1.3771168
8.42260346847503 0.1250944
8.44884202682368 1.4159392
8.47505434661398 0.7937024
8.501292904962629 0.2771488
8.52755770186963 0.0
8.553796260218279 0.576944
8.580008580008581 1.0417344
8.606824386640902 0.5143968
8.632984229314506 0.0765664
8.65872425505453 1.0341856
8.684962813403182 0.3494016
8.71120137175183 0.5888064
8.737702315683967 0.5564544
8.76367848844913 0.8675936
8.78994328535613 1.9508672
8.816155605146431 0.7068704
8.842394163495081 0.8173856
8.868632721843731 1.2811392
8.894897518750732 1.3216416
8.92113607709938 1.0044672
8.947374635448032 0.8939936
8.973586955238332 1.0665376
8.999851752145332 0.927424
9.026064071935632 0.868112
9.052302630284283 0.6864224
9.078541188632933 0.6604992
9.104805985539933 0.231856
9.131018305330231 0.0
9.157283102237232 2.2201568
9.183652853377625 0.8220096
9.20978645749288 0.3839104
9.236234924308318 0.5316512
9.262473482656969 0.0312736
9.288633325330572 1.1657504
9.314714452329133 0.1250944
9.34100548779448 1.3302272
9.367217807584781 0.9721568
9.393403888816733 1.1506528
9.419773639957127 1.2681984
9.44672063938119 1.061168
9.473247821871675 1.17112
9.499643811570419 0.9624928
9.525987324152462 0.7154976
9.552304598176159 0.4939072
9.578464440849762 0.4345952
9.60472923775676 1.2638848
9.631518805830732 1.4299584
9.657888556971127 1.3949312
9.684153353878125 1.5178272
9.71012952664329 2.2776448
9.736866617600564 3.0520896
9.76318389162426 2.8580384
9.789763551231442 2.0183328
9.81739275317257 2.4721248
9.84365755007957 2.4033824
9.869948585544918 3.4373152
9.896239621010265 1.1305984
9.922661849267355 2.9159936
9.948926646174353 2.8497344
9.975296397314747 2.1346304
10.001587432780095 2.8243296
10.027563605545257 2.7241024
10.053828402452256 1.7388992
10.079935768009163 1.80224
10.106121849241116 3.6258432
10.133200041456922 3.4584288
10.15951731548062 2.2721632
10.185598442479177 2.4044224
10.213332598653702 2.6899456
10.239754826910792 2.5569056
10.265835953909349 2.4549984
10.292048273699649 2.539072
10.318942796007015 2.7100672
10.345942272547777 2.539024
10.37215459233808 2.3658688
10.398471866361776 3.0509344
10.424657947593728 3.3167232
10.451080175850818 3.1856544
10.477712312574699 3.1492832
10.503793439573258 1.6154624
10.530268144947046 3.1208896
10.556716611762484 3.5036864
10.58300764722783 2.9175648
10.609456114043269 3.3211808
10.635799626625316 3.359072
10.662011946415618 2.9835616
10.688539128906102 3.158112
10.714935118604846 3.0854912
10.741094961278447 2.8206976
10.767202326835354 2.6702016
10.7935458394174 2.8466464
10.820046783349538 2.7825184
10.846390295931583 2.4048256
10.872786285630323 1.8079232
10.899234752445764 1.9023392
10.925630742144506 1.594912
10.9519480161682 1.7426944
10.978291528750246 2.108272
11.004398894307153 1.9982752
11.030296351397268 2.2969728
11.056639863979314 2.1899808
11.082957138003009 2.2030048
11.109458081935148 1.775856
11.136090218659028 1.7455552
11.162564924032816 2.0996448
11.189144583639997 1.3615712
11.215435619105346 2.6980544
11.241857847362436 3.5912992
11.269093470928333 2.6934848
11.295384506393681 2.7798016
11.321937927442516 2.548176
11.348570064166397 2.0629792
11.37491357674844 2.1479264
11.401781860497458 2.3945472
11.428046657404458 2.142528
11.454468885661548 1.9745504
11.480891113918636 2.2872864
11.506972240917197 1.8899168
11.533368230615936 0.4275648
11.559816697431378 2.119056
11.586317641363514 2.6342624
11.61281858529565 1.5574784
11.639109620761 1.9945216
11.665741757484877 2.215552
11.691927838716829 2.071088
11.71855997544071 2.2651584
11.745349543514683 2.528704
11.771588101863333 2.3629184
11.798194000028863 2.518064
11.82453751261091 2.3132096
11.851563227710018 2.364496
11.878195364433896 2.4058912
11.904460161340896 2.321664
11.931118536623126 2.5468544
11.95767195767196 2.6284128
11.984356571512535 2.6512256
12.010726322652928 2.7294304
12.037804514868736 2.707344
12.064725275734451 2.7450464
12.09119998110824 2.7172384
12.117543493690285 2.6990688
12.144018199064071 2.750416
12.170729051462995 2.6787904
12.198227060612382 2.5557632
12.224990390128006 2.5296896
12.251517572618491 2.9626016
12.278674480509345 3.4538272
12.305280378674876 2.7067424
12.331571414140223 2.7534848
12.35807235807236 2.72296
12.384389632096056 2.7644992
12.411074245936632 2.9682752
12.437076657260144 2.6143328
12.463079068583658 2.7490688
12.48923891125726 2.6351328
12.515529946722609 2.5901696
12.542503184705021 3.03632
12.56892541296211 2.6852096
12.595137732752413 2.9861792
12.621586199567854 3.0194368
12.648323290525127 3.3300992
12.67469304166552 3.2931456
12.701010315689217 3.293184
12.7275374981797 3.4929568
12.753881010761745 3.3942432
12.779988376318652 3.3527456
12.80646308169244 3.4050688
12.83267540148274 3.0637376
12.85894019838974 3.6659968
12.885283710971784 1.5573696
12.911653462112177 4.312896
12.938154406044315 2.8883136
12.964392964392966 2.8614336
12.990762715533359 4.2807264
13.01755228360733 2.9496928
13.044105704656165 2.8437408
13.070606648588301 2.8814848
13.09705511540374 2.7764832
13.123267435194041 2.2229664
13.149820856242876 3.391376
13.176190607383269 3.8642368
13.202560358523662 3.398432
13.2290613024558 3.3904288
13.25566720062133 3.4261792
13.28187952041163 3.3678016
13.308380464343767 3.3996768
13.334750215484162 3.3883328
13.362300701750243 3.2152288
13.388670452890636 2.8512896
13.414987726914333 2.510144
13.442302066155277 2.6637344
13.468855487204113 2.6313568
13.495251476902851 2.9120512
13.52175242083499 2.8996704
13.548200887650431 2.6733536
13.574544400232472 2.6058944
13.601176536956354 2.3380512
13.627756196563535 2.218
13.653968516353835 2.3123584
13.680495698844323 2.0872224
13.707600129618475 1.9848992
13.734232266342358 1.9449152
13.76065449459945 1.4287136
13.788047549515438 1.5660032
13.814522254889228 0.5460224
13.841443015754942 2.162688
13.867917721128729 0.4610592
13.894103802360682 2.0511168
13.920840893317958 1.1096736
13.947263121575046 0.6556672
13.97363287271544 0.0
14.000081339530881 1.1474176
14.026660999138063 2.6055392
14.053135704511853 2.2860832
14.080030226819218 2.1756928
14.106321262284565 2.1024032
14.132402389283122 2.0025056
14.159585535732322 2.4160736
14.186243911014554 2.2223168
14.212613662154947 2.374176
14.239324514553873 2.2628768
14.266035366952796 2.4712992
14.292772457910072 2.4315424
14.31964074165909 3.0627808
14.34624663982462 3.4831072
14.372826299431804 2.7865856
14.399379720480637 2.9035712
14.426011857204518 2.7542528
14.452434085461608 3.060688
14.47901374506879 2.1767744
14.505278541975791 2.9733536
14.531700770232877 2.8845536
14.558516576865202 2.855872
14.58496504368064 2.7512064
14.611518464729475 2.5480512
14.637914454428213 1.6837152
14.664231728451911 1.904976
14.690391571125513 2.6595584
14.716630129474165 1.3571872
14.743367220431441 0.468544
14.76981568724688 0.0118624
14.796447823970759 2.3069088
14.8228438136695 1.7753248
14.84971209741852 4.1709024
14.876842766751022 3.5185344
14.903396187799858 4.0047616
14.929870893173646 4.3166336
14.956712938364314 3.465216
14.985391682639388 4.9938432
15.012076296479965 5.4755328
15.038393570503661 4.3153728
15.064815798760751 2.854
15.091185549901144 2.2338336
15.117765209508327 2.1007808
15.144371107673859 1.7588704
15.171055721514437 1.4193408
15.19745171121318 1.8037504
15.224005132262011 2.123616
15.250584791869194 2.0856256
15.277505552734908 2.3929696
15.303822826758607 2.1928032
15.330192577899 2.666928
15.35658856759774 2.8562208
15.383299419996668 2.5477408
15.41006274951229 2.3190784
15.436747363352868 2.3627744
15.463484454310144 1.8300448
15.48990668256723 0.7951744
15.516460103616067 1.962896
15.543118478898295 2.9984288
15.569829331297223 2.652864
15.596172843879266 1.8385888
15.62233268655287 2.61848
15.648728676251611 2.258128
15.675255858742098 2.577376
15.701861756907627 3.0065792
15.728310223723067 2.128784
15.754942360446947 2.7819392
15.786507346140372 2.3724384
15.813244437097646 2.5360032
15.839902812379878 2.3246528
15.86645623342871 2.09544
15.893114608710942 2.7859424
15.920271516601792 2.4248224
15.947008607559066 2.1503296
15.973640744282946 2.011216
16.000509028031964 1.8257312
16.027009971964098 1.4375712
16.053301007429447 2.0467392
16.079250941636264 0.9953632
16.10551573854326 1.1312416
16.13193796680035 1.153888
16.158281479382396 1.0762432
16.184388844939303 0.0
16.210601164729603 2.227456
16.236839723078255 0.3251168
16.263052042868555 2.2355232
16.289159408425462 1.0395776
16.315634113799252 0.9743552
16.342213773406435 0.306784
16.36829490040499 0.9031616
16.39442850452025 1.0552128
16.420457154402108 1.3566272
16.447141768242684 0.8778176
16.473590235058126 0.9403648
16.499723839173377 0.8012512
16.525804966171936 0.5941984
16.552069763078936 1.2396416
16.57825584431089 1.5113568
16.605124128059906 1.223984
16.63173002622544 0.9640896
16.65830968583262 1.29408
16.68496806111485 1.466624
16.711154142346803 1.4687808
16.737864994745728 1.0812832
16.76439217723621 1.159632
16.790893121168352 1.6833824
16.81791883626746 1.1452608
16.84447225731629 0.469104
16.87102567836513 1.0918432
16.897552860855612 1.7665184
16.924368667487933 1.390576
16.95110575844521 1.0007136
16.978236427777713 0.922032
17.004763610268196 0.9285024
17.031290792758682 0.8152704
17.057817975249165 0.6923328
17.084450111973048 0.3623424
17.111056010138583 0.0
17.13747823839567 0.0452928
17.16392670521111 0.0
17.190873704635173 1.7211264
17.217374648567308 0.6028672
17.243875592499446 0.5898432
17.270297820756536 1.1333984
17.296798764688674 1.4321152
17.324113103929616 1.2310144
17.350928910561937 1.0917984
17.37784967142765 1.4112096
17.404271899684744 1.2622048
17.430904036408624 1.2517536
17.458139659974524 1.3925248
17.484509411114914 1.662416
17.51111530928045 1.4336288
17.538560841313135 2.2554944
17.56548160217885 2.3394752
17.593005849886584 2.6810368
17.619611748052115 2.0521952
17.64629636189269 0.6211168
17.672928498616574 2.6438848
17.69982302092394 0.4919168
17.726402680531123 3.4855744
17.75324472572179 2.2957696
17.77969319253723 2.0871392
17.806351567819455 2.0788448
17.833062420218383 2.097888
17.85979951117566 2.2217056
17.88661531780798 2.5128992
17.913457362998646 1.9543296
17.940797940797943 1.8705472
17.967718701663657 1.8704224
17.99563652774662 1.6477952
18.02203251744536 3.1477568
18.049110709661168 2.1704672
18.075480460801565 2.2672416
18.101614064916816 1.8828864
18.127931338940513 2.0899392
18.154694668456138 1.5757088
18.18122185094662 1.8714176
18.2078539876705 1.2482272
18.234564840069428 1.1506528
18.261459362376794 1.4644672
18.288196453334066 1.6380896
18.314487488799415 2.0253408
18.341696873806967 1.9825952
18.36840772620589 1.9739904
18.394856193021333 1.8883616
18.421383375511816 1.943152
18.447858080885602 1.7917408
18.474831318868016 1.782016
18.50156840982529 1.946064
18.527885683848986 1.7529088
18.554963876064793 1.8629152
18.581491058555276 1.5507392
18.608018241045762 1.9939616
18.634545423536252 1.9971968
18.66117756026013 2.1454976
18.68820327535924 0.527456
18.714914127758163 1.7481888
18.741572503040395 3.3951008
18.768178401205923 1.9152384
18.794967969279895 1.9670016
18.821600106003775 1.8030848
18.848258481286003 1.687696
18.875021810801627 1.5961984
18.90157523185046 1.6152768
18.928286084249386 1.6251488
18.955049413765007 0.0
18.982914762731276 3.5692352
19.009389468105063 0.7885792
19.035680503570415 0.7829664
19.062679980111174 2.2462592
19.089968080793767 2.1321632
19.116600217517647 1.1407808
19.143179877124833 1.2941632
19.1700219223155 1.3953664
19.196391673455896 1.9921184
19.222971333063075 2.3700096
19.249813378253744 2.6280608
19.27670790056111 2.6412128
19.304678203760773 2.7080672
19.331415294718045 2.7845312
19.35796871576688 2.58984
19.385466724916263 2.3255072
19.412518678573726 2.10456
19.439780540697974 2.18536
19.4664913930969 1.6175552
19.49325472261252 0.8914848
19.51980814366135 0.3432832
19.546414041826885 0.0049152
19.573072417109117 1.2471072
19.599652076716296 1.8246528
19.62636292911522 0.6869408
19.6530475429558 0.1930336
19.67954848688794 0.0118624
19.706626679103742 1.0471264
19.733048907360835 0.587728
19.759812236876456 1.5884832
19.78657556639208 1.057392
19.813312657349353 1.1404288
19.83997103263158 1.2897248
19.866996747730695 1.3388544
19.893261544637692 1.4245664
19.91971001145313 2.3428032
19.945896092685082 2.1919424
19.973105477692634 2.3844352
20.0 2.0936096
