0.0 0.570992
0.12133333333333335 2.0036672
0.24242424242424243 2.179968
0.36363636363636365 2.1805248
0.484969696969697 2.7650176
0.6061818181818182 2.625904
0.7272727272727273 2.0500384
0.8486060606060607 1.957504
0.9698181818181817 2.113312
1.0909090909090908 2.7114752
1.2122424242424241 3.4463744
1.3333333333333333 4.3778496
1.4545454545454546 4.479024
1.5758787878787879 4.0851296
1.696969696969697 2.6812864
1.8181818181818183 3.7997312
1.9393939393939394 2.7941344
2.0606060606060606 2.4906688
2.1819393939393943 3.0363872
2.3031515151515154 2.8188512
2.4243636363636365 2.3497568
2.545454545454545 2.3066048
2.6666666666666665 1.8731808
2.787878787878788 1.7103424
2.9092121212121214 2.1492512
3.030424242424243 2.0360192
3.1515151515151514 0.0150976
3.272848484848485 0.0
3.393939393939394 3.776864
3.5152727272727273 3.0755392
3.6363636363636367 2.430464
3.7575757575757573 2.0187648
3.878787878787879 2.4911264
4.0 2.3099104
4.121212121212121 2.0659168
4.242424242424242 2.4888928
4.3637575757575755 2.3777888
4.484848484848484 2.1820384
4.606060606060606 1.8133504
4.7272727272727275 1.5054048
4.848606060606061 0.5370432
4.96969696969697 0.64704
5.09090909090909 1.3868224
5.212121212121213 1.326432
5.333333333333333 1.13232
5.454545454545454 1.6273056
5.575757575757576 1.3943712
5.696969696969697 1.3728032
5.818181818181818 1.8127904
5.9393939393939394 1.8531712
6.060727272727272 2.1951424
6.181818181818182 2.3606176
6.303030303030303 2.331232
6.424242424242425 2.4748032
6.545454545454545 2.4699456
6.666666666666666 2.7574528
6.787999999999999 2.1686624
6.909090909090909 2.2065312
7.03030303030303 1.8752128
7.151515151515152 1.1338432
7.272727272727273 2.1682176
7.393939393939394 1.3027072
7.515151515151515 1.9281664
7.636363636363637 5.5905376
7.757575757575758 4.0370176
7.87890909090909 2.2839296
8.000121212121211 3.3488896
8.121212121212121 4.718592
8.242424242424242 5.7737216
8.363636363636363 5.0397184
8.484848484848484 1.3795328
8.606060606060606 3.2210944
8.727272727272727 5.2314112
8.84848484848485 5.8277888
8.969696969696969 5.8556416
9.09090909090909 3.9092224
9.212242424242422 3.8600704
9.333333333333334 5.4689792
9.454545454545455 5.5443456
9.575757575757574 6.2029824
9.696969696969697 3.7044224
9.818181818181818 3.2227328
9.93951515151515 5.69344
10.06060606060606 5.6819712
10.18181818181818 5.701632
10.303030303030303 3.6061184
10.424242424242426 2.9523968
10.545454545454545 5.6655872
10.666666666666666 5.6721408
10.787878787878789 4.0434656
10.909090909090908 2.8019904
11.030303030303031 3.8334144
11.151515151515152 4.2797312
11.272727272727272 3.9034336
11.393939393939394 3.8301856
11.515151515151516 3.034496
11.636363636363637 4.0452
11.757575757575758 4.5874784
11.878787878787879 5.36056
12.0 5.2953088
12.121333333333332 4.1484288
12.242424242424242 3.2817152
12.363636363636363 4.6989312
12.484848484848484 5.9260928
12.606181818181817 5.7081856
12.727272727272727 4.4204032
12.84860606060606 2.9212672
12.969696969696969 5.144576
13.091030303030301 5.5558144
13.212121212121213 5.5771136
13.333333333333332 4.5744128
13.454545454545455 3.4603008
13.575757575757576 5.1953664
13.697090909090907 5.5017472
13.81830303030303 5.8359808
13.939393939393941 4.1893888
14.06060606060606 3.2456704
14.181818181818182 4.9922048
14.303030303030305 5.1429376
14.424363636363635 5.619712
14.545454545454547 4.8136192
14.666666666666666 2.7328512
14.787878787878787 4.3614208
14.90909090909091 5.6623104
15.03030303030303 5.3919744
15.151515151515152 3.3718272
15.272848484848485 2.2151168
15.393939393939393 3.9747584
15.515151515151512 4.716784
15.636363636363637 4.6807136
15.757575757575758 3.8207488
15.878909090909092 2.1856256
16.0 3.52256
16.12121212121212 5.8261504
16.242545454545457 5.750784
16.363757575757575 5.1314688
16.484848484848484 3.7978112
16.606060606060606 3.342336
16.727272727272727 5.1871744
16.848606060606063 6.029312
16.96969696969697 4.2549248
17.09090909090909 0.7340032
17.21212121212121 2.7656192
17.333333333333336 5.3477376
17.454545454545453 5.5476224
17.575757575757574 5.0069504
17.6969696969697 3.8043648
17.818181818181817 4.292608
17.939393939393938 5.7311232
18.060606060606062 5.5836672
18.181939393939395 4.7104
18.303151515151516 3.0932992
18.424242424242426 4.1877504
18.545454545454547 5.6000512
18.66678787878788 5.6459264
18.788 4.8201728
18.90921212121212 3.5667968
19.030424242424242 3.7666816
19.15151515151515 5.1150848
19.272727272727273 5.7049088
19.393939393939394 4.6891008
19.515151515151516 3.2899072
19.636484848484848 4.2008576
19.757818181818184 5.5328768
19.87890909090909 5.6655872
20.0 5.1986432
