0.0 0.11638
0.03039518297140269 2.5509344
0.06075997075983397 4.0607808
0.09115515373123667 4.8575872
0.12158073188561075 4.1637024
0.15194551967404207 2.801312
0.18234070264544475 3.3633824
0.21276628079981885 2.043568
0.24313106858825015 1.6159616
0.2735262515596528 1.8217792
0.3039214345310555 1.8341152
0.33434701268542966 2.7030816
0.3647421956568323 2.5369952
0.3951069834452636 3.072112
0.4255325615996377 2.4630656
0.45589734938806903 1.2571584
0.4862925323594717 5.2509856
0.5166877153308743 3.0475584
0.547082898302277 3.8684672
0.5774780812736797 3.1961312
0.6078732642450824 2.4821344
0.6382684472164851 3.244032
0.6686636301878878 6.1505536
0.6990588131592905 3.6975328
0.7294539961306932 2.3897344
0.7598795742850672 2.269184
0.7902443620734985 3.3717824
0.8206395450449012 3.0779392
0.8517034220416747 2.5682112
0.8814299109877066 2.8102464
0.911885884325052 2.7319616
0.942220276930512 4.8791552
0.9726154599019146 3.2252064
1.0030106428733174 1.7604672
1.03340582584472 1.9568192
1.063801008816123 1.610528
1.0941961917875256 1.763184
1.1245913747589282 1.0740864
1.1549865577303309 1.1134688
1.1853817407017337 0.5192288
1.2158073188561076 0.0
1.2462025018275105 1.9486688
1.2765672896159417 2.4393408
1.3069624725873443 1.3620192
1.3373880507417186 1.558288
1.367783233713121 1.5545344
1.3981480215015525 1.191072
1.4285432044729551 0.4119488
1.4589687826273292 3.0280032
1.4893335704157606 2.4556608
1.5197591485701345 2.3599072
1.550123936358566 2.4163264
1.5805191193299686 1.515152
1.6109446974843424 1.6025024
1.6413094852727739 1.682304
1.6717046682441765 1.2320928
1.7020998512155794 1.0929376
1.7324950341869823 0.3644992
1.7628902171583847 0.0
1.7932854001297873 0.0
1.8236805831011902 0.0
1.8540757660725928 2.7143328
1.8844709490439957 0.436752
1.9148661320153981 0.0884288
1.9452613149868005 0.0258816
1.9756564979582034 0.6880192
2.0060820761125777 0.0
2.0364468639010087 0.0
2.066872442055383 0.0690176
2.097237229843814 2.2355232
2.1276628079981883 0.4011648
2.1580275957866197 0.6340992
2.188422778758022 0.8487008
2.218817961729425 0.6998816
2.2492435398837993 0.78184
2.2796387228552017 0.609296
2.3100035106436327 0.6297856
2.3403986936150356 0.5742688
2.37082427176941 0.4771712
2.4012194547408123 0.4734176
2.4315842425292438 0.5348864
2.461979425500646 0.5262592
2.492374608472049 0.6060608
2.5227697914434515 0.7516448
2.5531649744148543 0.6912544
2.583560157386257 0.0312736
2.61395534035766 0.0032352
2.6443505233290625 0.0
2.6747457063004654 1.0890848
2.7051408892718682 1.592896
2.7355360722432707 0.5834144
2.765961650397645 0.5866496
2.796326438186076 0.630864
2.8267216211574784 0.5812576
2.857147199311853 0.6297856
2.887511987100284 0.6675296
2.917907170071687 0.439552
2.9483327482260613 0.8825664
2.9786975360144923 1.0277152
3.0090927189858947 0.8012512
3.0394879019572976 0.9964416
3.0698830849287 0.6427264
3.100278267900103 0.3105792
3.130703846054477 0.0
3.16109902902588 0.0075488
3.191463816814311 0.0
3.221858999785714 0.0
3.2522845779400877 0.0579232
3.2826797609114906 1.1984128
3.3130445486999216 0.8497792
3.3434397316713245 0.0733312
3.3738349146427273 0.0
3.4042300976141298 0.6444064
3.4346252805855326 0.418896
3.4650204635569355 0.0
3.495415646528338 0.202864
3.525841224682712 1.107392
3.5562364076541146 0.738704
3.5866315906255175 0.420576
3.6169963784139485 0.4141056
3.6473915613853514 0.5995904
3.6777867443567542 0.4809664
3.7082123225111285 0.2976384
3.7385771102995595 0.3806752
3.7689722932709624 0.2221504
3.7993978714253362 0.0
3.8297626592137672 0.0
3.860188237368142 0.9845792
3.890553025156573 0.4572416
3.9209786033109473 0.7893888
3.9513433910993783 0.560768
3.981738574070781 0.3968512
4.012133757042184 0.5542976
4.042528940013586 0.3418528
4.07295451816796 0.1326432
4.103349701139363 0.0
4.133714488927795 0.1477408
4.1641096718991975 0.0668608
4.194504854870599 0.0
4.224900037842002 0.0
4.255295220813405 1.2088864
4.2857207989677795 0.0399008
4.31608558675621 0.9371296
4.346480769727613 0.5311136
4.376906347881987 0.9754112
4.40730153085339 0.5995904
4.4376663186418215 0.3364608
4.468061501613224 0.0873504
4.498487079767599 0.9425216
4.52885186755603 0.3871456
4.5592774457104035 0.2221504
4.589642233498835 0.0528416
4.620037416470238 0.6028256
4.65043259944164 0.334304
4.680827782413043 0.992128
4.7112229653844455 1.1711424
4.74164854353882 0.7343904
4.772013331327251 0.3386176
4.802408514298654 1.13232
4.832803697270056 0.8983072
4.86322927542443 0.5629248
4.893594063212862 0.8152704
4.924019641367236 0.4356736
4.954384429155667 0.517632
4.9847796121270695 0.7861536
5.015205190281444 0.6883936
5.045600373252847 0.7350944
5.075965161041278 0.463712
5.10636034401268 0.6491968
5.136755526984084 0.8044864
5.167181105138457 0.905856
5.197545892926888 0.7775264
5.227941075898292 0.663216
5.258336258869694 0.0506848
5.288731441841097 2.1158208
5.319126624812499 1.4596352
5.3495522029668745 1.1835232
5.379916990755305 0.7861536
5.4103425689096785 0.3084224
5.440737751881082 2.1935488
5.471102539669513 1.5549696
5.501497722640916 1.3070208
5.531892905612318 1.2836704
5.562318483766693 1.5341888
5.592683271555123 1.8365152
5.6231088497094985 1.9109664
5.653473637497929 1.9100832
5.683868820469332 1.9602528
5.714294398623706 1.4364288
5.744689581595108 0.97056
5.77505436938354 0.8443872
5.805449552354942 0.7958592
5.835844735326345 0.7505664
5.866239918297747 1.1129088
5.896635101269151 1.153888
5.927030284240553 1.0287936
5.957425467211957 0.959776
5.987820650183359 0.9791872
6.018215833154761 1.4925056
6.048611016126165 1.4105472
6.079006199097567 1.3846656
6.109401382068969 0.3817536
6.139796565040372 0.99152
6.170191748011775 2.060352
6.200586930983177 0.4356736
6.23098211395458 0.0
6.261377296925983 0.0
6.291802875080357 0.0
6.322167662868789 2.097488
6.352562845840191 1.5372
6.3829580288115935 0.9188352
6.413383606965968 1.2795424
6.44377878993737 1.3512768
6.4741739729087735 1.4147776
6.504538760697204 1.2315328
6.534933943668607 1.4903488
6.565329126640009 1.4488512
6.595754704794384 1.3722432
6.626149887765786 1.5567328
6.656514675554218 1.825296
6.686940253708592 2.4769184
6.717305041497024 2.6348736
6.747700224468426 2.5587008
6.778095407439828 2.8053984
6.808490590411232 2.775136
6.838885773382634 2.9442176
6.869280956354037 2.2410336
6.8996761393254396 1.2217088
6.930071322296842 4.1820352
6.960466505268244 3.2560192
6.990892083422619 2.6018496
7.02125687121105 2.3522816
7.051682449365424 2.7075712
7.082077632336827 2.2506624
7.112442420125258 2.6394048
7.142837603096661 2.2165888
7.173232786068064 3.1295168
7.2036279690394664 2.4681056
7.234023152010868 1.8002016
7.264418334982271 2.0484832
7.294813517953674 2.660496
7.3252390961080485 2.5557056
7.355634279079451 2.4732928
7.385999066867882 2.871632
7.416394249839286 2.508544
7.446819827993659 2.7758176
7.477184615782091 3.5349152
7.507579798753493 3.3882112
7.537974981724895 4.1553632
7.568370164696299 3.2765312
7.598765347667701 3.1454112
7.629190925822076 2.1538464
7.659555713610507 2.5750048
7.68995089658191 2.8428768
7.720346079553312 1.829552
7.750741262524715 3.5333312
7.781136445496117 0.3795968
7.811531628467519 1.992912
7.8419572066218945 1.7351168
7.872321994410325 1.7513216
7.902717177381727 1.4732608
7.93311236035313 1.4144704
7.963537938507505 1.612432
7.993933121478908 1.6618144
8.024297909267338 1.4202528
8.054723487421713 0.5316512
8.085088275210143 1.8202624
8.115483458181545 1.3726336
8.145878641152947 0.2105344
8.176273824124351 2.1417024
8.206699402278726 1.5092256
8.237094585250128 1.5555872
8.267459373038559 1.6058048
8.297854556009963 1.6013568
8.328249738981365 2.5326848
8.358644921952768 2.817776
8.38904010492417 2.2128768
8.419435287895572 2.0953312
8.44986086604995 1.0978112
8.480225653838378 0.1369568
8.510620836809782 2.8987552
8.541016019781184 4.0881984
8.571441597935559 2.3487552
8.601836780906961 2.8275648
8.632201568695393 2.447968
8.662627146849767 1.6326976
8.692991934638197 2.1731008
8.723417512792572 2.9363584
8.753782300581003 2.4539232
8.784177483552405 3.1094432
8.814572666523809 3.205104
8.84496784949521 2.99256
8.875363032466613 2.5870336
8.905758215438016 4.3756768
8.936183793592392 3.4751232
8.96654858138082 3.3764704
8.996943764352224 2.0457248
9.027338947323626 2.1944064
9.05773413029503 4.8518592
9.088159708449405 4.3687488
9.118524496237836 3.7677792
9.148919679209238 3.104768
9.17931486218064 3.4390016
9.209740440335016 4.0910848
9.240105228123445 5.5164928
9.270500411094849 3.9782816
9.300895594066251 2.3118752
9.331321172220626 3.6055584
9.361685960009057 3.309568
9.392081142980459 5.9755072
9.422476325951862 3.9691264
9.452871508923264 4.5588608
9.48329708707764 2.8068544
9.513692270049042 3.5028992
9.544087453020445 5.6573952
9.574452240808874 5.9211776
9.60487781896325 4.7381024
9.63524260675168 3.552704
9.665668184906055 2.9868032
9.696032972694486 4.3943904
9.726428155665888 3.4025216
9.756823338637291 2.991312
9.787248916791667 2.1890144
9.817613704580097 3.1458304
9.848039282734472 2.232288
9.878404070522903 1.811712
9.908799253494305 1.67368
9.939194436465707 1.5216192
9.97004554718168 0.5413568
9.999984802408513 0.0
10.030379985379916 2.3897344
10.06077516835132 0.8648768
10.09117035132272 0.2307776
10.121565534294124 1.649952
10.151960717265528 0.6144608
10.18235590023693 0.6090048
10.212751083208332 0.7672608
10.243146266179735 1.0007552
10.27357184433411 0.7667424
10.30396702730551 0.8339168
10.334362210276915 0.6494016
10.364726998065345 0.5683168
10.395122181036749 0.56616
10.425547759191122 0.0
10.455942942162526 2.0904992
10.486307729950957 1.115584
10.516702912922359 1.0972928
10.54709809589376 1.0605856
10.577523674048138 0.5650816
10.607888461836568 0.274992
10.638283644807968 0.0
10.668678827779372 1.5830912
10.699074010750776 0.447536
10.729469193722176 0.2113664
10.759894771876553 1.4806432
10.790259559664984 0.9619328
10.820654742636385 0.765664
10.851049925607787 0.5737088
10.881445108579191 0.6125312
10.911840291550593 0.7149792
10.942235474521997 0.9295808
10.972630657493399 0.787232
11.003025840464801 0.831488
11.033451418619178 0.802288
11.06384660159058 0.8972288
11.094211389379009 1.2250624
11.124606572350412 1.2002592
11.155001755321816 1.4202784
11.185396938293216 1.3371904
11.21579212126462 1.3668928
11.246187304236024 1.4347904
11.276582487207424 1.4479392
11.306977670178828 1.3828608
11.337372853150232 1.4795648
11.367798431304605 1.5701504
11.398163219093036 1.3244416
11.42855840206444 1.4157728
11.458953585035843 1.293504
11.489348768007243 0.1019456
11.51977434616162 2.5029664
11.550199924315994 1.51704
11.580534316921455 1.5202752
11.610959895075828 1.9653824
11.64135507804723 1.2628064
11.671719865835662 1.445056
11.702115048807064 1.2250624
11.732510231778466 0.0
11.76290541474987 2.4941536
11.793300597721272 1.1486816
11.823726175875645 0.922032
11.854090963664078 0.1854848
11.88448614663548 0.0549984
11.914911724789853 0.0
11.945306907761257 0.0309216
11.97570209073266 2.9627168
12.006066878521091 0.8983072
12.036492456675465 1.180848
12.066887639646868 0.9801632
12.097282822618272 0.9641504
12.127647610406703 0.851936
12.158042793378103 0.9589472
12.188437976349507 0.9595264
12.21883315932091 0.8007328
12.249228342292312 1.2525408
12.279623525263714 0.6815488
12.310018708235118 0.1811712
12.340444286389493 0.0
12.370839469360895 1.5076032
12.401204257149326 1.1248128
12.431599440120728 1.3644256
12.462025018275103 1.658288
12.492420201246507 1.4579968
12.522784989034935 1.8419136
12.55318017200634 1.8677824
12.583575354977741 1.6305408
12.613970537949143 1.1927104
12.644365720920547 0.8068512
12.67476090389195 1.8866208
12.705186482046324 2.1198016
12.735551269834755 2.4116544
12.765946452806158 2.4132512
12.796341635777559 2.2366016
12.826736818748962 1.6650496
12.857132001720366 1.4407424
12.88755757987474 1.601424
12.917983158029113 1.5072096
12.948347945817547 1.5133888
12.978712733605978 1.6273056
13.009107916577381 1.8683488
13.039503099548782 2.0613408
13.069898282520185 1.3469216
13.10032386067456 0.4949856
13.13068864846299 0.2492576
13.161083831434393 1.1305344
13.191479014405797 0.1056832
13.221874197377199 0.0
13.2522693803486 2.2538784
13.282664563320004 0.8432864
13.313059746291406 0.6425888
13.343454929262808 3.090544
13.373880507417184 1.510048
13.404245295205614 1.4569184
13.434640478177018 1.2402432
13.465066056331391 1.6321376
13.495461239302795 1.8892736
13.525856422274199 2.1128352
13.556251605245599 2.3428672
13.586646788217003 2.1624384
13.617011576005433 2.0289312
13.647406758976837 2.2860384
13.677801941948237 1.7490816
13.708197124919641 2.145248
13.738592307891045 2.0037088
13.768987490862447 1.9000992
13.799413069016822 1.895232
13.829808251988226 2.0441632
13.860173039776654 1.8052416
13.890568222748056 1.9341312
13.92096340571946 1.8445824
13.951358588690862 1.8526912
13.981753771662266 1.8036448
14.012148954633668 1.687136
14.042574532788043 1.2351008
14.072939320576474 1.3465888
14.103334503547876 2.0133728
14.13376008170225 0.0
14.164155264673655 3.2330432
14.194520052462085 1.3059424
14.224945630616459 1.6311008
14.255310418404889 1.5329248
14.285705601376293 1.4569184
14.316131179530666 0.830368
14.34652636250207 0.0
14.3768911502905 0.70096
14.407286333261904 0.0582336
14.437681516233305 0.0
14.468076699204708 1.9605312
14.498471882176112 0.555376
14.528867065147516 0.3247296
14.559262248118916 2.5228064
14.58965743109032 1.2158752
14.620083009244695 1.0810752
14.650478192216097 0.6394912
14.680842980004527 0.0043136
14.711268558158903 0.7719712
14.741663741130305 2.1370752
14.772028528918735 1.3603392
14.80245410707311 1.6316608
14.832818894861541 1.6924864
14.863214077832943 1.288688
14.893639655987318 1.0471264
14.924004443775749 1.0147744
14.954430021930122 0.7753696
14.984825204901526 0.5370432
15.015189992689956 0.0
15.045615570844333 1.6898528
15.076010753815734 0.7807616
15.106375541604164 0.3655776
15.136801119758541 0.0
15.167165907546972 1.1549664
15.197561090518372 0.544592
15.227986668672749 0.5801792
15.258381851644153 0.5370432
15.288746639432581 0.2523456
15.319141822403983 0.0
15.349537005375387 0.0
15.379932188346789 0.0
15.410357766501164 0.0183328
15.440722554289595 2.8410656
15.471117737260997 0.759712
15.5015129202324 0.8488256
15.531908103203802 0.8151456
15.562333681358178 0.5747872
15.592698469146612 0.7300768
15.623093652118012 0.7289984
15.653488835089416 0.64704
15.683914413243789 0.501456
15.714309596215191 0.0
15.744674384003623 0.5381216
15.775069566975027 1.2423168
15.80546474994643 0.4680256
15.835859932917831 0.5737088
15.866285511072205 0.7192928
15.896680694043608 0.5456704
15.92707587701501 0.08088
15.957440664803443 0.2501888
15.987835847774845 1.1075168
16.018261425929218 0.08088
16.04862621371765 0.9177184
16.079021396689054 0.4734176
16.109416579660454 0.307344
16.139811762631858 0.652432
16.17020694560326 0.5721952
16.200602128574666 0.2862112
16.231027706729037 0.0582336
16.26139249451747 0.0
16.29181807267184 0.0776448
16.322182860460273 0.0
16.35260843861465 0.0
16.38297322640308 1.5242496
16.41336840937448 0.9075424
16.443763592345885 0.4809664
16.474158775317285 0.6330208
16.50455395828869 0.3957728
16.534949141260093 0.2987168
16.565374719414468 0.086272
16.595739507202897 0.0
16.6261346901743 1.15928
16.656529873145704 0.5424352
16.68695545130008 0.221072
16.717320239088508 0.1153888
16.747745817242883 0.0
16.778141000214287 0.1700992
16.808505788002716 0.3356704
16.83893136615709 0.7020384
16.869296153945523 0.3623424
16.899691336916927 0.3386176
16.930086519888327 0.7236064
16.960512098042702 0.7365472
16.990876885831135 0.4707424
17.021272068802535 0.4318784
17.05169764695691 0.8454656
17.082092829928314 0.767552
17.112457617716746 0.7540704
17.142852800688146 0.4992992
17.17324798365955 0.4432224
17.203643166630954 0.4033216
17.234068744785326 0.5100832
17.264433532573758 0.4777312
17.29482871554516 0.086272
17.325223898516565 0.2523456
17.355649476670937 0.9953632
17.38601426445937 0.1552896
17.41643984261374 0.0
17.446835025585145 1.445056
17.477199813373577 0.9177184
17.50759499634498 0.975952
17.538020574499352 0.7775264
17.568385362287785 0.2016608
17.598810940442156 0.744096
17.62920612341356 0.420576
17.659601306384964 0.4270464
17.689966094173396 0.5079264
17.720361277144796 0.5618464
17.7507564601162 0.3274816
17.781182038270572 0.3730848
17.811546826059008 0.4069504
17.84197240421338 0.7041952
17.87233719200181 0.8939936
17.902732374973212 1.1278208
17.933157953127587 1.0645664
17.96352274091602 0.8336032
17.993917923887423 0.4712608
18.024343502041795 0.7052736
18.054708289830227 0.516784
18.08510347280163 0.6554368
18.115529050956003 0.1348
18.145893838744435 1.6618144
18.17628902171584 0.8983072
18.20668420468724 0.965168
18.237079387658643 1.1830048
18.267474570630046 1.1900352
18.29786975360145 1.153328
18.32829533175582 1.046048
18.358660119544254 0.4486144
18.389055302515658 0.0399008
18.419480880670033 1.6510304
18.44984566845846 1.391136
18.480271246612837 1.2261408
18.51063603440127 1.4083904
18.54103121737267 1.9945216
18.571456795527045 1.56312
18.601821583315477 1.5507392
18.63224716146985 1.8559264
18.66261194925828 1.8623968
18.693007132229685 1.3674112
18.72340231520109 0.88968
18.75379749817249 0.9295808
18.784192681143892 0.8756672
18.814587864115296 1.0169792
18.845013442269668 0.9084768
18.87540862524107 0.6125312
18.905803808212475 1.1997408
18.936168596000908 2.0203424
18.966563778972308 2.7553312
18.99695896194371 2.9492832
19.027384540098083 2.4195104
19.057779723069487 1.9567776
19.08817490604089 1.503808
19.118539693829323 1.37776
19.148934876800723 1.3268672
19.179330059772127 0.99752
19.2097556379265 1.046048
19.240120425714935 1.142752
19.270637189418217 2.7427232
19.30091079165774 3.4636384
19.33130597462914 2.4807584
19.361761947966485 1.6270496
19.392096340571946 1.2899744
19.42249152354335 2.0154464
19.45288670651475 1.220624
19.483281889486154 1.4003648
19.513677072457554 0.9796224
19.544072255428958 0.2437184
19.57446743840036 1.5520576
19.604893016554737 2.5485792
19.635257804343166 2.0683712
19.66565298731457 3.365024
19.696078565468945 3.9098592
19.726443353257377 3.4537472
19.756838536228777 5.5429568
19.787264114383152 3.452
19.817628902171585 3.20048
19.848024085142985 2.3315008
19.87841926811439 2.2492704
19.908814451085792 3.3423584
19.939209634057196 3.9162976
19.969604817028596 4.6111744
20.0 3.5441184
