0.0 1.3032256
0.03539823008849557 2.5536512
0.07083185840707965 2.8030112
0.10619469026548672 3.082896
0.1415929203539823 2.1330752
0.17699115044247787 1.8516128
0.21238938053097345 1.2229472
0.24778761061946902 0.96944
0.2831858407079646 1.5410336
0.3185840707964602 2.755312
0.35398230088495575 2.1670656
0.3893805309734513 2.3967232
0.42481415929203536 1.7605088
0.46053097345132743 0.857328
0.49557522123893805 1.75184
0.5310796460176991 1.5798976
0.5664778761061947 1.7911808
0.6020176991150441 1.5071488
0.6371681415929203 1.640224
0.6726725663716814 1.4077888
0.7079646017699115 1.5496608
0.7433982300884955 0.3925376
0.778796460176991 2.8655616
0.8141592920353982 0.1776832
0.8495575221238938 3.2254944
0.8849557522123894 2.2781408
0.9203539823008849 2.1762112
0.9557522123893805 2.6410752
0.9911858407079644 3.055552
1.02658407079646 2.3283072
1.0619469026548671 1.034144
1.0973451327433628 1.525936
1.132778761061947 3.089616
1.1681769911504427 2.6900896
1.2035398230088497 2.8345536
1.2389734513274338 1.9271008
1.2743362831858407 1.8947488
1.3097345132743363 2.3930944
1.3451681415929206 1.9283968
1.3805309734513274 4.1450272
1.415929203539823 3.0554816
1.4513628318584073 2.9796032
1.4867256637168142 3.430848
1.5221592920353986 3.312304
1.557557522123894 3.275904
1.592920353982301 3.1246432
1.6283539823008852 3.3592576
1.663716814159292 3.4896
1.6991150442477876 3.321632
1.7345132743362832 1.5701152
1.7699469026548675 4.20592
1.8053097345132743 5.0364224
1.8407079646017699 2.8608352
1.8761061946902655 2.7099136
1.911504424778761 4.8255872
1.9469026548672566 3.088496
1.9823008849557522 3.2039264
2.0177345132743367 2.4436544
2.0530973451327434 2.7952128
2.088495575221239 2.8480544
2.1238938053097343 2.5466848
2.159327433628319 2.577872
2.1947256637168144 1.8996224
2.23012389380531 2.5671104
2.2655221238938057 2.415616
2.3008849557522124 2.4986528
2.336283185840708 2.8599168
2.3716814159292037 2.5246592
2.4070796460176993 2.4381376
2.4424778761061945 2.6690816
2.477911504424779 2.5147872
2.513274336283186 2.5254688
2.5486725663716814 2.5785984
2.5841061946902655 0.2330176
2.6195044247787616 3.3272992
2.6548672566371683 2.3412064
2.6902654867256635 2.0619008
2.7256991150442476 1.6375712
2.7610619469026547 1.5976288
2.796460176991151 1.4721408
2.831858407079646 1.0955296
2.8672566371681416 0.8778176
2.9026548672566372 0.1288736
2.938230088495575 2.3595552
2.973486725663717 1.3146112
3.008849557522124 1.3592608
3.0442477876106193 1.391136
3.0796814159292034 1.29408
3.1150442477876106 1.1824864
3.1504778761061947 1.6192384
3.1858761061946907 1.7539968
3.2212389380530975 1.8390464
3.2567079646017705 2.3780992
3.2920353982300887 1.4364384
3.327469026548673 3.5389056
3.36283185840708 3.1222784
3.398230088495575 3.4034304
3.4336637168141593 3.6549056
3.4690265486725664 2.9579264
3.5044601769911505 3.8240256
3.539858407079646 3.3616672
3.5752212389380533 2.7155744
3.6106548672566374 2.6797248
3.6460176991150446 1.988592
3.6814159292035398 2.0635744
3.716849557522124 1.8127904
3.75224778761062 1.881808
3.787646017699115 2.3983616
3.8230442477876108 2.3566368
3.858407079646018 2.3953952
3.893840707964602 3.0901344
3.929203539823009 2.7903392
3.9646017699115044 3.0536992
4.0 2.202512
4.035398230088496 2.5428832
4.070796460176991 2.7891552
4.106194690265487 2.805936
4.1415929203539825 2.6887872
4.176991150442478 2.6710464
4.212424778761062 2.6915616
4.2477876106194685 2.6299296
4.283185840707965 2.70168
4.318619469026549 2.8124672
4.354017699115044 2.7777952
4.389380530973451 2.7210912
4.424778761061948 0.7468768
4.460176991150442 2.6123808
4.495575221238938 3.2296416
4.531044247787611 0.073728
4.566371681415929 2.5004128
4.601769911504425 1.667808
4.6371681415929205 1.5587648
4.672566371681416 1.7692608
4.707964601769912 2.1221664
4.743362831858407 2.1896704
4.778761061946903 1.467952
4.814194690265487 1.5125184
4.849557522123894 1.8205664
4.884955752212389 1.7827616
4.9203539823008855 1.3559424
4.95575221238938 1.2126624
4.991150442477876 1.4062112
5.026548672566372 1.0166208
5.061946902654867 1.3116448
5.098407079646018 1.3663328
5.132778761061947 1.7378624
5.168141592920355 2.5383264
5.20353982300885 2.7695584
5.238938053097345 2.3612864
5.274336283185841 2.527744
5.3097345132743365 2.6932
5.345132743362831 2.6693312
5.380566371681415 1.9171872
5.415929203539823 1.5122304
5.452460176991151 1.7924224
5.487858407079647 1.0061888
5.523469026548673 1.9227456
5.558902654867257 0.0851936
5.592920353982302 2.7110976
5.628318584070796 3.28912
5.66375221238938 3.0751424
5.699115044247788 3.8208128
5.734548672566372 4.2658944
5.769911504424778 4.28472
5.805345132743362 1.1243328
5.84070796460177 2.301952
5.876106194690266 5.6885248
5.9115044247787605 6.0932096
5.946938053097345 4.4578784
5.982336283185841 3.7863424
6.017699115044248 4.7415296
6.053097345132743 5.1996864
6.088530973451327 4.4973856
6.123929203539823 4.5866496
6.159327433628318 4.3057152
6.1946902654867255 3.7814272
6.230088495575221 5.4837248
6.265522123893805 5.5393984
6.300884955752213 4.5809664
6.336283185840708 4.6219264
6.371681415929204 2.719744
6.407079646017699 5.013504
6.442477876106195 5.9572224
6.47787610619469 4.6153728
6.513274336283185 4.9905664
6.548672566371682 3.8223872
6.584106194690266 5.2117504
6.619469026548672 3.4794496
6.654902654867256 5.5640064
6.690265486725664 4.1402368
6.72566371681416 5.3100544
6.761061946902655 2.5788416
6.796495575221239 5.9047936
6.831858407079646 5.881856
6.867256637168142 5.1085312
6.902654867256636 4.3974656
6.938053097345133 2.8459008
6.9734513274336285 5.8507264
7.008884955752213 5.6925152
7.044247787610619 4.2662912
7.079646017699115 4.0084128
7.115044247787611 2.2739776
7.150477876106195 3.0339072
7.185840707964601 3.2050048
7.221238938053097 2.9120384
7.256637168141593 2.926192
7.292070796460177 2.9819712
7.327433628318584 4.225456
7.362867256637168 3.5940544
7.398265486725664 2.0565088
7.433628318584072 3.7323424
7.469026548672566 3.5704384
7.5044601769911505 4.5596672
7.539823008849558 3.6643552
7.575221238938053 2.6517856
7.610619469026548 3.2556896
7.646017699115044 3.0583424
7.681486725663717 2.737664
7.716814159292036 1.9522976
7.75224778761062 1.7275968
7.787610619469026 2.9476032
7.823008849557523 2.5781184
7.858407079646018 2.8674656
7.893805309734513 3.2669344
7.929238938053097 1.76488
7.964637168141593 1.1236928
8.000176991150443 1.5485824
8.035398230088495 1.8105728
8.070831858407079 2.8671776
8.106230088495575 2.8117376
8.141592920353983 2.9300128
8.176991150442477 3.4698144
8.212389380530974 3.1538752
8.24870796460177 2.5349984
8.283185840707965 3.0806752
8.31904424778761 1.4509248
8.354725663716815 2.2290528
8.39033628318584 1.64456
8.424778761061948 2.5788416
8.460176991150442 1.126512
8.495575221238937 3.9029952
8.531008849557523 2.6532288
8.566407079646018 2.9652544
8.601805309734514 2.2940192
8.63716814159292 2.10288
8.672566371681416 1.8581248
8.708 2.3172128
8.743362831858407 2.6919136
8.778796460176991 2.5029664
8.814159292035399 1.6477952
8.849557522123895 2.2236608
8.884955752212388 2.011216
8.920389380530974 1.8559264
8.955787610619469 1.6326976
8.991150442477876 2.2872864
9.02654867256637 1.8699456
9.062017699115044 1.8220608
9.097345132743364 1.8568608
9.132849557522123 1.5108992
9.168495575221238 1.3668512
9.203575221238937 1.9163168
9.239292035398229 1.7502432
9.274690265486726 1.5610048
9.310300884955753 1.9486688
9.346053097345132 1.7885056
9.382194690265488 1.1118304
9.415929203539823 2.332832
9.451362831858406 0.8027648
9.486761061946902 0.8126464
9.52212389380531 5.0607104
9.55766371681416 1.3900992
9.593451327433627 1.0794368
9.629274336283185 1.0019168
9.664955752212391 1.0325056
9.700637168141593 1.0029536
9.734513274336283 1.7377792
9.769946902654867 1.5270144
9.805309734513274 1.6273056
9.840707964601771 1.6898528
9.876106194690266 2.1363936
9.91153982300885 2.2850464
9.946902654867257 1.9767072
9.982300884955752 2.155744
10.017734513274334 1.9249216
10.053097345132745 1.2660416
10.088530973451327 1.4310368
10.124566371681416 1.7934432
10.160424778761062 1.9043904
10.197628318584071 2.1426368
10.233380530973452 2.001696
10.268106194690265 2.1040416
10.304 2.5125472
10.339716814159292 2.2257408
10.377097345132745 2.1137408
10.41274336283186 0.0
10.442513274336282 2.8534464
10.478265486725665 0.0
10.513274336283185 3.0450528
10.548672566371682 1.2268352
10.584389380530974 1.254912
10.619469026548673 1.256336
10.654902654867255 1.8526912
10.690265486725663 2.0754016
10.725699115044247 1.7885056
10.761061946902654 2.370448
10.79646017699115 2.2737024
10.831893805309733 1.2945984
10.867469026548672 1.1631168
10.902654867256638 1.260048
10.938053097345133 1.180848
10.973451327433628 1.2520224
11.008849557522124 1.2030176
11.044247787610619 1.3689664
11.079646017699114 1.2547392
11.115433628318584 1.144224
11.151185840707964 1.0432896
11.186902654867257 0.9889344
11.222442477876108 1.3852256
11.257946902654867 1.2417152
11.294053097345135 1.2498656
11.3298407079646 0.750048
11.365840707964601 0.5267776
11.401345132743364 0.67456
11.433663716814157 3.121776
11.469026548672566 5.423104
11.504460176991149 5.6836096
11.539823008849556 5.1347456
11.575221238938054 4.702208
11.610619469026549 4.0337408
11.646053097345133 4.1648128
11.681451327433628 5.4755328
11.716814159292035 5.2723712
11.752247787610619 5.0823168
11.787610619469026 4.8726016
11.823008849557521 4.6153728
11.858407079646017 3.9944192
11.893805309734514 5.9834368
11.929203539823007 5.6049664
11.964601769911505 4.8644096
12.0 4.2713088
12.035398230088497 3.9796736
12.070796460176991 5.8753024
12.106194690265486 5.2084736
12.141592920353983 5.3035008
12.176991150442477 4.9545216
12.212424778761061 4.3450368
12.247787610619469 4.0861696
12.28322123893805 5.8785792
12.318584070796462 4.775936
12.353982300884956 4.6710784
12.389380530973451 4.4859392
12.424778761061948 4.2631168
12.460176991150442 4.4023808
12.495610619469026 5.382144
12.531008849557521 4.6907392
12.566371681415928 5.0888704
12.601805309734512 3.3865728
12.63716814159292 4.9381376
12.672566371681416 4.6956544
12.707999999999998 4.3450368
12.743362831858407 3.9518208
12.778761061946902 4.01408
12.814159292035399 4.2467328
12.849557522123893 3.702784
12.88495575221239 3.2243712
12.920353982300885 3.0572544
12.95575221238938 3.457024
12.991150442477878 3.8223872
13.026584070796458 5.627904
13.061946902654867 5.7229312
13.097345132743364 4.4761088
13.132743362831858 5.3362688
13.168141592920355 3.1653888
13.203575221238937 5.5345152
13.238938053097344 5.6573952
13.274336283185841 2.3396352
13.309734513274336 2.9523968
13.34513274336283 3.9288832
13.380566371681414 2.6230784
13.415929203539822 5.6475648
13.45132743362832 5.6721408
13.486725663716815 4.7661056
13.522159292035399 4.7005696
13.557522123893806 4.1222144
13.5929203539823 4.6497792
13.628318584070795 5.3624832
13.66375221238938 5.3559296
13.699150442477874 4.4038976
13.734513274336283 3.079824
13.76991150442478 3.0475616
13.805309734513273 2.8647904
13.840707964601771 1.80576
13.876353982300884 1.3059424
13.91150442477876 0.4238112
13.946902654867257 0.555376
13.982300884955752 0.1620928
14.017699115044248 1.2980608
14.053097345132743 2.8814848
14.088495575221238 1.4849568
14.123893805309734 1.53672
14.159327433628317 0.5251808
14.194725663716813 0.6567456
14.23012389380531 2.2020928
14.265486725663717 1.2541792
14.300884955752213 1.326432
14.336283185840708 2.2366016
14.371681415929203 5.0407744
14.4070796460177 1.8954944
14.442477876106194 2.1553568
14.477876106194689 3.5504576
14.513274336283185 2.1417024
14.548672566371682 1.5626016
14.584106194690264 1.3361376
14.619469026548673 1.1301632
14.654867256637168 0.7469376
14.690265486725664 2.1864352
14.725663716814159 1.888672
14.761061946902654 1.7365984
14.796495575221238 1.3028928
14.831858407079645 1.67152
14.867256637168143 1.7054688
14.902654867256636 1.7896256
14.938088495575222 1.6488736
14.97345132743363 1.9448736
15.008849557522124 1.805408
15.044283185840708 1.5446208
15.079681415929203 1.1948672
15.11504424778761 1.2153568
15.150442477876107 1.8708608
15.185876106194689 2.2702176
15.221238938053096 2.8598944
15.256637168141594 2.6984896
15.292035398230087 3.4120992
15.327469026548673 2.5706656
15.36283185840708 3.4062336
15.398230088495575 3.0677856
15.433628318584072 3.876208
15.469026548672566 2.8802176
15.504424778761061 3.0964512
15.539823008849558 4.6727168
15.57525663716814 3.3816576
15.610654867256637 5.48864
15.646017699115045 4.5641184
15.681451327433626 4.264992
15.716814159292037 4.4744704
15.752212389380531 2.7590656
15.787610619469026 5.3641216
15.823008849557523 5.7049088
15.858407079646017 4.6317568
15.893805309734512 4.2729472
15.929203539823009 3.4668544
15.964637168141591 5.1380224
16.0 5.7901056
16.035398230088497 4.8775168
16.07079646017699 4.3876352
16.106194690265486 3.8764544
16.141592920353983 3.989504
16.177026548672565 5.7819136
16.212389380530972 5.2330496
16.24778761061947 4.694016
16.283221238938054 4.5891584
16.31858407079646 2.9884416
16.354017699115044 5.4919168
16.38938053097345 5.7688064
16.424778761061948 4.4384256
16.46021238938053 4.4580864
16.495575221238937 4.3892736
16.53100884955752 3.9714816
16.566407079646016 4.0223616
16.601769911504427 2.2150336
16.63716814159292 2.2443584
16.672566371681416 3.3281152
16.708 3.3882112
16.743362831858406 5.2690944
16.77879646017699 5.5574528
16.8141592920354 4.3155456
16.849557522123895 4.0992768
16.884991150442477 3.5192832
16.920389380530974 5.6999936
16.95575221238938 5.4951936
16.991150442477874 4.702208
17.02654867256637 4.2205184
17.061982300884956 3.9944192
17.097345132743364 4.4367872
17.13274336283186 6.1980672
17.168176991150442 4.4499872
17.20357522123894 3.8903072
17.238973451327432 3.332128
17.27437168141593 2.1415776
17.309734513274336 1.32104
17.345132743362832 0.8676352
17.38053097345133 3.5302688
17.415929203539825 3.2343968
17.451327433628318 4.1664736
17.486725663716815 3.1304096
17.522159292035397 3.3858432
17.557557522123894 4.3809792
17.5929203539823 4.1852512
17.628318584070797 2.7032288
17.66371681415929 4.6806368
17.699150442477876 3.244368
17.73454867256637 3.501184
17.769911504424776 3.8743072
17.805309734513276 4.1329152
17.84074336283186 2.8482688
17.876141592920355 1.606464
17.91171681415929 1.07336
17.946902654867255 1.5054464
17.98230088495575 2.5458272
18.01769911504425 3.2484576
18.05309734513274 3.9145504
18.088495575221238 4.065568
18.123893805309734 3.337648
18.15929203539823 4.081952
18.194690265486727 2.9268032
18.23008849557522 4.2924224
18.265486725663717 3.4042208
18.300884955752213 3.8992864
18.336283185840706 3.4328544
18.371681415929203 3.5363648
18.4070796460177 3.8109184
18.442477876106192 4.4261568
18.477911504424778 3.9818976
18.51330973451327 3.6269792
18.548707964601768 3.9975712
18.58407079646018 2.8459008
18.61946902654867 4.9213504
18.654867256637168 2.9293696
18.690265486725664 3.565232
18.725699115044247 3.0414016
18.761097345132743 2.9341056
18.79646017699115 3.2800768
18.831858407079647 3.0458496
18.86725663716814 3.5423808
18.902654867256636 2.7063264
18.938053097345133 3.2605984
18.97345132743363 2.8868608
19.00888495575221 4.5639808
19.04424778761062 3.538848
19.079646017699115 3.989152
19.115044247787612 3.8094624
19.150477876106194 2.7149824
19.18587610619469 4.9627136
19.221238938053098 4.150656
19.256637168141594 3.4268608
19.292070796460177 2.9533664
19.327433628318584 2.9679424
19.362867256637166 2.0980064
19.398265486725663 4.654624
19.43362831858407 3.9537024
19.469061946902656 3.4141952
19.504424778761063 3.0432544
19.539823008849556 3.5290944
19.575221238938052 0.8783264
19.61061946902655 3.8044864
19.646017699115042 5.3996672
19.681415929203542 3.4316352
19.716814159292035 3.6423648
19.75221238938053 3.2688928
19.787610619469028 2.5755648
19.82304424778761 3.65048
19.858407079646017 3.5852384
19.893805309734514 3.5282144
19.929203539823007 3.6041184
19.964637168141593 2.3887872
20.0 5.2659008
