0.0 0.0
0.04750593824228029 2.0541248
0.09505938242280285 2.670864
0.14256532066508312 2.2689536
0.19002375296912116 2.248464
0.2375296912114014 1.8144512
0.285083135391924 1.3441824
0.332541567695962 3.2361344
0.3800475059382423 2.458896
0.42755344418052255 1.4284352
0.4750593824228028 1.2255232
0.5225653206650831 2.9016064
0.5700712589073634 3.7574976
0.6175771971496437 2.7725664
0.6651306413301662 2.9407968
0.7126365795724465 2.1578784
0.7601425178147269 2.755312
0.8076009501187649 2.5004576
0.8551068883610451 2.813744
0.9026128266033253 2.6719104
0.9501187648456056 2.8307584
0.9976722090261283 2.1740544
1.0451306413301662 2.3359392
1.0926365795724466 2.9781984
1.1401425178147269 2.3035616
1.187648456057007 3.5190784
1.2351543942992873 2.8182432
1.2826603325415677 3.1789952
1.3302137767220903 2.8476576
1.3776722090261282 2.23536
1.4251781472684086 2.1494144
1.4726840855106889 2.5320832
1.5202375296912112 2.4781632
1.5677434679334914 2.1835744
1.6152019002375297 2.325216
1.66270783847981 1.790896
1.7102137767220902 1.848704
1.7577197149643706 2.0133728
1.8052731591448932 2.6431584
1.852731591448931 3.6687168
1.9002375296912113 3.5171808
1.9477434679334917 3.8196576
1.995249406175772 4.6228672
2.042755344418052 4.1705376
2.0902612826603324 3.5130368
2.137814726840855 3.1916032
2.1852731591448933 5.40672
2.2328266033254156 5.2051968
2.2802850356294537 5.5197696
2.327838479809976 3.6274176
2.375296912114014 2.1905408
2.4228028503562946 2.719744
2.4703087885985746 5.3788672
2.517814726840855 5.3510144
2.5653206650831355 3.2334208
2.6128741092636574 3.588096
2.660332541567696 4.4705824
2.7078859857482183 3.364192
2.7553444180522564 3.4713952
2.802850356294537 3.27984
2.8503562945368173 3.3161216
2.8978622327790977 3.5789248
2.9454156769596196 3.0065792
2.992874109263658 3.010128
3.0404275534441805 3.1709344
3.087885985748218 3.1821664
3.1353919239904986 2.9432128
3.182897862232779 2.939024
3.2304038004750595 2.2278496
3.2779097387173395 1.1862016
3.32541567695962 3.994992
3.3729216152019004 2.9845344
3.420475059382423 0.6065376
3.467933491686461 4.6552064
3.515486935866984 3.1880416
3.5629453681710217 3.0987168
3.6104513064133013 2.9860896
3.6579572446555817 3.5991392
3.705510688836105 3.4142144
3.753016627078385 3.2362784
3.8004750593824226 4.0381728
3.848028503562946 3.4918592
3.895534441805226 3.0791264
3.9429928741092635 3.1097312
3.9905463182897867 3.2360576
4.038004750593824 3.7208064
4.085510688836104 5.4427648
4.133016627078384 4.7082976
4.180522565320665 4.3814304
4.228076009501188 2.843824
4.2755819477434684 2.265088
4.323040380047506 3.5840704
4.370546318289787 2.9360544
4.418099762470309 3.3615744
4.465558194774347 4.3062496
4.513064133016627 3.3292288
4.5605700712589075 5.5820288
4.608076009501188 4.4947392
4.6555819477434675 3.6455296
4.703087885985749 2.8534592
4.750593824228028 1.1514048
4.798099762470309 5.199312
4.845605700712589 2.9641344
4.8931591448931115 2.9491968
4.940617577197149 3.3904384
4.98812351543943 3.1448512
5.03562945368171 3.4530368
5.083182897862233 2.8157024
5.130688836104513 3.4790272
5.1781472684085506 3.7574144
5.225700712589074 0.8830976
5.273159144893111 3.6503552
5.320665083135392 5.2133888
5.368218527315914 5.4979968
5.415724465558195 4.33928
5.463182897862233 2.7967488
5.510688836104513 4.1616544
5.558289786223279 4.466016
5.605748218527316 4.6424288
5.653206650831354 4.3788448
5.7007125890736345 4.0477728
5.748266033254157 4.2294848
5.795724465558195 4.540064
5.843230403800474 4.6995552
5.890736342042755 4.7257536
5.938242280285035 2.8311552
5.985748218527316 3.8442272
6.033301662707839 4.1361088
6.080807600950119 5.5236896
6.1283135391923995 3.0687616
6.175771971496436 2.9522528
6.223277909738717 5.3510144
6.270783847980997 3.7490656
6.318289786223278 2.162192
6.365795724465558 3.2609184
6.4133016627078385 3.8988256
6.460807600950119 3.6660128
6.5083135391923985 3.4769184
6.555819477434679 3.2719424
6.603325415676959 3.5098848
6.65083135391924 4.0271872
6.69833729216152 3.8518784
6.745890736342043 5.6393728
6.793349168646081 5.685216
6.840855106888361 4.0264352
6.888361045130641 2.827088
6.935866983372922 4.2074112
6.983420427553444 5.3379072
7.0308788598574825 5.6286016
7.078432304038005 4.680528
7.125890736342043 3.8322176
7.173444180522566 3.6995072
7.2209026128266025 4.7487808
7.268408551068884 5.0764544
7.315914489311163 3.56056
7.363420427553445 3.5426432
7.410926365795724 4.513792
7.458432304038006 5.1943232
7.505985748218528 4.4759232
7.553444180522565 5.2417952
7.600997624703089 3.88688
7.648456057007126 3.571712
7.695961995249406 5.3641216
7.7434679334916865 5.6393728
7.791021377672209 5.7344
7.8384798099762465 3.2636928
7.88603325415677 3.014656
7.933491686460807 5.7147392
7.98104513064133 5.4141632
8.028503562945367 3.8961056
8.076009501187649 4.0042496
8.123562945368171 3.8207488
8.171021377672208 4.691184
8.21852731591449 3.9529824
8.266080760095013 5.3395456
8.31353919239905 3.0244864
8.36104513064133 3.5127296
8.408551068883611 5.9785216
8.45605700712589 5.6705024
8.50356294536817 5.6508416
8.551068883610451 3.801088
8.598622327790974 2.8622848
8.646080760095012 5.308416
8.693634204275535 5.521408
8.741092636579573 5.292032
8.788598574821853 3.5782656
8.836104513064132 0.5799936
8.883610451306414 3.1326208
8.931116389548693 5.554176
8.978622327790974 5.5590912
9.026128266033254 3.678208
9.073681710213776 4.3941888
9.121140142517815 5.4607872
9.168646080760094 5.8867712
9.216152019002376 5.5345152
9.263705463182898 3.6438016
9.311163895486935 3.9944192
9.358717339667459 5.2461568
9.406175771971498 5.881856
9.453681710213777 5.4820864
9.501187648456057 3.4701312
9.54874109263658 3.0244864
9.59624703087886 5.5492608
9.643705463182897 5.4902784
9.691211401425178 5.586944
9.7387648456057 4.5154304
9.786270783847982 3.3882112
9.833729216152019 5.1249152
9.881235154394298 5.7212928
9.928788598574823 5.8310656
9.97624703087886 3.6257792
10.023800475059383 3.489792
10.07125890736342 5.3870592
10.118764845605702 5.7884672
10.166270783847981 5.6344576
10.213776722090262 4.7939584
10.261282660332542 3.6503552
10.308788598574823 4.4040192
10.356294536817101 5.701632
10.40380047505938 5.5099392
10.451306413301662 4.1828352
10.498812351543943 3.2899072
10.546365795724466 4.980736
10.593824228028502 5.7278464
10.641330166270784 5.5607296
10.688836104513065 4.42368
10.736389548693587 3.391488
10.783847980997624 4.980736
10.831353919239906 5.8064896
10.878859857482187 5.5017472
10.926365795724466 4.5809664
10.973871733966746 3.473408
11.021377672209026 4.2729472
11.068883610451305 5.6098816
11.116389548693586 5.6655872
11.163942992874109 5.398528
11.21144893111639 2.8704768
11.258907363420427 4.5842432
11.306460807600951 5.7982976
11.353919239904988 6.1227008
11.401425178147269 4.6579712
11.448978622327793 3.1162368
11.49643705463183 4.6563328
11.54394299287411 5.5345152
11.59144893111639 5.4411264
11.63895486935867 4.4089344
11.686508313539193 1.466368
11.734014251781472 2.4788992
11.781520190023754 4.9938432
11.82897862232779 5.668864
11.876532066508315 5.193728
11.923990498812351 3.1719424
11.971496437054633 3.9206912
12.019002375296912 5.0003968
12.066555819477436 3.4619392
12.114014251781473 2.654208
12.161520190023754 2.7967488
12.209026128266034 3.5323904
12.256532066508314 5.4771712
12.304038004750595 5.578752
12.351543942992873 4.7415296
12.399049881235154 3.3685504
12.446555819477434 4.3565056
12.494061757719715 5.4591488
12.541615201900235 5.6426496
12.589073634204276 5.20192
12.636579572446555 3.066512
12.684085510688837 3.6962304
12.731638954869357 5.6786944
12.779097387173397 4.2644192
12.826650831353918 3.956336
12.874109263657958 2.6407904
12.921662707838479 4.4926784
12.96912114014252 4.3248288
13.016627078384797 3.6723744
13.064133016627078 3.4084736
13.111638954869358 2.9720576
13.159192399049878 4.0936
13.206650831353919 3.106848
13.2541567695962 2.313168
13.30166270783848 2.421008
13.34916864608076 2.577376
13.39667458432304 2.2150336
13.444180522565322 1.6500192
13.491686460807601 2.497328
13.539192399049881 2.6627488
13.586745843230403 1.1603584
13.634204275534444 2.307776
13.681710213776721 0.6858624
13.729216152019001 3.4999392
13.776722090261282 3.4785856
13.824275534441803 3.6012032
13.871733966745843 4.1371392
13.919287410926364 3.4447872
13.966793349168645 4.3490656
14.014251781472684 4.4428096
14.061805225653206 2.727936
14.109311163895486 4.21888
14.156769596199526 5.7966592
14.204275534441805 4.6040032
14.251781472684087 3.8688928
14.299287410926366 3.450496
14.346793349168646 3.5749888
14.394299287410925 4.8331808
14.441852731591446 5.2841696
14.489311163895486 5.3219296
14.536817102137768 3.5946016
14.584323040380047 3.1588352
14.631828978622327 5.349376
14.679334916864608 5.5443456
14.72684085510689 5.40672
14.774346793349169 3.702784
14.82190023752969 3.1490048
14.86935866983373 5.5164928
14.916912114014252 5.3035008
14.96437054631829 5.8032128
15.011923990498811 2.2528
15.05938242280285 2.1446656
15.10688836104513 3.6028416
15.154441805225652 5.758976
15.20190023752969 5.799936
15.249406175771972 3.7879808
15.296959619952492 4.0370176
15.344418052256533 5.7491456
15.391923990498812 5.7868288
15.439429928741093 5.6410112
15.486935866983373 4.0861696
15.534489311163895 3.2014336
15.581947743467934 4.5940736
15.629453681710215 5.8392576
15.676959619952493 5.701632
15.724465558194773 3.9059456
15.771971496437054 3.162112
15.819477434679335 4.3810816
15.866983372921615 5.3542912
15.914489311163894 5.5607296
15.961995249406176 4.4531712
16.009501187648457 3.284992
16.057007125890735 4.6481408
16.104560570071257 5.7147392
16.152019002375297 5.3772288
16.19957244655582 3.9550976
16.24703087885986 2.981888
16.29458432304038 5.3542912
16.342042755344416 5.5525376
16.389548693586697 5.5574528
16.43705463182898 3.7257216
16.48456057007126 3.391488
16.53211401425178 4.5154304
16.57957244655582 5.3460992
16.62712589073634 5.4493184
16.67458432304038 4.3778048
16.7221377672209 3.1916032
16.76959619952494 4.440064
16.817149643705463 4.964352
16.864608076009503 5.5312384
16.912161520190022 4.0812544
16.959667458432303 2.9442048
17.00712589073634 5.3182464
17.054679334916862 5.1478528
17.102137767220903 5.4935552
17.149691211401425 4.1959424
17.197197149643703 2.9556736
17.244703087885984 5.2658176
17.292209026128265 5.4411264
17.339667458432302 5.6164352
17.387173396674584 4.808704
17.434679334916865 3.7257216
17.482185273159146 3.506176
17.529691211401428 5.5246848
17.577197149643705 3.8251616
17.624703087885987 3.4431264
17.672209026128264 3.7087616
17.719762470308787 3.9193056
17.767268408551068 4.308288
17.814774346793346 4.4759392
17.862232779097386 4.0822912
17.909738717339668 3.1653888
17.95724465558195 4.9053696
18.004798099762468 5.3755904
18.05230403800475 2.933568
18.09980997624703 4.054064
18.14726840855107 2.9769728
18.19477434679335 4.9987584
18.24228028503563 5.2690944
18.28978622327791 5.619712
18.33729216152019 5.4296576
18.38479809976247 3.178496
18.432351543942993 0.704512
18.47980997624703 3.5438592
18.52731591448931 5.2707328
18.574821852731592 5.3837824
18.62237529691211 3.6012032
18.66983372921615 3.0649664
18.717339667458432 2.2109056
18.764893111638955 0.1714656
18.812399049881236 3.4654592
18.859857482185273 2.6210304
18.907410926365795 2.1568
18.954869358669836 2.6990752
19.002375296912113 3.9870048
19.049881235154395 3.3349728
19.097387173396672 3.424256
19.144893111638954 5.2232192
19.192399049881235 4.3531552
19.239904988123516 2.9405664
19.287410926365794 4.7250688
19.334964370546317 3.0471808
19.382422802850357 3.7814272
19.42992874109264 5.5476224
19.477434679334916 5.40672
19.524940617577197 5.2232192
19.57244655581948 2.7262976
19.61995249406176 3.9223296
19.667458432304038 6.0243968
19.71496437054632 6.0194816
19.762470308788597 4.9856512
19.81002375296912 3.301376
19.8575296912114 2.6968064
19.904988123515437 5.4624256
19.95249406175772 5.554176
20.0 6.1374464
