0.0 0.0463712
0.03669724770642201 1.8052416
0.07339449541284404 2.5111168
0.11009174311926606 2.4107008
0.1468256880733945 3.5398688
0.1834862385321101 3.0099616
0.22022018348623854 3.7262432
0.25688073394495414 2.9931616
0.29361467889908255 3.3397632
0.3302752293577982 3.4228416
0.3669724770642202 3.5145056
0.4037064220183486 4.1820352
0.44040366972477063 4.0127264
0.47710091743119265 1.6758336
0.5137614678899083 5.8513984
0.5504954128440367 4.7810656
0.5871559633027523 4.680816
0.6238532110091743 4.026704
0.6605504587155964 3.2254944
0.6972477064220184 3.2815712
0.7339816513761468 1.558288
0.7706788990825688 3.26216
0.8073394495412844 0.4831232
0.8440366972477065 3.8272416
0.8807339449541285 3.0669696
0.9174678899082569 3.391568
0.9541284403669725 3.2202688
0.9908256880733946 3.6340416
1.0275229357798166 2.9893248
1.0642201834862386 4.4397728
1.100954128440367 3.3750624
1.1376146788990826 5.5821696
1.1743119266055047 3.0733984
1.211045871559633 2.1772896
1.247743119266055 1.7761248
1.2844403669724769 2.1869952
1.3211009174311927 4.4639776
1.3577981651376148 4.929136
1.3944954128440368 3.9585568
1.4311926605504588 5.484224
1.4678899082568808 4.8121888
1.5045871559633028 3.805824
1.5412844036697249 4.3265824
1.5779816513761469 2.9650816
1.614715596330275 2.4921824
1.651376146788991 2.6064928
1.688073394495413 3.7485184
1.724770642201835 4.5335936
1.761467889908257 4.7358144
1.798165137614679 4.6435904
1.834862385321101 4.7521568
1.871559633027523 4.0412
1.908256880733945 4.7589792
1.944954128440367 4.1550752
1.9816880733944953 4.3497472
2.0183486238532113 3.7673696
2.055045871559633 4.4257536
2.091743119266055 4.5990496
2.128440366972477 4.5080384
2.1651376146788994 3.925376
2.2018348623853212 4.7794688
2.238532110091743 3.6590112
2.2752293577981653 3.8639072
2.3119633027522934 3.58568
2.348623853211009 2.8071168
2.385357798165138 4.5734528
2.4220550458715597 2.9580512
2.4587155963302756 2.1848384
2.4954128440366974 3.0928512
2.532146788990826 4.1388992
2.5688073394495414 3.74744
2.60554128440367 3.8013056
2.6422018348623855 4.0192512
2.6788990825688073 4.0509888
2.7156330275229363 3.510752
2.7522935779816518 2.6727936
2.7889908256880735 3.0173632
2.8256880733944953 2.5687488
2.8623853211009176 2.411904
2.89908256880734 2.8603936
2.9357798165137616 0.1466624
2.9724770642201834 4.4742816
3.0091743119266057 3.31608
3.045871559633028 3.2905728
3.082605504587156 0.868816
3.1192660550458715 2.4663008
3.1559999999999997 0.420576
3.192660550458716 0.8066432
3.229357798165138 0.9960064
3.266091743119266 1.1894336
3.3027889908256878 1.40024
3.33948623853211 1.5302496
3.376146788990826 1.9206304
3.412880733944954 2.4021568
3.44954128440367 3.7619776
3.486238532110092 4.7266272
3.522935779816514 4.6818944
3.559669724770642 4.3227456
3.596330275229358 3.4756832
3.6330275229357802 3.7344992
3.669724770642202 2.7023488
3.7064587155963302 4.0414048
3.743155963302752 3.9092
3.7798165137614683 2.8534464
3.81651376146789 2.8124672
3.8532477064220183 3.4848704
3.889908256880734 3.2534912
3.9266055045871564 3.5252896
3.9633394495412846 3.566352
4.0 3.092768
4.036697247706423 2.4512032
4.0733944954128445 2.3261088
4.110091743119266 2.7725664
4.146788990825688 2.5245344
4.183522935779816 2.0408928
4.220183486238533 3.5117888
4.256917431192661 3.564112
4.2936146788990825 3.0042816
4.330275229357799 2.235664
4.366972477064221 3.5220544
4.4036697247706424 2.9893248
4.440403669724771 1.3523136
4.477100917431192 1.9799424
4.513761467889909 1.9012192
4.550495412844037 0.4842016
4.587155963302752 4.5806496
4.6238899082568805 3.0878528
4.660550458715597 6.5469664
4.697284403669725 4.764704
4.73394495412844 4.848672
4.770678899082569 4.4613408
4.807339449541285 5.1213216
4.844036697247707 4.8010368
4.8807339449541285 4.674864
4.917467889908257 4.9563264
4.954128440366973 4.789072
4.990825688073395 4.846432
5.027522935779817 4.8053504
5.064256880733945 4.8215264
5.100917431192661 4.1453696
5.137614678899083 5.294944
5.174311926605505 4.8064288
5.211045871559633 4.2893024
5.247706422018349 5.3531904
5.284440366972477 3.8703776
5.321100917431193 3.1047136
5.357834862385321 2.2064064
5.394532110091744 1.9777856
5.431229357798165 2.1749888
5.468073394495413 2.4648064
5.5045871559633035 3.2157888
5.541284403669725 2.7585472
5.577981651376147 2.4015968
5.614678899082569 2.3821856
5.651376146788991 3.033312
5.68811009174312 3.1103328
5.724807339449542 3.5788224
5.761504587155963 5.1253248
5.79816513761468 4.881536
5.8348623853211015 4.6899616
5.871559633027523 4.7201568
5.9082935779816514 4.7956448
5.944954128440367 4.6252992
5.9816513761467895 4.2941472
6.018385321100918 4.6231008
6.0550825688073395 2.6895296
6.091743119266056 4.4063424
6.128440366972478 3.8736128
6.165137614678899 4.0731168
6.201834862385321 4.200368
6.238532110091743 3.8746912
6.275266055045872 4.69104
6.3119266055045875 3.7864288
6.348623853211009 4.8256736
6.385321100917432 3.2416704
6.422018348623854 3.3656864
6.458752293577982 3.3829408
6.495412844036697 3.2419872
6.532110091743119 3.7333952
6.568807339449542 4.435168
6.605504587155964 4.6123168
6.6422018348623855 3.4045088
6.678899082568808 4.4311456
6.71559633027523 4.5627104
6.752293577981652 4.8676288
6.7889908256880735 3.6937888
6.825688073394495 4.7541472
6.86245871559633 4.3982336
6.89908256880734 4.2715424
6.935816513761468 4.362128
6.972477064220184 4.3777856
7.009211009174312 4.7093312
7.045871559633028 4.7600576
7.08256880733945 4.6985888
7.1192660550458715 4.6057056
7.156000000000001 4.8903136
7.192697247706422 4.1373216
7.229357798165138 4.0179104
7.2660550458715605 2.8879552
7.302752293577982 3.8736128
7.3394862385321105 3.6331296
7.376183486238532 3.494016
7.412844036697248 2.9203072
7.44954128440367 2.255536
7.4862752293577985 2.6221088
7.522935779816514 2.26816
7.559633027522937 2.1785184
7.596366972477064 2.2594368
7.63302752293578 2.5108448
7.669724770642202 2.3235392
7.706422018348624 2.360512
7.7431192660550465 1.99448
7.779816513761468 1.795536
7.8165504587155965 1.2067296
7.853211009174313 2.4932608
7.889908256880735 2.442576
7.926605504587156 2.0942528
7.963302752293578 2.124448
8.0 2.9934112
8.036697247706423 3.1426848
8.073394495412845 4.2160256
8.110091743119266 3.8328416
8.146788990825689 4.1801888
8.183522935779816 3.7010688
8.220220183486239 4.254288
8.256917431192662 3.9005728
8.293577981651376 3.3602944
8.330275229357799 2.9720704
8.367009174311926 2.5051232
8.403706422018349 3.2653952
8.440366972477065 3.165104
8.477100917431192 3.677344
8.513761467889909 3.3247072
8.550458715596331 5.3618048
8.587155963302752 4.0553856
8.623853211009175 3.2647936
8.660587155963302 4.1858304
8.697247706422019 4.291472
8.733944954128441 4.114096
8.770642201834862 3.5177408
8.807339449541285 4.712608
8.844036697247708 4.361984
8.880733944954128 4.3212928
8.917431192660551 4.1874272
8.954128440366972 3.1921056
8.990825688073395 2.3530272
9.027522935779817 1.2746688
9.064220183486238 1.4644672
9.100917431192661 2.07592
9.137614678899084 3.2789376
9.174311926605505 3.6098816
9.211045871559634 3.3451968
9.247743119266055 3.4605856
9.284403669724771 3.5475424
9.321100917431194 2.217584
9.357798165137615 1.37552
9.394495412844037 1.8240928
9.431229357798165 1.6844608
9.467926605504587 1.7346272
9.504660550458713 1.8322016
9.541284403669724 2.1157792
9.577981651376147 2.4787232
9.61467889908257 2.5520128
9.65137614678899 3.3695232
9.688073394495413 3.2049216
9.72480733944954 2.7230848
9.761504587155962 2.4575488
9.79816513761468 2.6232288
9.834899082568807 2.3708736
9.871559633027523 3.6535872
9.908256880733946 3.0098144
9.944954128440367 2.8197696
9.981688073394494 3.1329984
10.01834862385321 2.7779584
10.05508256880734 2.8059968
10.09177981651376 2.5245344
10.128440366972477 2.5315232
10.165174311926604 1.9492288
10.201871559633027 2.1028384
10.238532110091743 2.2290528
10.275229357798166 2.4614688
10.311926605504587 2.6566176
10.348660550458714 2.39944
10.385357798165135 2.2872864
10.422018348623855 2.3660096
10.458715596330276 2.1956224
10.495412844036698 1.7265184
10.53211009174312 2.3261088
10.568807339449542 2.1104288
10.605541284403667 1.9551392
10.642201834862385 2.2085632
10.678935779816513 2.8103104
10.715633027522935 2.3530688
10.75229357798165 0.9252672
10.789027522935779 3.5835232
10.8257247706422 1.040656
10.862385321100918 2.9850112
10.899082568807339 3.8035168
10.935779816513762 2.733744
10.972477064220183 3.375392
11.009174311926607 3.2373568
11.045871559633028 3.0508352
11.08256880733945 2.8911488
11.119266055045872 2.2398368
11.155963302752294 3.655776
11.192660550458715 2.9181504
11.229357798165138 2.5304864
11.266055045871559 2.512112
11.302752293577981 3.1726528
11.339486238532109 3.6406784
11.376146788990827 3.0887872
11.412880733944952 2.6202624
11.44954128440367 2.852368
11.486238532110091 3.0270688
11.522972477064219 2.8820864
11.559633027522935 2.4915808
11.596366972477064 3.0432448
11.63302752293578 2.2667968
11.669761467889908 2.7547936
11.706422018348624 2.1767296
11.743119266055047 2.45336
11.779853211009172 2.7650176
11.816550458715597 2.8879552
11.853211009174311 2.890112
11.88994495412844 4.145536
11.926605504587155 2.8468384
11.963302752293579 5.3051392
12.000036697247705 5.009168
12.036733944954127 4.8021152
12.073394495412844 4.3750688
12.110091743119266 3.057264
12.146788990825687 0.2950912
12.183486238532112 5.9639424
12.220183486238533 3.704304
12.256880733944955 3.9372384
12.293577981651376 4.102608
12.330348623853208 3.9687392
12.367009174311924 4.3205472
12.403706422018349 3.8272416
12.44040366972477 4.3622944
12.477100917431192 3.6610016
12.513761467889907 3.8070016
12.550458715596331 4.4071712
12.587155963302752 4.3427168
12.623853211009175 4.0741952
12.660550458715596 4.3583744
12.697247706422019 4.051488
12.73394495412844 3.6541984
12.770642201834864 3.5648384
12.807339449541285 4.1063808
12.844036697247708 3.1488896
12.880733944954128 3.5862368
12.917431192660551 4.317168
12.954128440366972 4.71016
12.990825688073395 3.9134304
13.027522935779816 3.402352
13.064220183486238 5.8136544
13.10091743119266 4.6975104
13.137614678899084 4.461328
13.17434862385321 5.2389216
13.211045871559632 4.8311904
13.247706422018348 4.809664
13.284403669724771 4.79944
13.321100917431192 4.7702816
13.357834862385321 4.8447328
13.394495412844037 4.8322688
13.43119266055046 4.647904
13.46788990825688 4.93648
13.504587155963304 4.7816256
13.541357798165137 4.8133344
13.577981651376147 4.8047904
13.614678899082568 4.8129408
13.65137614678899 4.7341344
13.688073394495412 4.8080672
13.724770642201836 3.9798144
13.761467889908257 3.526368
13.79816513761468 3.573984
13.8348623853211 4.65904
13.871559633027523 4.5961408
13.908293577981649 4.2931104
13.944954128440369 3.6622464
13.98165137614679 4.6241792
14.018348623853212 3.6568544
14.055045871559633 3.8973376
14.09177981651376 3.942112
14.128477064220181 3.5772192
14.1651376146789 4.0589728
14.201871559633027 4.267664
14.238532110091743 4.6662368
14.275229357798164 4.7007456
14.311926605504588 4.91456
14.34862385321101 3.7896032
14.385321100917432 4.4728064
14.422018348623853 4.844464
14.458715596330276 4.4966368
14.495412844036696 4.9369152
14.532110091743121 4.7472224
14.568807339449542 3.8438304
14.60554128440367 4.7751552
14.642201834862385 4.0849792
14.678899082568808 3.1343904
14.715596330275229 4.685648
14.752330275229358 3.8908672
14.788990825688073 4.3340896
14.825688073394495 4.1928192
14.862385321100916 4.9218176
14.89908256880734 4.4489408
14.935779816513762 4.6797152
14.972477064220184 4.4581056
15.009174311926605 4.561632
15.045871559633028 3.1489312
15.082568807339449 3.3561696
15.119302752293578 4.361936
15.155999999999999 4.6883648
15.192660550458717 4.749792
15.229394495412842 4.0752736
15.26605504587156 4.7104512
15.302788990825686 3.596464
15.339449541284404 4.5810432
15.376146788990825 4.7924096
15.412880733944954 4.0245888
15.449541284403669 3.5738176
15.486238532110093 4.3987936
15.522935779816514 3.6751872
15.559633027522937 4.4527552
15.596330275229358 4.1649888
15.63302752293578 3.2888704
15.669761467889906 3.605776
15.706422018348626 4.519408
15.743119266055047 3.9960736
15.779853211009174 4.0426528
15.81651376146789 3.474272
15.853247706422017 3.8800832
15.889944954128438 3.5548224
15.926605504587156 3.54752
15.963339449541284 3.930768
16.0 3.2929152
16.036733944954126 2.8670304
16.073394495412845 2.4963712
16.11012844036697 1.3652544
16.14678899082569 0.9791872
16.18348623853211 1.6693632
16.220183486238533 2.1266048
16.256880733944953 1.9211904
16.293614678899083 1.9470304
16.3302752293578 1.6801472
16.36697247706422 1.5291712
16.40366972477064 1.7049504
16.44040366972477 1.4051552
16.47710091743119 1.1096736
16.51376146788991 1.1668288
16.550495412844036 0.5758656
16.587155963302752 0.0
16.623889908256878 0.798016
16.660550458715598 1.3706464
16.69724770642202 1.5927968
16.73394495412844 0.9910496
16.77064220183486 1.126928
16.807339449541285 1.218592
16.844036697247706 1.0816352
16.88073394495413 1.6165216
16.91743119266055 1.5507392
16.95416513761468 1.596032
16.9908623853211 1.1743776
17.027522935779817 1.1913056
17.06422018348624 1.2485952
17.100954128440367 1.0433312
17.137614678899084 1.143104
17.17434862385321 1.3334624
17.211009174311926 1.3700864
17.24770642201835 1.4919456
17.28440366972477 1.4159392
17.3211376146789 1.365504
17.357798165137616 1.3213088
17.394532110091742 1.191632
17.431192660550458 1.1776128
17.467889908256883 1.1420256
17.504587155963304 0.787232
17.541284403669724 0.0
17.577981651376145 2.6463936
17.61467889908257 1.1830048
17.65137614678899 1.2919232
17.688073394495415 1.1765344
17.724770642201836 1.1032032
17.76150458715596 0.0409792
17.798165137614678 2.501888
17.834862385321102 1.3954496
17.871559633027523 1.3124128
17.908256880733944 1.1387904
17.944990825688073 1.0201664
17.98165137614679 1.1064384
18.018385321100915 1.0104608
18.055045871559635 1.1258496
18.091743119266056 1.0859488
18.128440366972477 1.412704
18.165137614678898 0.4432224
18.201834862385322 0.0
18.238532110091743 2.1330752
18.275229357798167 1.1333984
18.31192660550459 1.0546752
18.348660550458714 0.8282112
18.385357798165135 0.4087136
18.422018348623855 0.0
18.45875229357798 2.9343264
18.4954128440367 1.1172224
18.53211009174312 0.9047776
18.568844036697246 1.1236928
18.605541284403667 1.407312
18.642201834862387 1.1635936
18.678935779816513 1.1830048
18.71559633027523 1.3329024
18.75229357798165 1.2304544
18.788990825688074 1.1150656
18.825688073394495 1.2854528
18.86238532110092 1.4278016
18.89908256880734 0.6157664
18.93577981651376 1.3458432
18.972477064220183 1.1290848
19.009174311926607 0.6729216
19.045908256880733 0.5090048
19.08256880733945 1.498976
19.119302752293578 0.8282112
19.155963302752294 1.7243616
19.192660550458715 1.5917184
19.22935779816514 1.1695456
19.26605504587156 1.2568544
19.30278899082569 1.0266368
19.33948623853211 1.2983936
19.376146788990827 1.4526048
19.412844036697248 0.7149792
19.449577981651377 0.6966464
19.486238532110093 0.7289984
19.522935779816514 0.9716384
19.55966972477064 1.1635936
19.596366972477064 1.046048
19.63310091743119 1.0301664
19.669724770642205 1.397312
19.706422018348626 1.2746688
19.743119266055047 1.3393728
19.779853211009172 0.420576
19.816513761467892 1.8034368
19.853247706422017 1.8782208
19.889908256880734 2.2401088
19.926605504587155 2.5307328
19.96330275229358 2.4738496
20.0 3.0227552
