0.0 0.533248
0.04784688995215311 6.4941248
0.09569377990430622 6.2784448
0.14354066985645933 5.8204192
0.19138755980861244 5.6472864
0.23923444976076555 5.5095456
0.28708133971291866 4.7212352
0.3349760765550239 4.4634976
0.3827751196172249 3.378896
0.4306698564593301 6.1489152
0.4784688995215311 5.2316768
0.5263636363636364 3.72968
0.5741626794258373 2.7434496
0.6220095693779905 2.5240416
0.6698564593301436 5.3612384
0.7177033492822966 3.9695552
0.7655502392344498 3.84352
0.8133971291866028 3.9986624
0.861244019138756 2.310144
0.9091387559808612 5.193264
0.9569377990430622 4.02936
1.0047846889952152 3.9352
1.0526794258373207 3.6956768
1.1005263157894738 3.292976
1.1483253588516746 1.998848
1.1962200956937799 5.8561984
1.244019138755981 3.6303712
1.291866028708134 3.9491008
1.3397129186602872 3.1065888
1.38755980861244 3.1096832
1.4354066985645932 4.8045216
1.4832535885167464 3.498224
1.5311004784688995 3.576784
1.5789473684210527 3.1200448
1.6267942583732056 2.7784704
1.674641148325359 3.9254176
1.722488038277512 2.8663872
1.770382775119617 2.9575744
1.8181818181818183 2.182384
1.8660765550239233 3.6844544
1.9139234449760765 5.759584
1.9617224880382775 4.6270592
2.0096172248803827 3.9648384
2.0574162679425836 4.8633408
2.1052631578947367 5.6941952
2.15311004784689 5.7198336
2.200956937799043 5.0296576
2.248803827751196 3.4104928
2.2966507177033493 4.6769408
2.3444976076555024 3.0572544
2.3923923444976074 3.35872
2.4401913875598087 6.4126976
2.488038277511962 6.275072
2.5359330143540673 6.0653568
2.58377990430622 3.4209792
2.631578947368421 3.52256
2.6794258373205744 5.7032704
2.727272727272727 6.283264
2.775167464114832 5.971968
2.8229665071770333 2.7492352
2.870861244019139 3.342336
2.91866028708134 5.685248
2.966555023923445 6.569984
3.0144019138755977 5.8851328
3.062200956937799 3.0113792
3.1100956937799045 3.0916608
3.1578947368421053 6.316032
3.2057894736842107 5.7049088
3.253588516746411 5.9867136
3.3014354066985647 3.6962304
3.349282296650718 3.6241408
3.397177033492823 5.9342848
3.444976076555024 6.2078976
3.492870813397129 6.2029824
3.5406698564593304 3.0949376
3.588516746411483 3.2636928
3.6363636363636367 5.2396032
3.6842105263157894 6.619136
3.7320574162679425 6.3045632
3.7799521531100484 3.637248
3.827751196172249 3.260416
3.875598086124402 5.455872
3.923444976076555 6.1095936
3.971291866028708 6.0899328
4.019186602870813 4.8939008
4.0669856459330145 0.7438336
4.1148803827751195 2.7099136
4.162727272727273 5.9244544
4.2105263157894735 6.455296
4.258373205741627 4.5252608
4.30622009569378 4.1320448
4.354066985645933 5.3346304
4.401913875598086 6.4454656
4.449808612440192 6.1751296
4.497607655502392 4.743168
4.545454545454545 3.0654464
4.5933014354066986 3.7715968
4.641148325358851 5.7409536
4.688995215311005 6.0915712
4.7368421052631575 4.923392
4.784736842105263 2.277376
4.832583732057417 5.4755328
4.88043062200957 5.5771136
4.92822966507177 5.709824
4.976076555023924 4.9512448
5.023923444976076 3.8567936
5.07177033492823 3.6061184
5.119617224880383 5.8212352
5.167464114832536 5.7704448
5.215358851674642 4.0763392
5.263157894736842 2.6574848
5.311004784688995 4.9430528
5.358851674641149 5.9129856
5.406746411483255 5.6754176
5.454593301435406 4.521984
5.502392344497608 2.9917184
5.550287081339713 5.5803904
5.598086124401914 5.701632
5.645933014354067 5.8556416
5.693827751196173 5.1249152
5.741674641148325 3.3390592
5.7894736842105265 3.1342592
5.837368421052632 6.0669952
5.885215311004784 5.7491456
5.9330143540669855 5.1970048
5.980861244019139 3.8125568
6.028708133971293 4.3548672
6.0765550239234445 5.9572224
6.124401913875598 5.85728
6.172296650717703 3.1100384
6.220095693779904 3.5700736
6.267942583732058 4.9102848
6.315789473684211 6.0473344
6.363636363636363 6.5142784
6.411483253588517 5.2542432
6.459377990430623 4.513792
6.507177033492822 3.2374784
6.555023923444976 5.6131584
6.6028708133971294 5.9621376
6.650765550239235 5.33592
6.698564593301436 3.8874624
6.746411483253588 3.3972896
6.794258373205741 3.1154976
6.842153110047847 2.7725664
6.889952153110048 3.5479104
6.937799043062201 3.9862272
6.985645933014354 5.3592064
7.033492822966507 6.1587456
7.081339712918661 6.2226432
7.129186602870813 5.3248
7.1770813397129185 3.6569088
7.224928229665072 3.1424512
7.272775119617226 6.1046784
7.320622009569378 6.7403776
7.368421052631579 6.0899328
7.4162679425837315 2.7754496
7.464162679425837 3.7142528
7.512009569377991 6.0686336
7.5598564593301445 6.2226432
7.607655502392344 6.0489728
7.65555023923445 3.9026688
7.703349282296651 3.7388288
7.751196172248804 5.9932672
7.7990430622009566 6.0604416
7.846937799043062 5.849088
7.894736842105264 2.9687808
7.942583732057416 4.5973504
7.990430622009569 6.3275008
8.038277511961722 5.0937856
8.086124401913876 6.3291392
8.134019138755981 3.9354368
8.181818181818182 3.6438016
8.229665071770334 1.4352384
8.277511961722489 5.98016
8.325406698564594 6.332416
8.373205741626794 2.9392896
8.421052631578947 4.79232
8.4688995215311 6.2193664
8.516794258373206 5.8458112
8.564641148325359 5.8916864
8.61244019138756 4.2565632
8.660287081339712 3.842048
8.708133971291867 5.259264
8.756028708133972 4.6071808
8.803827751196172 6.2357504
8.851722488038277 5.5128544
8.89952153110048 2.6158784
8.947368421052632 2.4788416
8.995215311004785 5.1216384
9.043062200956937 6.1865984
9.09090909090909 5.11328
9.138755980861244 4.112064
9.186602870813397 2.687248
9.23444976076555 1.4628704
9.282296650717702 2.6255936
9.330143540669857 5.0890656
9.378038277511962 5.344976
9.425837320574162 4.4664416
9.473684210526315 4.603904
9.52153110047847 4.0730624
9.569377990430622 5.5721984
9.617272727272727 5.7606144
9.66507177033493 5.6016896
9.71291866028708 4.366336
9.760765550239235 3.2489472
9.808612440191387 4.7808512
9.85645933014354 4.75136
9.904306220095693 4.9020928
9.9522009569378 3.3030144
10.0 5.5443456
10.047846889952153 5.9162624
10.095693779904307 5.9539456
10.14354066985646 3.2342016
10.191435406698567 2.2577152
10.239234449760765 5.7360384
10.287081339712918 5.5853056
10.334976076555025 6.1879968
10.382775119617225 2.7251808
10.430669856459332 4.4826624
10.478516746411483 3.8942208
10.526315789473683 3.1823584
10.574162679425838 2.0764864
10.622057416267943 2.555904
10.669856459330143 3.5320352
10.71775119617225 4.772144
10.76555023923445 4.3728288
10.813444976076557 4.7285792
10.861244019138756 3.2869184
10.909090909090908 4.8398336
10.956937799043063 5.703792
11.004832535885168 4.7388608
11.052679425837322 4.706256
11.10047846889952 2.5919488
11.148325358851674 4.5907968
11.19622009569378 5.8949632
11.24401913875598 2.1429184
11.291866028708133 5.3357568
11.339712918660288 2.631184
11.38755980861244 2.9589504
11.435454545454547 5.7278464
11.483253588516746 6.0424192
11.531148325358851 6.38976
11.578947368421053 4.0042496
11.626794258373206 3.2161792
11.674688995215313 6.004736
11.722535885167463 4.8338592
11.770334928229664 5.7634144
11.818181818181818 3.7467072
11.866028708133971 2.9556736
11.913923444976078 6.0260352
11.961722488038278 5.3558752
12.009617224880383 3.555712
12.057464114832538 2.7683904
12.105263157894736 2.76152
12.153110047846889 2.2096416
12.200956937799043 2.88472
12.248803827751196 2.324512
12.2966985645933 2.7321504
12.344497607655502 2.7752224
12.392344497607654 3.0416224
12.440191387559809 2.6841376
12.488038277511961 2.2193472
12.535885167464116 2.3109856
12.583732057416269 4.4954816
12.631578947368421 3.134272
12.679425837320576 2.7962432
12.727272727272727 2.1118976
12.77511961722488 2.326432
12.823014354066984 4.8463872
12.870813397129186 5.9113472
12.91870813397129 5.0604576
12.966555023923442 3.3834592
13.014401913875597 2.5561888
13.062200956937799 0.311296
13.110047846889952 2.7295744
13.157894736842106 5.038784
13.20578947368421 1.391136
13.253588516746412 3.4264096
13.301483253588515 2.7879328
13.34933014354067 2.1211712
13.397177033492822 1.9481088
13.444976076555024 1.3906176
13.49287081339713 1.9536256
13.540669856459331 1.4158144
13.588516746411482 2.2732672
13.636411483253587 2.329344
13.68421052631579 3.1366944
13.732057416267942 2.6406688
13.779904306220097 3.2434528
13.8277990430622 3.430912
13.875598086124402 2.8448576
13.923444976076556 1.9610496
13.971291866028707 2.1207776
14.019138755980862 1.7636192
14.066985645933014 3.5274464
14.11488038277512 3.3559808
14.162679425837322 3.4950944
14.210526315789473 3.4895584
14.258373205741625 3.538944
14.30626794258373 3.9846624
14.354066985645932 3.6891264
14.401913875598087 3.781568
14.44976076555024 2.4605952
14.497655502392345 3.0204768
14.545454545454547 3.3725088
14.59334928229665 2.6800128
14.641148325358852 3.010704
14.688995215311005 2.897776
14.736842105263158 3.6575904
14.784688995215312 3.0402784
14.832583732057415 2.5999808
14.880382775119617 2.458752
14.92822966507177 2.3571552
14.976076555023923 1.7450784
15.023971291866028 3.9983776
15.07177033492823 3.8798752
15.119617224880383 4.115632
15.167511961722486 4.4474272
15.21535885167464 3.0244864
15.263157894736842 6.2783488
15.311004784688995 5.906432
15.3588995215311 6.5437696
15.406698564593302 4.7890432
15.454545454545453 5.5771136
15.502392344497608 2.9130752
15.55023923444976 4.6219264
15.598086124401913 5.9703296
15.645933014354068 6.2734336
15.69377990430622 5.7294848
15.741674641148325 5.3182464
15.789473684210527 3.4799616
15.837320574162678 3.1195136
15.885167464114833 6.2242816
15.933014354066986 4.2497376
15.980861244019138 3.6892064
16.02875598086124 2.5929984
16.076602870813396 4.374528
16.12444976076555 2.7905408
16.172248803827753 2.6317952
16.220095693779903 2.0296512
16.267942583732058 3.4963456
16.31578947368421 5.2363264
16.363684210526316 5.5619968
16.411483253588518 5.4682432
16.45937799043062 4.8132
16.507177033492823 3.3367552
16.555071770334926 2.5182208
16.60291866028708 3.8692288
16.650717703349283 1.9996224
16.698564593301434 3.37384
16.74641148325359 2.9215328
16.794258373205743 3.8624928
16.842105263157894 2.6542944
16.88995215311005 2.7931392
16.9377990430622 3.1650208
16.985645933014354 2.896048
17.033492822966508 2.165712
17.08138755980861 1.5825728
17.129234449760766 1.9763968
17.17708133971292 1.8190112
17.22488038277512 2.3113024
17.272775119617222 3.5142144
17.320574162679424 3.1949888
17.36842105263158 2.8747648
17.416267942583733 2.2142048
17.464162679425836 1.869904
17.51196172248804 1.4222016
17.55980861244019 2.825408
17.607655502392344 2.8453792
17.6555023923445 2.7353408
17.7033971291866 2.0683712
17.751196172248804 2.1639968
17.79904306220096 2.0396064
17.846889952153113 1.3145696
17.894736842105264 4.5042112
17.942583732057415 2.8773408
17.99043062200957 2.9594752
18.038277511961724 2.4288672
18.086124401913874 2.4573216
18.134019138755978 1.5478144
18.18181818181818 2.0416416
18.229665071770334 3.1821312
18.27751196172249 3.0222752
18.32535885167464 3.1797888
18.373205741626794 3.0771712
18.421052631578945 2.784896
18.4688995215311 3.2525056
18.516746411483254 2.4841984
18.564593301435405 2.6050624
18.61244019138756 2.9883712
18.660287081339714 2.6546848
18.70813397129187 3.3100064
18.75598086124402 3.4212448
18.803875598086123 3.4690304
18.851722488038277 3.5625728
18.89952153110048 2.415616
18.947416267942582 3.7634048
18.995215311004785 3.1885632
19.04306220095694 3.1861952
19.090909090909093 3.2064768
19.138755980861244 2.9384128
19.186602870813395 3.286672
19.23444976076555 3.0193152
19.282296650717704 3.1226912
19.33014354066986 3.1640256
19.37799043062201 3.0120384
19.425885167464113 3.24376
19.473684210526315 2.9052096
19.52153110047847 2.7779584
19.569377990430624 2.7079872
19.617224880382775 2.7330848
19.665071770334926 2.6372224
19.71291866028708 2.6302176
19.760765550239235 2.716928
19.808612440191386 2.448608
19.856507177033492 2.2128768
19.904306220095695 2.4393824
19.95215311004785 2.4123392
20.0 2.3923072
