0.0 0.0835552
0.11834389552600902 0.0
0.23656944715649203 0.56616
0.354913342682501 0.5359648
0.4733755821040361 0.32352
0.5917194776300451 0.3483232
0.709945029260528 0.8497792
0.828288924786537 1.1927104
0.946632820312546 1.2142784
1.064976715838555 1.6364928
1.183320611364564 2.0910176
1.301664506890573 2.1168992
1.420008402416582 2.2516992
1.538352297942591 2.5806112
1.6566961934686 2.3083776
1.775158432890135 2.4171712
1.8933839845206182 2.501888
2.0117278800466276 2.528848
2.1301901194681623 2.5169856
2.2484156710986456 2.2959136
2.366759566624655 2.31856
2.485221806046189 2.5838464
2.6034473576766723 2.4253216
2.7217912532026816 2.4328704
2.8402534926242162 2.389216
2.958479044254699 2.5425568
3.076941283676234 0.9558272
3.1952851792022434 2.3589248
3.3135107308327267 3.3850976
3.431854626358736 2.1557216
3.55031686578027 2.0794048
3.668542417410754 1.9689088
3.7868863129367627 1.9454336
3.905348552358298 1.175456
4.023692447884307 1.1689856
4.141917999514789 1.5647584
4.260380238936325 0.9899712
4.378605790566807 0.9932064
4.497068029988343 1.9179552
4.615293581618825 0.8524544
4.733637477144834 0.7356608
4.851981372670843 1.816352
4.970443612092378 1.0453664
5.0886691637228605 0.832128
5.20701305924887 0.0
5.325356954774879 0.0
5.443700850300887 1.1646112
5.562044745826897 1.7157952
5.680388641352906 1.4935264
5.798850880774442 2.0705856
5.917076432404924 2.658256
6.035420327930932 2.0629792
6.153882567352468 1.773968
6.272108118982951 1.8496064
6.390570358404487 2.1296896
6.508795910034969 1.6743648
6.6271398055609785 2.1893152
6.745602044982514 2.5326432
6.863945940508522 1.4353888
6.982289836034532 3.0015488
7.10063373156054 4.1285856
7.218859283191024 3.8093408
7.337321522612559 4.4367072
7.455547074243041 2.5788416
7.57389096976905 5.8671104
7.6923532091905855 4.524432
7.810578760821069 4.0911328
7.928922656347077 4.83096
8.047266551873086 3.2797888
8.165610447399095 4.2958848
8.283954342925103 3.8267648
8.402298238451113 3.4508384
8.520642133977121 3.6170368
8.63910437339866 2.5206848
8.75732992502914 3.771696
8.875673820555148 3.0130496
8.994017716081158 3.34304
9.112361611607167 3.3561888
9.230705507133177 3.3261792
9.349167746554713 4.0029376
9.467393298185195 3.2566912
9.585737193711203 3.3388032
9.704081089237212 2.5272096
9.822424984763222 2.4564032
9.94076888028923 4.287952
10.05911277581524 3.5462976
10.17745667134125 2.8319232
10.295800566867257 3.4374592
10.414144462393267 2.0423648
10.532606701814801 3.0993216
10.650832253445284 2.7057056
10.769294492866821 3.306976
10.887520044497304 2.2651168
11.005863940023312 2.0206144
11.12420783554932 2.3566112
11.24255173107533 2.2880128
11.361013970496865 1.9700512
11.479357866022875 2.6210496
11.597701761548883 2.2247392
11.716045657074892 1.8753376
11.834271208705374 1.2121216
11.952615104231384 3.3948032
12.070958999757393 4.1507616
12.189421239178929 3.1638688
12.307765134704937 4.3093408
12.42599068633542 3.9186368
12.544452925756955 3.910752
12.662678477387438 3.5179296
12.781140716808974 3.4907072
12.899366268439456 2.7410432
13.01782850786099 5.472256
13.136054059491473 6.1505536
13.25451629891301 6.2160896
13.372978538334547 5.3837824
13.4910857460695 2.6640384
13.60942964159551 4.2729472
13.727891881017044 5.1511296
13.846117432647528 5.996544
13.96469801596459 4.9692672
14.082805223699546 4.186112
14.201149119225555 3.8551552
14.319493014751563 3.826768
14.437836910277573 2.3913312
14.556180805803582 3.2362784
14.674524701329592 2.5194368
14.7928685968556 2.1430272
14.911212492381608 5.1314688
15.029674731803144 4.6350592
15.14801862732915 3.9033152
15.266362522855164 3.3366624
15.384706418381171 4.079616
15.502931970011657 5.8949632
15.621275865537667 5.19104
15.739619761063675 5.7988928
15.858082000485208 3.03104
15.976307552115694 3.2161792
16.094769791537228 5.9080704
16.212995343167712 6.3471616
16.331339238693722 5.9047936
16.44968313421973 4.063232
16.56802702974574 2.8540928
16.686370925271746 5.5345152
16.804714820797756 6.3012864
16.923058716323766 6.3700992
17.0415209557453 3.8535168
17.159746507375782 3.9288832
17.278090402901793 5.3313536
17.396552642323325 6.1800448
17.51477819395381 6.2570496
17.63312208947982 4.079616
17.75146598500583 3.3193984
17.869809880531836 5.2625408
17.988153776057846 6.2570496
18.106497671583856 5.9572224
18.22495991100539 4.4531712
18.343303806531395 3.7404672
18.461529358161883 5.6295424
18.57987325368789 5.9179008
18.6982171492139 6.0686336
18.81656104473991 4.5748224
18.935023284161442 2.8540928
19.053248835791926 4.554752
19.171592731317936 5.538608
19.29005497073947 4.4601536
19.40839886626548 3.7255328
19.526742761791485 3.6012032
19.645086657317496 5.2723712
19.763430552843506 4.9083616
19.88165610447399 4.797376
20.0 3.8596768
