0.0 1.0736736
0.04282646075704334 3.8444736
0.08569574797484372 3.6373184
0.12852220873188708 3.6303584
0.17130584302817334 4.1809088
0.2141751302459738 4.0136576
0.2570015910030171 3.689952
0.2997852252993034 3.5722432
0.34261168605634673 2.4080672
0.38548097327414715 2.0291136
0.4282646075704334 1.80296
0.4710910683274768 2.1417024
0.5139603555452772 2.1568
0.5567439898415635 1.795536
0.5995704505986068 1.8041632
0.6423969113556502 1.4860352
0.6852233721126935 0.3095008
0.7280498328697369 2.8178592
0.7708762936267801 0.3752832
0.8137455808445806 2.2916
0.8565292151408668 2.5363968
0.8993556758979102 2.3282656
0.9421821366549537 3.1963776
0.985008597411997 4.4688896
1.0278778846297973 4.329776
1.0706615189260835 3.725872
1.113487979683127 3.494016
1.1563572669009274 3.1500064
1.1991409011972136 3.2497792
1.2419673619542568 3.8119808
1.2848366491720575 4.6105792
1.3276202834683437 5.244816
1.370489570686144 4.8775168
1.4132732049824304 5.0359616
1.4560996657394738 3.1721344
1.498926126496517 2.2732672
1.5417954137143173 3.26552
1.5845790480106037 3.8373824
1.6274055087676471 2.5261472
1.6702747959854474 4.4580864
1.7130584302817335 5.7212928
1.755884891038777 3.9752064
1.7987113517958204 4.210032
1.8415378125528639 4.8344672
1.8844070997706641 4.9224608
1.9271907340669505 4.3226624
1.970017194823994 4.9940704
2.012843655581037 5.1019104
2.0557129427988374 3.88224
2.098496577095124 5.6616
2.141323037852167 4.452944
2.1841923250699673 4.5797344
2.2270187858270107 5.4642528
2.2698024201232974 5.61128
2.3126717073410976 3.4668544
2.3554981680981406 5.9342848
2.3983246288551845 6.1538304
2.4411510896122275 5.7884672
2.4839347239085137 4.3466752
2.5267611846655575 3.6306944
2.569587645422601 4.4466176
2.612414106179644 5.8425344
2.6552405669366874 5.6754176
2.698067027693731 4.9577984
2.740936314911531 3.2309248
2.7837199492078173 3.7404672
2.8265464099648607 6.0522496
2.869415697182661 4.1886816
2.9122421579397044 3.9769216
2.9550257922359906 3.2398976
2.997852252993034 4.202496
3.0406787137500775 4.139168
3.0835051745071205 3.7590912
3.126374461724921 2.7223776
3.1691580960212073 2.6765856
3.211984556778251 4.0124416
3.254853843996051 4.0476064
3.297637478292337 3.069376
3.3404639390493807 3.7207072
3.383290399806424 3.3775456
3.426116860563467 3.7404672
3.469028974242025 4.1646464
3.511769782077554 4.0486016
3.5545962428345974 3.423152
3.597465530052398 2.7735968
3.640249164348684 3.6864
3.6830756251057277 2.8631872
3.725902085862771 3.113568
3.7687285466198146 3.17848
3.8115550073768576 2.7815584
3.854381468133901 0.9961472
3.8972079288909445 5.10128
3.940034389647988 3.1122624
3.9828608504050313 2.5979072
4.025687311162074 2.7275584
4.068513771919118 2.3635264
4.111340232676161 3.464656
4.154166693433204 3.4770048
4.197035980651005 2.6881856
4.239862441408048 2.7039936
4.282646075704334 2.8853088
4.325472536461378 2.161984
4.368298997218421 2.1929056
4.411125457975464 2.3949824
4.453951918732508 2.7711968
4.496821205950308 3.1354496
4.539604840246595 3.0332064
4.582431301003638 2.7344896
4.625257761760681 2.5676704
4.668084222517725 2.2468672
4.710910683274768 2.1832
4.7537371440318115 2.1050368
4.796606431249612 1.9475904
4.8393900655458975 2.5439456
4.882216526302941 1.3066912
4.925042987059984 4.7481376
4.967869447817027 3.2625472
5.010695908574071 2.820016
5.053522369331115 3.0270688
5.096391656548915 2.7796288
5.139175290845202 3.0469664
5.182001751602244 3.5608768
5.224828212359288 4.2614784
5.267654673116331 2.2701856
5.310481133873375 5.28384
5.353307594630418 3.3803616
5.396134055387462 3.9268416
5.438960516144505 3.789008
5.481786976901548 3.7565568
5.524613437658591 3.5574816
5.567439898415635 3.3406176
5.610266359172678 3.397904
5.653135646390477 3.6320928
5.6959192806867645 4.1645152
5.738788567904564 3.2132608
5.78157220220085 3.6887232
5.824398662957895 3.0872544
5.867267950175695 3.2095232
5.910051584471981 3.4163712
5.952920871689781 2.9609632
5.9957473324468245 3.2047104
6.038530966743112 3.6644608
6.081357427500155 3.1669728
6.124183888257199 3.030656
6.167010349014241 2.6917728
6.209836809771286 3.551168
6.252663270528328 3.3573312
6.295489731285372 2.785648
6.338316192042415 2.6344896
6.381142652799459 0.7760416
6.423969113556502 4.1811968
6.4667955743135455 3.6303104
6.5096220350705885 2.9351552
6.5524484958276314 2.5806112
6.595274956584674 2.5531648
6.638101417341718 2.043888
6.680970704559518 4.4812384
6.723797165316561 4.274976
6.766580799612848 4.6419648
6.809407260369892 4.42256
6.852233721126934 2.5985024
6.895060181883979 4.8611328
6.937886642641021 5.7802752
6.980713103398065 3.2951424
7.023539564155108 3.2969408
7.066366024912152 3.1565248
7.109192485669195 4.8398336
7.152061772886994 5.8703872
7.194888233644038 5.1457376
7.237671867940325 3.8311936
7.280498328697368 4.1485408
7.323324789454412 3.1719424
7.3661512502114554 5.1904512
7.408977710968498 5.7475072
7.451804171725542 4.4459904
7.494630632482585 4.177888
7.537457093239629 2.749024
7.580326380457429 3.824736
7.623110014753715 3.1284384
7.665936475510758 3.2114752
7.708762936267802 2.7085472
7.751589397024845 3.1272256
7.794415857781889 3.7908416
7.837285144999688 2.8882176
7.880068779295976 2.539632
7.922895240053018 2.6637952
7.965721700810063 2.6868128
8.008590988027862 3.3315904
8.051417448784905 3.0648544
8.094201083081192 2.7522016
8.137027543838236 2.4615936
8.179854004595278 2.3591104
8.222723291813077 2.4770784
8.265506926109365 2.1051808
8.308376213327165 1.836288
8.351159847623451 1.4452416
8.393986308380496 1.2110432
8.43681276913754 1.2088864
8.479639229894582 1.1312416
8.522465690651625 1.2153568
8.565292151408668 1.29408
8.608161438626468 1.1312416
8.650945072922756 1.1082432
8.693771533679799 1.0334592
8.736597994436842 0.7856768
8.779424455193885 1.055152
8.822250915950928 1.0223232
8.865077376707973 0.8066432
8.907903837465016 0.7074304
8.950773124682815 0.8767392
8.993556758979102 1.0072256
9.036426046196901 1.0438912
9.07920968049319 0.814192
9.122036141250232 0.0
9.164905428468032 0.0
9.207731889225075 2.081312
9.250515523521361 0.6772352
9.29338481073916 0.0
9.33616844503545 0.0150976
9.378994905792492 2.2581696
9.421864193010292 0.6998816
9.46464782730658 0.7381856
9.50751711452438 0.155808
9.550300748820666 0.0
9.593127209577709 0.0
9.635996496795508 0.0
9.678780131091795 0.9872288
9.72160659184884 0.6454688
9.764475879066639 0.2631296
9.807259513362926 0.2178368
9.850085974119969 0.0
9.892912434877012 0.0
9.935781722094813 0.0
9.978608182851854 1.0859488
10.021391817148142 0.167152
10.064218277905185 0.2960416
10.10704473866223 0.495504
10.14991402588003 0.2296992
10.192697660176314 0.0830368
10.23552412093336 0.0938208
10.278350581690404 0.0959776
10.321177042447447 0.2598944
10.364046329665246 0.2199936
10.406829963961533 0.2146016
10.449699251179332 0.1800928
10.49248288547562 0.1897984
10.53535217269342 0.2944032
10.578564071597276 0.1844064
10.62096226774675 0.2146016
10.663788728503793 0.2404832
10.706615189260836 0.3095008
10.749484476478635 0.3537152
10.792268110774923 0.5273376
10.835137397992723 0.668608
10.87792103228901 0.7462528
10.920790319506807 0.9155616
10.963573953803094 1.1096736
11.00640041456014 0.9468352
11.049269701777941 1.0870272
11.092053336074226 1.5647584
11.13487979683127 1.2746688
11.177706257588314 0.0
11.220532718345355 1.7160672
11.263402005563158 1.5838368
11.306185639859443 0.0
11.349012100616488 2.027392
11.391924214295043 0.9198752
11.434707848591332 0.6400928
11.477491482887617 0.8578048
11.52031794364466 0.8552128
11.5631444044017 0.5844512
11.605970865158746 0.4895936
11.64879732591579 0.4561632
11.691623786672833 0.5057696
11.734450247429875 0.4992992
11.77727670818692 0.3418528
11.82014599540472 0.3159712
11.862929629701007 0.2879328
11.905798916918808 0.3278336
11.948582551215093 1.1763104
11.991409011972136 3.5093376
12.03423547272918 1.1307232
12.077061933486224 2.5919136
12.119888394243265 1.6909312
12.16271485500031 1.9702368
12.205584142218111 1.5469856
12.248410602975156 0.9464832
12.291194237271439 2.7629024
12.334020698028482 2.6839712
12.376847158785527 3.4879232
12.419673619542571 4.182176
12.462500080299613 2.5232896
12.505326541056656 2.796416
12.5481530018137 2.528848
12.590979462570743 2.2807744
12.633848749788545 2.4933024
12.67663238408483 2.3624032
12.71950167130263 2.859168
12.762328132059675 2.3371424
12.805154592816718 3.0058656
12.847938227113003 3.3063616
12.890807514330804 3.1874464
12.933591148627091 3.0352992
12.976417609384132 3.4844096
13.019244070141177 4.0090144
13.062113357358978 3.9397536
13.104896991655263 3.5016288
13.147723452412306 3.52888
13.190549913169349 3.7751776
13.233376373926394 3.3182368
13.276202834683437 2.6162752
13.319029295440481 4.3523456
13.361855756197523 3.5360352
13.404682216954566 2.5342496
13.447551504172369 1.671168
13.490335138468655 5.6983552
13.533204425686456 3.5573376
13.576030886443498 2.9884416
13.618814520739784 3.670016
13.661640981496827 4.7415296
13.704467442253868 3.625936
13.747293903010913 4.0400608
13.790120363767958 2.6577056
13.832989650985759 4.4707456
13.875816111742802 3.4357184
13.918642572499845 3.7991616
13.961469033256888 4.2342176
14.004295494013931 3.8758688
14.047079128310216 3.0042624
14.08990558906726 3.6548576
14.132732049824304 3.1613504
14.175558510581347 3.2338112
14.21838497133839 2.6763392
14.261254258556193 3.1863904
14.304037892852477 1.4310048
14.34686435360952 3.364896
14.389690814366563 4.7018496
14.432517275123606 2.9378112
14.47534373588065 2.8171392
14.518213023098452 3.1235584
14.560996657394735 2.9601664
14.60382311815178 3.0551072
14.646649578908823 2.9830688
14.689476039665868 2.9033568
14.732302500422911 2.9457952
14.775128961179952 2.9818208
14.817955421936997 2.9551648
14.860781882694042 3.070288
14.903608343451085 3.032176
14.946477630668886 3.3594176
14.989304091425929 3.284848
15.032087725722214 3.3570176
15.074914186479258 3.1888288
15.11778347369706 3.1931424
15.160567107993344 3.2362784
15.203393568750387 3.2006912
15.24622002950743 3.5274464
15.289046490264473 3.296192
15.331872951021516 3.2493024
15.374742238239318 3.1730464
15.417525872535604 3.85528
15.460352333292647 3.5188192
15.503221620510448 4.1320576
15.546005254806733 4.3581856
15.588874542024536 4.8215264
15.631701002781579 4.8301536
15.674484637077864 4.8765248
15.717311097834907 4.6996672
15.760137558591952 4.4738464
15.802964019348993 4.2849184
15.845790480106036 4.6862496
15.888659767323839 5.3219456
15.931443401620125 5.4534688
15.974312688837927 5.4210752
16.01713914959497 5.1104128
16.059922783891253 5.5430656
16.102749244648297 6.1748288
16.145575705405342 6.3593248
16.188402166162383 6.6666688
16.231228626919428 7.2878688
16.274055087676473 7.3794496
16.316881548433514 6.84952
16.359750835651315 6.98096
16.40257729640836 7.8529088
16.445360930704645 7.8912544
16.48818739146169 7.6883904
16.53101385221873 7.3417472
16.573883139436532 6.734608
16.616666773732817 6.9621504
16.659536060950618 6.7917632
16.702319695246903 6.9093088
16.745146156003948 7.9758464
16.787972616760992 8.0175104
16.830799077518034 8.7096352
16.873668364735835 8.7047616
16.91645199903212 8.4598688
16.959278459789164 7.291408
17.00210492054621 7.8904864
17.04493138130325 7.5086304
17.087800668521055 7.7920416
17.130584302817336 8.4374848
17.17341076357438 8.6650464
17.216237224331422 8.9643488
17.259063685088467 8.151728
17.301890145845512 5.88688
17.344716606602553 6.4412832
17.387543067359598 6.1618528
17.4304123545774 6.4719552
17.473195988873684 7.8971232
17.516065276091485 5.3495904
17.55884891038777 5.4365664
17.601675371144815 2.921904
17.644501831901856 3.202848
17.6873282926589 5.2211168
17.730154753415945 6.8152864
17.772981214172987 5.005552
17.815850501390788 6.1026656
17.858634135687076 6.2013216
17.901460596444117 9.939216
17.94428705720116 8.5196128
17.987113517958203 8.1986976
18.029939978715248 8.120352
18.07280926593305 7.8982016
18.115635726690094 7.787168
18.15841936098638 7.7871264
18.20124582174342 7.14664
18.244072282500465 8.2243136
18.28715570202205 9.0076096
18.32972520401455 10.2415104
18.372551664771596 8.89712
18.41537812552864 9.0510752
18.45820458628568 8.679696
18.501031047042723 8.3776928
18.543900334260528 7.003248
18.586683968556812 6.6343168
18.629510429313854 4.5734944
18.6723368900709 7.889056
18.715163350827943 6.3032064
18.758032638045744 4.3508896
18.800816272342026 4.3313088
18.84364273309907 3.5393504
18.88651202031687 4.2361472
18.92929565461316 6.355296
18.9721221153702 4.648464
19.014948576127246 3.6325696
19.057775036884287 5.3941568
19.10064432410209 3.4648992
19.143427958398377 3.5885216
19.186254419155418 4.7264608
19.229080879912463 4.842016
19.271950167130264 5.6951616
19.31473380142655 6.4325248
19.35756026218359 7.1957696
19.400386722940635 6.3004064
19.44321318369768 6.1317824
19.48608247091548 6.646864
19.528866105211765 7.043424
19.571692565968807 6.7529408
19.61451902672585 6.179232
19.657345487482896 6.0763072
19.700171948239937 6.0837312
19.742998408996982 5.5473728
19.785824869754023 4.9465792
19.828694156971828 5.1588384
19.87147779126811 5.4326464
19.914304252025154 4.996144
19.9571307127822 6.071392
20.0 8.8169984
