0.0 0.0
0.05791304347826086 1.2735904
0.11594202898550723 1.4413024
0.17385507246376813 1.126368
0.23182608695652174 1.9401472
0.2898550724637681 4.3906656
0.347768115942029 2.7439232
0.4057391304347826 2.4734144
0.46371014492753626 1.3130016
0.5216811594202899 0.9633792
0.5796521739130435 3.777632
0.6376231884057971 4.0271616
0.6955942028985508 2.8551264
0.7535652173913043 3.5346432
0.811536231884058 2.8597696
0.8695652173913043 3.8936256
0.9274782608695653 3.7745664
0.9854492753623189 3.9337536
1.0434202898550724 3.3581376
1.101391304347826 2.69264
1.1593623188405797 4.548208
1.2173913043478262 3.5108
1.275304347826087 2.4985568
1.3332753623188407 3.2482592
1.3912463768115941 2.2149792
1.4492173913043476 0.851968
1.5071884057971014 1.4224096
1.5651594202898549 3.3194752
1.6231884057971013 2.2009792
1.6811014492753622 2.1394208
1.739072463768116 2.7035488
1.7970434782608695 2.1718976
1.8550144927536234 1.5561312
1.9130434782608696 1.5658368
1.9709565217391307 1.1075168
2.028927536231884 0.7139008
2.0869565217391304 1.1905536
2.1448695652173915 0.0948992
2.202840579710145 1.4590752
2.260811594202899 0.2124448
2.3187826086956522 0.5074496
2.376753623188406 1.0299552
2.4347246376811595 0.7153728
2.4926956521739134 1.7324704
2.550724637681159 1.9168352
2.608695652173913 2.0392544
2.666608695652174 1.9421984
2.7245797101449276 2.1854048
2.782550724637681 2.4539136
2.8405797101449277 2.511552
2.898492753623189 2.6215904
2.956521739130435 1.6596576
3.0144927536231885 2.4745824
3.0724057971014496 2.2246752
3.130434782608696 0.9024032
3.1884057971014492 2.777088
3.2463768115942027 1.555472
3.3042898550724638 2.5660736
3.362260869565217 1.6037504
3.420231884057971 2.2024832
3.4782028985507245 1.569632
3.5361739130434784 2.253504
3.594144927536232 1.6093056
3.6521159420289857 1.7108384
3.7100869565217387 1.277904
3.7680579710144926 0.2232288
3.826028985507246 0.5898848
3.884057971014493 1.542112
3.9419710144927533 2.350912
3.999942028985507 2.243072
4.057971014492754 1.9142432
4.115884057971014 0.7084256
4.173855072463768 0.2771488
4.231884057971015 2.2590912
4.289797101449276 3.4756
4.3478260869565215 3.2322048
4.405797101449275 3.0982432
4.463710144927536 2.593552
4.5216811594202895 2.9438368
4.579710144927536 3.061904
4.637623188405796 3.6329984
4.695652173913044 3.6212288
4.753565217391304 3.331216
4.811536231884058 3.330224
4.869565217391305 2.8871744
4.927478260869565 3.7568896
4.985449275362319 3.1503392
5.043420289855072 1.6704608
5.101391304347826 3.6892064
5.159362318840579 1.2550144
5.217391304347826 4.3666848
5.27536231884058 1.649952
5.333333333333333 4.5583968
5.391246376811594 1.29408
5.449217391304347 2.6338784
5.507188405797101 2.9215616
5.565159420289855 2.9712832
5.6231884057971016 1.478112
5.681101449275362 1.8583552
5.739072463768116 1.1497216
5.7970434782608695 2.1020672
5.855014492753623 3.2646016
5.912985507246376 2.8158784
5.97095652173913 4.1204992
6.028927536231884 2.62032
6.086898550724637 4.479312
6.144869565217391 3.0244288
6.202898550724639 3.2004672
6.260811594202899 3.1591488
6.3188405797101455 2.2519264
6.376753623188406 2.781712
6.4347246376811595 3.0637344
6.492695652173913 2.4522816
6.550898550724638 4.1874208
6.60863768115942 4.7060928
6.666608695652174 3.702784
6.72463768115942 5.918752
6.78255072463768 4.7268608
6.840521739130434 5.2460224
6.898550724637681 4.3531392
6.956463768115942 2.351104
7.014434782608695 5.7901056
7.072405797101449 6.2357504
7.130434782608695 5.8703872
7.1883478260869555 4.3761664
7.246318840579709 2.834432
7.304289855072463 5.6786944
7.362260869565217 5.8523648
7.420231884057971 4.431136
7.478202898550724 2.5752192
7.536173913043478 0.6641792
7.594202898550725 5.7080992
7.652115942028985 5.6456384
7.710086956521739 5.832864
7.768057971014493 4.4054944
7.826086956521739 2.8442624
7.884057971014493 6.3012864
7.941971014492753 6.4454656
7.999942028985507 6.0178432
8.057971014492754 4.6186496
8.115884057971014 2.1856256
8.173913043478262 0.7749632
8.231826086956522 5.77536
8.289797101449276 6.5536
8.34776811594203 4.9430528
8.405739130434783 3.3374208
8.46376811594203 5.6492032
8.52168115942029 5.9047936
8.579710144927535 5.9670528
8.637623188405797 4.4904288
8.69559420289855 3.0834688
8.753565217391303 4.7693824
8.811536231884057 6.406144
8.869507246376811 5.8898976
8.927536231884059 3.8011392
8.985449275362319 3.6962304
9.043420289855073 4.7316992
9.101449275362318 6.2193664
9.159362318840579 6.3963136
9.217391304347826 5.4099968
9.275304347826086 2.654208
9.33327536231884 4.4744704
9.391246376811594 6.2439424
9.449217391304348 6.1227008
9.507246376811594 4.3656832
9.565159420289856 3.1113216
9.623130434782608 4.448256
9.681101449275362 2.6778784
9.73913043478261 1.005216
9.79704347826087 3.7052352
9.855014492753623 2.3714016
9.912985507246377 2.6571776
9.970956521739131 4.2845728
10.028927536231883 4.6456576
10.086898550724637 3.1995552
10.144869565217391 2.9392896
10.202840579710145 3.5971584
10.260811594202899 3.1545536
10.318782608695651 3.1312992
10.376753623188407 2.368512
10.434782608695652 3.080576
10.492695652173914 3.6956768
10.55072463768116 4.6605984
10.60863768115942 3.4003904
10.666608695652172 3.3258368
10.724579710144928 2.2554208
10.78255072463768 2.2536672
10.840521739130436 2.610592
10.898550724637682 1.8051584
10.956521739130434 2.216112
11.014492753623188 1.2951584
11.07240579710145 1.6995584
11.130376811594203 1.7477152
11.188347826086957 2.0525664
11.246376811594203 1.7713344
11.304289855072462 1.7235968
11.362260869565217 3.054192
11.42023188405797 2.0144512
11.478202898550725 2.0586656
11.536173913043477 2.3891136
11.594144927536231 2.2394208
11.652115942028985 2.29048
11.710086956521739 1.3370112
11.768057971014493 1.78672
11.82608695652174 3.2268064
11.883999999999999 3.07304
11.941971014492754 2.5075296
11.999942028985506 3.1675296
12.057971014492754 2.3548576
12.115884057971014 2.4548064
12.173855072463768 3.039232
12.231884057971014 3.35568
12.28985507246377 3.5026432
12.347768115942028 2.675664
12.405739130434783 4.6663968
12.463710144927536 2.1718784
12.521739130434783 4.3488928
12.579652173913043 3.790576
12.637623188405797 4.0127264
12.695652173913043 2.1180832
12.753565217391305 2.2470848
12.81159420289855 4.1205984
12.869565217391303 1.5465472
12.927478260869565 1.40192
12.98550724637681 0.6837056
13.043420289855073 2.0392544
13.101391304347825 3.0924
13.159420289855072 2.972128
13.217333333333332 3.3916512
13.275304347826086 1.330704
13.33327536231884 2.6604288
13.391246376811594 4.2767104
13.449217391304346 3.952336
13.507188405797102 3.7761248
13.565159420289854 3.0566176
13.62313043478261 2.9038272
13.681159420289855 4.0006304
13.739072463768116 3.0491744
13.797101449275361 4.7984992
13.855014492753623 2.8160832
13.912985507246376 2.0801664
13.970956521739131 3.774448
14.028985507246377 3.4336448
14.086898550724637 2.5245344
14.144927536231883 2.9138368
14.202840579710145 1.7676416
14.260811594202899 3.6038688
14.318782608695653 2.5530144
14.376753623188405 2.1993824
14.43472463768116 2.3596512
14.492695652173913 2.4932352
14.550666666666668 0.8433344
14.60863768115942 1.1010464
14.666666666666666 1.0924192
14.724579710144926 1.1075168
14.782608695652172 3.4647136
14.840579710144926 3.1512704
14.89849275362319 2.8120352
14.956463768115944 1.919984
15.014434782608696 2.6115744
15.072463768115941 3.0441472
15.130376811594203 3.3877408
15.18840579710145 2.5957088
15.246318840579711 1.6483552
15.304347826086957 2.2608448
15.362260869565219 1.3458432
15.420231884057973 0.9155616
15.478202898550727 2.1463488
15.53617391304348 0.20672
15.594144927536233 0.8497792
15.652115942028988 0.4626336
15.71008695652174 2.0155296
15.768115942028986 1.0234016
15.826028985507248 0.7786048
15.884 0.8659552
15.941971014492754 0.6642944
16.0 0.7343904
16.057913043478262 0.668608
16.115884057971016 0.5844928
16.17385507246377 0.177936
16.231826086956524 0.6599808
16.289797101449278 1.4730944
16.34776811594203 0.37744
16.405739130434785 0.3677344
16.463768115942027 1.0579104
16.52173913043478 0.878896
16.579652173913043 0.4777312
16.637623188405797 0.8219168
16.695652173913043 1.8029088
16.753565217391305 1.2336896
16.81153623188406 1.4321152
16.869507246376813 0.868112
16.927478260869567 1.1280064
16.985507246376812 1.974304
17.043420289855074 2.2869728
17.10139130434783 1.6305408
17.159362318840582 2.5363968
17.217333333333336 0.948992
17.275304347826086 1.1663104
17.333275362318844 1.2795008
17.391246376811594 0.9511488
17.44921739130435 0.361264
17.507188405797102 0.1736224
17.56515942028986 0.145584
17.62313043478261 0.5273376
17.681101449275364 0.695568
17.739072463768117 1.2768256
17.797101449275363 1.1981024
17.855014492753625 1.062224
17.912985507246376 0.0
17.970956521739133 2.7790368
18.028927536231883 1.4213312
18.08689855072464 1.3623936
18.14486956521739 0.1214848
18.202898550724637 1.7815168
18.2608115942029 1.6844608
18.318840579710145 1.3361376
18.376753623188407 1.6187776
18.43472463768116 1.1548672
18.492695652173914 1.6434816
18.550666666666668 0.8895712
18.608695652173914 1.9070976
18.666666666666668 1.9706688
18.72457971014493 1.6895616
18.782608695652176 1.7060288
18.840521739130438 1.7103424
18.89849275362319 1.3458432
18.956521739130434 1.649952
19.0144347826087 1.784752
19.07240579710145 1.6779904
19.130376811594203 1.7545568
19.18840579710145 1.7571104
19.24631884057971 1.8005312
19.304289855072465 1.7071072
19.36226086956522 1.7933792
19.420289855072465 1.477408
19.47826086956522 1.9454336
19.53617391304348 1.4159392
19.59414492753623 1.69792
19.65211594202899 1.2531008
19.71008695652174 1.8958272
19.768057971014493 1.7933792
19.826028985507246 1.4752512
19.884 1.94112
19.941971014492754 2.0047456
20.0 1.288688
