0.0 0.0091456
0.03679558011049724 1.734528
0.07366482504604051 4.552208
0.11046040515653775 8.1972544
0.14729281767955804 9.2666912
0.18412523020257832 8.0100032
0.22095764272559854 7.558176
0.2578268876611418 7.5370592
0.2946224677716391 6.336304
0.3314917127071823 6.3109664
0.36832412523020264 5.19776
0.40511970534069985 2.801664
0.4419521178637201 4.1107456
0.47882136279926335 7.04512
0.5156537753222836 7.3744384
0.5524493554327808 4.7003808
0.5892817679558011 0.7995392
0.6261141804788213 2.7148288
0.6629465930018417 6.7485696
0.6997790055248618 3.7287488
0.7366114180478821 5.4809824
0.7734438305709024 3.2260096
0.8102762430939225 5.2559872
0.847145488029466 6.316032
0.8839410681399631 6.168576
0.9207734806629833 6.0309504
0.9576058931860036 3.7257216
0.9944383057090239 3.0408704
1.0312707182320442 4.1017344
1.0681031307550644 4.2169664
1.1049355432780847 4.1481536
1.141767955801105 2.7210272
1.178600368324125 5.2035584
1.2154327808471452 6.258528
1.2522651933701656 3.7887648
1.2890976058931858 3.8985312
1.3259300184162062 3.6732928
1.3627624309392263 1.4221312
1.3995948434622465 6.2488576
1.4364272559852669 5.6330368
1.473259668508287 4.1775744
1.5100920810313072 4.70832
1.5469613259668509 2.2872512
1.5837937384898713 1.6990208
1.6205893186003681 3.792896
1.6574585635359116 5.824512
1.6942541436464087 5.9949056
1.7311233885819521 4.5100736
1.7679189686924492 3.359856
1.8047513812154694 2.3337088
1.8415837937384896 1.5345632
1.878453038674033 0.9259744
1.9152486187845303 0.3627136
1.9520810313075505 1.1991808
1.988913443830571 1.1129088
2.025745856353591 1.0048576
2.0626151012891345 4.800736
2.0994106813996316 4.7438112
2.136279926335175 2.6918336
2.173075506445672 2.7940928
2.209944751381215 1.934048
2.2467403314917127 1.2919232
2.283572744014733 1.1155392
2.320405156537753 2.6841824
2.3572744014732967 3.8090336
2.3940699815837934 5.8747616
2.430939226519337 5.1733056
2.467734806629834 4.3438112
2.5045672191528547 3.9567904
2.5413996316758745 3.5618816
2.578232044198895 3.5358656
2.615064456721915 3.5129504
2.6519337016574585 3.1693728
2.6887661141804786 2.3492416
2.725561694290976 4.4437024
2.7623941068139963 2.0691072
2.7992265193370165 1.185504
2.8360589318600367 3.6309088
2.872891344383057 2.9065216
2.9097237569060774 4.376624
2.9465561694290976 3.1054368
2.9833885819521178 4.4162976
3.020220994475138 3.6392928
3.057053406998158 0.775136
3.0938858195211782 3.6552256
3.130718232044199 4.0435872
3.167550644567219 3.8684032
3.204383057090239 3.9912384
3.2412154696132593 2.4082112
3.278084714548803 0.950272
3.314917127071823 6.4749568
3.3517495395948433 4.1255168
3.3885451197053404 2.7046208
3.425377532228361 0.756256
3.4622467771639043 2.6277632
3.4990423572744014 1.7239488
3.535874769797421 1.2804736
3.5727440147329648 1.7861312
3.6095395948434623 1.7378528
3.6463720073664825 1.6749824
3.6832044198895026 2.029632
3.720036832412523 2.618272
3.756906077348066 2.1481728
3.7937016574585636 1.7394592
3.8305340699815837 1.7728896
3.8674033149171274 1.45528
3.904198895027624 1.5227008
3.9410313075506442 1.579856
3.9778637200736644 2.0090592
4.0146961325966855 1.8192608
4.051528545119705 1.5927968
4.088360957642726 0.6966464
4.125230202578269 0.7474144
4.162062615101289 1.5729152
4.198858195211786 1.9587616
4.235690607734806 1.633776
4.272523020257827 1.60632
4.309355432780847 2.3125856
4.346187845303867 2.2560128
4.383020257826887 2.3342176
4.41988950276243 1.7547232
4.456685082872928 2.5007264
4.493517495395948 1.986848
4.530349907918969 2.2517952
4.567182320441988 1.7652864
4.604014732965009 1.772288
4.640847145488029 1.9163168
4.67767955801105 1.3781952
4.714548802946593 2.2727904
4.751381215469613 2.3395264
4.78817679558011 1.3291488
4.825009208103131 1.153328
4.861841620626151 1.8888864
4.898710865561695 1.6633632
4.935543278084714 1.1206656
4.972375690607735 0.8398656
5.009208103130756 0.0
5.046040515653775 0.8185888
5.082872928176796 0.3732928
5.1197053406998165 2.9528064
5.156500920810313 1.7036096
5.193370165745856 1.9711808
5.230165745856353 2.1288032
5.266998158379374 2.1645824
5.303867403314917 2.7239712
5.340662983425414 0.8227232
5.377495395948434 2.598832
5.414364640883978 1.4569184
5.451160220994476 1.6103136
5.4879926335174956 2.9584736
5.524825046040515 2.4246368
5.561657458563536 2.6614912
5.598526703499079 2.6399232
5.635322283609576 2.7560352
5.672191528545119 3.9138688
5.70902394106814 3.6793984
5.745819521178637 3.2956928
5.78268876611418 3.5231328
5.819484346224677 2.2042496
5.856353591160221 2.2980704
5.893186003683242 1.3674112
5.929981583793738 1.4434592
5.966850828729282 1.2525408
6.003683241252302 1.2196704
6.040478821362799 1.477408
6.077311233885819 1.4040768
6.11414364640884 1.1528096
6.150976058931859 1.2789824
6.18780847145488 1.9668864
6.2246408839779 1.7050656
6.261510128913443 1.5453472
6.2983425414364635 1.8127904
6.3351381215469615 1.7858304
6.371970534069982 0.9673248
6.408839779005525 1.2938752
6.445672191528545 2.0831552
6.482504604051566 3.3952064
6.519300184162063 2.848048
6.5561325966850825 2.0760416
6.592965009208102 1.2196704
6.629797421731123 1.1927104
6.666666666666666 0.7694592
6.703462246777163 4.0967264
6.740294659300185 4.478144
6.777127071823204 1.2752736
6.813959484346225 3.11296
6.850791896869245 6.291456
6.887624309392265 4.4104096
6.924456721915285 4.6370368
6.961289134438306 2.2015072
6.998158379373849 4.9446912
7.034990791896869 6.4913408
7.071786372007366 4.4379616
7.10865561694291 4.6496224
7.145451197053408 2.8079808
7.1822836095764275 3.6683776
7.219152854511971 6.4782336
7.255948434622468 4.2151968
7.2927808471454885 3.1516896
7.329613259668508 3.7429696
7.366482504604051 3.7322752
7.4032780847145485 6.0751872
7.440110497237569 6.1063168
7.476942909760589 4.8740256
7.513775322283609 2.8248192
7.550607734806629 2.2740992
7.587476979742172 3.3652736
7.624309392265194 5.6885248
7.661104972375691 3.9686752
7.697974217311234 2.3818784
7.734769797421731 2.4836576
7.771602209944751 2.094976
7.808471454880294 2.305952
7.845267034990791 2.3920384
7.882099447513812 2.1572416
7.918931860036832 2.0734016
7.955801104972375 2.0650944
7.9926335174953955 1.99504
8.029429097605894 2.3618208
8.066261510128914 2.0755296
8.103130755064457 2.2702976
8.139926335174954 2.4576736
8.176795580110497 2.0677536
8.213627992633517 2.487408
8.250423572744015 2.142704
8.287255985267034 2.3758336
8.324088397790055 1.8844832
8.360920810313075 2.3913312
8.397753222836094 3.1830016
8.43462246777164 3.4930976
8.471418047882137 3.4452032
8.508250460405156 4.6845568
8.545082872928177 4.4495744
8.581915285451197 2.5746176
8.61878453038674 2.8845312
8.655580110497237 0.7055552
8.692412523020257 5.3501216
8.729244935543278 3.7601088
8.766077348066299 4.3031712
8.802909760589317 3.9023616
8.839742173112338 2.2355776
8.876574585635359 2.2064064
8.913443830570904 0.2905664
8.950276243093922 3.93616
8.98707182320442 1.2337152
9.023941068139964 2.1916896
9.06073664825046 3.3744672
9.09756906077348 2.463584
9.134401473296501 2.361696
9.171270718232044 3.7241728
9.208103130755065 2.1266432
9.244935543278084 2.5985024
9.281731123388582 6.176768
9.318563535911602 5.832704
9.355395948434623 5.4065728
9.392228360957644 2.1495808
9.429060773480662 5.0823168
9.465930018416206 6.0112896
9.502725598526705 6.2865408
9.539558011049724 4.026896
9.576390423572745 2.3298048
9.613259668508288 4.6517632
9.650092081031307 3.8286208
9.686887661141805 3.9118304
9.723720073664825 4.2070688
9.760552486187846 2.9732224
9.79742173112339 3.2088832
9.834217311233887 3.7006976
9.871086556169429 2.9362112
9.907882136279927 1.7513216
9.94475138121547 2.0942528
9.981546961325968 1.7383808
10.018379373848989 1.3566272
10.05521178637201 1.8904352
10.09204419889503 1.4310368
10.128913443830571 1.8467264
10.16570902394107 1.4747456
10.202578268876612 1.9421984
10.23937384898711 3.4619008
10.27620626151013 4.134608
10.31303867403315 3.56352
10.34987108655617 4.2562464
10.386740331491712 2.40696
10.423535911602212 3.3656864
10.46036832412523 4.6716288
10.497200736648251 2.4296352
10.534069981583794 3.1594016
10.57086556169429 2.4213184
10.607697974217311 2.9203488
10.644530386740332 3.4465248
10.681362799263352 2.9626432
10.718195211786373 3.3395264
10.755027624309392 2.4113024
10.791860036832412 2.2775808
10.828692449355433 2.4015968
10.865561694290975 2.340128
10.902357274401474 2.0507872
10.939189686924495 1.9274304
10.976022099447516 1.6434816
11.012854511970536 1.6042656
11.049686924493557 1.4535168
11.086519337016576 1.364176
11.123351749539596 1.2557152
11.160184162062617 1.1588224
11.197016574585636 1.2175136
11.233848987108656 0.5187104
11.270681399631677 1.5464256
11.307513812154697 1.0589888
11.344346224677718 1.1668288
11.38121546961326 0.5844928
11.41804788213628 0.4669472
11.454843462246778 0.62008
11.491675874769797 0.5629248
11.528508287292818 0.4550848
11.56537753222836 0.2329344
11.602173112338859 0.2512672
11.63900552486188 0.4162624
11.675837937384898 0.6944896
11.712707182320441 1.3879008
11.749539594843464 2.3897344
11.786335174953962 1.0255584
11.82316758747698 0.0183328
11.860000000000001 3.3085728
11.896832412523022 2.1228512
11.933664825046042 4.0813088
11.970497237569063 3.257008
12.007329650092082 2.9556064
12.044162062615102 2.7434112
12.081031307550646 4.1158016
12.117863720073665 3.7852032
12.154696132596685 3.5198656
12.191491712707183 2.9361056
12.228324125230204 3.416656
12.265193370165745 2.0396896
12.302025782688766 2.404832
12.338821362799264 2.1263008
12.375690607734807 2.9540416
12.412486187845303 3.2228192
12.449318600368324 2.6340128
12.486151012891344 2.7412512
12.522983425414365 2.13752
12.55988950276243 4.2692992
12.596648250460404 3.852
12.633480662983427 5.0946112
12.670313075506447 4.5290624
12.707145488029468 3.2473088
12.743977900552487 3.8387712
12.78084714548803 5.897264
12.817642725598528 4.546
12.854475138121549 4.3128544
12.89130755064457 2.5198592
12.928139963167588 3.1522496
12.965009208103131 2.9736576
13.00180478821363 4.861376
13.038637200736648 5.455872
13.075469613259669 4.390912
13.11230202578269 2.7918336
13.14913443830571 5.9572224
13.186003683241251 4.2369024
13.222836095764272 3.4275328
13.25963167587477 4.2172416
13.29646408839779 1.6613376
13.33329650092081 1.425408
13.37012891344383 4.8726016
13.40696132596685 3.735552
13.443793738489871 4.091984
13.480626151012894 2.1577728
13.517458563535914 5.6721408
13.554327808471456 5.7966592
13.591123388581954 4.924896
13.627955801104974 2.3073248
13.664788213627993 2.8852224
13.701620626151014 5.8769408
13.738489871086557 5.7019968
13.775285451197055 4.18552
13.812117863720076 3.9829504
13.848950276243094 2.6345472
13.885782688766115 5.865472
13.922615101289136 6.1046784
13.959484346224677 5.9490304
13.996279926335175 3.7634208
14.033112338858196 2.4510464
14.069944751381216 4.0988768
14.106777163904237 3.2318816
14.143609576427256 2.688576
14.180441988950276 2.1309632
14.217274401473297 4.0206656
14.254106813996316 2.869104
14.290939226519336 2.3902112
14.327771639042357 3.1365856
14.364640883977902 2.8915168
14.4014364640884 4.2893312
14.43826887661142 3.4400512
14.475138121546962 3.289472
14.51193370165746 3.2990304
14.54876611418048 2.7647584
14.5855985267035 3.4930688
14.62243093922652 4.1853376
14.65926335174954 2.260992
14.696132596685082 2.7885568
14.732928176795582 2.7492352
14.7697605893186 3.2325632
14.806593001841621 5.9211776
14.843425414364642 6.2160896
14.880294659300183 4.0994528
14.917090239410681 0.8194208
14.953922651933702 1.010624
14.990755064456723 1.8106336
15.027624309392264 2.2128768
15.064419889502762 2.3301952
15.101289134438305 2.4695392
15.138084714548803 2.5765216
15.174917127071822 0.6729216
15.211749539594845 1.5162304
15.248581952117865 0.9187968
15.285414364640886 1.1169056
15.322246777163906 4.2724192
15.359079189686927 2.2801632
15.395911602209946 4.091408
15.432780847145489 5.5918592
15.469576427255987 4.6891008
15.506408839779006 2.0840448
15.543278084714549 3.997696
15.580073664825047 5.7155168
15.616906077348068 4.809104
15.653738489871088 2.9100416
15.690570902394107 1.990656
15.727403314917128 4.545136
15.764235727440148 4.032528
15.801068139963167 4.0273056
15.837900552486188 2.9994144
15.874769797421731 2.932736
15.911565377532229 5.1905088
15.94839779005525 4.287712
15.985230202578268 3.865536
16.02206261510129 3.16568
16.05889502762431 2.228224
16.095727440147332 5.7737216
16.13255985267035 4.0600416
16.169392265193373 4.2051584
16.206298342541437 3.2194592
16.24305709023941 2.408448
16.279889502762433 3.6252
16.316721915285452 2.4028224
16.353554327808475 3.8798944
16.390386740331493 3.2017696
16.427219152854512 1.8365152
16.464051565377535 4.2254624
16.500920810313076 3.7382944
16.537716390423572 3.7340224
16.574548802946595 2.3810944
16.611381215469613 0.963728
16.648213627992632 1.0994912
16.685046040515655 1.61592
16.721878453038673 1.8742592
16.758747697974215 1.9173952
16.795580110497237 2.1869952
16.832375690607734 1.4299584
16.86924493554328 0.8185056
16.906040515653775 2.5320832
16.942909760589316 2.5546336
16.97974217311234 3.467152
17.01653775322284 3.2965056
17.053370165745857 3.420848
17.09020257826888 1.9772896
17.12707182320442 2.1260224
17.16390423572744 1.951472
17.20069981583794 2.1987328
17.23753222836096 5.7769984
17.27436464088398 1.6925568
17.311197053407 3.3227168
17.34806629834254 2.2876384
17.38486187845304 4.0699808
17.42169429097606 2.3195392
17.458600368324127 3.7864192
17.4953591160221 2.9473184
17.532228360957642 3.2105792
17.56906077348066 4.469392
17.60585635359116 3.1906112
17.64268876611418 2.4517312
17.679521178637202 3.4147648
17.716390423572744 2.2581696
17.75318600368324 3.6040128
17.790018416206262 3.253472
17.826887661141807 2.5925344
17.863720073664826 2.739136
17.900515653775322 1.8904992
17.937348066298345 3.3193344
17.974180478821363 2.5055808
18.011049723756905 3.1030944
18.047882136279927 3.5770528
18.084677716390424 3.606912
18.12154696132597 4.2105344
18.158342541436465 3.5754176
18.195211786372006 3.1319072
18.23204419889503 3.5697024
18.268839779005525 3.0741408
18.30570902394107 4.456448
18.342504604051566 4.2760256
18.379373848987107 3.3650432
18.416169429097607 3.0905536
18.45303867403315 2.7271296
18.489834254143645 4.3073536
18.526666666666667 3.0630272
18.56353591160221 2.3175232
18.600368324125228 2.4220032
18.637163904235727 1.7340672
18.673996316758746 0.0
18.71082872928177 0.0097056
18.747697974217314 5.5023712
18.78449355432781 3.6501632
18.82132596685083 2.8141792
18.858158379373855 3.523424
18.89499079189687 3.122736
18.931823204419892 2.5361888
18.968692449355434 1.9181216
19.00548802946593 1.8531872
19.042320441988952 1.6087456
19.07915285451197 2.9792896
19.115985267034993 4.5696768
19.152854511970535 3.7499552
19.189686924493554 3.615536
19.226482504604054 4.6841856
19.263314917127072 4.6829184
19.30014732965009 4.0660512
19.337016574585636 4.5564416
19.373812154696132 3.1416736
19.41064456721915 2.8831744
19.447476979742174 2.9162944
19.484309392265192 3.7856192
19.521141804788215 3.605632
19.557974217311237 2.9571424
19.594806629834256 5.0233344
19.631639042357275 5.906432
19.668471454880297 6.422528
19.705303867403316 5.6567584
19.742136279926335 3.7109728
19.77900552486188 2.514944
19.815801104972376 5.996544
19.8526335174954 6.2636032
19.889465930018417 6.1784064
19.926298342541436 4.734976
19.96313075506446 2.9589504
20.0 4.1172992
