0.0 0.0
0.08658008658008656 2.0936928
0.17316017316017315 4.2100736
0.25982683982683985 4.761136
0.3463203463203463 4.8571136
0.4329004329004329 5.5181728
0.5194805194805195 4.7983616
0.6061471861471861 4.024672
0.6927272727272726 4.0228672
0.7792207792207793 4.0480032
0.8658008658008658 4.0064832
0.9524675324675325 4.0505536
1.038961038961039 4.0104864
1.1256277056277055 4.054784
1.2121212121212122 3.6784224
1.2987012987012987 3.88224
1.3853679653679654 4.0970048
1.471861471861472 4.4385312
1.5584415584415585 4.060176
1.6451082251082252 4.000864
1.7316017316017316 4.0429632
1.8181818181818183 4.0279072
1.904848484848485 4.0380064
1.9913419913419914 4.0142816
2.077922077922078 4.044768
2.1645887445887446 4.028032
2.2510822510822512 2.708768
2.3376623376623376 4.0042496
2.4242424242424243 5.3763232
2.5109090909090908 4.0103648
2.5974025974025974 4.0430432
2.683982683982684 3.1841728
2.7705627705627704 3.8764544
2.8571428571428568 4.9947648
2.943722943722944 4.053104
3.03038961038961 4.0332576
3.116969696969697 3.0382528
3.2035497835497835 4.2942464
3.29012987012987 4.7698656
3.3766233766233764 4.0304992
3.463203463203463 3.1299936
3.54978354978355 1.785856
3.636450216450216 4.0828928
3.722943722943723 5.8114048
3.8095238095238093 5.326256
3.896103896103896 4.0504288
3.982683982683983 2.034944
4.06935064935065 0.786432
4.155844155844156 4.0370176
4.242424242424242 5.8376192
4.329177489177488 5.8885728
4.415584415584416 3.919984
4.502251082251082 2.7132544
4.588744588744589 2.7057472
4.675411255411255 2.608608
4.761904761904762 3.0583424
4.848484848484849 2.2991488
4.935064935064935 2.1319968
5.021731601731601 2.097488
5.108225108225108 1.5938752
5.194805194805195 1.3178048
5.2813852813852815 1.2218272
5.367965367965368 1.1258496
5.454545454545454 0.8907584
5.54112554112554 0.7085088
5.6277056277056285 0.4831232
5.7142857142857135 0.0204896
5.800865800865801 0.0
5.887445887445888 0.0
5.974112554112555 0.0
6.060692640692641 3.7561088
6.147186147186146 4.07768
6.233766233766234 3.9374272
6.320346320346321 4.032176
6.406926406926407 3.9676832
6.4935064935064934 4.075296
6.58008658008658 4.0736576
6.666666666666666 3.5627392
6.753246753246753 4.5152608
6.8398268398268405 3.9185536
6.926406926406926 4.09112
7.013073593073593 4.0322592
7.0995670995671 4.0773728
7.186147186147186 2.7458432
7.272727272727273 4.2074112
7.359307359307358 5.1174624
7.445887445887446 3.9819072
7.532554112554113 3.0534464
7.619047619047619 3.7363296
7.705627705627705 3.8780928
7.792294372294373 5.5087936
7.878787878787879 3.9786944
7.965367965367966 4.0347296
8.051948051948052 3.5541792
8.138528138528137 2.8147712
8.225108225108226 4.1109408
8.311688311688313 2.18376
8.398268398268398 3.342336
8.484848484848484 5.101536
8.571428571428571 3.7485184
8.658095238095239 3.8542016
8.744588744588745 3.921664
8.831168831168831 1.9236928
8.917748917748918 5.7021504
9.004415584415584 3.4039904
9.090995670995671 2.4664128
9.177489177489178 3.8616384
9.264069264069265 2.3535232
9.35064935064935 2.933312
9.437316017316018 2.5191424
9.523809523809524 2.2878464
9.61038961038961 1.9632064
9.696969696969697 2.205328
9.783636363636365 2.3638528
9.87012987012987 2.4683552
9.956709956709958 2.473952
10.043376623376624 2.3034624
10.12987012987013 2.3864992
10.216450216450216 2.3715264
10.303030303030303 2.336768
10.38961038961039 2.3530688
10.476277056277057 2.211344
10.562857142857142 2.112208
10.649350649350648 2.5641888
10.735930735930737 2.4393408
10.822510822510822 2.733744
10.909090909090908 2.5390112
10.995670995670997 2.3166656
11.082251082251082 2.9788992
11.168831168831169 2.7435744
11.255411255411257 1.8040384
11.341991341991342 2.798448
11.428571428571427 2.5001984
11.515151515151516 3.1915968
11.601731601731602 2.3614272
11.688398268398268 2.2286592
11.774891774891776 2.2419104
11.861471861471863 2.3312928
11.948138528138529 2.3842176
12.034632034632036 2.3904192
12.121212121212121 2.487184
12.207792207792208 2.4382624
12.294458874458876 2.0727264
12.38103896103896 3.0648128
12.467532467532468 2.7921024
12.554199134199136 2.7465184
12.640692640692642 2.598944
12.727272727272727 3.1425984
12.813852813852813 3.5255232
12.9004329004329 3.2095872
12.987012987012987 3.099488
13.073593073593074 3.4964416
13.160259740259741 3.3128352
13.246753246753247 3.8535168
13.333333333333332 4.1212608
13.41991341991342 4.028384
13.506493506493506 2.8528192
13.593073593073592 1.6392416
13.67974025974026 1.0715136
13.766320346320347 4.3466752
13.852900432900432 6.30784
13.939393939393941 3.5641024
14.025974025974026 2.8224672
14.112640692640692 3.1424512
14.1991341991342 3.4070752
14.285714285714286 2.920624
14.372294372294371 2.48032
14.45896103896104 2.4994784
14.545454545454547 2.7307616
14.632034632034632 1.9445632
14.7187012987013 1.9479008
14.805281385281386 1.3336288
14.891861471861471 3.2929568
14.97844155844156 3.57896
15.064935064935066 3.280576
15.151515151515152 3.1650208
15.238095238095237 3.1909856
15.324675324675326 3.2894848
15.411341991341992 2.9278208
15.497835497835498 4.290624
15.584415584415584 4.9192672
15.670995670995671 5.7519776
15.757662337662337 4.7573632
15.844242424242426 2.4854528
15.93082251082251 5.6016896
16.017316017316016 4.890384
16.103896103896105 3.8024192
16.19047619047619 3.0910784
16.277142857142856 2.5802464
16.363722943722944 1.8052128
16.450216450216452 4.6388704
16.536883116883118 4.0228672
16.623376623376625 3.9779328
16.71004329004329 3.6306944
16.796536796536795 4.4867072
16.883116883116884 4.0310592
16.97056277056277 4.041408
17.056363636363635 3.7427552
17.142857142857142 2.449408
17.229523809523812 5.891184
17.316103896103897 4.0310592
17.402683982683985 4.0321376
17.48917748917749 3.769552
17.575757575757574 3.2079872
17.662424242424244 4.5727744
17.748917748917748 4.5847072
17.835584415584414 4.0191968
17.92207792207792 4.0310592
18.00874458874459 2.6961472
18.095238095238095 5.3648928
18.18181818181818 4.0168928
18.26839826839827 4.0473824
18.355064935064934 4.0289024
18.441558441558442 2.5460736
18.52813852813853 4.9758208
18.614718614718615 4.5685664
18.70138528138528 4.0295456
18.78787878787879 3.9301248
18.874458874458874 2.6522048
18.96103896103896 3.5210752
19.047619047619047 2.3660096
19.134285714285713 0.7775264
19.220865800865802 3.758224
19.307359307359306 2.9855008
19.393939393939394 3.4736384
19.48060606060606 3.433024
19.567099567099568 2.1163392
19.653679653679653 0.792624
19.74025974025974 0.6890976
19.826926406926408 1.6429632
19.913419913419915 1.3070208
20.0 0.630864
