0.0 0.0
0.034212328767123296 1.9373472
0.06845890410958905 4.8473856
0.1027054794520548 4.5535072
0.13695205479452055 4.5772992
0.17123287671232876 4.3924576
0.20544520547945203 5.027088
0.23972602739726026 5.0490624
0.273972602739726 2.5657344
0.30818493150684934 6.2373888
0.34243150684931506 6.070272
0.37667808219178084 5.881856
0.41092465753424656 5.0115232
0.44517123287671234 1.7760256
0.47941780821917807 5.8884096
0.5136643835616438 5.9834368
0.5479109589041096 5.3345376
0.5821575342465753 3.197344
0.6164041095890411 2.2872064
0.6506849315068493 6.152192
0.6848972602739725 4.0548896
0.7191780821917808 4.371088
0.753390410958904 4.1525856
0.7876369863013698 3.6579328
0.821917808219178 2.2003712
0.8561301369863012 5.8238944
0.8904109589041096 4.6860832
0.9246232876712328 5.4766272
0.958972602739726 2.0496384
0.9931164383561643 6.3586304
1.02736301369863 4.427072
1.0616095890410957 4.6480256
1.0958561643835616 5.3979488
1.1301027397260273 2.801664
1.1643493150684932 4.8807936
1.1985958904109588 6.1489152
1.2328424657534245 5.865472
1.2670890410958902 5.832704
1.301335616438356 2.6411008
1.3355821917808217 4.8054272
1.3698287671232876 6.1063168
1.4040753424657533 5.9490304
1.438321917808219 5.7360384
1.4725684931506846 0.4718592
1.5068150684931505 2.4379392
1.5410616438356162 4.6432256
1.575308219178082 6.1390848
1.6095547945205477 6.6338816
1.6438698630136985 3.080192
1.678047945205479 4.7415296
1.7122945205479452 5.8703872
1.7465410958904106 8.7098528
1.7807876712328765 6.4560736
1.8150684931506849 5.6883072
1.8493150684931505 4.7654496
1.8835273972602737 4.6845696
1.9177739726027396 4.8845344
1.9520205479452053 5.29664
1.986267123287671 4.7313344
2.0205136986301366 5.2628
2.0547602739726027 4.0061728
2.089041095890411 4.5691808
2.123253424657534 4.39448
2.1574999999999998 4.6435904
2.191780821917808 4.8172128
2.2259931506849315 4.6198656
2.260239726027397 4.1635168
2.294486301369863 4.946848
2.328767123287671 4.691072
2.3629794520547946 5.7154464
2.3972260273972603 5.4177952
2.431472602739726 4.7529984
2.4657534246575343 5.1871744
2.4999657534246573 3.3062912
2.534212328767123 1.1927552
2.568458904109589 3.8567936
2.6027054794520548 5.9113472
2.63695205479452 5.971968
2.671198630136986 4.3450368
2.705445205479452 3.1080448
2.739691780821918 6.3963136
2.773938356164383 8.8587744
2.808219178082192 5.2733984
2.842431506849315 5.732192
2.876678082191781 5.2450272
2.910958904109589 4.8116544
2.945171232876712 5.4657024
2.9794520547945207 6.3176704
3.013664383561644 4.530176
3.0479109589041093 3.4144256
3.082191780821918 3.489792
3.116404109589041 6.0899328
3.150650684931507 6.1587456
3.184931506849315 4.7218688
3.219143835616438 3.35872
3.253390410958904 4.603904
3.28763698630137 6.2881792
3.321883561643835 6.1571072
3.356164383561644 3.0472864
3.390376712328767 2.162688
3.424623287671233 2.1659648
3.4588698630136983 5.8916864
3.4931164383561644 5.6793696
3.52736301369863 3.3332416
3.56167808219178 3.3372096
3.5958561643835614 5.9523072
3.6301369863013697 6.4585728
3.664349315068493 6.6633728
3.698595890410959 6.4290816
3.732842465753424 2.8377088
3.76708904109589 3.4619392
3.801369863013699 5.1440512
3.835616438356164 1.9387424
3.8698630136986303 2.6575648
3.904109589041096 2.5692256
3.938321917808219 1.8498912
3.972568493150685 0.8560256
4.006849315068493 2.1106528
4.041061643835616 1.6904128
4.075308219178082 1.2805792
4.10958904109589 2.415616
4.143801369863013 3.1267616
4.1780479452054795 4.098464
4.212294520547945 3.65048
4.246541095890411 1.6574176
4.2807876712328765 3.76832
4.315034246575342 6.1210624
4.3493150684931505 5.6901632
4.383527397260274 3.8769888
4.417808219178082 2.6038112
4.452020547945207 3.9777184
4.486267123287672 4.5184416
4.520513698630138 4.4756608
4.554760273972604 3.2715104
4.589006849315069 2.2477984
4.623287671232877 5.7114624
4.657500000000001 5.5164928
4.691746575342466 5.6983552
4.725993150684932 5.7573376
4.7602397260273985 2.8377088
4.794486301369864 3.9436288
4.82873287671233 6.1833216
4.863013698630137 6.0817408
4.897226027397261 3.4529152
4.931472602739727 1.891248
4.965753424657534 3.048032
4.999965753424658 3.676576
5.034212328767124 4.118064
5.0684589041095895 4.2438912
5.102705479452055 3.3448832
5.136986301369864 2.615392
5.171198630136987 3.082608
5.205479452054794 2.7278112
5.239726027397261 4.3896896
5.273972602739726 2.8892224
5.308184931506849 4.2023488
5.342465753424658 4.1417216
5.3766780821917814 3.0193184
5.410924657534247 3.6667392
5.445205479452055 1.5193312
5.479417808219179 5.5607296
5.513664383561645 3.5222368
5.547910958904111 3.3830048
5.5821575342465755 3.46048
5.616404109589041 2.1214528
5.650650684931508 3.3723104
5.684897260273973 2.9370016
5.71917808219178 2.5784544
5.753390410958906 2.5709056
5.787636986301371 2.133952
5.821883561643837 3.4252512
5.856130136986302 1.3339296
5.89041095890411 1.013696
5.924657534246576 0.0
5.958904109589041 0.0075488
5.993116438356165 2.6970784
6.027363013698631 0.9554624
6.061678082191781 0.7635072
6.095856164383563 1.569072
6.130102739726028 1.0913408
6.164349315068494 1.2433952
6.198630136986302 1.1280064
6.232842465753425 0.9468352
6.267123287671232 0.7893888
6.301369863013698 0.9770304
6.33568493150685 1.2789216
6.369828767123289 1.1755168
6.404075342465754 1.2282976
6.43832191780822 1.358784
6.4725684931506855 1.6380896
6.506815068493151 2.016608
6.541061643835617 2.0823904
6.575342465753424 1.2881696
6.609554794520549 2.0257536
6.643801369863015 1.427792
6.678082191780822 1.1277056
6.712294520547946 2.1765216
6.746541095890412 1.4202528
6.780787671232877 1.3529568
6.815068493150685 1.287008
6.849280821917809 1.5717056
6.883527397260275 1.450448
6.917773972602741 1.8559264
6.952020547945206 1.8208992
6.986301369863014 1.940688
7.020513698630138 1.549616
7.054794520547945 1.3371328
7.089006849315069 1.3577056
7.123287671232877 1.822496
7.157500000000001 1.6860832
7.191780821917808 2.0188768
7.225993150684933 2.4387264
7.260273972602739 2.4119872
7.294486301369863 1.8832384
7.32873287671233 1.5111584
7.3629794520547955 0.9637696
7.397226027397261 2.3586688
7.431506849315069 0.9530976
7.4657191780821925 0.0
7.5 2.5836
7.534212328767124 1.7877568
7.5684589041095895 1.5177856
7.602705479452055 1.5183872
7.636952054794522 1.676912
7.671198630136987 1.6564224
7.705445205479453 1.3070208
7.739691780821919 1.0072256
7.7739383561643844 0.884288
7.808184931506849 1.4159392
7.842431506849316 1.7993536
7.8766780821917814 1.8479616
7.91095890410959 1.9259392
7.945171232876714 1.6390848
7.979417808219179 1.7437728
8.013664383561645 2.0900288
8.047910958904112 0.1239264
8.082191780821917 1.8397504
8.116404109589041 0.1326432
8.150650684931508 0.0
8.184897260273974 3.2373696
8.219143835616439 1.5259232
8.253424657534246 1.9853344
8.28763698630137 1.6879488
8.321883561643837 1.6491392
8.356130136986302 1.5401248
8.390376712328768 2.3264576
8.424623287671233 2.1373888
8.4588698630137 1.9324928
8.493116438356164 1.0654592
8.527397260273972 2.264704
8.561609589041097 1.4089728
8.595856164383562 1.6692352
8.630102739726027 1.418096
8.664349315068494 1.531328
8.69859589041096 1.93032
8.732842465753425 2.2225984
8.767123287671232 1.8403104
8.801335616438354 2.2414336
8.835616438356164 1.5227008
8.869828767123288 1.881808
8.904075342465752 1.0881056
8.938321917808219 2.0317056
8.972568493150684 1.126928
9.006815068493149 0.8454656
9.041061643835615 2.1365184
9.075308219178082 1.8071904
9.109554794520546 0.0
9.143835616438356 2.9149152
9.178047945205478 0.4831232
9.212294520547944 3.2449056
9.246541095890409 2.2126912
9.280787671232876 2.4945248
9.31503424657534 2.1524864
9.34931506849315 2.555808
9.383527397260274 2.4891968
9.417773972602738 2.198608
9.452020547945205 1.8397504
9.486267123287671 1.6062976
9.520513698630136 2.345056
9.554760273972601 1.8482816
9.589006849315068 1.6402464
9.623253424657532 0.9716384
9.657499999999999 1.9659232
9.691746575342465 1.6731584
9.72599315068493 2.123888
9.760239726027397 1.4202528
9.794486301369862 1.8343584
9.828732876712326 1.4040768
9.862979452054793 1.866192
9.89722602739726 1.748976
9.931472602739724 1.8318304
9.96571917808219 1.5232608
9.999965753424657 1.15872
10.034246575342465 0.0
10.068458904109587 0.0
10.102705479452055 3.3984128
10.136986301369863 1.4640928
10.171198630136987 1.4795648
10.205445205479451 1.8030848
10.239691780821916 0.3095008
10.273938356164383 0.0933888
10.308219178082192 3.8352224
10.343356164383561 1.4838784
10.377054794520548 1.3080992
10.410958904109588 1.067616
10.44517123287671 0.8433088
10.479417808219178 1.0201664
10.513664383561643 1.0104608
10.547910958904108 1.1134688
10.582191780821917 1.4800832
10.61640410958904 1.4461344
10.650650684931506 1.0633024
10.68489726027397 0.9134048
10.719143835616439 1.5173088
10.753390410958904 1.3954496
10.787636986301369 1.585248
10.821883561643835 1.2099648
10.8561301369863 1.0444512
10.890376712328766 0.829808
10.924623287671231 0.9932064
10.958869863013698 0.959776
10.993116438356163 1.1021248
11.02736301369863 0.7430176
11.061609589041094 0.5187104
11.095856164383559 0.4270464
11.130102739726027 0.447536
11.164349315068492 0.334304
11.198595890410958 0.506848
11.232842465753423 0.5747872
11.26708904109589 0.4076352
11.301369863013699 0.2631296
11.33558219178082 0.1747008
11.36986301369863 0.0
11.404075342465752 0.0
11.438321917808219 0.0
11.472568493150684 0.0
11.506849315068493 1.9896896
11.541061643835615 0.397888
11.575308219178082 0.7667424
11.609554794520546 0.2782272
11.643801369863011 0.0
11.678047945205478 0.0
11.712294520547943 2.1503296
11.74654109589041 0.803408
11.780787671232876 0.7376256
11.815034246575342 1.0870272
11.849280821917807 0.6028256
11.883527397260272 0.7688992
11.917808219178083 1.040656
11.952020547945203 1.2628064
11.986267123287671 1.083792
12.020513698630136 0.9436
12.054760273972603 0.9252672
12.089006849315068 1.0255584
12.123253424657534 0.867264
12.157499999999999 0.9207232
12.191746575342464 1.3339808
12.22599315068493 1.3070208
12.260239726027395 1.4224096
12.294486301369862 0.9932064
12.328732876712326 0.0
12.363013698630137 0.2910752
12.397260273972604 3.0584352
12.431506849315069 1.261728
12.46571917808219 1.2541792
12.499965753424656 1.0428128
12.534212328767122 1.1894752
12.568458904109587 1.2550336
12.602705479452055 1.04088
12.63695205479452 1.4305184
12.671198630136987 1.558288
12.705445205479451 1.2962368
12.739691780821916 1.596032
12.773938356164383 1.2142784
12.808184931506847 1.8322016
12.842431506849314 1.4892704
12.876712328767123 1.8322016
12.910924657534245 1.56368
12.94517123287671 1.9021824
12.979417808219178 3.4197216
13.013664383561643 2.612656
13.047910958904108 2.4277856
13.082157534246575 1.946512
13.11640410958904 2.4312736
13.150650684931506 2.7946944
13.18489726027397 2.4074048
13.21917808219178 1.2504864
13.253390410958904 0.938208
13.287636986301369 0.7257632
13.321883561643835 0.0
13.356164383561644 0.0
13.390376712328766 2.1972608
13.424623287671231 0.2722752
13.458869863013698 0.3569504
13.493150684931507 0.388224
13.52736301369863 0.2113664
13.561609589041094 0.0064704
13.595856164383559 0.0
13.630102739726027 0.0
13.664349315068492 0.0
13.698630136986301 1.7135776
13.732842465753423 0.0
13.76708904109589 0.6520832
13.801335616438354 0.9568896
13.83558219178082 0.3580288
13.869828767123288 0.4561632
13.904075342465752 0.560768
13.93835616438356 0.4863584
13.972602739726028 0.2997952
14.00681506849315 0.0
14.041061643835615 1.2822176
14.075308219178082 0.4895936
14.10958904109589 0.4550848
14.143835616438356 0.1272512
14.17808219178082 1.1560448
14.212328767123289 0.5359648
14.24654109589041 0.5731904
14.280787671232876 0.614688
14.315068493150685 0.5516224
14.349315068493151 0.4814848
14.383527397260272 0.5801792
14.417773972602738 0.2944032
14.452020547945203 0.0
14.486267123287671 1.02448
14.520513698630136 0.4194976
14.554760273972603 0.3547936
14.589006849315068 0.409792
14.623253424657534 0.5424352
14.657499999999999 0.4356736
14.691780821917808 0.7462528
14.72599315068493 0.6071392
14.760239726027395 0.5370432
14.794486301369862 0.479888
14.828767123287673 0.4324384
14.862979452054795 0.851936
14.897260273972604 0.7158336
14.931472602739726 0.765888
14.96571917808219 0.3903808
15.0 0.3030304
15.034212328767122 0.210288
15.068458904109587 0.5909632
15.102705479452055 0.9231104
15.13695205479452 0.652432
15.171198630136987 0.7958592
15.205479452054796 1.1064384
15.239691780821916 1.5183872
15.273938356164383 1.737552
15.308219178082192 1.6820544
15.342465753424657 1.3382944
15.376712328767123 1.4223904
15.410958904109588 1.404096
15.44517123287671 1.2121216
15.479417808219178 1.4472128
15.513664383561643 1.0403168
15.547910958904108 1.4378464
15.582157534246575 1.1064384
15.61640410958904 1.4753344
15.650650684931506 1.5873216
15.684931506849315 1.7815168
15.719143835616439 2.059744
15.753424657534246 1.6078944
15.787671232876711 1.7319104
15.82191780821918 1.639168
15.8561301369863 1.5129952
15.890376712328766 1.466624
15.924657534246576 0.2944032
15.958869863013698 1.1120544
15.993150684931507 2.1253024
16.02736301369863 0.3202848
16.061609589041094 3.2396
16.09585616438356 1.823488
16.13013698630137 1.5984672
16.164349315068492 2.3537664
16.198595890410957 1.8921344
16.232876712328768 2.3864992
16.26708904109589 2.4647904
16.301335616438354 2.2709408
16.33558219178082 3.005024
16.369828767123288 3.466736
16.404075342465752 2.4360128
16.43835616438356 2.7557248
16.472568493150682 2.9503136
16.50681506849315 1.5687008
16.541061643835615 4.2099168
16.575342465753423 3.497408
16.60958904109589 2.6548768
16.643835616438356 2.545168
16.67808219178082 2.6711968
16.712294520547943 4.1226464
16.74654109589041 3.3376032
16.780787671232876 3.5556064
16.815034246575344 1.8811456
16.84928082191781 1.2255232
16.883527397260274 3.4177024
16.917808219178085 2.1567488
16.952020547945203 2.0964096
16.98626712328767 1.5636128
17.020513698630136 1.8399648
17.0547602739726 1.9745952
17.089006849315066 2.0142592
17.123253424657534 1.8214176
17.1575 1.797216
17.191746575342464 1.6968
17.225993150684932 1.5755424
17.26027397260274 1.4644672
17.29448630136986 1.9395232
17.328732876712326 1.7574208
17.362979452054795 1.8880896
17.39722602739726 1.4774496
17.431472602739724 1.5981472
17.46571917808219 1.5377984
17.499965753424654 1.4914272
17.534212328767126 1.3630976
17.56845890410959 1.353392
17.602705479452055 1.3231968
17.63695205479452 2.0717952
17.671198630136985 2.0783744
17.705445205479453 2.5289632
17.739691780821918 1.4988928
17.773938356164386 1.2439552
17.80818493150685 1.1252896
17.842431506849316 1.1085952
17.87667808219178 1.0374208
17.910958904109588 0.8659552
17.945171232876714 1.008304
17.97941780821918 0.6944896
18.013664383561647 0.6251616
18.04794520547945 0.6290176
18.082157534246576 0.70152
18.11640410958904 1.0897024
18.15065068493151 1.0093824
18.184897260273974 0.7229024
18.21917808219178 1.4209568
18.253390410958904 1.5895616
18.28763698630137 1.6370112
18.321883561643837 2.6873728
18.3561301369863 0.2253856
18.39041095890411 3.6147968
18.424623287671235 1.37496
18.4588698630137 1.1819264
18.493116438356164 1.3059424
18.527397260273972 1.2822176
18.56164383561644 1.13288
18.595856164383562 1.2029344
18.63013698630137 1.0180096
18.664349315068492 0.2868544
18.6986301369863 3.0432448
18.732842465753425 1.7502432
18.76708904109589 1.9777856
18.801335616438358 2.0512832
18.835582191780823 1.8805632
18.86986301369863 2.0474048
18.904075342465752 2.0763968
18.93832191780822 1.5992672
18.972568493150685 1.5778336
19.006815068493154 2.7010304
19.041095890410958 1.8232416
19.075308219178083 1.5992672
19.109554794520548 1.574464
19.143801369863013 1.6370112
19.17804794520548 1.3825088
19.212294520547946 1.1560448
19.246541095890414 1.0266368
19.28078767123288 1.2811392
19.315034246575344 1.0767616
19.34928082191781 0.8875232
19.383527397260274 1.1355552
19.417808219178085 1.1032032
19.452020547945207 0.898496
19.48626712328767 0.9493216
19.520513698630136 0.8001728
19.554760273972605 0.803408
19.58900684931507 0.868112
19.623253424657534 0.7883104
19.657534246575345 0.8691904
19.691746575342467 0.9036992
19.726027397260275 0.8594848
19.76027397260274 0.8206624
19.794520547945204 0.9085728
19.82873287671233 0.8718656
19.862979452054795 0.7538016
19.89722602739726 0.873504
19.931472602739724 0.8756608
19.965719178082193 0.7322336
20.0 0.3893024
