0.0 1.4131616
0.03773577785702291 2.2485584
0.07547155571404582 2.5822816
0.11320733357106873 3.3059536
0.15094311142809164 2.3543264
0.1886788892851146 2.97864
0.22641466714213745 3.20976
0.2641504449991604 3.14848
0.3018862228561833 3.33044
0.3396220007132062 3.52836
0.3773577785702292 3.12876
0.415131292205109 2.72188
0.4528293342842749 3.1058
0.4905651121412979 3.29508
0.5283386257761777 3.699
0.5660366678553437 4.35916
0.6038101814902237 4.59404
0.6415082235693894 4.35808
0.6792440014264124 3.85856
0.7169797792834354 3.5561696
0.7547155571404583 4.2198304
0.7924513349974811 3.8040384
0.8301871128545041 4.2603376
0.8679606264893841 3.8917456
0.9056586685685498 2.5056
0.9434321822034298 3.1914
0.9811679600604528 3.36312
1.0188660021396188 4.3416
1.0566017799966416 4.2954384
1.0943375578536645 1.8238416
1.1320733357106874 2.5272
1.1698091135677104 3.2454
1.207544891424733 2.7864
1.2452806692817562 1.95832
1.2830164471387788 2.9557904
1.3207899607736588 1.7403648
1.3585257386306817 1.6140048
1.3962237807098477 2.45376
1.4339595585668707 2.2917968
1.4716953364238936 1.9558416
1.5094311142809167 1.9839616
1.5471668921379393 3.0949424
1.5849026699949622 2.8450576
1.6226761836298422 1.6902
1.6603742257090082 1.98612
1.698110003566031 2.65032
1.735883517200911 3.49164
1.773581559280077 1.23228
1.8113173371370996 1.60812
1.8490531149941227 1.15992
1.8867888928511456 0.7938
1.9245246707081687 2.78208
1.9622604485651916 2.1480208
1.9999962264222142 2.6291504
2.0377320042792375 2.4352896
2.075505517914117 2.1753024
2.1132035599932832 4.5088656
2.1509770736281633 3.8737952
2.188675115707329 3.2702464
2.226410893564352 3.1405296
2.2641466714213747 2.5446272
2.3018824492783976 3.8134064
2.3396559629132776 4.6822112
2.3773540049924433 2.6034176
2.415089782849466 2.4023824
2.452863296484346 1.35784
2.490599074341369 1.3751184
2.528334852198392 1.7879216
2.5660328942775577 1.3521696
2.603768672134581 2.4820976
2.6415044499916043 2.5050704
2.6792402278486267 4.8346048
2.7169760057056496 3.9838576
2.754749519340529 0.7245776
2.792485297197552 2.9229056
2.8301833392767186 5.7081856
2.8679191171337415 4.8760656
2.905692630768621 4.6666112
2.943390672847787 2.3490592
2.9811641864826663 4.3597824
3.0188999643396897 5.21704
3.056598006418856 3.7822864
3.0943337842758787 3.361528
3.132069562132902 2.72312
3.1698053399899244 4.4302336
3.207578853624804 4.0799024
3.2452768957039706 4.1955024
3.283012673560993 4.2811392
3.320786187195873 3.397248
3.3584842292750396 3.899392
3.396220007132062 5.3706752
3.433955784989085 5.21532
3.4717292986239645 4.446312
3.5094650764809874 2.8818144
3.547163118560154 3.6339712
3.584898896417177 5.1465952
3.6226346742741993 3.574448
3.6604081879090793 4.0018576
3.6981062299882455 2.7510416
3.7358420078452688 3.817472
3.773577785702291 5.1331072
3.811313563559314 4.3894592
3.8490870771941936 4.0890496
3.88678511927336 3.5292064
3.924520897130383 2.9786112
3.962256674987406 5.1594752
3.9999924528444284 3.8794048
4.037728230701452 4.322496
4.075464008558475 2.0677216
4.113199786415497 3.5913728
4.150935564272521 3.8991808
4.1887090779074 3.7273248
4.226444855764423 4.1653392
4.2641806336214465 2.9841616
4.301878675700612 3.5373056
4.339614453557635 4.3604608
4.377387967192515 3.0110672
4.415086009271681 2.9328112
4.452821787128704 2.7629584
4.490557564985727 3.8068752
4.528293342842749 3.342288
4.566029120699772 2.064872
4.603802634334652 3.9568048
4.641500676413818 3.251584
4.679236454270842 3.3514832
4.717009967905721 2.9703488
4.754708009984887 2.9753344
4.792481523619767 4.9250304
4.830179565698932 3.7021584
4.867915343555956 3.0507008
4.905651121412979 5.2559872
4.943424635047859 5.1429376
4.981122677127025 4.8807936
5.018896190761905 4.076296
5.056631968618928 2.4150016
5.094330010698094 5.1970048
5.132103524332974 5.3308624
5.169839302189995 3.1267536
5.207537344269162 2.3556064
5.245273122126185 2.3830688
5.2830088999832086 2.2606528
5.320782413618089 1.69128
5.358480455697253 1.0611168
5.396216233554276 1.2680688
5.433989747189156 0.9064944
5.471725525046179 0.7884304
5.509423567125346 1.3964096
5.547159344982369 2.47968
5.584895122839391 2.8660112
5.6226309006964135 3.504
5.660366678553437 3.374448
5.69810245641046 2.6263824
5.735838234267483 2.3737232
5.773611747902363 2.093104
5.811309789981529 2.55488
5.849045567838552 3.3867744
5.886781345695574 2.5660896
5.9245548593304544 2.8349904
5.96225290140962 2.8747696
5.999988679266643 2.7344896
6.037724457123667 4.8234496
6.075460234980689 4.4580864
6.113196012837712 4.767744
6.1509317906947345 4.0137536
6.188667568551757 1.857776
6.226441082186637 3.720672
6.264139124265804 2.7753152
6.301874902122826 2.8828208
6.339648415757707 2.10816
6.377346457836872 1.7343936
6.4150822356938955 2.97128
6.452818013550918 2.1447664
6.490553791407941 1.8197984
6.528327305042821 2.229152
6.566025347121986 2.9940608
6.60376112497901 1.7995072
6.64153463861389 2.1043616
6.6792326806930555 1.91484
6.716968458550079 2.93004
6.754741972184959 2.5371984
6.792440014264124 1.4701392
6.830175792121147 3.534824
6.867949305756027 1.8624256
6.905647347835194 1.5860512
6.943420861470074 2.3525392
6.981118903549239 2.311944
7.018892417184119 1.1809968
7.056628195041142 2.9402832
7.094326237120308 2.7247616
7.132062014977331 2.612064
7.169835528612211 2.478064
7.207533570691377 1.6730512
7.245307084326257 2.0653568
7.283005126405422 2.3495424
7.320778640040302 2.20104
7.358476682119468 1.9759984
7.396212459976491 2.1118016
7.433948237833514 2.39328
7.4716840156905375 1.8212096
7.5094197935475595 2.1008288
7.5471933071824395 2.7563216
7.584891349261605 3.1958448
7.622627127118628 3.119536
7.660400640753508 3.8187648
7.698098682832675 3.0491824
7.735834460689697 4.0867024
7.77357023854672 3.065768
7.8113060164037424 4.2021616
7.849041794260766 3.6526064
7.886777572117789 2.213904
7.924513349974812 4.7497216
7.962249127831834 4.2115664
8.000022641466716 3.1931024
8.03772068354588 2.1286592
8.07549419718076 1.2835984
8.113229975037783 1.1388416
8.150965752894807 1.5220816
8.18870153075183 1.3529152
8.226399572830994 1.4342032
8.264135350688019 1.39564
8.301871128545042 0.8961184
8.339606906402064 2.650184
8.377380420036944 3.0170992
8.41507846211611 3.2535552
8.452814239973133 2.732544
8.490550017830156 2.6474192
8.528323531465036 2.26424
8.566021573544202 1.98556
8.603795087179082 2.5041104
8.641493129258247 2.7288992
8.67922890711527 2.6770528
8.716964684972293 1.79936
8.754738198607173 2.1928528
8.792436240686339 2.2731504
8.830172018543362 2.6412544
8.867907796400385 2.0584912
8.905643574257407 2.2678
8.94337935211443 2.6505104
8.981115129971453 2.7054
9.018888643606333 2.64816
9.056624421463356 3.8479568
9.094322463542522 3.978736
9.132058241399545 4.7742976
9.169794019256567 4.5760512
9.207567532891447 2.933856
9.245265574970613 2.3199744
9.283001352827636 3.7077952
9.320737130684659 2.480848
9.358472908541684 1.6166864
9.396208686398705 2.46564
9.433982200033585 2.8379312
9.47168024211275 2.0836288
9.50945375574763 1.9877056
9.547151797826798 2.2156544
9.58488757568382 2.0424048
9.6226610893187 2.7577632
9.660359131397865 2.9229856
9.698132645032747 2.496536
9.73586842288977 2.8033856
9.773566464968935 2.617488
9.811302242825958 2.7119856
9.849038020682979 2.2662832
9.886773798540002 3.0875536
9.924509576397027 3.0287872
9.962320825809764 3.1993008
9.999981132111072 3.5160064
10.037754645745952 4.3645024
10.075490423602975 4.4404288
10.113188465682141 4.5685696
10.150961979317021 3.3074592
10.188735492951901 2.7656192
10.226433535031067 5.4099968
10.26413157711023 4.7120384
10.301867354967255 4.6923776
10.339603132824278 4.554752
10.377338910681303 2.9458432
10.415074688538324 4.1467904
10.452810466395345 5.4247424
10.490583980030229 4.8693248
10.52831975788725 4.3718416
10.566017799966417 2.3986176
10.603791313601295 4.5105152
10.641489355680463 5.0642944
10.679225133537484 4.9226704
10.716960911394507 3.85024
10.754734425029389 2.1823488
10.79247020288641 5.341184
10.830168244965577 5.2576256
10.867904022822598 4.7579136
10.905639800679623 4.2985312
10.943413314314503 2.5493504
10.981111356393667 5.210112
11.018884870028549 5.2330496
11.056582912107713 4.7486272
11.094318689964737 4.7734848
11.13205446782176 2.195456
11.169790245678781 4.661248
11.207526023535806 4.7366144
11.245261801392827 5.1544064
11.28303531502771 4.5842432
11.320771092884732 2.1823488
11.358469134963897 5.1314688
11.39620491282092 5.3149696
11.433940690677941 4.7300608
11.471676468534966 4.2471376
11.509412246391989 3.1850496
11.547148024249012 4.9381376
11.584883802106035 5.2734048
11.622619579963057 3.2679056
11.66035535782008 2.7775968
11.698091135677103 2.809112
11.735826913534126 3.123032
11.773600427169006 3.27564
11.811298469248172 3.6252608
11.849034247105195 3.1171792
11.886770024962217 2.1567616
11.9245435385971 1.47744
11.962241580676263 2.5563584
11.999977358533286 3.1234336
12.037713136390309 3.3333168
12.075448914247334 2.9911376
12.113184692104355 4.7477008
12.150920469961378 3.5509728
12.1886562478184 3.8217776
12.226429761453282 3.3364608
12.264165539310305 2.6653808
12.301863581389469 4.5678592
12.339599359246494 3.5353088
12.377335137103515 4.705728
12.415108650738397 3.8414608
12.45284442859542 2.7326608
12.490542470674583 4.784128
12.528278248531608 5.4280192
12.566051762166488 4.6944544
12.603749804245652 4.7869648
12.641485582102677 3.5578528
12.679221359959698 3.4422784
12.716957137816722 5.7278464
12.754692915673743 4.9429456
12.792428693530768 4.2469744
12.830164471387791 3.297488
12.867900249244812 3.6274176
12.905636027101837 5.4788096
12.943371804958858 5.2275296
12.981107582815882 3.9577488
13.018843360672905 3.1473664
13.056579138529926 4.0648704
13.094314916386951 5.9129856
13.132050694243972 4.6066576
13.169786472100997 4.980832
13.20752224995802 3.7681408
13.245258027815044 3.1981568
13.282993805672065 5.6967168
13.320729583529086 5.1755968
13.358465361386111 4.298672
13.396201139243134 3.142776
13.433974652878016 3.3685504
13.47167269495718 5.3009904
13.509408472814204 4.5096704
13.547144250671225 4.119016
13.584880028528248 2.9494912
13.622615806385273 4.096
13.660351584242294 5.8556416
13.698125097877176 5.1711792
13.73582313995634 4.7271664
13.773558917813363 3.1494704
13.811294695670387 3.0539776
13.849030473527408 5.988352
13.886766251384433 4.7519024
13.924502029241454 4.7810192
13.962237807098479 2.8143024
13.999973584955502 3.817472
14.037709362812523 5.7196544
14.075445140669547 4.542728
14.113218654304427 4.899824
14.150954432161452 3.07032
14.188652474240616 3.538944
14.226388252097639 5.7769984
14.264124029954662 5.056752
14.301859807811683 4.6156
14.339595585668707 4.0339376
14.37733136352573 2.981888
14.415067141382753 5.6623104
14.452802919239776 5.2993296
14.490538697096797 4.6428592
14.528274474953822 3.7354144
14.566010252810845 2.7426816
14.603746030667867 5.6901632
14.64148180852489 4.1037472
14.679255322159772 3.9822704
14.716953364238936 2.1026512
14.754689142095959 3.7535744
14.79246265573084 4.7203888
14.830160697810005 2.9001904
14.867896475667028 2.9016016
14.90563225352405 2.0880816
14.943368031381075 2.9036992
14.981103809238096 2.4411216
15.018839587095119 2.149216
15.05661310073 2.6681056
15.094348878587024 2.48508
15.13204692066619 2.2054736
15.16978269852321 2.0481392
15.207518476380233 2.1168
15.245254254237256 1.8457216
15.282990032094279 1.9494
15.320725809951304 2.01204
15.358461587808325 2.18268
15.39619736566535 1.88676
15.43393314352237 1.7431184
15.471668921379393 1.0520608
15.509404699236418 1.4243808
15.54714047709344 1.13832
15.584876254950464 1.0022784
15.622612032807485 0.1760016
15.66034781066451 1.0984336
15.698083588521532 1.6577264
15.735819366378553 1.65132
15.773555144235578 2.1989904
15.8112909220926 2.0389296
15.849026699949624 1.4364
15.886800213584504 1.19908
15.924498255663668 0.83808
15.962234033520692 0.78812
16.000007547155572 0.62316
16.03770558923474 1.1523616
16.07544136709176 1.1777056
16.113214880726645 1.1370144
16.15091292280581 0.7297984
16.188648700662828 0.7970416
16.22642221429771 1.14048
16.264157992154733 1.3024784
16.3018560342339 1.1728816
16.339591812090923 0.75384
16.377327589947942 1.1512784
16.41506336780497 1.16964
16.452799145661988 1.1620816
16.490534923519014 1.42128
16.528270701376037 1.1172784
16.56600647923306 0.9779216
16.603742257090083 1.0465184
16.641478034947102 1.71072
16.67921381280413 1.2247424
16.71694959066115 1.2484688
16.754723104296033 1.2279504
16.792421146375197 0.904776
16.83015692423222 1.806024
16.867892702089243 1.9261984
16.905628479946266 1.7236272
16.94336425780329 1.6014144
16.981137771438167 0.57104
17.018835813517335 1.2847152
17.056571591374357 1.9671648
17.09430736923138 2.0579952
17.132080882866262 1.9693248
17.169778924945426 2.6962368
17.207552438580308 3.5904416
17.24525048065947 3.9074416
17.283023994294354 3.6428144
17.320759772151376 3.6648272
17.35845781423054 2.4007344
17.396193592087563 2.183504
17.433929369944586 2.9088288
17.47166514780161 4.0409712
17.509400925658632 4.1466064
17.547136703515655 4.4857504
17.584872481372678 3.1850496
17.6226082592297 4.7546368
17.660381772864582 5.318864
17.698079814943746 4.5750144
17.73581559280077 4.1709584
17.773551370657792 3.05752
17.811324884292674 3.825664
17.849022926371838 5.8498256
17.88675870422886 5.0986608
17.924532217863742 4.6860576
17.962230259942906 2.8033024
17.99996603779993 3.9550976
18.037701815656952 5.5115776
18.075475329291834 4.5172576
18.113173371370998 3.5755056
18.15090914922802 2.7457152
18.188644927085043 4.0501248
18.226380704942066 4.2475344
18.26411648279909 3.65824
18.301852260656112 3.9079024
18.339588038513135 3.3683568
18.377323816370158 3.889352
18.41509733000504 2.9583488
18.452833107862062 2.748504
18.490568885719085 2.965776
18.52826692779825 2.9675312
18.566002705655272 4.6133824
18.603738483512295 4.4859248
18.641474261369318 4.664184
18.67921003922634 3.394256
18.716945817083367 2.5832416
18.754681594940386 3.8706848
18.79241737279741 3.5317584
18.83019088643229 3.7903952
18.867888928511455 4.9470432
18.90562470636848 3.615832
18.9433604842255 3.4701312
18.981096262082527 5.2225168
19.018869775717405 4.07296
19.05656781779657 3.97196
19.09434133143145 3.588304
19.132077109288474 3.4668544
19.16977515136764 3.9359648
19.20751092922466 2.9353168
19.245246707081684 2.7158016
19.283020220716566 2.6247232
19.32075599857359 4.001024
19.358454040652756 3.67004
19.396189818509775 3.018416
19.4339255963668 3.45816
19.471661374223824 2.9389584
19.509397152080844 4.0054416
19.54713292993787 2.2573472
19.58486870779489 2.0615712
19.622604485651916 1.5087616
19.66034026350894 1.20096
19.698113777143817 1.06056
19.73584955500084 0.9536768
19.773547597080004 1.2819216
19.81128337493703 2.5369312
19.849019152794053 2.6427504
19.886754930651076 1.01196
19.9244907085081 2.6330768
19.962226486365118 4.02608
20.0 4.5510976
