0.0 0.0
0.04048582995951417 3.7830272
0.08101214574898788 5.995904
0.12149797570850204 5.6245216
0.16194331983805668 7.1561152
0.20242914979757085 7.642144
0.24291497975708504 7.4945728
0.28344129554655867 5.9911328
0.3238866396761133 6.070272
0.3644534412955466 6.5798144
0.4048582995951417 4.9922048
0.44534412955465585 6.614512
0.4858299595141701 4.3696128
0.5263157894736842 5.8195968
0.5668421052631579 5.027344
0.6072874493927125 4.1518624
0.647813765182186 2.8994688
0.6882995951417004 4.4444128
0.7287854251012145 2.4759168
0.7692307692307693 3.5744768
0.8097165991902834 5.4039136
0.850242914979757 5.3539008
0.8907287449392711 5.8010144
0.9312145748987853 2.080768
0.9716599190283401 4.9299456
1.0121457489878543 6.5404928
1.0526720647773278 6.6830336
1.0931174089068827 6.5929216
1.1336032388663968 2.8704768
1.1741295546558703 3.309568
1.2146153846153847 5.9834368
1.2550607287449391 6.0325888
1.2955870445344129 6.3438848
1.3360323886639678 8.4144576
1.376558704453441 6.2245248
1.4170445344129554 6.1069792
1.45748987854251 5.5630592
1.4979757085020242 5.2953088
1.5384615384615385 3.7208064
1.5789473684210527 2.8950528
1.6194736842105262 4.2827776
1.6599595141700405 5.6229888
1.7004048582995952 6.275072
1.7408906882591093 4.7316992
1.781417004048583 2.9458432
1.8218623481781377 4.8136192
1.8623886639676113 5.7049088
1.9028744939271256 6.012928
1.9433603238866395 4.9168384
1.9838461538461538 2.4543232
2.0242914979757085 4.4761088
2.064777327935223 6.0391424
2.1053036437246964 6.0424192
2.145748987854251 5.2658176
2.1862753036437246 3.0703616
2.2267206477732793 4.62848
2.2672064777327936 6.18496
2.307692307692308 5.6836096
2.348218623481781 4.5678592
2.3887044534412953 2.9229056
2.42914979757085 4.7742976
2.4696761133603236 5.8195968
2.5101214574898782 6.0030976
2.550647773279352 4.8447488
2.5910931174089065 3.2489472
2.631578947368421 4.3794432
2.672105263157895 6.0997632
2.7125506072874495 5.614944
2.753076923076923 4.4684192
2.7935627530364378 1.9922944
2.834008097165992 0.6324224
2.874493927125506 4.9446912
2.91497975708502 4.702176
2.9554655870445345 2.1816032
2.995991902834008 1.9324928
3.0364372469635628 1.6527104
3.076923076923077 3.6159392
3.1174493927125506 2.9682528
3.1578947368421053 2.982528
3.1983805668016196 3.1243328
3.238906882591093 3.4730656
3.279352226720648 2.7531744
3.319878542510122 1.976624
3.360323886639676 2.7186464
3.4008097165991904 2.5262976
3.4413360323886644 3.2098368
3.4817813765182186 3.0787072
3.522267206477733 2.8895136
3.562793522267207 2.5779744
3.603238866396761 2.821344
3.6437246963562755 3.1141536
3.684251012145749 2.8189536
3.7246963562753037 2.4690176
3.7652226720647777 3.0624928
3.8057085020242916 2.5743552
3.8461538461538463 3.0766272
3.8866396761133606 2.6026944
3.9271255060728745 2.389216
3.967611336032389 2.2414752
4.008097165991903 2.2034976
4.048582995951417 2.3376032
4.089068825910931 2.4307136
4.129595141700405 2.6618656
4.17004048582996 2.5974912
4.210566801619434 2.4278048
4.251052631578948 2.4477248
4.291538461538462 2.4618624
4.331983805668016 2.26688
4.372469635627531 2.2738688
4.412995951417004 2.2057216
4.4534412955465585 0.0959776
4.493967611336033 3.9264544
4.534412955465587 2.03568
4.574939271255061 2.0474496
4.615465587044535 2.9674496
4.65587044534413 2.5913952
4.696356275303644 2.873936
4.7368421052631575 3.2821312
4.777368421052632 3.5231744
4.817813765182186 3.2366752
4.8582995951417 5.4329344
4.8988259109311745 6.1210624
4.939311740890688 5.6632096
4.979797570850202 4.4732736
5.0202429149797565 3.2538624
5.060769230769231 3.4422784
5.101214574898786 5.7376768
5.141740890688259 5.7111776
5.1822267206477735 5.7637888
5.222712550607288 3.5995648
5.263198380566801 3.309568
5.303643724696356 6.3377728
5.344129554655871 5.831552
5.384615384615384 4.4596192
5.425101214574899 3.2900224
5.465627530364373 2.8409856
5.506072874493927 6.1702144
5.546599190283401 5.7028032
5.587044534412956 5.3795264
5.627530364372469 3.997696
5.668016194331984 2.2052864
5.708502024291498 2.834432
5.748987854251012 5.9047936
5.7894736842105265 5.9768832
5.830000000000001 4.0075264
5.870445344129554 3.5504128
5.910931174089069 5.3444608
5.951417004048583 5.537792
5.991902834008097 5.873664
6.032429149797571 4.1336832
6.0728744939271255 3.284992
6.113360323886639 4.8218112
6.153846153846154 5.971968
6.194331983805668 5.6262656
6.234817813765182 4.9086464
6.275344129554656 4.21888
6.315789473684211 3.1686656
6.356315789473684 5.6737792
6.396801619433199 5.6590336
6.437246963562753 4.4548096
6.477773279352227 3.0539776
6.5182591093117415 4.554752
6.558704453441296 5.3408608
6.599230769230769 4.5114656
6.639757085020244 2.056192
6.680161943319838 3.096576
6.720647773279352 5.9998208
6.761133603238867 6.2881792
6.801619433198381 5.4525952
6.842105263157895 4.6432256
6.882631578947369 1.0993664
6.923117408906883 1.998848
6.963562753036437 5.7065472
7.004089068825912 5.6000512
7.044534412955466 3.5413696
7.08502024291498 3.6978688
7.125546558704453 3.363552
7.165991902834008 3.0270464
7.206477732793522 2.9637536
7.247004048582996 2.4372672
7.287449392712551 1.6245056
7.3279757085020245 3.2479136
7.368461538461538 3.4490752
7.4089068825910935 3.2862784
7.449392712550607 2.8547936
7.489878542510121 3.7626464
7.530364372469636 3.3674656
7.57085020242915 3.6914464
7.6113765182186235 3.7129728
7.651821862348179 3.800576
7.6923076923076925 2.9653376
7.732793522267206 1.5755648
7.773319838056681 4.8759488
7.813765182186235 3.6016928
7.854251012145749 2.8504832
7.894777327935223 2.031952
7.935222672064778 2.3192864
7.975748987854251 1.9469472
8.016234817813766 2.4538368
8.056680161943321 2.9313664
8.097165991902834 3.8490528
8.137651821862349 2.8358624
8.178178137651823 3.1653536
8.218623481781377 3.8866752
8.259149797570851 3.242784
8.299595141700404 3.738528
8.34008097165992 4.2325248
8.380566801619434 3.7214432
8.421052631578947 2.6539008
8.461538461538462 2.2862528
8.502024291497976 2.2117536
8.54251012145749 2.0403328
8.583036437246964 1.8564864
8.623481781376519 1.8359552
8.663967611336032 1.7782816
8.704453441295547 1.8075456
8.744939271255062 1.65304
8.785425101214575 1.2336896
8.82591093117409 0.5898848
8.866437246963564 0.0
8.906882591093117 0.6729216
8.947368421052632 2.7680544
8.987894736842106 3.6667584
9.02834008097166 2.4361056
9.068825910931174 2.3433632
9.10931174089069 1.9751104
9.149797570850202 2.280256
9.190283400809717 3.1985344
9.230769230769232 2.4630656
9.271295546558704 2.5250944
9.31174089068826 1.9525056
9.352226720647774 2.3217952
9.392712550607287 2.5132352
9.433198380566802 2.7708416
9.473684210526315 2.3913952
9.51421052631579 2.1666976
9.554655870445345 2.5900608
9.595141700404858 2.6156384
9.635627530364372 1.2272192
9.676113360323887 2.2657216
9.7165991902834 2.1783648
9.757085020242915 2.1570336
9.79761133603239 1.8860544
9.838056680161943 1.2379616
9.878542510121457 4.045472
9.919028340080972 1.6129792
9.959514170040485 1.7807456
10.0 1.067056
10.040485829959513 1.3986848
10.08097165991903 2.4130656
10.121457489878543 2.9214272
10.161943319838056 2.676464
10.202469635627532 2.8684
10.242914979757085 3.0740608
10.283441295546558 3.644352
10.323886639676115 3.6127648
10.364372469635628 3.7596384
10.40485829959514 3.547136
10.445344129554657 3.2652704
10.48582995951417 4.0898368
10.526315789473683 4.6948352
10.5668016194332 4.8714784
10.607327935222672 3.4816
10.647773279352226 2.4870912
10.688299595141702 5.6721408
10.728785425101215 6.0030976
10.769230769230768 5.7786368
10.809757085020244 3.9469056
10.850202429149798 2.2904832
10.890728744939274 6.144
10.931174089068827 6.1046784
10.97165991902834 5.7819136
11.012186234817815 4.469744
11.05263157894737 2.0774912
11.093157894736843 4.3384832
11.133603238866396 6.1472768
11.174089068825912 5.7114624
11.214615384615385 4.8201728
11.255060728744938 2.4264704
11.295587044534415 4.8644096
11.336032388663968 5.6508416
11.376518218623481 5.9424768
11.417044534412957 5.1997728
11.45748987854251 2.2740992
11.498016194331985 0.2260992
11.538461538461537 5.0642944
11.578987854251013 5.2936704
11.61947368421053 4.636672
11.65991902834008 0.8454144
11.700404858299596 4.2729472
11.740890688259109 5.931008
11.781376518218622 3.8880288
11.821862348178138 4.5726432
11.862348178137651 2.3330816
11.902834008097166 4.5145728
11.94331983805668 3.6014656
11.983805668016194 4.3423968
12.02433198380567 4.1979936
12.064817813765183 2.3461888
12.1053036437247 3.2138496
12.145748987854251 1.1883968
12.186234817813766 0.4561632
12.22676113360324 0.0355872
12.267206477732792 0.2199936
12.307692307692308 0.5143968
12.348178137651821 3.5241984
12.388663967611336 5.0536448
12.429149797570851 4.0876224
12.469676113360325 2.7000832
12.510121457489877 6.0391424
12.550607287449393 4.794544
12.591093117408906 4.612768
12.631619433198383 5.0213728
12.672105263157896 1.589248
12.71259109311741 4.8267264
12.753036437246962 5.6328192
12.793562753036438 5.4951936
12.834008097165992 6.078464
12.874534412955468 2.7426816
12.914979757085021 3.2702464
12.955465587044534 5.275648
12.995951417004047 5.5721984
13.036437246963564 5.57056
13.076923076923077 3.0932992
13.117449392712553 3.0457856
13.157894736842106 5.5001088
13.19838056680162 5.4263808
13.238906882591095 5.6295424
13.279352226720649 2.6017792
13.319878542510121 3.9059456
13.360364372469638 5.3510144
13.400850202429151 4.1701632
13.441295546558704 2.9235008
13.481781376518217 2.3319872
13.522307692307693 2.8549088
13.562753036437247 2.7995264
13.603279352226723 3.3533472
13.643724696356276 3.5047168
13.684251012145749 2.372816
13.724736842105266 4.2884608
13.765182186234817 2.9914816
13.805708502024292 3.4012736
13.846194331983808 2.5137504
13.88663967611336 2.2753824
13.927125506072874 3.1802432
13.967611336032387 2.8825632
14.008097165991902 2.8572416
14.048582995951417 2.933808
14.089109311740893 2.6127168
14.129554655870445 2.7343232
14.17004048582996 2.66344
14.210526315789473 2.7191648
14.251052631578949 2.5367904
14.291497975708502 2.2730624
14.331983805668017 3.1007712
14.372510121457491 3.3320896
14.412955465587045 2.9135264
14.453441295546558 2.388448
14.493927125506072 1.831056
14.534412955465587 2.7239616
14.574898785425102 2.7484256
14.615425101214576 2.9426432
14.65591093117409 2.2886752
14.696356275303643 2.0077344
14.736882591093119 2.463872
14.777327935222672 2.4215264
14.817854251012148 2.5008096
14.858340080971661 2.7974144
14.898785425101215 2.2907296
14.939311740890691 3.3255328
14.979757085020243 2.4954176
15.020283400809717 2.4553952
15.060728744939272 2.2757952
15.101255060728747 2.1418048
15.1417004048583 2.3376192
15.182186234817813 2.10288
15.222672064777328 1.7297536
15.263198380566802 1.5604448
15.303643724696357 1.7464192
15.344170040485832 2.6808512
15.384615384615385 2.5539808
15.425101214574898 1.5375488
15.465587044534413 3.5975424
15.506072874493928 2.305808
15.546558704453442 2.6971392
15.587044534412955 2.8641472
15.62753036437247 2.5928672
15.668016194331983 2.1961408
15.708502024291498 2.8007616
15.748987854251013 2.5567296
15.789473684210527 2.6205472
15.82995951417004 1.835392
15.870445344129555 3.5704064
15.910931174089068 1.7080224
15.951417004048583 2.3046624
15.991902834008098 2.4681664
16.032388663967613 2.4377024
16.072914979757087 2.2441504
16.113360323886642 2.5196608
16.153846153846153 2.4015968
16.19437246963563 2.3870208
16.234817813765183 2.7652224
16.275303643724698 2.647824
16.31578947368421 2.2838816
16.356315789473687 2.6239168
16.39676113360324 2.3217952
16.437246963562753 2.3972832
16.477773279352228 2.3013056
16.518218623481783 2.2824064
16.558704453441294 2.7166624
16.59919028340081 2.3922848
16.639716599190283 2.5709056
16.6802024291498 2.3045408
16.720647773279353 2.335712
16.761133603238868 2.1029824
16.801659919028342 0.8336032
16.842105263157894 1.8083744
16.882631578947368 0.9334208
16.923117408906883 2.283328
16.963562753036435 4.4660416
17.004089068825913 2.6553728
17.044574898785427 1.6343776
17.085060728744942 1.3376928
17.125506072874494 0.8238976
17.16599190283401 2.4335136
17.206477732793523 2.4343648
17.246963562753038 2.6559136
17.287489878542512 2.3548704
17.327935222672064 2.2992832
17.36846153846154 2.4278624
17.408947368421053 1.9562176
17.449392712550605 2.0241568
17.489878542510123 1.7064864
17.530364372469634 1.5937312
17.57085020242915 1.562288
17.611376518218623 1.4860352
17.651862348178142 1.6990208
17.692348178137653 2.0311648
17.732834008097168 2.190272
17.77336032388664 2.1028384
17.813805668016197 2.0533984
17.85425101214575 2.2688704
17.894736842105264 2.4339904
17.935222672064775 1.9535264
17.975708502024293 3.1871232
18.016194331983804 2.2074848
18.05668016194332 2.5946304
18.097165991902834 2.6631296
18.13765182186235 2.0872224
18.178178137651823 1.8526912
18.21862348178138 1.3609408
18.25910931174089 0.6028256
18.299595141700404 0.4939072
18.34008097165992 0.3968512
18.380566801619434 1.4677024
18.421052631578945 2.2469088
18.461538461538463 2.4476992
18.502064777327934 2.7295136
18.54259109311741 2.6739648
18.582995951417004 3.064864
18.62348178137652 2.7178176
18.664008097165993 2.7746432
18.70445344129555 3.9411136
18.74497975708502 3.6735872
18.785425101214575 1.990656
18.82595141700405 5.7049088
18.866396761133604 5.9015168
18.906882591093115 3.0762912
18.94736842105263 3.063808
18.987935222672064 2.1561344
19.02834008097166 3.3898496
19.068825910931174 5.947392
19.10931174089069 5.514912
19.149797570850204 3.8042624
19.190283400809715 2.8377088
19.23076923076923 4.2095712
19.271255060728745 3.0421664
19.31174089068826 3.2201024
19.352267206477734 3.222448
19.392712550607285 2.8009184
19.4331983805668 4.2465088
19.473684210526315 3.6695648
19.51417004048583 3.3932288
19.554696356275304 3.4625664
19.59518218623482 2.6804224
19.635627530364374 3.1069024
19.676113360323885 1.755408
19.71663967611336 1.5630368
19.757085020242915 1.69288
19.79761133603239 2.095664
19.838056680161944 3.4160384
19.878542510121456 3.4137792
19.919068825910934 3.308016
19.959514170040485 3.5698944
20.0 2.5427968
