0.0 2.4549568
0.03444827586206897 4.9337216
0.06893103448275863 3.7970048
0.10341379310344828 3.7161664
0.13793103448275862 2.4900256
0.17237931034482762 3.7463616
0.2068620689655173 2.8512896
0.24134482758620693 2.809232
0.2758275862068965 2.6075712
0.3103103448275862 2.2922432
0.34479310344827585 1.947424
0.3793103448275862 2.4015968
0.41375862068965513 1.9281792
0.4482413793103448 3.487984
0.48275862068965514 3.3394432
0.5172068965517241 3.3129216
0.5516896551724139 2.9147616
0.5861724137931036 2.3530688
0.6206896551724138 1.8160256
0.6551724137931035 1.3997632
0.6896206896551725 1.1560448
0.7241034482758621 1.1604
0.7585862068965519 1.7836736
0.7930689655172414 1.3662912
0.8275517241379311 1.2142784
0.8620344827586207 0.4194976
0.8965172413793104 1.5119168
0.931 0.7322336
0.9654827586206898 0.4890752
1.0 1.061664
1.034448275862069 1.0384992
1.0689310344827587 1.1840832
1.1034137931034482 1.2746688
1.1379310344827587 1.4070016
1.1724137931034482 1.3715584
1.2068620689655172 1.0009216
1.2413448275862067 0.770288
1.2758275862068964 1.1722208
1.310344827586207 1.2029344
1.3447931034482759 1.2770336
1.3793103448275863 1.4173696
1.4137931034482758 1.4741728
1.4482413793103446 1.569072
1.4827241379310343 1.714096
1.517206896551724 2.0705696
1.5516896551724135 1.8872832
1.5862068965517242 2.2737856
1.6206896551724137 2.337888
1.6551379310344827 2.162752
1.6896206896551722 2.1492096
1.724103448275862 1.3814304
1.7586206896551724 0.8260544
1.7930689655172414 1.1711424
1.8275517241379307 0.8875232
1.8620344827586206 1.3162272
1.89651724137931 1.512416
1.931 2.1595584
1.9654827586206893 2.069408
2.0 2.31912
2.0344827586206895 2.3359392
2.0689655172413794 2.2337184
2.103413793103448 2.5235392
2.137896551724138 3.4618944
2.1723793103448275 3.8585792
2.2068620689655174 4.6984064
2.2413793103448274 4.2088512
2.275827586206897 3.8699008
2.310344827586207 3.6044384
2.3448275862068964 2.8246208
2.3793103448275863 3.0758656
2.413793103448276 2.3564288
2.4482413793103452 2.6084448
2.4827586206896552 3.3774688
2.5172068965517247 3.3668032
2.5517241379310347 3.2396576
2.5861724137931037 3.9728864
2.620655172413793 2.999216
2.655137931034483 4.3025056
2.6896206896551726 4.3169184
2.7241034482758626 4.1140128
2.7586206896551726 4.2413472
2.793103448275862 3.9952672
2.8275862068965516 3.010128
2.862034482758621 2.7369824
2.8965172413793105 4.0376896
2.9310344827586206 4.5667104
2.96548275862069 2.8764352
2.99996551724138 3.9632896
3.0344482758620694 3.0994176
3.068931034482759 3.64912
3.1034137931034484 5.3641216
3.137931034482759 4.210688
3.1724137931034484 3.4045952
3.2068620689655174 5.5640064
3.2413448275862073 5.5379168
3.275827586206897 2.5052576
3.310344827586207 3.6573952
3.3447931034482763 3.2751616
3.3792758620689654 5.2641792
3.4137586206896553 5.1544064
3.4482413793103452 5.464064
3.482758620689655 4.194304
3.5172413793103448 3.981312
3.551689655172414 4.6399488
3.586172413793104 5.3248
3.6206896551724137 5.5640064
3.6551379310344827 4.292608
3.6896206896551726 3.7978112
3.724103448275862 4.1664512
3.758620689655172 5.275648
3.793103448275862 5.2690944
3.8275862068965516 4.1304064
3.862034482758621 3.784704
3.896551724137931 4.6333952
3.931 5.332992
3.9654827586206896 5.193728
3.9999655172413795 4.1484288
4.034448275862069 4.01408
4.068931034482759 0.6946816
4.1034137931034484 4.1222144
4.137896551724138 5.4296576
4.172413793103448 3.3062912
4.206896551724138 2.0037632
4.241344827586207 1.8989056
4.275862068965518 5.4247424
4.310310344827586 5.6016896
4.344793103448276 3.6864
4.379275862068966 3.4373632
4.413758620689656 4.120576
4.448310344827586 5.259264
4.482758620689655 6.094848
4.517206896551724 4.251648
4.551689655172414 3.9518208
4.586172413793103 3.7552128
4.620655172413793 5.1560448
4.655137931034482 5.2871168
4.689620689655173 4.3548672
4.724137931034483 3.6683776
4.758586206896552 4.2090496
4.793068965517241 5.177344
4.827586206896552 4.2139648
4.862068965517241 3.5422208
4.896551724137931 3.4537472
4.931034482758621 4.0173568
4.9654827586206896 5.1576832
5.0 5.087232
5.0344482758620686 4.7398912
5.068965517241379 3.8649856
5.1034137931034484 3.7011456
5.137896551724138 4.9037312
5.172379310344828 5.12
5.206896551724139 4.358144
5.2413448275862065 3.5782656
5.275827586206896 4.5088768
5.3103103448275855 5.341184
5.344827586206896 5.4591488
5.379310344827585 4.1746432
5.413758620689655 3.6831232
5.448275862068965 3.8469632
5.482724137931035 5.0561024
5.517206896551724 4.7242688
5.551724137931035 3.7693824
5.586172413793103 2.9884416
5.620655172413793 4.6333952
5.655172413793103 3.6112128
5.689655172413794 2.6541088
5.724137931034483 2.1783328
5.7585862068965525 2.4606528
5.793068965517241 1.7527936
5.8275862068965525 1.5927968
5.86203448275862 1.53672
5.89651724137931 1.2196704
5.930999999999999 0.8152704
5.9654827586206896 1.7950176
6.0 1.0735264
6.0344827586206895 0.9684032
6.068931034482759 1.0471264
6.1034137931034484 1.1873184
6.137896551724138 1.0056288
6.1723793103448275 0.9689216
6.206862068965517 1.8634752
6.241344827586207 1.8819616
6.275827586206897 1.616368
6.310310344827586 1.062784
6.344793103448275 1.1118304
6.379310344827587 1.6290688
6.413793103448276 1.9167104
6.448275862068965 1.5598848
6.482724137931034 1.903376
6.517206896551723 2.360976
6.551689655172414 2.6127296
6.586206896551724 2.6161824
6.620655172413793 3.3025952
6.655137931034483 3.252512
6.689620689655173 2.9565472
6.724103448275862 2.7194496
6.758586206896552 2.4450272
6.793068965517241 2.1554272
6.8275517241379315 1.681248
6.862034482758621 2.0020064
6.89651724137931 1.5194656
6.930999999999999 1.1776128
6.9654827586206896 1.7297536
6.999965517241379 1.67152
7.0344482758620686 1.1387904
7.068965517241379 0.6998816
7.1034482758620685 0.9522272
7.137896551724138 1.2628064
7.172413793103448 1.7605088
7.206862068965517 1.770256
7.241379310344827 1.3252704
7.275862068965518 1.1226144
7.310310344827586 0.549984
7.344793103448276 0.0
7.379275862068965 0.0
7.413793103448276 0.0
7.448241379310344 3.0481056
7.482724137931034 5.0069504
7.517206896551723 5.5574528
7.551689655172414 5.2609024
7.586206896551724 5.4788096
7.620655172413793 5.5279616
7.655137931034482 4.6563328
7.689620689655172 4.0435712
7.724103448275862 3.8305792
7.758586206896552 5.3837824
7.793068965517241 5.5476224
7.8275517241379315 4.1582592
7.862034482758621 3.8207488
7.8965172413793105 4.907008
7.931 5.4755328
7.9654827586206896 5.5345152
7.999965517241378 3.6143104
8.034448275862069 3.547136
8.068931034482759 5.3231616
8.103413793103448 5.4771712
8.137896551724138 5.6639488
8.172379310344827 3.8223872
8.206896551724137 4.096
8.241344827586207 6.0473344
8.275862068965518 5.439488
8.310310344827586 5.5885824
8.344793103448275 4.4105728
8.379275862068965 3.6880384
8.413758620689656 1.5876096
8.448241379310344 3.4439168
8.482724137931035 5.4411264
8.517206896551725 4.7202304
8.551689655172414 3.5536896
8.586172413793102 4.808704
8.620655172413793 5.292032
8.655137931034481 5.472256
8.689620689655172 4.636672
8.724103448275862 3.9583744
8.758620689655173 4.1156608
8.793068965517241 5.087232
8.82758620689655 5.3592064
8.862068965517242 4.2565632
8.89651724137931 4.096
8.931000000000001 3.9534592
8.96551724137931 5.3723136
8.99996551724138 5.554176
9.03448275862069 5.1478528
9.068931034482759 4.3188224
9.10341379310345 3.4291712
9.137896551724138 3.8158336
9.172379310344828 5.0823168
9.206862068965517 5.537792
9.241379310344827 5.5803904
9.275827586206898 5.2330496
9.310310344827586 4.6792704
9.344793103448277 4.3515904
9.379275862068967 3.7814272
9.413793103448276 5.0528256
9.448275862068966 5.0413568
9.482724137931037 4.4351488
9.517206896551725 3.9288832
9.551689655172416 4.1371328
9.586172413793104 3.0996128
9.620655172413793 5.2723712
9.655137931034483 5.20192
9.689655172413794 4.7644672
9.724103448275862 4.5367296
9.758586206896553 4.5842432
9.793068965517243 3.678208
9.827551724137932 4.9545216
9.862034482758622 4.6874624
9.89655172413793 4.9594368
9.931000000000001 4.9266688
9.965482758620691 3.6864
9.99996551724138 4.5236224
10.034448275862069 5.3854208
10.068965517241379 5.4624256
10.10341379310345 3.4144256
10.13789655172414 3.4373632
10.172379310344828 5.4362112
10.206896551724139 5.2690944
10.241379310344827 5.6377344
10.275827586206898 3.8387712
10.310310344827586 3.3128448
10.344793103448279 4.9020928
10.379310344827585 5.750784
10.413758620689658 5.5361536
10.448275862068964 3.2423936
10.482724137931035 3.5651584
10.517241379310345 5.4820864
10.551724137931036 5.3018624
10.586206896551724 5.5640064
10.620689655172413 3.4504704
10.655172413793103 3.162112
10.689620689655172 5.5885824
10.724103448275864 5.2445184
10.758586206896553 5.7704448
10.793068965517243 3.833856
10.827551724137932 3.2374784
10.862034482758622 5.4263808
10.89651724137931 5.4509568
10.931000000000001 5.7458688
10.965482758620691 3.5782656
11.0 1.441792
11.03448275862069 1.8448384
11.068931034482759 4.8431104
11.10341379310345 5.8359808
11.137896551724138 3.8813696
11.172379310344828 4.0910848
11.206862068965517 6.144
11.241344827586207 5.5017472
11.275827586206898 3.7455712
11.310310344827588 3.1782112
11.344827586206897 2.9916992
11.379310344827587 2.574208
11.413758620689656 2.113808
11.448275862068966 1.7173728
11.482758620689655 0.8681536
11.517206896551727 2.2742624
11.551724137931034 2.3108704
11.586206896551726 2.9883872
11.620655172413795 3.143536
11.655137931034483 2.5515616
11.689620689655174 2.440352
11.724137931034482 1.9812704
11.758586206896553 2.8014336
11.793068965517241 2.52568
11.827586206896552 1.880352
11.86203448275862 2.3544576
11.896517241379312 2.7332256
11.931000000000001 3.0055296
11.965482758620691 3.2465888
12.0 3.4788032
12.03448275862069 3.9305216
12.068931034482759 3.5594112
12.103413793103448 3.590304
12.13789655172414 3.5865632
12.172379310344827 3.3176768
12.206862068965519 2.7522432
12.241344827586207 2.7687712
12.275827586206898 2.2318336
12.310310344827586 2.4445024
12.344793103448277 2.4436544
12.379275862068965 2.2570912
12.413758620689656 2.3212768
12.448241379310346 2.4803616
12.482724137931037 2.5921632
12.517206896551725 2.2249664
12.551689655172416 1.8737408
12.586206896551724 2.0084992
12.620655172413795 1.9469696
12.655137931034483 2.1272256
12.689655172413794 2.0554304
12.724206896551724 1.988384
12.758586206896553 2.2141408
12.793068965517243 2.3653472
12.827551724137932 2.6610752
12.862068965517242 3.0772384
12.89651724137931 3.623984
12.931034482758621 3.4212
12.96551724137931 2.7504384
13.0 2.922464
13.034448275862069 2.7631936
13.06893103448276 1.8916992
13.10341379310345 1.777536
13.13789655172414 1.8288448
13.172413793103448 1.8805184
13.206862068965517 1.770096
13.241344827586207 1.88568
13.275862068965518 2.0295488
13.310310344827588 2.1187072
13.344827586206895 2.4178752
13.379310344827587 2.3700096
13.413758620689656 2.3581088
13.448241379310346 2.15176
13.482758620689655 2.1840512
13.517241379310345 2.2478848
13.551689655172414 2.3373696
13.586172413793104 2.1158016
13.620655172413795 2.2606976
13.655137931034485 2.3907904
13.689620689655174 2.53424
13.724103448275864 2.6759488
13.758586206896553 2.3019456
13.793068965517241 2.167296
13.827551724137932 2.0686592
13.86203448275862 2.2409152
13.89655172413793 2.2689536
13.931000000000001 2.1556032
13.96551724137931 2.3232832
14.0 2.3325376
14.03444827586207 2.3029024
14.068965517241379 2.2236
14.10344827586207 2.4592064
14.137896551724138 2.2461216
14.172413793103448 2.9365856
14.206896551724137 2.1352128
14.24137931034483 1.7638464
14.275862068965516 2.6897504
14.310310344827588 2.1954048
14.344827586206897 1.9997856
14.379275862068965 1.9685984
14.413758620689656 1.7405184
14.448275862068964 1.4601728
14.482724137931037 0.7893888
14.517206896551723 0.7581152
14.551689655172416 0.8325248
14.586206896551722 1.3943712
14.620689655172415 0.7511264
14.655137931034483 1.6558624
14.689620689655174 1.24016
14.724137931034482 0.5187104
14.758586206896553 1.4937088
14.793068965517243 1.6471936
14.827551724137933 1.250384
14.862068965517242 1.384624
14.89651724137931 2.0490432
14.931034482758621 2.2127328
14.96548275862069 1.772432
15.0 1.4806016
15.034482758620689 1.6127264
15.068931034482759 1.5065248
15.103448275862068 1.7233056
15.137931034482758 1.46824
15.172379310344828 1.056832
15.206862068965519 1.0357824
15.241344827586207 1.5847712
15.275827586206898 2.0403328
15.310310344827586 2.115904
15.344827586206897 2.2020512
15.379310344827585 2.354128
15.413758620689658 1.8865152
15.448241379310346 1.4418816
15.482758620689657 2.2134848
15.517206896551725 1.9076416
15.551689655172414 1.5943936
15.586172413793104 1.96808
15.620655172413793 2.071088
15.655137931034485 2.026832
15.689620689655172 2.309456
15.724103448275864 2.326112
15.758586206896553 2.384816
15.793068965517243 2.397536
15.827551724137932 2.2834048
15.862068965517242 2.2218976
15.89655172413793 2.132288
15.931000000000001 2.1538144
15.965482758620691 2.1217504
16.0 2.2201984
16.03444827586207 2.3177088
16.06893103448276 2.3627744
16.10341379310345 2.5435776
16.13789655172414 2.4914944
16.17237931034483 2.3464448
16.206862068965517 2.156336
16.24137931034483 2.0258304
16.275827586206898 2.1833888
16.310310344827588 2.2197184
16.344827586206897 2.0581504
16.379275862068965 1.7985408
16.413793103448274 1.8415744
16.448241379310346 1.87704
16.482724137931037 1.9820768
16.517241379310345 1.6682432
16.551689655172414 1.5210624
16.586172413793104 1.3307456
16.620689655172413 1.7351456
16.655172413793103 1.6758144
16.689655172413794 1.8575936
16.724103448275862 1.8920224
16.758586206896553 2.0856256
16.793068965517243 2.0033152
16.827551724137933 1.9921568
16.86203448275862 2.07912
16.896551724137932 2.1827168
16.93103448275862 1.8937344
16.96551724137931 1.9275776
17.0 2.2863136
17.034448275862072 2.0644896
17.06896551724138 2.2889248
17.10341379310345 1.9146784
17.13789655172414 2.011424
17.172379310344827 2.6817728
17.206862068965517 2.1919968
17.241344827586207 2.3545792
17.275862068965516 2.5947552
17.310310344827585 2.2629408
17.34479310344828 2.3340704
17.379275862068965 2.5612
17.413758620689656 2.2549344
17.448241379310346 1.9207552
17.482758620689655 2.067376
17.517206896551723 2.4671712
17.551689655172417 2.5612
17.586172413793104 2.1826816
17.620655172413795 1.9691584
17.655137931034485 1.8235744
17.68962068965517 2.0511072
17.724103448275862 1.9884128
17.758620689655174 0.344064
17.793068965517243 1.9562496
17.82758620689655 2.0611072
17.862068965517242 2.5001984
17.89655172413793 1.6695296
17.931 1.76128
17.96548275862069 2.5526272
17.99996551724138 4.2811392
18.03448275862069 3.7075808
18.06896551724138 2.7111392
18.10341379310345 2.3068672
18.13789655172414 2.2511616
18.17237931034483 2.1528576
18.206862068965517 2.1659648
18.241344827586207 1.982464
18.27586206896552 1.5187968
18.310310344827588 2.1725184
18.344827586206897 2.0840448
18.379275862068965 2.0660224
18.413793103448274 2.9179904
18.448241379310346 1.7219584
18.482793103448273 2.0267008
18.517206896551727 2.3609344
18.551689655172414 3.3243136
18.586241379310344 2.5821184
18.620724137931035 2.1757952
18.655137931034485 2.2839296
18.689655172413794 2.3576576
18.724137931034484 1.921392
18.75862068965517 1.4892704
18.793068965517243 0.9640896
18.827551724137933 0.7236064
18.86203448275862 0.0237248
18.89651724137931 0.0
18.931 0.0
18.96548275862069 0.0
18.999965517241378 0.9751648
19.03444827586207 1.5407424
19.06893103448276 1.1787744
19.10341379310345 1.5571264
19.13789655172414 1.229376
19.17237931034483 1.2336896
19.206862068965517 1.1177824
19.241344827586207 1.0228416
19.275827586206898 1.0369024
19.310310344827588 0.8470624
19.344793103448275 1.5065248
19.379275862068965 1.8095552
19.413758620689656 2.178368
19.448241379310346 0.9198752
19.482724137931037 2.3839072
19.517206896551723 1.69568
19.551689655172414 1.3781952
19.586172413793104 1.7551168
19.620655172413795 2.4128512
19.65513793103448 2.9522304
19.689655172413794 2.9628416
19.724103448275862 2.243072
19.758586206896553 2.3721568
19.793068965517243 3.2869344
19.827551724137933 2.436144
19.862068965517242 2.9675936
19.896551724137932 2.6560576
19.931 3.0105856
19.965482758620688 3.1005664
20.0 3.0975232
