0.0 0.0
0.045351473922902494 2.8136288
0.0907482993197279 4.2719584
0.13605442176870747 4.6664096
0.18140589569160998 4.9115328
0.22675736961451248 6.0162048
0.27210884353741494 6.5917952
0.31746031746031744 5.6494912
0.3628571428571428 6.242304
0.40820861678004533 4.9805312
0.45351473922902497 5.1891136
0.4988662131519275 5.037088
0.5442630385487528 2.0250624
0.5895691609977325 4.8775168
0.6349206349206349 6.663168
0.6802721088435375 4.6591776
0.7256235827664399 4.2605216
0.7710204081632653 2.9021728
0.8163265306122448 5.7065472
0.8616780045351474 5.9278496
0.9070294784580499 4.8715296
0.9523809523809523 5.0527104
0.9977777777777779 2.605056
1.0430839002267573 4.7202304
1.0884353741496597 4.7661056
1.1338321995464853 7.143424
1.179138321995465 5.3838848
1.2245351473922903 4.5758688
1.2698866213151927 3.8545792
1.3151927437641722 2.195456
1.360589569160998 5.9867136
1.4058956916099774 6.8386816
1.4512471655328796 6.2027328
1.4965986394557822 1.9890176
1.5419501133786848 5.881856
1.5873469387755104 6.4159744
1.6326530612244896 3.2178176
1.6780045351473925 6.3012864
1.7233560090702948 6.373376
1.7687074829931972 5.5765344
1.8140589569160999 5.0499936
1.8594104308390023 2.0955136
1.9047619047619047 3.4308096
1.9501587301587304 6.7715072
1.9955102040816328 6.2291968
2.0408163265306123 6.5961984
2.0861678004535147 5.157216
2.131519274376417 3.047424
2.1768707482993195 2.7328512
2.2222222222222223 5.1183616
2.2675736961451247 6.7878912
2.312925170068027 4.9774912
2.35827664399093 4.267264
2.4036734693877553 5.1671456
2.4489795918367347 1.0772128
2.494331065759637 1.4057472
2.5396825396825395 1.9234816
2.5850340136054424 5.5312384
2.6303854875283443 6.5978368
2.675736961451247 5.2688704
2.72108843537415 2.6443776
2.766439909297052 5.6270464
2.8118367346938777 3.276384
2.8571428571428568 2.4361056
2.9024943310657596 1.9443552
2.947845804988662 1.857504
2.9931972789115644 2.3741376
3.0385941043083897 1.3781952
3.0839002267573696 2.4810272
3.1292970521541945 2.1129088
3.1746031746031744 1.7006848
3.2199546485260773 2.5446208
3.265306122448979 1.2574944
3.3107029478458045 5.1357056
3.356009070294785 2.613552
3.401360544217687 3.967328
3.4467120181405897 3.4250752
3.492063492063492 3.4647136
3.5374149659863945 4.3321184
3.5827664399092973 3.2660096
3.6281632653061218 2.4104864
3.673469387755102 2.0799392
3.7188208616780045 2.3907904
3.7641723356009074 3.5198208
3.8095691609977322 4.126944
3.854875283446712 3.391488
3.900226757369615 4.0857472
3.945578231292517 3.8240064
3.99092970521542 5.3374432
4.036326530612245 3.4543616
4.081678004535147 2.70336
4.1269841269841265 6.1161472
4.172380952380951 4.7220448
4.217687074829932 4.8570624
4.263083900226757 4.916224
4.308390022675737 2.8109344
4.353741496598639 5.0687136
4.399092970521542 3.6052448
4.444444444444445 4.8558784
4.4898412698412695 4.810128
4.535147392290249 3.1384288
4.580498866213151 4.7261024
4.625850340136054 2.868544
4.671201814058957 2.0580032
4.71655328798186 1.430624
4.761950113378685 2.6959968
4.807256235827665 1.4461344
4.852607709750567 1.056832
4.8979591836734695 1.1010464
4.943356009070294 2.097152
4.988662131519274 4.3679744
5.0340589569161 2.5827328
5.079365079365079 1.884048
5.124716553287982 1.7458048
5.170113378684807 2.6388032
5.215419501133787 2.896256
5.260770975056689 2.093888
5.306122448979592 3.7727488
5.351473922902494 3.4553792
5.396870748299319 1.6639712
5.442222222222222 1.3877248
5.487528344671202 2.7557888
5.532879818594104 4.752208
5.578231292517007 2.4913952
5.62358276643991 3.2618688
5.668934240362812 2.7587488
5.7142857142857135 1.4155776
5.759637188208617 3.1850496
5.804988662131519 4.8201728
5.850385487528344 3.7225376
5.895691609977324 2.4728288
5.94108843537415 3.5930112
5.986394557823129 3.0002688
6.031791383219955 2.861744
6.0770975056689345 2.8257376
6.122448979591837 3.5080352
6.167845804988662 3.2751008
6.213151927437641 2.8189376
6.258548752834468 2.4684576
6.30390022675737 2.793056
6.349251700680272 2.8724704
6.394557823129253 2.7869728
6.4399546485260775 3.0971648
6.4852607709750565 3.7412
6.530612244897958 4.7281472
6.575963718820862 3.0011776
6.621315192743764 3.0441472
6.666666666666666 5.996544
6.71201814058957 6.5568768
6.757369614512472 6.6224128
6.802721088435374 3.356288
6.8481179138322 3.106816
6.893424036281179 4.2008576
6.938820861678004 6.521728
6.984172335600908 4.402272
7.029478458049887 4.0403232
7.074829931972789 3.5028992
7.120181405895691 4.481024
7.165532879818595 6.5224704
7.2109297052154195 6.3074048
7.2562358276643995 5.2498656
7.301632653061225 2.0054016
7.346938775510204 4.4433408
7.392290249433106 6.3193088
7.437641723356009 6.5503232
7.482993197278912 6.1423616
7.528344671201815 2.7164672
7.57374149659864 4.333568
7.619047619047619 6.4094208
7.664444444444445 6.1652992
7.709750566893424 6.1620224
7.755102040816326 4.0665088
7.80045351473923 2.8672
7.845804988662132 6.51264
7.891201814058957 6.2062592
7.936507936507936 5.9490304
7.98185941043084 3.3816576
8.027210884353742 2.981888
8.072562358276643 6.5437696
8.11795918367347 6.3258624
8.16326530612245 6.5060864
8.208662131519274 4.42368
8.253968253968253 3.2407552
8.299319727891156 5.9031552
8.344671201814059 6.496256
8.390068027210884 4.5146048
8.435374149659864 3.4908704
8.480725623582767 2.490368
8.526077097505668 3.8764544
8.571473922902495 6.10304
8.616780045351474 6.6502656
8.662131519274377 3.0769152
8.707482993197278 2.8737536
8.752879818594105 5.0397184
8.798185941043084 6.1046784
8.843537414965986 6.1833216
8.88888888888889 4.1549824
8.934240362811792 2.473984
8.979591836734693 5.971968
9.024943310657596 6.1210624
9.070294784580499 6.1177856
9.115646258503402 4.3794432
9.160997732426303 2.7328512
9.206349206349206 5.6836096
9.251700680272108 5.8343424
9.297052154195011 5.7442304
9.342448979591836 3.8207488
9.387800453514739 2.8033024
9.433151927437642 5.9588608
9.47845804988662 6.1669376
9.523809523809524 6.2537728
9.56920634920635 3.784704
9.61451247165533 2.4231936
9.65986394557823 5.6999936
9.705215419501133 5.8605568
9.75061224489796 5.9899904
9.796009070294785 4.890624
9.84126984126984 2.62144
9.886621315192745 5.3280768
9.931972789115646 5.9572224
9.977369614512472 5.8130432
10.02267573696145 4.3892736
10.068027210884354 2.179072
10.113424036281181 5.7720832
10.15877551020408 5.824512
10.204081632653061 6.2029824
10.249433106575964 3.85024
10.294784580498867 2.9229056
10.34013605442177 6.1341696
10.38548752834467 3.7429056
10.430839002267573 3.1447136
10.4762358276644 2.1407168
10.521541950113377 2.2968416
10.56689342403628 2.5164448
10.612290249433107 2.9388512
10.657596371882086 2.0460128
10.702947845804989 2.5573216
10.748344671201815 4.6535936
10.793696145124716 3.7877632
10.839002267573697 4.8033184
10.8843537414966 2.4905344
10.929705215419501 4.5198656
10.975056689342404 2.7426816
11.02045351473923 4.9627136
11.065759637188208 6.1964288
11.111156462585035 4.4800992
11.156462585034014 2.7209536
11.201859410430838 3.2636928
11.247210884353741 2.5023616
11.29251700680272 2.6992384
11.337913832199547 2.6717536
11.383219954648528 2.3104512
11.428571428571427 2.39944
11.473922902494332 2.008736
11.519501133786846 2.4062336
11.564625850340136 1.9531072
11.609977324263037 1.8636032
11.655328798185941 2.3937952
11.700680272108844 2.4134592
11.746031746031747 2.414704
11.791383219954648 2.2828064
11.83673469387755 2.081312
11.882086167800454 1.3851232
11.92748299319728 2.7600192
11.972789115646258 1.9634336
12.018140589569162 2.5064544
12.063492063492063 1.219936
12.108843537414966 1.474
12.154195011337869 3.5955584
12.19954648526077 2.7941344
12.244943310657598 2.2743456
12.2902947845805 2.0845472
12.335600907029479 1.9277024
12.380952380952381 2.3722944
12.426303854875282 2.4788256
12.47170068027211 1.7017152
12.517006802721088 2.0457664
12.562857142857144 2.2717952
12.60775510204082 2.4639424
12.653106575963719 2.2846048
12.698412698412698 2.9034688
12.743809523809526 1.8309632
12.789115646258505 2.4293792
12.83451247165533 2.1470944
12.879863945578233 2.342016
12.925170068027212 2.225344
12.970521541950113 2.6361248
13.015873015873016 2.3069248
13.061224489795917 2.0996448
13.106621315192745 1.709264
13.151927437641724 2.1643488
13.19732426303855 2.1578784
13.242630385487528 2.3821856
13.287981859410431 1.876416
13.333333333333332 1.897984
13.37873015873016 1.5465504
13.424081632653062 2.15344
13.469433106575966 2.5612
13.514739229024944 2.8254784
13.560090702947846 2.815632
13.605487528344673 2.4091456
13.650793650793652 1.0967328
13.696190476190477 2.301952
13.741496598639456 2.6051488
13.786893424036283 3.6179008
13.832244897959185 2.7043776
13.877551020408163 1.8459104
13.92294784580499 1.118864
13.968253968253968 1.9868032
14.013650793650797 1.9388384
14.058956916099774 2.0952704
14.104308390022675 2.073824
14.149659863945578 2.0351328
14.195011337868483 2.0466112
14.240408163265307 2.2042496
14.28575963718821 2.1535648
14.33106575963719 2.286208
14.376462585034016 1.6149888
14.421768707482993 1.5695264
14.467120181405894 1.7707328
14.512471655328799 1.9713152
14.557868480725624 1.3798336
14.603174603174603 1.519984
14.648526077097506 1.067616
14.693877551020408 1.5000544
14.73922902494331 1.4137824
14.784625850340138 3.912416
14.829977324263039 4.3685664
14.875283446712018 5.1576832
14.920634920634921 4.3684416
14.965986394557824 6.3307776
15.011337868480725 6.2815104
15.05668934240363 4.9217536
15.102040816326529 3.260416
15.147392290249433 4.4302336
15.19278911564626 4.5040736
15.238095238095237 2.7315872
15.283492063492066 2.5284224
15.328798185941043 3.2038624
15.374149659863946 2.9942944
15.419501133786849 3.4975296
15.464852607709751 3.6860448
15.510204081632653 3.2254944
15.555555555555555 2.2344448
15.60090702947846 1.8987104
15.646303854875285 1.6955968
15.691655328798186 3.8884896
15.736961451247165 4.5348576
15.782358276643993 3.6339712
15.827709750566894 6.176768
15.873015873015872 6.1999072
15.918367346938776 5.279088
15.96371882086168 5.0949376
16.00907029478458 2.3789568
16.054467120181407 4.276224
16.099773242630388 5.6737792
16.145124716553287 5.7032704
16.190521541950115 6.291456
16.235827664399093 2.4608768
16.281179138321995 3.981312
16.326575963718824 6.0850176
16.3718820861678 6.2685184
16.417233560090704 6.4585728
16.462585034013607 3.2260096
16.50798185941043 3.4062336
16.55328798185941 6.6093056
16.598684807256237 6.1292544
16.643990929705215 6.168576
16.689387755102043 3.817472
16.73469387755102 3.923968
16.780045351473923 5.677056
16.825396825396826 6.0506112
16.87074829931973 6.2472192
16.916145124716554 3.4209792
16.961496598639457 2.3691264
17.006802721088434 5.8228736
17.052154195011337 6.0325888
17.09750566893424 5.7802752
17.142857142857142 3.5192832
17.18825396825397 0.3670016
17.23360544217687 4.096
17.27891156462585 5.2133888
17.324263038548754 4.4367872
17.369614512471657 2.4674304
17.414965986394556 2.5788416
17.460362811791384 5.3313536
17.505668934240365 6.4651264
17.551020408163264 5.955584
17.596417233560093 3.8715392
17.64172335600907 2.8770304
17.687074829931973 6.1865984
17.732471655328798 6.6322432
17.7778231292517 6.012928
17.82312925170068 4.980736
17.868480725623584 3.3128448
17.913832199546484 5.0397184
17.959183673469386 6.0227584
18.00453514739229 6.0588032
18.049886621315192 3.9452672
18.09528344671202 2.2626304
18.140589569160998 6.078464
18.1859410430839 6.3963136
18.231292517006803 3.8271232
18.276643990929706 2.5978656
18.321995464852606 2.6927648
18.367346938775512 3.0210144
18.41269841269841 2.1953312
18.45809523809524 2.1046016
18.503401360544217 1.331056
18.548798185941045 1.0870272
18.594104308390023 3.0415872
18.639455782312925 3.6083168
18.68480725623583 4.113296
18.730204081632657 3.2951968
18.775510204081634 3.9194464
18.820861678004533 3.792336
18.86625850340136 3.8261632
18.911564625850342 3.8279904
18.95691609977324 3.027504
19.002267573696145 4.1107456
19.047664399092973 3.96
19.093015873015876 3.4534912
19.138321995464853 3.9545536
19.183673469387756 3.3071328
19.22902494331066 3.9174144
19.27437641723356 3.2493312
19.31972789115646 3.1196064
19.365079365079364 3.6164416
19.410430839002267 3.4250944
19.45578231292517 2.8594592
19.501133786848072 2.7976192
19.546485260770975 2.9347424
19.591836734693878 3.184976
19.63718820861678 2.6275232
19.68253968253968 3.3766304
19.727891156462583 3.278464
19.77324263038549 3.3735136
19.81859410430839 5.764
19.86394557823129 4.9875712
19.909297052154194 3.366912
19.954648526077097 6.3209472
20.0 6.4684032
