0.0 0.0
0.04246293516546744 0.8718656
0.08488340739576941 3.2700096
0.12738880549640233 5.2314112
0.1698092777267043 7.1607424
0.2123146758273372 3.9603424
0.25477761099280466 4.0064832
0.2971980832231066 4.116688
0.33966101838857404 4.0056544
0.3821239535540415 4.0620672
0.4245868887195089 3.9882112
0.46704982388497635 4.0012576
0.5095127590504438 4.0505728
0.5519756942159112 4.0683296
0.5944386293813787 3.9790656
0.6369440274820116 4.00752
0.6793644997123136 4.0710656
0.7218274348777811 3.8711264
0.7642903700432485 3.2538624
0.806753305208716 4.960432
0.8492162403741834 4.0448096
0.8916791755396508 3.8216192
0.9341421107051183 2.7082752
0.9766050458705857 3.6847616
1.0190679810360532 5.1462144
1.0615733791366861 4.7750592
1.1040363143021534 3.0347584
1.1464567865324555 3.0466304
1.1889197216979228 2.3208
1.2313826568633903 2.328944
1.2738880549640232 4.6521376
1.3163509901294908 4.01488
1.3587714623597926 3.9835392
1.4012343975252597 3.4456832
1.443739795625893 4.6462528
1.4862027307913603 4.0421248
1.5286656659568278 4.021872
1.5710861381871297 4.033216
1.613549073352597 3.3161216
1.6560120085180645 4.3810816
1.698474943683532 4.4030048
1.7409803417841652 4.0349376
1.7834008140144668 3.932016
1.8258637491799343 3.2964608
1.8683266843454016 4.5776896
1.9107896195108691 4.315008
1.9532525546763366 4.0307616
1.995715489841804 4.0468416
2.0381784250072714 3.571712
2.0806838231079046 4.1664512
2.123104295338206 4.350016
2.1655672305036737 4.0240704
2.208030165669141 4.0348128
2.2504931008346087 3.8222784
2.292956036000076 4.1156608
2.335461434100709 3.411472
2.377924369266177 4.797472
2.4203448414964783 3.956144
2.4628077766619456 2.2033888
2.5053131747625788 1.1354112
2.5477336469928806 3.2325632
2.5901965821583484 6.2472192
2.632659517323815 6.3455232
2.675164915424449 2.7268224
2.7175853876547507 3.3357824
2.7600907857553834 4.4040384
2.802511257985686 4.4624416
2.8450166560863184 3.993776
2.887437128316621 3.7693344
2.929900063482088 4.1320448
2.9723629986475557 4.224768
3.0148259338130234 3.9665824
3.0572888689784907 4.0983808
3.0997942670791234 3.3066912
3.1422147393094257 3.8519264
3.184720137410058 4.9081984
3.2271406096403603 4.0577088
3.2696460077409926 4.0304992
3.3120664799712953 3.3070208
3.354571878071928 4.1877504
3.3969923503022303 4.5088544
3.4394977484028626 4.034896
3.481918220633165 3.891936
3.5243811557986326 3.2032928
3.5668440909641 4.0484864
3.609307026129567 5.0258368
3.651769961295035 4.0360992
3.694232896460502 3.9941504
3.7366958316259695 3.3617952
3.7791587667914373 2.8573696
3.8216217019569045 5.6066048
3.864084637122372 4.3379456
3.9065900352230045 3.9268128
3.9490105074533073 3.6589824
3.991473442618774 3.3161216
4.033936377784242 5.1552512
4.076399312949709 4.0770592
4.118862248115176 3.8749984
4.161325183280644 3.9464704
4.203788118446112 2.7911456
4.246251053611579 5.4689824
4.2887139887770465 4.05352
4.331176923942514 4.0313024
4.373639859107981 3.8797856
4.416102794273449 3.4537472
4.4585657294389165 4.782256
4.501071127539548 3.97328
4.5435340627050165 4.033776
4.585954534935318 3.7655744
4.628459933035951 3.3062912
4.670922868201418 4.9740832
4.713385803366886 4.08648
4.755806275597188 4.0240224
4.798311673697821 3.4039168
4.840732145928123 3.15392
4.883237544028756 5.4553568
4.925700479194223 4.1874112
4.968120951424526 3.621824
5.0106263495251575 2.5870336
5.05304682175546 3.2682208
5.095509756920928 5.931008
5.13801515502156 4.7095456
5.180435627251862 4.0496224
5.222898562417329 3.6737056
5.265403960517963 3.2702464
5.307824432748265 4.7054848
5.350287367913732 4.4519872
5.3927503030792 4.015008
5.435213238244668 3.528752
5.477676173410134 3.4183424
5.520181571510767 3.504288
5.5626020437410695 3.7278976
5.605064978906537 3.5248736
5.647527914072004 2.8725792
5.689990849237471 3.241616
5.732453784402939 3.6543904
5.774916719568406 3.4577216
5.817379654733874 2.9751424
5.859842589899341 3.0774976
5.902305525064808 2.9574976
5.944768460230277 2.8856288
5.9872738583309095 3.5691552
6.0296943305612105 3.0551872
6.072199728661845 2.6493376
6.114620200892146 4.5490784
6.157083136057613 5.568704
6.1995460712230805 5.4853632
6.242009006388548 5.8780224
6.284514404489181 3.4772
6.326934876719483 0.6160384
6.369440274820116 3.4422784
6.411860747050417 4.7628288
6.4543661451510514 5.9506688
6.496786617381352 5.4755328
6.53924955254682 3.2997376
6.581712487712288 4.7005696
6.624175422877755 4.2979584
6.6666383580432225 4.1694528
6.709143756143856 3.8711584
6.751606691309323 2.8797472
6.794027163539624 4.111792
6.8364900987050925 2.3366208
6.878995496805725 2.1725248
6.921415969036026 2.0261056
6.963878904201495 1.611312
7.006341839366962 1.6612128
7.048804774532429 1.2692768
7.091267709697897 1.461232
7.13377310779853 1.364176
7.176236042963997 1.1560448
7.218656515194299 1.385744
7.261119450359766 1.2304544
7.303582385525234 1.2843744
7.346045320690702 2.0748416
7.388508255856169 2.0931744
7.431013653956802 1.8591616
7.4734341261871045 1.676912
7.515897061352571 1.2843744
7.558359996518039 1.0169312
7.600822931683506 1.0201664
7.643285866848974 1.0277152
7.685791264949606 0.9522272
7.728211737179908 0.7419392
7.7706746723453755 0.4604768
7.813137607510844 0.064704
7.855600542676311 0.0
7.898105940776944 0.0
7.940568875942411 0.0
7.982989348172714 3.945088
8.025452283338181 4.7661056
8.067915218503648 6.0276736
8.110420616604282 4.5558656
8.152883551769749 3.9686624
8.195346486935215 4.093456
8.237766959165517 3.3101184
8.280229894330985 3.4996224
8.322692829496454 5.2845152
8.365198227597086 4.0321376
8.407618699827387 2.1934656
8.450081634992856 2.8698336
8.49258703309349 4.4597248
8.53500750532379 5.8916864
8.577470440489257 4.7047936
8.619933375654725 4.0608992
8.662396310820192 3.1656544
8.704901708920826 3.5160064
8.747322181151127 5.4104384
8.789785116316594 3.3085824
8.832248051482063 4.7444256
8.874710986647528 3.1425568
8.917173921812996 3.5405824
8.959636856978465 5.4131968
9.002142255079097 4.0299808
9.0445627273094 4.0310592
9.087025662474867 3.56832
9.129488597640334 3.5848192
9.171993995740968 4.9411168
9.214414467971269 4.0310592
9.256919866071902 4.0114464
9.29938280123737 3.4920928
9.341803273467672 3.4422784
9.38426620863314 5.1309696
9.426729143798605 3.8892384
9.469192078964074 3.9610784
9.511655014129541 3.5319904
9.554117949295009 3.899392
9.596580884460476 4.9086048
9.639043819625943 3.9994944
9.68150675479141 3.8557856
9.723969689956878 2.9159776
9.766432625122345 3.7584896
9.808895560287814 4.1194592
9.851358495453281 3.6195808
9.893821430618747 3.1421312
9.93632682871938 2.8345536
9.97878976388485 3.1047136
10.02121023611515 4.2909536
10.063673171280618 3.3535776
10.106136106446083 3.4226112
10.148599041611552 3.2247328
10.191061976777021 3.2104736
10.233524911942487 3.792816
10.27603031004312 3.6777824
10.318450782273423 3.6725952
10.360913717438889 3.21368
10.403376652604358 3.7275456
10.445839587769825 3.6691488
10.48830252293529 3.3421088
10.53076545810076 3.245856
10.573228393266227 3.1166464
10.615733791366859 3.2079872
10.658196726532328 4.0652544
10.700617198762629 3.59128
10.743080133928096 2.1436928
10.785543069093563 2.880112
10.828006004259032 3.4930688
10.870511402359664 4.2937504
10.912931874589969 3.6271584
10.955394809755434 3.6320288
10.997857744920903 3.3155616
11.040363143021533 2.9983104
11.082783615251836 2.4823488
11.125246550417305 2.4223744
11.167709485582773 1.6817024
11.210214883683404 1.4348736
11.252635355913707 3.9911424
11.295098291079174 2.7893184
11.337561226244642 2.522896
11.380024161410109 2.1050368
11.422487096575578 0.3619584
11.464950031741044 2.8866976
11.507455429841675 1.4914528
11.54987590207198 3.2281888
11.592338837237445 3.4671808
11.634801772402914 3.3573728
11.677307170503546 2.7216288
11.719727642733847 3.5067712
11.76223304083448 3.1732256
11.804653513064785 3.5721664
11.847116448230251 3.057264
11.889579383395718 2.896352
11.932042318561187 4.4855872
11.974547716661819 3.2241248
12.017010651827285 3.7722784
12.059473586992752 3.4886688
12.101894059223055 3.5087104
12.144356994388524 3.772048
12.186819929553991 3.3269056
12.229325327654623 3.5460576
12.271745799884926 3.4222912
12.314251197985557 3.2308352
12.35667167021586 4.3024384
12.399134605381327 2.7582944
12.441597540546796 3.2777376
12.484060475712262 3.6016864
12.52652341087773 1.875296
12.569028808978363 1.703936
12.611449281208664 4.3843584
12.653954679309297 5.8195968
12.6963751515396 3.5686112
12.738880549640232 3.3131968
12.781301021870535 3.2309248
12.823763957036004 4.8920736
12.866269355136634 3.912144
12.908689827366937 3.49976
12.951152762532406 2.88896
12.993658160633037 3.2866304
13.036121095798505 4.0361312
13.078541568028808 2.8449024
13.121004503194275 3.4494496
13.163467438359742 3.415424
13.20593037352521 2.459248
13.248393308690678 2.8746528
13.290856243856144 5.0509184
13.333319179021611 3.5726816
13.375824577122245 3.2444256
13.418245049352546 3.0932992
13.460707984518015 4.0260416
13.503170919683482 3.817936
13.545633854848948 3.7263872
13.588096790014417 3.6227648
13.630559725179886 3.0539776
13.673022660345351 4.213568
13.715485595510819 2.232368
13.75799099361145 3.5716608
13.800411465841753 3.280624
13.842874401007222 3.2639744
13.88533733617269 4.0551328
13.927800271338155 4.4147712
13.970263206503624 3.659072
14.012768604604256 1.8915136
14.055189076834559 2.7672576
14.097652012000026 5.709824
14.140114947165493 3.7111616
14.18257788233096 3.6282976
14.225040817496428 3.2705792
14.267503752661897 2.3324
14.309966687827362 2.5603424
14.352472085927994 2.9839968
14.394892558158299 3.422736
14.437355493323764 3.4336576
14.479818428489233 3.3795808
14.5222813636547 3.5541056
14.564744298820166 3.3137856
14.607207233985635 2.8468864
14.649670169151104 2.8839968
14.69213310431657 2.8791616
14.734596039482037 2.9031552
14.777058974647506 3.0392928
14.819521909812972 2.9904128
14.86198484497844 2.6393216
14.904447780143908 2.4825376
14.946910715309373 2.865248
14.989373650474842 2.4296352
15.03183658564031 2.6104128
15.074299520805777 2.36856
15.116762455971244 2.1314784
15.159225391136712 2.6646656
15.201730789237345 1.4707744
15.244151261467646 3.0606048
15.286614196633115 5.6401504
15.329119594733747 3.6201504
15.371582529899213 4.3057152
15.414003002129517 4.5387776
15.456465937294983 4.0425728
15.498928872460452 4.0506784
15.541391807625919 3.3997728
15.583854742791384 2.883584
15.626317677956854 5.7606336
15.668823076057485 3.9668832
15.711243548287788 4.073904
15.753706483453255 3.3644512
15.796169418618724 3.4439168
15.83863235378419 4.7785056
15.881095288949659 4.015664
15.923600687050289 3.7461248
15.966063622215758 3.6448928
16.008526557381224 3.3948768
16.050947029611528 3.1388704
16.093409964776995 3.2223008
16.135872899942463 3.1418304
16.178378298043093 3.1753952
16.220798770273397 4.179152
16.263261705438865 3.607248
16.305767103539498 3.4088224
16.3481875757698 2.598336
16.390650510935266 4.620288
16.4331559090359 2.7754496
16.4755763812662 4.6888608
16.51803931643167 3.3332544
16.560544714532302 1.5427104
16.602965186762603 1.92512
16.645470584863236 3.4832384
16.68789105709354 5.3018624
16.730353992259005 5.2297728
16.772816927424476 5.947392
16.815279862589943 4.7693824
16.857742797755407 3.4471936
16.900205732920877 3.8567936
16.942668668086345 5.5017472
16.985131603251812 4.5282624
17.02759453841728 4.0073632
17.070057473582747 2.9458432
17.11256287168338 4.718592
17.15498334391368 4.5203008
17.19744627907915 4.1785792
17.239951677179782 3.527248
17.28241461234525 2.2478848
17.32483508457555 5.2235968
17.367298019741018 3.0097888
17.409760954906485 3.6104832
17.452223890071956 3.0658368
17.494729288172586 3.6353408
17.537149760402887 4.211152
17.579612695568358 3.7409696
17.622075630733825 3.4831744
17.664538565899292 3.6745088
17.70700150106476 3.346496
17.749464436230227 3.9852032
17.791927371395694 1.0257824
17.83439030656116 2.8596928
17.87685324172663 5.2119072
17.919358639827262 2.86664
17.961779112057563 3.5350592
18.004284510158193 3.6837472
18.046704982388498 3.1624128
18.089167917553965 3.4974976
18.131630852719432 3.268608
18.1740937878849 3.7946496
18.216556723050367 3.2014144
18.259019658215834 2.6505408
18.3014825933813 4.2012704
18.34394552854677 3.0998528
18.38640846371224 5.270608
18.428871398877703 4.0123392
18.471376796978337 3.9883456
18.51379726920864 4.0173184
18.556260204374105 3.1391744
18.598723139539576 4.9946464
18.641228537640206 4.0005568
18.683649009870507 3.9824768
18.726111945035978 3.8981216
18.768574880201445 3.3243136
18.81108027830208 1.0911744
18.85350075053238 4.292608
18.895963685697847 5.7720832
18.938426620863314 5.8685056
18.980932018963944 2.4870912
19.02335249119425 4.6653952
19.065815426359716 2.5320832
19.108278361525183 4.2484608
19.150783759625817 4.0553504
19.193246694791284 2.4487744
19.235667167021585 4.7607552
19.278130102187056 3.8924672
19.32059303735252 5.0132544
19.363055972517987 3.8536064
19.405518907683458 2.9851648
19.44798184284892 4.6645248
19.490444778014393 4.579376
19.53290771317986 4.084736
19.57541311128049 4.039664
19.617833583510794 3.4466336
19.66029651867626 4.2172416
19.70275945384173 4.4536096
19.745222389007196 3.993376
19.787685324172664 4.0379456
19.83014825933813 2.9884416
19.872611194503598 3.8557472
19.915074129669065 1.9792992
19.9575795277697 1.3577056
20.0 1.7540384
