0.0 1.472016
0.05934718100890208 5.806624
0.11875370919881308 5.753264
0.17804154302670624 5.6921088
0.2374480712166172 6.6911584
0.2967359050445104 4.7298624
0.3560830860534125 4.7320192
0.4154302670623145 5.0177952
0.47477744807121663 5.2519328
0.5341246290801187 5.528832
0.5934718100890208 6.3908928
0.6528783382789317 6.1198816
0.712166172106825 6.127616
0.771513353115727 6.1718528
0.830919881305638 5.5197696
0.8902077151335313 2.7672576
0.9495548961424333 3.3718272
1.0089020771513353 6.0850176
1.0682492581602374 5.9097088
1.1275964391691393 6.283264
1.1869436201780417 2.8491776
1.2462908011869436 1.4467072
1.305637982195846 4.538368
1.3649851632047478 6.1177856
1.42433234421365 6.3045632
1.4836795252225519 3.0081024
1.5430860534124626 4.7464448
1.6025519287833827 6.3258624
1.661721068249258 6.1177856
1.721127596439169 6.4946176
1.7804154302670625 2.932736
1.8397626112759644 2.8196864
1.8991691394658758 6.1554688
1.9584569732937684 6.4045056
2.0178635014836797 6.0817408
2.0772106824925816 2.9720576
2.136498516320475 3.0752768
2.1958456973293767 6.1800448
2.2551928783382786 6.0506112
2.314540059347181 6.5486848
2.373946587537092 3.4799616
2.4332344213649852 3.2145408
2.492581602373887 5.6950784
2.551928783382789 6.1554688
2.611275964391692 6.4815104
2.6706824925816024 3.9387136
2.7299703264094957 1.0092544
2.789376854599407 2.5821184
2.8486646884273 6.0014592
2.908011869436202 5.9523072
2.9674183976261133 3.719168
3.026765578635015 3.620864
3.086053412462908 5.5508992
3.14540059347181 6.0080128
3.2048071216617213 5.8228736
3.264094955489614 3.4930688
3.3235014836795256 2.9687808
3.3828486646884275 5.7442304
3.4421364985163203 5.7212928
3.5015430267062317 6.0473344
3.560830860534125 4.087808
3.620178041543027 3.7257216
3.679525222551929 6.0653568
3.7388724035608307 5.8277888
3.798219584569733 5.7622528
3.857566765578635 3.9829504
3.916973293768545 2.4526848
3.9762611275964392 5.5246848
4.035608308605341 5.545984
4.095014836795252 5.8097664
4.154302670623146 3.7945344
4.213649851632048 2.572288
4.27299703264095 5.8966016
4.33240356083086 6.1079552
4.3916913946587535 5.9506688
4.451038575667655 4.3614208
4.510385756676557 2.8672
4.56973293768546 4.8152576
4.629080118694362 5.8556416
4.688427299703264 5.996544
4.747774480712167 3.6159488
4.807121661721069 0.7176192
4.8664688427299705 3.2374784
4.925816023738872 5.9867136
4.985163204747774 5.5755168
5.044510385756676 3.2266208
5.103857566765578 3.432448
5.163264094955489 4.4209728
5.222551928783384 5.4171168
5.281958456973293 3.2918016
5.3412462908011875 4.1795584
5.4005934718100885 3.0932992
5.459999999999999 5.931008
5.519347181008901 5.9539456
5.578694362017803 5.61728
5.637982195845698 3.3485536
5.6973293768546 3.4340864
5.7567359050445095 4.7792128
5.816083086053412 6.064432
5.8753709198813056 4.6985632
5.9347181008902075 3.0796288
5.99406528189911 2.8311552
6.053412462908012 5.0266112
6.112759643916914 6.30784
6.172106824925816 5.1479392
6.231454005934718 4.201232
6.29080118694362 2.4592384
6.350148367952523 4.9577984
6.4094955489614245 5.9441152
6.468842729970326 4.510032
6.528189910979228 3.7760288
6.587596439169139 2.7541504
6.646884272997032 4.8288128
6.706231454005934 3.8242528
6.765578635014837 3.857088
6.824985163204747 2.9968704
6.884272997032641 2.6836992
6.943620178041543 6.2488576
7.002967359050444 5.7059552
7.062314540059347 4.1565376
7.12166172106825 3.8335168
7.181008902077152 2.5853952
7.240356083086054 4.661248
7.299703264094956 3.0744512
7.359050445103858 3.3976672
7.418456973293768 3.024288
7.4777448071216615 2.2627232
7.537091988130564 2.663968
7.596439169139465 2.3104928
7.655786350148368 2.0516352
7.71513353115727 2.0446464
7.774480712166172 2.5965184
7.833887240356083 2.3527776
7.893175074183977 2.1902304
7.9525222551928785 1.3404512
8.011869436201781 1.8033344
8.071216617210682 1.9527328
8.130563798219585 1.552896
8.189910979228486 1.1517312
8.249258160237389 2.5682304
8.3086646884273 2.6950048
8.367952522255193 0.8257536
8.427359050445105 4.8365568
8.486706231454006 5.873664
8.546053412462909 6.201344
8.6053412462908 5.2842912
8.664747774480713 2.4641536
8.724035608308606 4.8807936
8.783382789317507 4.6646464
8.84278931750742 2.8798656
8.90207715133531 2.5392736
8.961424332344214 2.2675456
9.020771513353115 6.0194816
9.080178041543027 6.1805472
9.13946587537092 5.4211552
9.198813056379823 5.6646752
9.258160237388724 2.5821184
9.317507418397625 3.2964608
9.376913946587537 5.4506496
9.436261127596438 2.674432
9.495548961424333 2.612768
9.554896142433234 2.099664
9.614302670623147 2.5376512
9.673590504451038 3.8184704
9.73299703264095 4.335312
9.792284866468842 3.2297888
9.851632047477745 1.6582048
9.911038575667655 2.4115744
9.970326409495549 5.2323968
10.029673590504451 3.9163104
10.089080118694362 1.957296
10.148427299703265 1.76808
10.207715133531156 1.6385856
10.267121661721069 1.7850848
10.32640949554896 1.8523584
10.385756676557865 0.8346816
10.445103857566767 0.0
10.504451038575668 0.8939936
10.56379821958457 1.6100512
10.623145400593472 1.3253536
10.682492581602375 1.3835872
10.741839762611276 1.2067296
10.801186943620177 1.2369248
10.86053412462908 1.1290848
10.91994065281899 0.4173408
10.979287833827893 0.0
11.038575667655785 3.2353728
11.097982195845697 5.0677856
11.157270029673592 4.8698208
11.216617210682493 5.5582688
11.275964391691396 5.1314016
11.335311572700297 2.564096
11.3946587537092 3.6683776
11.4540059347181 5.7606144
11.513353115727003 5.4198272
11.572759643916914 5.8277888
11.632106824925817 3.44064
11.691394658753708 3.0867456
11.750741839762611 5.9539456
11.810089020771512 4.5843456
11.869436201780415 4.9539456
11.92878338278932 2.4929568
11.98813056379822 3.637248
12.047477744807122 5.8753024
12.106824925816024 5.9932672
12.166172106824927 5.922816
12.225519287833828 2.5837568
12.28486646884273 3.3226752
12.344272997032641 5.8884096
12.403560830860535 6.1210624
12.462908011869436 3.5035392
12.522314540059348 1.6526272
12.58160237388724 3.6672896
12.640949554896142 6.012928
12.700296735905045 5.7606144
12.759643916913948 5.3854208
12.818991097922849 4.3696128
12.878338278931752 2.0905984
12.937685459940653 5.9834368
12.997032640949556 5.971968
13.056379821958457 5.8638336
13.11572700296736 4.17792
13.17507418397626 2.8803072
13.234480712166173 6.0194816
13.293827893175074 5.8589184
13.353115727002967 3.615408
13.412462908011868 3.2630944
13.471810089020773 2.5133056
13.531157270029674 3.8488832
13.590504451038576 3.3861152
13.64985163204748 3.404656
13.70925816023739 2.7878208
13.768545994065281 3.6880384
13.827893175074184 4.763744
13.887240356083087 5.3223488
13.946646884272997 5.48864
14.005934718100889 4.374528
14.065281899109792 1.5040512
14.124688427299702 2.4215552
14.184035608308605 5.6262656
14.2433234421365 6.0588032
14.302670623145401 4.3941888
14.362017804154304 2.6148864
14.421364985163205 5.6410112
14.480771513353117 5.7737216
14.540059347181009 5.849088
14.599465875370921 5.1052544
14.658753709198812 3.0998528
14.718100890207715 4.5678592
14.777507418397626 5.8703872
14.836795252225519 6.3799296
14.89614243323442 5.0282496
14.955548961424332 2.7262976
15.014896142433233 5.0364416
15.074183976261128 5.5296
15.133531157270031 5.07904
15.192878338278932 5.0921472
15.252225519287833 2.9360128
15.311572700296736 5.4493184
15.370919881305639 5.7737216
15.43026706231454 6.0325888
15.489614243323441 5.218304
15.548961424332344 2.1561344
15.608308605341247 4.767744
15.667655786350148 5.6098816
15.727002967359049 6.0178432
15.786350148367953 5.906432
15.845697329376856 2.7557888
15.905044510385757 4.0763392
15.96445103857567 5.7114624
16.023738872403563 5.7147392
16.083086053412462 6.0686336
16.142492581602376 2.7262976
16.201780415430267 4.153344
16.26112759643917 5.742592
16.32047477744807 5.6721408
16.379881305637984 5.6098816
16.439169139465875 3.0113792
16.498516320474778 4.8857088
16.55792284866469 5.6262656
16.617210682492583 5.5836672
16.676557863501486 5.9817984
16.735905044510385 2.6755072
16.795252225519288 3.5569664
16.854658753709202 5.8523648
16.914005934718105 5.8064896
16.973353115727004 5.7966592
17.032640949554896 3.0982144
17.0919881305638 3.5438592
17.1513353115727 5.7737216
17.210741839762612 5.6195936
17.270029673590503 3.9358752
17.329436201780418 2.6001536
17.38872403560831 3.8846464
17.448071216617212 4.0799936
17.507477744807122 3.039744
17.566824925816025 3.2720512
17.626112759643917 2.6192384
17.68545994065282 4.0907328
17.744807121661722 3.0145824
17.80415430267062 2.42472
17.863501483679524 2.591456
17.922848664688427 2.3329536
17.98225519287834 2.7581632
18.04154302670623 2.761232
18.100890207715135 2.7448192
18.160237388724035 2.331728
18.219584569732937 2.74992
18.278991097922848 2.7154112
18.338278931750743 2.0446464
18.397626112759646 1.6230336
18.456973293768545 2.969872
18.516320474777448 2.1598496
18.57566765578635 2.0804192
18.63501483679525 1.897984
18.694362017804153 1.8354368
18.753709198813056 1.892592
18.81305637982196 2.0338624
18.872462908011872 1.7869088
18.931750741839764 2.0819776
18.991097922848667 1.745264
19.050445103857566 1.558288
19.10985163204748 0.4184192
19.16913946587537 3.5231328
19.228486646884274 3.9583744
19.287833827893174 6.1833216
19.347240356083088 6.2947328
19.40652818991098 3.8037696
19.465875370919882 3.4759744
19.52522255192878 2.9861152
19.584569732937684 3.2564736
19.64391691394659 3.4878144
19.70326409495549 3.1736992
19.762670623145404 3.1722112
19.821958456973295 2.6587296
19.881305637982194 3.272944
19.940652818991097 2.7704096
20.0 2.162192
