0.0 0.0091456
0.10471204188481674 3.3948032
0.20952879581151831 4.8484864
0.31413612565445026 4.8398592
0.418848167539267 4.9261312
0.5236649214659685 4.924224
0.6282722513089005 4.7409152
0.7329842931937172 4.8355456
0.837696335078534 4.793488
0.9425130890052356 4.069904
1.0471204188481675 3.1389696
1.151937172774869 2.7181056
1.256544502617801 3.4955552
1.3613612565445026 2.5804672
1.4659685863874343 2.3858752
1.5706806282722514 2.0683712
1.675392670157068 2.2419936
1.7801047120418847 3.0346176
1.8849214659685865 2.1222912
1.9895287958115182 2.070528
2.094240837696335 1.989648
2.198952879581152 2.3280192
2.3036649214659684 3.0297216
2.4083769633507854 2.6715488
2.513089005235602 2.981344
2.6178010471204187 2.73032
2.722513089005236 2.64656
2.8272251308900525 2.3178944
2.9319371727748686 1.9351264
3.0366492146596857 1.789648
3.141361256544503 1.89792
3.246178010471205 1.1997408
3.350890052356021 2.6532608
3.455602094240837 2.580672
3.5602094240837694 3.3793728
3.6649214659685865 2.7211552
3.769633507853403 2.7003136
3.87434554973822 2.2660704
3.9790575916230364 2.5802592
4.0837696335078535 2.2672352
4.18848167539267 2.4513248
4.293193717277487 3.145216
4.397905759162304 2.5921504
4.50261780104712 3.3610368
4.607329842931937 3.621472
4.712146596858639 3.2769408
4.816753926701571 3.5825984
4.9214659685863875 3.8486016
5.026178010471204 3.719168
5.130890052356021 4.1808896
5.2356020942408374 3.3202976
5.3404188481675385 3.7520224
5.445026178010472 2.1123776
5.549842931937173 3.6590112
5.654450261780105 4.4759008
5.759162303664922 3.7226624
5.863874345549737 3.843888
5.968586387434555 3.1726528
6.0732984293193715 3.7981248
6.1781151832460734 3.8412608
6.282722513089006 3.5996992
6.387434554973822 3.3693408
6.492146596858639 3.1182912
6.596858638743456 3.4781728
6.7016753926701575 3.94336
6.806387434554974 3.2985824
6.911099476439792 2.6108416
7.015706806282722 4.7120384
7.120418848167539 3.1064064
7.225130890052355 5.1150848
7.329947643979057 4.5254048
7.434659685863875 5.3562816
7.539267015706806 4.3932384
7.643979057591624 3.4127872
7.74869109947644 3.956736
7.853403141361257 5.1724288
7.958115183246073 5.382144
8.062931937172776 4.7251456
8.167539267015707 1.441792
8.272356020942409 2.7099136
8.37696335078534 5.029888
8.481675392670157 5.3346304
8.586387434554974 4.8758784
8.691204188481676 3.1031296
8.795811518324609 4.358144
8.900523560209425 4.9381376
9.00523560209424 5.2363264
9.109947643979057 4.9922048
9.214659685863873 3.11296
9.319371727748692 4.0189952
9.424083769633508 5.0069504
9.528795811518325 5.0577408
9.633507853403142 4.6596096
9.738219895287958 3.2407552
9.842931937172775 4.202496
9.947643979057592 5.1429376
10.052356020942408 5.341184
10.157068062827225 4.9053696
10.261780104712042 3.9354368
10.366596858638744 3.60448
10.471204188481675 5.2002816
10.575916230366492 5.2494336
10.680628272251308 5.5427072
10.785340314136125 3.7224448
10.890052356020943 3.03104
10.994869109947645 4.7087616
11.099476439790577 5.2133888
11.204293193717278 5.1806208
11.309005235602093 3.9141376
11.413717277486912 3.4144256
11.518324607329845 5.0266112
11.623141361256547 5.3264384
11.727748691099475 5.0389024
11.832460732984293 2.7328512
11.93717277486911 3.6995072
12.041884816753928 5.2166656
12.146596858638743 5.144576
12.251413612565445 4.9086464
12.356020942408376 3.457024
12.460732984293195 3.3734656
12.565445026178011 5.4591488
12.670157068062826 5.185536
12.77497382198953 5.1740672
12.87958115183246 3.9550976
12.984293193717278 3.1490048
13.089005235602095 5.062656
13.193717277486911 5.2297728
13.298429319371728 5.4345728
13.40324607329843 2.7836416
13.507853403141361 3.8764544
13.61256544502618 5.1347456
13.717277486910994 5.1789824
13.821989528795811 5.4771712
13.926701570680628 3.2735232
14.031413612565444 3.4701312
14.136230366492146 5.1822592
14.240837696335078 5.12
14.34565445026178 5.4575104
14.45026178010471 3.6159488
14.55497382198953 3.342336
14.659685863874346 4.9086464
14.76439790575916 5.1412992
14.86910994764398 5.16096
14.973926701570681 3.866624
15.078534031413612 3.2178176
15.18324607329843 5.0315264
15.287958115183248 2.139472
15.392670157068062 3.4472704
15.49738219895288 3.8780928
15.602094240837696 3.5127296
15.706806282722514 4.7891904
15.81151832460733 2.7352576
15.916230366492146 3.2494208
16.02104712041885 3.3525888
16.12565445026178 3.6012032
16.230366492146597 4.8955392
16.335078534031414 5.3116928
16.43979057591623 5.4525952
16.544502617801047 3.9387136
16.649214659685864 3.6765696
16.754031413612566 4.4122112
16.858638743455497 5.1970048
16.963350785340314 4.9758208
17.06806282722513 4.202496
17.172774869109947 3.391488
17.277486910994764 4.2139648
17.382303664921466 5.2658176
17.486910994764397 5.2985856
17.591623036649217 4.5285376
17.696439790575916 4.8955392
17.801151832460732 3.8125568
17.905759162303664 4.8152576
18.01047120418848 5.1478528
18.1151832460733 4.472832
18.219895287958114 3.4930688
18.324607329842934 3.9780352
18.429424083769636 5.128192
18.534031413612567 4.9414144
18.638743455497384 4.4826624
18.7434554973822 3.3931264
18.848167539267017 5.062656
18.95287958115183 4.788352
19.05759162303665 2.630368
19.162303664921467 1.9727776
19.267015706806284 2.7559712
19.3717277486911 0.3183584
19.476544502617802 3.7159712
19.581151832460733 1.7232832
19.685968586387435 0.97056
19.790575916230367 1.4784864
19.89539267015707 1.2983936
20.0 0.7796832
