0.0 0.3224416
0.054945054945054944 0.425968
0.1098901098901099 0.0
0.16483516483516483 0.3677344
0.21983516483516485 4.7757152
0.27472527472527475 6.2308512
0.3297252747252748 5.5269024
0.38461538461538464 5.764672
0.43961538461538463 6.2847904
0.49450549450549447 6.2288576
0.5494505494505495 5.8460064
0.6043956043956044 6.0239424
0.6593406593406593 6.260112
0.7142857142857142 4.7600576
0.7692307692307693 6.8284288
0.8241758241758241 6.3594912
0.8791208791208792 6.2591584
0.9340659340659341 6.4151104
0.9890109890109889 5.2678816
1.0440109890109888 5.4240608
1.098901098901099 5.799552
1.153846153846154 5.9747712
1.2087912087912087 4.6522176
1.2637362637362637 6.8684544
1.3186813186813187 6.0771776
1.3736263736263736 6.1188416
1.4285714285714284 5.9227392
1.4835164835164836 5.6377088
1.5385164835164833 5.4696448
1.5934065934065933 5.6842464
1.6483516483516483 5.5462112
1.7032967032967035 5.9657088
1.7582967032967032 5.9894336
1.8131868131868132 6.0029344
1.8681868131868131 5.3445088
1.9230769230769231 7.0048096
1.978076923076923 6.1228256
2.033021978021978 5.973504
2.087912087912088 5.9570816
2.142857142857143 5.9553824
2.197802197802198 5.8859072
2.2528021978021977 5.7015008
2.307692307692308 5.1371872
2.3626923076923076 5.0408128
2.4175824175824174 5.9225728
2.4725824175824176 5.7493664
2.5274725274725274 5.4476608
2.5824175824175826 5.62728
2.6373626373626373 5.863072
2.692307692307692 5.6443456
2.7472527472527473 5.3197472
2.802197802197802 5.6531008
2.8571428571428568 5.579648
2.9120879120879124 6.1338048
2.967032967032967 6.2407008
3.022032967032967 4.0640064
3.076923076923077 2.818048
3.131868131868132 5.603328
3.186868131868132 6.5224704
3.2418131868131868 6.3602688
3.2967032967032965 4.4695552
3.3516483516483513 3.1260672
3.406593406593407 0.8290304
3.461593406593406 5.3805056
3.5165384615384623 6.6633728
3.5714285714285716 4.4122112
3.6263736263736264 3.0867456
3.6813186813186816 6.0981248
3.7362637362637363 6.5339392
3.7912637362637365 6.6863104
3.8461538461538463 4.726784
3.901098901098901 3.4996224
3.956098901098901 4.7136768
4.011043956043957 6.4503808
4.065934065934066 5.742272
4.120934065934066 2.769664
4.175824175824176 2.6711552
4.230769230769231 2.530112
4.285714285714286 2.4376608
4.340659340659341 2.7693312
4.395604395604396 2.3887648
4.450549450549451 2.9849024
4.50554945054945 2.7614304
4.56043956043956 1.0041568
4.615384615384616 3.6014816
4.670384615384616 2.8353824
4.725274725274725 5.3215232
4.78021978021978 6.1947904
4.835164835164835 6.463488
4.89010989010989 6.5650688
4.945054945054945 4.5694976
5.000054945054946 2.5133056
5.055000000000001 4.5940736
5.109945054945055 6.1374464
5.164835164835165 6.3930368
5.219835164835165 4.8627712
5.274725274725275 2.5591808
5.329670329670329 5.6967168
5.384615384615384 6.2767104
5.439615384615385 6.0555264
5.4945604395604395 4.6727168
5.549450549450549 3.0375936
5.604395604395604 5.4001664
5.659340659340659 6.1669376
5.7142857142857135 6.6977792
5.769230769230768 4.2795008
5.824175824175825 2.5378816
5.8791208791208796 5.1265536
5.934065934065934 5.8474496
5.989010989010989 5.8392576
6.043956043956044 4.4138496
6.098901098901099 2.752512
6.153846153846154 3.6503552
6.208791208791209 5.4657024
6.2637912087912095 5.8884096
6.318736263736264 4.75136
6.373626373626373 3.3734656
6.428571428571429 5.4575104
6.483516483516484 5.8753024
6.538461538461538 3.5930112
6.593461538461539 5.128192
6.648351648351648 2.4264704
6.703516483516484 3.022848
6.758241758241759 5.4935552
6.813186813186814 4.8108832
6.868131868131869 2.699824
6.923076923076923 2.7262976
6.978021978021978 2.8128128
7.032967032967033 2.6760352
7.087967032967033 2.508912
7.142857142857143 2.5899744
7.197802197802198 0.6586368
7.252747252747253 2.6803904
7.3076923076923075 4.0993824
7.362692307692308 4.0167808
7.417582417582418 3.7362944
7.472527472527473 3.3161216
7.527472527472527 4.830912
7.582417582417582 4.7833216
7.637362637362637 5.7054944
7.6923076923076925 5.1506016
7.747252747252747 2.9032448
7.802252747252747 4.808704
7.857142857142857 5.6672256
7.9120879120879115 5.8359808
7.967032967032966 5.4902784
8.021978021978022 2.4461312
8.076923076923077 4.9381376
8.131868131868131 5.9539456
8.186813186813186 6.070272
8.241813186813188 5.8392576
8.296703296703297 3.3849344
8.351703296703297 3.2997376
8.406593406593407 6.0850176
8.461538461538462 6.79936
8.516483516483516 6.1538304
8.571428571428571 2.965504
8.626373626373628 3.9665664
8.681318681318682 6.0719104
8.73631868131868 6.5470464
8.791263736263737 5.9277312
8.846208791208792 2.8737536
8.901098901098901 4.2287104
8.956098901098901 6.1652992
9.010989010989011 6.2193664
9.065989010989012 5.89824
9.120934065934067 2.3953408
9.175879120879122 4.4630016
9.230769230769232 5.8916864
9.285714285714286 6.684672
9.340659340659341 5.8523648
9.395604395604396 3.4373632
9.45054945054945 3.2096256
9.50554945054945 5.7966592
9.560494505494505 5.3688736
9.615384615384615 5.8187808
9.67032967032967 3.5258368
9.725274725274724 3.0244864
9.78021978021978 6.0014592
9.83521978021978 5.8638336
9.89010989010989 5.9670528
9.945054945054945 3.9256064
10.000054945054945 3.293184
10.054945054945055 4.939776
10.10989010989011 5.7163776
10.164835164835164 5.7475072
10.219780219780219 3.4947072
10.274725274725274 3.5897344
10.32967032967033 5.6180736
10.384615384615385 5.6492032
10.43956043956044 5.8884096
10.494560439560441 3.7388288
10.54945054945055 2.9802496
10.60445054945055 5.0315264
10.659395604395606 5.9457536
10.714285714285714 5.7638912
10.769285714285715 2.998272
10.82423076923077 3.6896768
10.879120879120878 5.6918016
10.934065934065933 6.0227584
10.989010989010989 5.8753024
11.044010989010989 3.7617664
11.098901098901099 3.2653312
11.1539010989011 6.0555264
11.208846153846155 5.9981824
11.263736263736263 5.9506688
11.318681318681318 3.8961152
11.373626373626372 3.0277632
11.428571428571427 5.824512
11.483516483516482 6.0882944
11.538461538461537 5.89824
11.593461538461538 3.7486592
11.648406593406593 0.6684672
11.703296703296704 2.7099136
11.758241758241759 5.6066048
11.813186813186814 5.8146816
11.868131868131869 4.1271296
11.923076923076923 3.1162368
11.978021978021978 5.7376768
12.033021978021978 5.6999936
12.087912087912088 6.1325312
12.142857142857142 2.637296
12.197802197802199 3.0195712
12.252747252747254 4.082
12.307747252747252 3.5586592
12.362637362637363 4.7036064
12.417582417582418 3.9963648
12.47258241758242 3.9305216
12.527527472527474 6.0833792
12.582417582417582 3.9122016
12.637362637362637 3.4622656
12.692362637362638 4.0430304
12.747252747252746 2.8459008
12.802197802197801 5.16096
12.857142857142858 5.9588608
12.912142857142857 5.6672256
12.967087912087914 4.2582016
13.021978021978022 2.9130752
13.076923076923077 5.6983552
13.131868131868131 6.0145664
13.186813186813186 6.0801024
13.241758241758241 4.9020928
13.296703296703296 3.1424512
13.35164835164835 4.2074112
13.406593406593405 5.7638912
13.461538461538463 6.2128128
13.516538461538461 5.03808
13.571483516483516 1.9775488
13.626373626373628 5.1871744
13.681373626373627 5.7458688
13.736318681318682 5.3395648
13.791208791208792 3.5233248
13.846153846153847 2.433024
13.901098901098901 5.0684128
13.956043956043956 4.3619744
14.010989010989011 2.3330752
14.065989010989012 3.6415904
14.120934065934067 2.9753344
14.175824175824177 5.8556416
14.230769230769232 5.6557568
14.285714285714286 4.2823232
14.340659340659341 3.263536
14.395659340659341 2.1233664
14.450604395604397 5.7704448
14.505494505494505 3.4026496
14.56043956043956 1.817104
14.615384615384615 1.9706336
14.67032967032967 3.4832384
14.725274725274726 3.1647424
14.780219780219781 3.147168
14.83521978021978 3.8624736
14.89010989010989 3.4839616
14.945054945054945 2.7426816
15.0 4.3502208
15.055000000000003 3.7640544
15.10989010989011 3.4979328
15.164835164835164 2.8272192
15.219835164835168 2.8983296
15.274725274725274 2.0232544
15.32967032967033 3.7883968
15.384615384615385 3.7765568
15.43956043956044 3.26216
15.494560439560441 3.923968
15.549505494505496 5.3411072
15.604395604395604 3.7905536
15.659340659340659 3.6078304
15.714285714285714 4.3501024
15.769230769230768 2.17088
15.824230769230772 5.0003968
15.879120879120878 6.1702144
15.934065934065933 5.9408384
15.989010989010989 5.177344
16.043956043956044 2.8606464
16.0989010989011 4.0861696
16.153846153846153 5.890048
16.208791208791208 5.5771136
16.263736263736263 5.4919168
16.318681318681318 2.6198016
16.37368131868132 3.7879808
16.428571428571427 6.1128704
16.483516483516482 5.9392
16.538461538461537 6.0588032
16.59346153846154 3.342336
16.64835164835165 2.9196288
16.703296703296704 5.7245696
16.75824175824176 6.5536
16.81324175824176 7.2630272
16.86813186813187 5.3100544
16.923076923076923 3.4127872
16.978021978021978 5.2576256
17.032967032967033 5.6721408
17.087912087912088 5.8064896
17.142857142857142 3.080192
17.197802197802197 3.1834112
17.252747252747255 5.8720256
17.307692307692307 5.9441152
17.362637362637365 6.0030976
17.417582417582416 3.3538048
17.472527472527474 3.0081024
17.527472527472526 6.1751296
17.58247252747253 5.8261504
17.637362637362635 6.2603264
17.692307692307693 3.23584
17.747252747252745 3.4340864
17.802197802197803 5.6066048
17.857142857142858 5.8458112
17.912087912087912 6.0768256
17.967032967032967 3.6438016
18.021978021978022 1.3287424
18.076923076923077 3.2980992
18.13186813186813 5.9932672
18.186868131868135 5.963776
18.24175824175824 3.801088
18.296758241758244 3.4930688
18.35164835164835 6.324224
18.406593406593405 6.217728
18.46159340659341 6.3700992
18.516483516483518 3.620864
18.571428571428573 2.5919488
18.626373626373628 6.127616
18.681318681318682 6.160384
18.736263736263737 6.4946176
18.791208791208792 4.2450944
18.846153846153847 2.8966912
18.90115384615385 5.3444608
18.956043956043956 6.127616
19.01098901098901 4.120832
19.065989010989014 2.5207104
19.12093406593407 2.596864
19.175879120879124 3.8366304
19.23076923076923 2.1042272
19.285714285714285 3.0692928
19.34065934065934 3.5388896
19.395659340659343 4.1189376
19.450604395604397 6.5306624
19.505494505494504 4.2146592
19.56043956043956 3.0999808
19.61543956043956 1.7573568
19.670384615384616 1.744208
19.725274725274726 3.1068704
19.78021978021978 3.5139872
19.835164835164836 3.1500064
19.89010989010989 2.9801152
19.945054945054945 3.8494752
20.0 3.7244416
