0.0 1.908208
0.06727295378098919 2.4741856
0.1346132478560534 2.6697824
0.2019535419311176 2.6647264
0.26929383600618184 2.8286432
0.3366341300812461 2.7380576
0.4039744241563103 2.9127584
0.4713820585254496 3.0583424
0.5387223526005138 3.2804928
0.6059953063815031 3.5102816
0.6734029407506423 4.3264512
0.7406758945316315 4.9484896
0.8080161886066959 5.8819072
0.87535648268176 4.4645504
0.9426967767568242 3.9632672
1.0100370708318884 3.7066912
1.0774447052010276 2.0873728
1.1447176589820172 5.3073984
1.2120579530570814 4.4462048
1.2793982471321454 3.9918304
1.3467385412072097 3.7289408
1.414078835282274 2.2790144
1.481419129357338 5.7360384
1.5487594234324025 4.0182848
1.6160997175074667 3.9897888
1.683440011582531 3.5291776
1.7507803056575952 2.3002016
1.8181205997326595 5.5812992
1.8855282341017985 4.3750656
1.9528011878827878 3.9819744
2.020141481957852 3.8991936
2.0874817760329165 0.95408
2.1548220701079805 2.7131904
2.222162364183045 6.1374464
2.289502658258109 5.43192
2.356842952333173 4.2573504
2.4241832464082376 2.8409856
2.4915235404833016 5.0561024
2.558863834558366 4.0923648
2.6262041286334306 3.9961984
2.693544422708494 4.0309152
2.7608847167835586 2.974976
2.8282923511526983 5.0724864
2.895632645227762 3.8929568
2.9629729393028263 3.9652544
3.0303132333778904 3.88176
3.09758618715888 2.5399328
3.164993821528019 5.633696
3.232266775309008 3.7269504
3.299674409678147 2.4544384
3.3669473634591367 4.061856
3.434354997828276 1.7989632
3.50169529190334 2.6198016
3.5689682456843297 5.5095456
3.6363085397593937 2.8249728
3.703648833834458 3.3282944
3.7709891279095222 3.553328
3.8383294219845867 2.6114656
3.9056697160596503 5.1433312
3.9730100101347148 3.8471488
4.040350304209779 3.0296832
4.107690598284844 2.4455616
4.175030892359908 1.9980672
4.242371186434972 2.9213856
4.309711480510035 2.5159072
4.3770517745851 2.226896
4.4444594089542395 2.5395968
4.511732362735229 2.23448
4.579072656810292 2.9037376
4.646480291179432 3.0372928
4.7137532449604205 2.798288
4.781093539035485 2.7689312
4.848433833110549 1.6184608
4.915841467479689 2.1477472
4.983181761554753 2.679824
5.050522055629818 2.340128
5.117795009410806 2.0414112
5.18513530348587 2.0317888
5.252542937855011 2.4640608
5.319883231930075 2.4202208
5.387223526005139 2.1090592
5.454563820080203 1.6089728
5.5218367738611915 2.4619872
5.589177067936256 2.3789184
5.6565173620113205 2.7316192
5.723857656086384 2.1880736
5.791197950161449 2.2167776
5.858538244236513 2.506976
5.9258785383115775 2.5505728
5.993218832386641 2.3962048
6.060559126461706 1.6995584
6.12789942053677 1.3663328
6.1952397146118345 1.8652832
6.262580008686899 1.7807872
6.329920302761963 0.9716384
6.397260596837027 2.5325696
6.464668231206167 2.4098688
6.531941184987156 3.1847648
6.599281479062219 2.5343808
6.666621773137283 2.0486048
6.734029407506423 1.4322624
6.801302361287412 1.2942848
6.868709995656552 0.7343904
6.93598294943754 0.7085088
7.00339058380668 0.9053376
7.070663537587669 0.6583424
7.138003831662734 1.2088864
7.205344125737797 2.2657184
7.272751760106937 1.8300448
7.340024713887926 1.5248576
7.407365007962991 2.263728
7.474705302038055 2.3502272
7.542045596113118 2.5789728
7.609453230482258 2.2245536
7.676726184263247 2.3834496
7.744066478338311 1.6305408
7.811406772413376 1.6419264
7.878747066488439 1.3064192
7.94615470085758 1.4267232
8.013494994932644 0.9425216
8.080767948713634 1.6558144
8.148108242788696 1.4316448
8.21544853686376 1.5701504
8.282788830938825 1.3674112
8.35012912501389 0.1693088
8.417469419088954 1.2000448
8.484877053458092 1.724576
8.552150007239081 1.0525184
8.619490301314146 0.9144832
8.686897935683287 1.5653184
8.75423822975835 1.981104
8.82151118353934 1.7744032
8.888851477614404 2.23768
8.956191771689468 2.6437184
9.023532065764533 2.6368352
9.09093970013367 3.1956704
9.15821265391466 3.6086176
9.225552947989724 2.64616
9.292893242064789 3.0151296
9.360233536139852 2.7887616
9.427573830214918 1.931456
9.49491412428998 1.8893152
9.562321758659122 2.0206944
9.62959471244011 1.3212672
9.696935006515174 1.7524
9.764275300590239 1.7804384
9.831615594665303 1.5000544
9.898955888740367 1.5626016
9.966363523109505 1.5830912
10.033703817184572 1.9820992
10.101044111259636 1.3943712
10.168317065040624 1.5615232
10.235657359115688 0.4766528
10.302997653190753 3.2815712
10.370337947265817 1.5870496
10.43767824134088 3.008096
10.505085875710021 2.2747808
10.572358829491009 2.39816
10.639699123566073 2.3792768
10.707039417641138 1.7533536
10.774379711716202 1.466624
10.84178734608534 0.9878144
10.909060299866331 0.960336
10.976400593941396 0.544032
11.043740888016458 1.69848
11.111081182091523 0.0129408
11.178488816460664 0.1424992
11.245761770241652 2.9322976
11.313102064316716 3.031104
11.380509698685854 1.9318784
11.447782652466845 2.7397504
11.51512294654191 1.1404288
11.582530580911047 3.5414656
11.649803534692037 2.7939072
11.7171438287671 1.8288448
11.784484122842166 3.1191648
11.851824416917228 1.8229312
11.919164710992295 2.637088
11.986505005067357 2.3138464
12.053845299142424 2.1934656
12.121185593217486 1.6176
12.188525887292553 1.7308736
12.255866181367615 0.6361952
12.323273815736755 2.3536064
12.390546769517742 1.5119168
12.457954403886884 2.3304224
12.525227357667871 2.2409984
12.592567651742936 2.8867936
12.659907945818 2.3864384
12.727248239893065 2.0803584
12.79458853396813 1.9840064
12.861928828043194 2.106032
12.929269122118257 1.7224736
12.996609416193321 1.6587456
13.063949710268385 1.7436064
13.131357344637527 1.2196704
13.198630298418514 1.2983936
13.266037932787654 0.582336
13.333310886568643 2.0090592
13.400651180643708 1.6003456
13.467991474718772 1.45584
13.535331768793835 2.054352
13.602739403162975 2.2167968
13.670012356943964 1.63336
13.737352651019028 3.9666464
13.804760285388166 1.6245888
13.872033239169157 1.3889792
13.939373533244222 0.9845792
14.00678116761336 0.7645856
14.07405412139435 0.6330208
14.141461755763489 2.07592
14.208802049838553 1.1232992
14.276142343913618 1.9975904
14.343415297694605 2.1487328
14.410822932063745 1.6353728
14.478095885844734 1.5949536
14.5454361799198 1.5788608
14.612843814288938 1.4848736
14.68011676806993 1.5701504
14.74745706214499 1.7394592
14.814797356220055 1.2962368
14.882204990589196 1.1647136
14.949477944370184 1.42944
15.016818238445248 1.6348128
15.084225872814388 1.3744
15.151498826595377 0.0884288
15.218839120670442 1.9282624
15.286179414745506 2.1066336
15.353519708820569 2.4063872
15.42092734318971 2.0683712
15.488267637264775 2.0862272
15.555540591045762 2.8020288
15.622880885120827 2.0059552
15.690288519489965 1.013696
15.757561473270956 1.0535968
15.824969107640094 0.9586976
15.892242061421085 0.9608544
15.959582355496147 1.844064
16.02698998986529 2.4836384
16.09433028394035 2.2463136
16.16160323772134 1.53016
16.228943531796403 0.8719072
16.29628382587147 1.15872
16.363624119946532 1.4707104
16.4309644140216 0.7351776
16.49830470809666 2.3762336
16.565645002171724 1.5173088
16.63298529624679 0.86272
16.700325590321853 0.0
16.76766588439692 3.7118528
16.835006178471982 2.0672928
16.90234647254705 1.6797792
16.96968676662211 1.2987616
17.037027060697177 1.137712
17.10436735477224 1.0670976
17.171707648847303 1.5124352
17.23904794292237 1.2823232
17.306388236997428 1.0923136
17.373795871366575 2.059744
17.441136165441637 1.7060288
17.5084764595167 2.0047456
17.575749413297686 1.7243616
17.64315704766683 1.5820128
17.71043000144782 1.633776
17.77777029552288 1.4968192
17.845110589597944 1.6316192
17.912450883673007 1.4029984
17.979791177748073 1.1732992
18.047131471823135 0.771056
18.1144717658982 0.6125312
18.181812059973264 1.0374208
18.24915235404833 0.633664
18.316492648123393 0.380032
18.383900282492537 0.18872
18.451173236273522 1.2983936
18.518513530348585 0.355872
18.58585382442365 0.0517632
18.653194118498714 0.0
18.720601752867857 0.0
18.78794204694292 0.0
18.85521500072391 0.0
18.922555294798972 0.0
18.989895588874038 0.7257632
19.0572358829491 1.4978976
19.124576177024164 0.62008
19.19191647109923 0.0
19.259256765174293 2.1233696
19.32659705924936 0.884288
19.3940046936185 0.8055648
19.461277647399488 0.506848
19.52861794147455 0.706352
19.595958235549617 1.0444512
19.66329852962468 0.8427488
19.730638823699742 0.3731264
19.79797911777481 1.5949536
19.86531941184987 0.912368
19.93272704621901 0.9737536
20.0 0.7893888
