0.0 0.4345952
0.043427331887201735 1.9559712
0.08681127982646422 1.6453664
0.1301518438177874 2.2295712
0.1735357917570499 1.8893568
0.21691973969631237 1.920112
0.2603470715835141 1.6706528
0.3036876355748373 0.8126464
0.3470715835140998 2.7598816
0.39045553145336226 1.6978176
0.43383947939262474 1.637632
0.47722342733188716 0.6729216
0.5206073752711496 1.4051552
0.5639913232104121 0.8961504
0.6073752711496746 0.7484096
0.6508026030368763 1.0751648
0.6941431670281996 0.927984
0.737527114967462 1.2201888
0.7809544468546638 1.3001152
0.824295010845987 1.4713728
0.8677223427331887 1.197024
0.911062906724512 1.100176
0.9544468546637743 2.3582528
0.9978308026030369 1.822496
1.0412147505422993 1.871024
1.0845986984815619 0.6276288
1.1279826464208242 0.6540704
1.1713665943600868 1.8080832
1.2147505422993492 3.0344512
1.2581344902386118 2.5653728
1.3015184381778742 2.6894848
1.344945770065076 1.6648768
1.3883297180043384 1.9803008
1.4316702819956617 2.5514944
1.475054229934924 2.6625696
1.5184381778741864 2.8104352
1.561822125813449 3.2594016
1.6052494577006506 2.3087712
1.648590021691974 1.6758336
1.6919739696312364 1.3248352
1.735357917570499 1.627824
1.7787418655097613 1.0848704
1.8221691973969631 1.439664
1.8655097613882863 1.4968192
1.9088937093275486 2.7725664
1.9522776572668112 3.6201888
1.9956616052060738 3.3597408
2.039045553145336 3.5820032
2.0824295010845986 2.0715232
2.125813449023861 1.7789664
2.1691973969631237 1.4130976
2.2125813449023863 1.7909344
2.2559652928416485 3.0484064
2.299349240780911 2.576816
2.3427765726681127 3.746528
2.3861171366594363 2.1711712
2.4295010845986984 2.0521952
2.472885032537961 2.7056064
2.516312364425163 2.9359968
2.559696312364425 3.2087136
2.6030368763557483 4.01752
2.646420824295011 4.489264
2.6898481561822125 3.3912768
2.7331887201735356 3.8607104
2.776572668112798 2.7411328
2.8199566160520604 2.2481056
2.8633405639913234 3.595872
2.9067245119305856 4.2742912
2.9501518438177876 3.4408896
2.9934924078091107 3.8579328
3.036876355748373 2.02856
3.080260303687636 1.1255808
3.123644251626898 4.7284224
3.1670715835141 4.2468
3.2104121475054233 3.330784
3.2538394793926253 1.3336096
3.297180043383948 3.7602112
3.3405639913232106 4.11808
3.3839479392624727 3.1600832
3.4273318872017358 3.267984
3.470715835140998 3.9448352
3.51409978308026 3.0881536
3.5574837310195226 4.6170112
3.6008676789587852 4.9837824
3.644251626898048 4.387248
3.68767895878525 4.3728896
3.731062906724512 3.9616512
3.774403470715835 5.062656
3.817830802603037 2.8246016
3.8611713665943603 5.1249152
3.9045553145336225 5.2140672
3.947939262472885 2.6722752
3.9913232104121477 3.8795648
4.03470715835141 2.5352896
4.078091106290672 4.2123264
4.1214750542299345 5.6573952
4.164859002169197 3.0899584
4.20824295010846 1.7574432
4.251626898047722 4.5134528
4.295010845986985 2.7741472
4.3383947939262475 3.7566432
4.38177874186551 3.5734304
4.425206073752712 4.530912
4.468546637744034 2.9336
4.511930585683297 3.5822592
4.55531453362256 2.3808832
4.598698481561822 5.0348032
4.642082429501085 3.5621184
4.685509761388287 3.4982624
4.728850325379609 3.2023296
4.7722342733188725 3.2278848
4.815618221258134 2.4865568
4.859045553145337 2.1368288
4.902386117136659 3.2233376
4.945813449023861 3.0923328
4.989197396963124 3.0913824
5.032581344902386 3.7133216
5.075921908893709 3.730704
5.1193058568329715 0.722528
5.162689804772235 2.3953408
5.206073752711497 4.6350336
5.249457700650759 5.2601504
5.292841648590022 3.800752
5.3362255965292835 4.351952
5.379609544468547 1.9364544
5.42299349240781 0.8323072
5.46642082429501 2.7475968
5.509804772234274 3.7470208
5.5531453362255965 2.670592
5.596529284164859 2.6148864
5.639913232104121 2.3396352
5.683297180043384 4.42368
5.726724511930586 5.6885248
5.770108459869848 4.1582592
5.813492407809111 4.0206336
5.856832971800435 1.9267584
5.900216919739696 2.850816
5.943600867678959 5.85728
5.9869848156182215 4.9332224
6.030368763557483 4.4171264
6.073796095444686 4.2532864
6.117180043383948 3.8223872
6.160520607375272 4.9436544
6.2039479392624735 3.8695072
6.247331887201736 2.541456
6.290672451193059 2.6591232
6.33405639913232 4.8545792
6.377527114967462 2.7885568
6.4208242950108465 5.3231616
6.464208242950108 5.5853056
6.507592190889371 3.9059456
6.550976138828633 4.1618272
6.594360086767896 3.3419648
6.637744034707158 4.3876352
6.681127982646421 3.4673888
6.724555314533623 3.151184
6.767939262472885 3.1861504
6.811323210412148 5.1085312
6.8546637744034715 1.9267584
6.898091106290672 1.0747904
6.941475054229935 1.5466496
6.984815618221258 4.6661632
7.02824295010846 5.2199424
7.071583514099783 4.0599552
7.114967462039045 4.1713664
7.158351409978309 3.4045952
7.2017353579175705 5.4329344
7.245119305856833 5.6459264
7.288546637744035 3.096576
7.331887201735357 1.6842752
7.375271149674621 1.9152896
7.418655097613883 3.2735232
7.462039045553145 5.1856224
7.505422993492408 1.6591808
7.54885032537961 1.7205248
7.592190889370932 2.2040896
7.635574837310195 3.1031296
7.678958785249458 4.1255456
7.722342733188721 3.7700864
7.765726681127982 3.1347616
7.809110629067245 3.1998688
7.852537960954447 2.8831552
7.89587852494577 3.4475872
7.939305856832972 2.1065504
7.982646420824295 2.3568256
8.026030368763557 2.1924256
8.06941431670282 1.9502656
8.112798264642082 2.0340288
8.156182212581344 2.9212192
8.199566160520607 3.035696
8.242950108459869 4.7552576
8.286334056399133 4.4498944
8.329761388286334 3.5028992
8.373101952277658 4.8562176
8.41652928416486 5.4034944
8.459869848156181 2.4328704
8.503253796095445 2.124448
8.546637744034708 1.5204352
8.59002169197397 4.20392
8.633449023861171 4.571136
8.676832971800435 4.6866816
8.720216919739697 3.7880768
8.763600867678958 4.8264128
8.806941431670282 4.1913312
8.850325379609545 3.7994496
8.893709327548807 3.407872
8.937093275488069 5.636096
8.98052060737527 3.5634624
9.023861171366594 3.7933664
9.067245119305857 4.2951488
9.110672451193059 4.2893312
9.15405639913232 2.7721728
9.197396963123644 1.2386304
9.240824295010846 4.1566208
9.28416485900217 5.5246848
9.327592190889371 4.5678592
9.370932754880695 4.8480256
9.414316702819956 3.923968
9.457744034707158 5.9785216
9.501127982646421 4.6645248
9.544468546637745 5.2002816
9.587852494577007 4.2778624
9.631236442516268 4.1877504
9.674620390455532 4.4302336
9.718004338394794 5.4657024
9.761388286334057 4.5056
9.804815618221259 5.2051968
9.848156182212582 2.916352
9.891540130151844 5.5017472
9.934924078091106 5.2330496
9.978351409978307 3.8207488
10.02173535791757 3.7444096
10.065075921908894 2.7957088
10.108459869848156 4.775376
10.15188720173536 3.7828064
10.195227765726681 3.6742336
10.238655097613883 3.5876128
10.281995661605205 2.9802592
10.325422993492408 2.4684576
10.368763557483732 2.3304
10.412147505422993 1.8004768
10.455531453362257 3.9950944
10.498915401301518 4.1951168
10.54229934924078 4.6288512
10.585683297180044 4.0927232
10.629110629067245 4.355632
10.672494577006509 3.309568
10.715835140997832 5.3788672
10.759262472885032 4.9692672
10.802646420824296 3.3718272
10.846030368763557 4.161536
10.88937093275488 5.2903936
10.932798264642082 3.5176448
10.976182212581344 4.8447488
11.019566160520608 5.4329344
11.062906724511931 4.3892736
11.106334056399131 5.1888128
11.149718004338393 4.2942464
11.193058568329718 3.6716544
11.23644251626898 4.8726016
11.279826464208242 5.4755328
11.323210412147507 4.8431104
11.366594360086768 5.07904
11.40997830802603 4.1336832
11.453362255965294 3.5209216
11.496746203904555 5.144576
11.540130151843817 5.3919744
11.58351409978308 4.431872
11.626898047722342 4.8939008
11.670281995661604 5.259264
11.71366594360087 3.9878656
11.757049891540131 4.4007424
11.800433839479393 5.5984128
11.843817787418656 4.1566208
11.887245119305856 5.2854784
11.930629067245118 3.8756992
11.973969631236443 3.3020608
12.017353579175705 3.398704
12.060737527114966 3.6343424
12.10412147505423 3.0715616
12.14754880694143 2.809856
12.190889370932755 4.2226656
12.234273318872017 3.6252448
12.277700650759218 3.1778464
12.321041214750544 3.640752
12.364425162689805 3.6097568
12.407809110629067 3.9268416
12.45119305856833 4.0865376
12.494577006507592 4.0992768
12.538004338394792 5.2646816
12.581344902386117 3.2824832
12.624772234273319 3.49016
12.66811279826464 2.402736
12.711496746203906 2.3507712
12.754924078091106 2.3396352
12.79826464208243 5.4670432
12.841648590021693 3.0394496
12.885032537960955 2.5881184
12.928459869848155 2.6496288
12.971843817787418 1.7523008
13.015184381778742 3.3125728
13.058568329718003 2.2892544
13.101952277657267 3.4735264
13.145336225596528 3.1090272
13.188720173535792 1.6142304
13.232104121475054 4.4070592
13.275531453362255 2.816352
13.318915401301517 2.446176
13.362255965292842 3.0300768
13.405683297180042 3.9049152
13.449067245119304 3.170304
13.49240780911063 3.4097728
13.535835140997829 3.256208
13.57921908893709 2.9645216
13.622559652928416 3.707312
13.665943600867678 2.7918336
13.709327548806943 5.9342848
13.752711496746205 4.1780256
13.796095444685466 2.9624192
13.839522776572668 2.487472
13.882863340563992 1.7696544
13.926247288503253 1.8959712
13.969674620390455 4.2886528
14.013015184381779 1.9454336
14.05639913232104 2.097488
14.099869848156183 2.536688
14.143167028199565 1.773776
14.186594360086765 1.7986944
14.22993492407809 3.4037728
14.273318872017352 3.31192
14.316702819956618 1.7275968
14.36008676789588 1.5885088
14.403514099783079 3.2566656
14.44689804772234 4.0366528
14.490238611713666 4.0458272
14.533622559652928 2.871424
14.577049891540128 3.4800896
14.620390455531453 3.9127616
14.663774403470715 4.3705984
14.70715835140998 4.7547904
14.750542299349242 4.7169536
14.793926247288503 4.6579712
14.837310195227767 3.0179328
14.880694143167029 4.4238528
14.92407809110629 4.1140224
14.967505422993492 3.1026208
15.010845986984815 2.7907616
15.054229934924077 3.7126656
15.09761388286334 3.4822272
15.140997830802602 3.8284448
15.184381778741864 3.68624
15.227765726681127 3.8107328
15.271193058568329 2.7658048
15.314533622559654 1.0773216
15.357917570498916 0.0
15.401301518438178 4.0668928
15.444685466377441 2.8704768
15.488069414316703 3.7912576
15.531453362255965 3.3980416
15.574837310195228 2.7869184
15.61826464208243 3.6487168
15.661605206073752 3.4013184
15.704989154013017 5.5181312
15.748416485900217 5.2314112
15.79175704989154 5.0036736
15.835140997830804 4.3876352
15.878524945770065 3.9256064
15.921908893709327 5.505024
15.96529284164859 4.8529408
16.008676789587852 5.3805056
16.052060737527114 4.1910272
16.09544468546638 4.440064
16.13882863340564 6.1308928
16.18225596529284 5.2002816
16.225639913232104 4.800512
16.268980477223426 4.374528
16.312407809110628 4.0484864
16.355748373101953 4.8529408
16.399175704989155 5.40672
16.442559652928416 2.7869184
16.485900216919738 2.3396352
16.529284164859 2.9884416
16.572668112798265 0.3801088
16.616095444685467 4.4957696
16.65947939262473 5.8687488
16.702819956616054 4.3548672
16.746203904555315 4.7972352
16.789587852494577 3.375104
16.83297180043384 5.7966592
16.8763557483731 5.2297728
16.919783080260302 5.2051968
16.963123644251628 5.1544064
17.00650759219089 4.104192
17.04989154013015 4.5563904
17.093275488069416 6.1227008
17.136659436008678 5.0003968
17.180086767895876 5.0429952
17.22347071583514 4.841472
17.266811279826463 2.5853952
17.310238611713665 5.9179008
17.35357917570499 5.4853632
17.39696312364425 4.2778624
17.440347071583517 5.029888
17.483774403470715 3.325952
17.52711496746204 5.2789248
17.570498915401302 5.8916864
17.613882863340564 4.816896
17.657266811279825 4.6399488
17.70065075921909 3.4373632
17.744034707158352 5.16096
17.787418655097614 5.4755328
17.830845986984812 5.1134464
17.874186550976138 4.6563328
17.9175704989154 4.0763392
17.960954446854664 4.9741824
18.004338394793926 5.2871168
18.047722342733188 5.0937856
18.09119305856833 4.4580864
18.134490238611715 3.9141376
18.177917570498913 4.6759936
18.221301518438178 5.7278464
18.2646420824295 5.2133888
18.30802603036876 4.4433408
18.351409978308027 4.2139648
18.39479392624729 4.4384256
18.43817787418655 5.5525376
18.481561822125812 5.2117504
18.524989154013014 4.6710784
18.56832971800434 4.1811968
18.6117136659436 4.0861696
18.655097613882862 5.4296576
18.698481561822128 4.898816
18.741908893709326 4.980736
18.78524945770065 4.333568
18.828633405639913 3.80928
18.872017353579174 5.7556992
18.915401301518436 4.9414144
18.9587852494577 4.4515328
19.002169197396963 4.489216
19.045553145336225 3.7912576
19.08893709327549 5.668864
19.13232104121475 4.0828928
19.175704989154013 2.031616
19.219088937093275 4.6596096
19.262472885032537 3.0523392
19.3058568329718 5.439488
19.349240780911064 5.4837248
19.392624728850326 4.7906816
19.436008676789587 5.0561024
19.479392624728852 3.31776
19.522776572668114 5.3444608
19.566203904555312 5.341184
19.609544468546638 4.7939584
19.6529284164859 4.83328
19.6963557483731 3.0523392
19.739696312364426 5.2084736
19.783123644251624 5.7245696
19.82646420824295 4.6661632
19.86984815618221 4.7415296
19.913275488069413 3.7748736
19.95661605206074 4.7480832
20.0 6.1882368
