0.0 0.0
0.045306122448979594 3.3733184
0.09065759637188209 3.8945376
0.1360090702947846 4.7428032
0.1813605442176871 4.1707328
0.22671201814058956 5.2822016
0.27206349206349206 5.1690144
0.3174149659863945 4.5709376
0.362766439909297 3.4277984
0.40811791383219953 6.4195584
0.4534693877551021 5.1068928
0.49882086167800455 4.2162208
0.544172335600907 4.7393184
0.5895238095238096 2.466304
0.6349206349206349 1.8432
0.6802267573696146 2.6771456
0.7255782312925172 5.259264
0.7709750566893424 4.110032
0.816281179138322 2.9668864
0.8616780045351474 3.5059232
0.9069841269841271 1.9638688
0.9523356009070295 2.808224
0.9976870748299321 5.003728
1.0430839002267573 1.8879008
1.088390022675737 2.7911072
1.1337868480725624 1.4626464
1.179092970521542 4.7621888
1.2244897959183674 2.458752
1.269795918367347 2.3016448
1.3151927437641722 3.1751904
1.360498866213152 3.4662784
1.4058503401360545 4.16376
1.4512018140589569 4.1594656
1.4965532879818593 3.2769344
1.5419047619047621 3.41504
1.5872562358276645 2.342784
1.632607709750567 1.3350592
1.6779591836734695 1.547504
1.7233560090702948 0.073728
1.7687074829931972 2.5963904
1.8140589569160999 1.4968192
1.8594104308390023 1.4623104
1.9047619047619047 1.223984
1.9500680272108846 1.5367776
1.995419501133787 1.681168
2.0408163265306123 1.041984
2.0861678004535147 1.039888
2.1314739229024946 0.8427488
2.176825396825397 0.2748064
2.2222222222222223 2.207152
2.267528344671202 1.5400384
2.312879818594104 1.6677664
2.35827664399093 1.7320576
2.4036281179138324 1.4756224
2.448934240362812 1.3469216
2.4942857142857147 0.3849888
2.5396371882086166 0.2447968
2.5849886621315195 0.0
2.6303401360544223 2.8995296
2.675736961451247 5.7245696
2.721043083900227 5.2527104
2.766439909297052 3.5012608
2.811746031746032 5.6295424
2.8571428571428568 5.8032128
2.9024943310657596 5.931008
2.947800453514739 5.8048512
2.9931519274376415 3.3718272
3.038503401360544 3.1850496
3.0838548752834467 5.2985856
3.1292063492063487 5.6508416
3.1745578231292515 5.9080704
3.2199092970521543 3.5569664
3.265306122448979 3.2473088
3.310657596371882 7.8331904
3.3559637188208615 7.1428192
3.401315192743764 4.8028352
3.4467120181405897 3.8813696
3.492018140589569 2.7164672
3.5374149659863945 4.5252608
3.5827664399092973 5.6590336
3.6281179138321997 5.4116352
3.673469387755102 3.2555008
3.7187755102040816 0.6684672
3.7641269841269835 4.0501248
3.8095238095238093 6.037504
3.8548299319727892 5.6721408
3.900226757369615 4.0910848
3.945532879818594 3.1653888
3.99092970521542 4.2811392
4.036235827664399 5.136384
4.081587301587301 5.3755904
4.1269841269841265 4.3450368
4.1722902494331064 3.6306944
4.217641723356008 1.1666016
4.262993197278911 2.7736448
4.308344671201814 3.9540384
4.353696145124716 2.8285824
4.399047619047619 4.6792704
4.444444444444445 3.2318272
4.489750566893424 2.8642304
4.5351020408163265 4.2697408
4.580453514739229 2.9922752
4.625804988662131 3.0717312
4.671156462585034 3.004416
4.71655328798186 2.3236896
4.761859410430839 2.4797184
4.807210884353742 1.9318272
4.852607709750567 3.4330048
4.897913832199547 2.7898208
4.943310657596372 2.0478816
4.988616780045351 2.6560992
5.033968253968254 2.9282432
5.079319727891156 3.3547904
5.124671201814058 3.6015808
5.170068027210885 3.0755968
5.215374149659864 3.5231328
5.260770975056689 4.1766432
5.306122448979592 3.3139232
5.351473922902494 3.6514624
5.396780045351473 3.1370656
5.442131519274376 3.6747136
5.487482993197279 3.0744352
5.532834467120181 3.6109632
5.578185941043083 2.9974976
5.62358276643991 3.2171712
5.668888888888889 2.5984672
5.7142403628117915 3.2612416
5.759591836734693 3.6039968
5.804943310657596 2.987168
5.850294784580498 3.7398912
5.895691609977324 2.26464
5.941043083900227 3.7286144
5.986349206349207 3.3262784
6.031700680272109 2.825408
6.077052154195011 1.736224
6.1224036281179135 1.9508256
6.167755102040816 1.6995584
6.213106575963718 1.5076032
6.258503401360544 1.391136
6.303809523809524 1.278464
6.349206349206349 3.3301824
6.394512471655328 2.8464224
6.439863945578232 2.4769952
6.485215419501134 3.1101056
6.530612244897958 2.873632
6.575918367346939 2.7857536
6.621269841269841 2.5919712
6.666621315192743 3.2757856
6.711972789115645 3.5093088
6.757324263038549 4.3245824
6.802675736961451 2.3148064
6.848027210884354 2.3062048
6.893424036281179 3.0867456
6.938730158730158 3.7297536
6.98408163265306 3.8499712
7.029433106575963 3.923136
7.074784580498866 4.5184992
7.120136054421769 2.5952256
7.165487528344671 5.2002816
7.210839002267574 5.6754176
7.256190476190476 5.4493184
7.3015419501133785 5.0577408
7.346938775510204 3.4111488
7.392244897959184 3.9387136
7.437596371882086 5.8359808
7.482947845804988 5.5380928
7.528344671201815 4.5576608
7.573650793650794 2.9004
7.619002267573696 4.4662784
7.664353741496598 5.8913472
7.709750566893424 2.3660096
7.755056689342403 5.1740672
7.800408163265305 2.7000832
7.845759637188209 0.6930432
7.891111111111111 4.5826048
7.936462585034013 5.6655872
7.981814058956917 5.1871744
8.027165532879819 3.3636352
8.072562358276643 4.7955968
8.117868480725623 5.824512
8.163219954648525 4.5712032
8.208616780045352 5.0722688
8.253922902494331 3.3980416
8.299274376417234 3.35872
8.344625850340137 5.5836672
8.389977324263038 5.57056
8.43532879818594 5.8474496
8.480725623582767 3.0531296
8.526031746031746 3.3374208
8.571428571428571 5.5853056
8.616734693877552 5.9932672
8.662086167800453 3.8206944
8.707437641723356 1.8046272
8.752789115646259 3.7121632
8.798140589569162 3.083968
8.843537414965986 3.0282336
8.888843537414965 2.9403584
8.934240362811792 2.461632
8.979591836734693 2.5494848
9.024897959183672 2.0737632
9.070294784580499 1.9421984
9.115600907029478 1.7573344
9.16095238095238 2.109808
9.206303854875284 0.0032352
9.251655328798186 3.5544064
9.29700680272109 1.922208
9.34235827664399 3.2979424
9.387709750566893 3.295008
9.433061224489796 4.4344224
9.47845804988662 4.7351008
9.523809523809524 4.723392
9.569160997732427 4.170256
9.614467120181406 4.2387808
9.659818594104308 2.8950528
9.70517006802721 5.7147392
9.750566893424036 6.2652416
9.795918367346939 4.9627136
9.841224489795918 3.8043648
9.88657596371882 3.8879232
9.931927437641724 4.5826048
9.977278911564625 5.6459264
10.022630385487528 5.4362112
10.068027210884354 4.530176
10.113378684807257 3.5749888
10.158684807256236 4.096
10.204036281179139 5.398528
10.24938775510204 5.6393728
10.294739229024943 4.7153152
10.340090702947846 3.3161216
10.38548752834467 4.1189376
10.43079365079365 5.5590912
10.476145124716554 5.2396032
10.521496598639455 4.6546944
10.566848072562358 4.276224
10.612199546485261 4.01408
10.657551020408162 5.4034432
10.702902494331067 4.5678592
10.748299319727892 5.2707328
10.79360544217687 2.8147712
10.838956916099773 3.514368
10.884308390022674 5.3477376
10.929659863945577 5.4509568
10.97501133786848 5.3182464
11.020362811791383 2.9523968
11.065759637188208 3.5602432
11.11111111111111 5.382144
11.15641723356009 5.2133888
11.201814058956916 5.2396032
11.247120181405897 3.0687232
11.292471655328796 3.8240256
11.337823129251701 5.6328192
11.383174603174604 5.6131584
11.428526077097505 3.5212032
11.473877551020408 1.340304
11.519229024943309 1.048576
11.564580498866214 5.5001088
11.609931972789113 5.5902208
11.655328798185941 5.2609024
11.700634920634919 3.3701888
11.745986394557821 4.2467328
11.791337868480724 5.4624256
11.836689342403625 5.8474496
11.88204081632653 5.5230464
11.927392290249433 3.7322752
11.972743764172334 2.5460736
12.018095238095237 5.3772288
12.06344671201814 5.4198272
12.10879818594104 5.3379072
12.154195011337869 3.2096256
12.19954648526077 3.6749312
12.244852607709749 5.668864
12.290249433106577 5.9703296
12.335555555555553 5.65248
12.380907029478456 4.5760512
12.42625850340136 3.2882688
12.47160997732426 3.7257216
12.516961451247164 5.4820864
12.562312925170067 5.5476224
12.607664399092968 4.1844736
12.653061224489797 2.981888
12.698412698412698 4.5121536
12.7437641723356 5.8687488
12.789115646258505 5.5640064
12.834467120181404 4.4335104
12.879818594104309 3.5258368
12.925124716553286 4.4204032
12.970476190476191 5.4788096
13.01582766439909 5.2953088
13.061224489795917 5.1806208
13.106575963718821 3.0932992
13.151882086167799 3.9387136
13.197233560090702 5.1068928
13.242585034013603 5.3968896
13.287936507936507 5.3264384
13.333333333333332 3.3128448
13.378639455782311 3.4144256
13.42403628117914 5.3955968
13.469342403628117 2.9368896
13.514693877551018 2.524016
13.560090702947846 3.0671712
13.605396825396825 5.718016
13.650748299319726 5.2502912
13.696145124716551 5.557424
13.741496598639456 4.7503008
13.786802721088433 2.6476544
13.83219954648526 0.9240576
13.877505668934237 5.5738368
13.922902494331066 4.4439712
13.968208616780045 0.957248
14.013560090702946 3.8917728
14.058911564625848 4.8601216
14.104263038548751 4.7732064
14.149614512471654 5.1420032
14.195011337868483 4.1491936
14.24031746031746 2.711552
14.28566893424036 4.4924928
14.331020408163264 5.840896
14.376371882086165 4.3596544
14.421768707482993 4.7107104
14.467074829931972 2.179072
14.512426303854873 4.58752
14.557777777777776 5.8228736
14.603129251700679 5.6426496
14.648526077097506 5.4001664
14.693832199546485 3.3128448
14.739183673469388 2.8311552
14.784580498866212 4.5514752
14.829931972789117 3.4947072
14.875238095238094 4.0124416
14.920589569160995 3.5487744
14.965941043083898 4.358144
15.011292517006801 5.3248
15.056643990929704 4.3782784
15.101995464852607 3.5495744
15.147346938775508 3.1000704
15.192743764172336 3.9440384
15.238095238095237 3.0983264
15.283401360544214 2.8732928
15.328798185941043 3.0529504
15.374104308390022 2.2747808
15.419501133786849 2.9015392
15.464807256235826 2.6064928
15.510158730158729 2.466496
15.555555555555555 3.7678848
15.60090702947846 2.7460224
15.646349206349207 4.35808
15.691564625850338 4.139664
15.736916099773241 4.2618368
15.782312925170068 4.2208576
15.827619047619045 0.6651904
15.87297052154195 2.62144
15.918367346938776 4.9053696
15.963673469387754 5.677056
16.00907029478458 5.3921472
16.05437641723356 3.0081024
16.099727891156462 4.0501248
16.145124716553287 3.4894208
16.190430839002264 4.0472704
16.235782312925167 3.5744608
16.281133786848073 3.4411328
16.326485260770973 3.6765696
16.3718820861678 4.43248
16.41718820861678 3.5918464
16.462585034013607 3.4491904
16.507891156462584 3.0162848
16.55328798185941 2.7844704
16.59859410430839 2.6528224
16.643945578231293 2.4849664
16.689297052154192 3.14928
16.73469387755102 2.942912
16.78 3.3527136
16.8253514739229 2.3578944
16.870702947845803 2.8754592
16.916099773242628 4.1804672
16.96140589569161 2.9291872
17.006802721088434 4.5306656
17.05210884353741 3.8311296
17.097460317460317 3.8947456
17.142857142857142 3.9799712
17.188208616780045 3.652816
17.233514739229022 3.4504704
17.278866213151925 5.3018624
17.324263038548754 5.2185568
17.36956916099773 4.784608
17.414920634920634 2.798256
17.460272108843537 3.44064
17.50562358276644 4.4367872
17.550975056689342 5.5672832
17.59632653061224 5.3968896
17.64172335600907 2.978336
17.687029478458047 3.702784
17.732426303854876 4.0238976
17.777732426303853 4.7488032
17.823083900226756 4.6224928
17.86843537414966 3.7421056
17.91378684807256 3.1752192
17.959183673469386 5.562368
18.00453514739229 5.2396032
18.04984126984127 5.4935552
18.09519274376417 4.0288256
18.140544217687072 3.0703616
18.18589569160998 5.7049088
18.231247165532878 1.3641504
18.27659863945578 1.9295488
18.321950113378684 2.9050688
18.367346938775512 2.54
18.41265306122449 4.6646688
18.458049886621314 3.9301792
18.503356009070295 3.213632
18.548707482993198 2.2471296
18.594058956916097 3.8141952
18.639410430839 5.6066048
18.684761904761903 4.7571776
18.73015873015873 4.5734112
18.775510204081634 4.3014528
18.820861678004533 3.4996224
18.866167800453514 4.0894464
18.911519274376417 5.1482848
18.95687074829932 2.7628608
19.002267573696145 2.0130432
19.047573696145122 1.1472288
19.092925170068025 3.9528544
19.138276643990928 4.1514496
19.183673469387756 5.0787296
19.228979591836733 4.07032
19.274331065759636 3.8289408
19.31968253968254 4.6792704
19.365034013605438 5.3182464
19.410430839002267 5.6459264
19.455736961451247 4.8955392
19.501088435374147 2.6738688
19.54643990929705 4.1517056
19.591836734693878 5.480448
19.637142857142855 5.8195968
19.682494331065758 4.6809088
19.72784580498866 3.2620544
19.773197278911564 4.3810816
19.818548752834467 5.4493184
19.863900226757366 5.1380224
19.909251700680272 4.8398336
19.954603174603175 3.3193984
20.0 4.1500672
